Apr 19, 2012 10:44:30 AM org.apache.catalina.core.AprLifecycleListener init
INFO: The APR based Apache Tomcat Native library which allows optimal performance in production environments was not found on the java.library.path: /Users/hflambo/local/gigfork-video-ffmpeg/ffmpeg-vda-gigfork/lib::.:/Library/Java/Extensions:/System/Library/Java/Extensions:/usr/lib/java
Apr 19, 2012 10:44:30 AM org.apache.coyote.http11.Http11Protocol init
INFO: Initializing Coyote HTTP/1.1 on http-9080
Apr 19, 2012 10:44:30 AM org.apache.catalina.startup.Catalina load
INFO: Initialization processed in 685 ms
Apr 19, 2012 10:44:30 AM org.apache.catalina.core.StandardService start
INFO: Starting service Catalina
Apr 19, 2012 10:44:30 AM org.apache.catalina.core.StandardEngine start
INFO: Starting Servlet Engine: Apache Tomcat/6.0.35
Apr 19, 2012 10:44:30 AM org.apache.catalina.startup.HostConfig deployDescriptor
INFO: Deploying configuration descriptor alfresco.xml
Apr 19, 2012 10:44:56 AM org.apache.catalina.core.StandardContext addApplicationListener
INFO: The listener "org.apache.myfaces.webapp.StartupServletContextListener" is already configured for this context. The duplicate definition has been ignored.
Apr 19, 2012 10:46:03 AM org.apache.coyote.http11.Http11Protocol start
INFO: Starting Coyote HTTP/1.1 on http-9080
Apr 19, 2012 10:46:03 AM org.apache.jk.common.ChannelSocket init
INFO: JK: ajp13 listening on /0.0.0.0:9009
Apr 19, 2012 10:46:03 AM org.apache.jk.server.JkMain start
INFO: Jk running ID=0 time=0/29  config=null
Apr 19, 2012 10:46:03 AM org.apache.catalina.startup.Catalina start
INFO: Server startup in 93210 ms
