Apr 18, 2012 8:53:52 PM org.apache.catalina.core.AprLifecycleListener init
INFO: The APR based Apache Tomcat Native library which allows optimal performance in production environments was not found on the java.library.path: /Users/hflambo/local/gigfork-video-ffmpeg/ffmpeg-vda-gigfork/lib::.:/Library/Java/Extensions:/System/Library/Java/Extensions:/usr/lib/java
Apr 18, 2012 8:53:52 PM org.apache.coyote.http11.Http11Protocol init
INFO: Initializing Coyote HTTP/1.1 on http-9080
Apr 18, 2012 8:53:52 PM org.apache.catalina.startup.Catalina load
INFO: Initialization processed in 710 ms
Apr 18, 2012 8:53:52 PM org.apache.catalina.core.StandardService start
INFO: Starting service Catalina
Apr 18, 2012 8:53:52 PM org.apache.catalina.core.StandardEngine start
INFO: Starting Servlet Engine: Apache Tomcat/6.0.35
Apr 18, 2012 8:53:52 PM org.apache.catalina.startup.HostConfig deployDescriptor
INFO: Deploying configuration descriptor alfresco.xml
Apr 18, 2012 8:54:10 PM org.apache.catalina.core.StandardContext addApplicationListener
INFO: The listener "org.apache.myfaces.webapp.StartupServletContextListener" is already configured for this context. The duplicate definition has been ignored.
Apr 18, 2012 8:55:23 PM org.apache.coyote.http11.Http11Protocol start
INFO: Starting Coyote HTTP/1.1 on http-9080
Apr 18, 2012 8:55:23 PM org.apache.jk.common.ChannelSocket init
INFO: JK: ajp13 listening on /0.0.0.0:9009
Apr 18, 2012 8:55:23 PM org.apache.jk.server.JkMain start
INFO: Jk running ID=0 time=0/32  config=null
Apr 18, 2012 8:55:23 PM org.apache.catalina.startup.Catalina start
INFO: Server startup in 90428 ms
Apr 18, 2012 9:19:26 PM org.apache.catalina.core.AprLifecycleListener init
INFO: The APR based Apache Tomcat Native library which allows optimal performance in production environments was not found on the java.library.path: /Users/hflambo/local/gigfork-video-ffmpeg/ffmpeg-vda-gigfork/lib::.:/Library/Java/Extensions:/System/Library/Java/Extensions:/usr/lib/java
Apr 18, 2012 9:19:26 PM org.apache.coyote.http11.Http11Protocol init
INFO: Initializing Coyote HTTP/1.1 on http-9080
Apr 18, 2012 9:19:26 PM org.apache.catalina.startup.Catalina load
INFO: Initialization processed in 664 ms
Apr 18, 2012 9:19:26 PM org.apache.catalina.core.StandardService start
INFO: Starting service Catalina
Apr 18, 2012 9:19:26 PM org.apache.catalina.core.StandardEngine start
INFO: Starting Servlet Engine: Apache Tomcat/6.0.35
Apr 18, 2012 9:19:26 PM org.apache.catalina.startup.HostConfig deployDescriptor
INFO: Deploying configuration descriptor alfresco.xml
Apr 18, 2012 9:19:28 PM org.apache.catalina.core.StandardContext addApplicationListener
INFO: The listener "org.apache.myfaces.webapp.StartupServletContextListener" is already configured for this context. The duplicate definition has been ignored.
Apr 18, 2012 9:20:35 PM org.apache.coyote.http11.Http11Protocol start
INFO: Starting Coyote HTTP/1.1 on http-9080
Apr 18, 2012 9:20:35 PM org.apache.jk.common.ChannelSocket init
INFO: JK: ajp13 listening on /0.0.0.0:9009
Apr 18, 2012 9:20:35 PM org.apache.jk.server.JkMain start
INFO: Jk running ID=0 time=0/175  config=null
Apr 18, 2012 9:20:35 PM org.apache.catalina.startup.Catalina start
INFO: Server startup in 69071 ms
Apr 18, 2012 9:36:32 PM org.apache.coyote.http11.Http11Protocol pause
INFO: Pausing Coyote HTTP/1.1 on http-9080
Apr 18, 2012 9:36:33 PM org.apache.catalina.core.StandardService stop
INFO: Stopping service Catalina
Apr 18, 2012 9:36:34 PM org.apache.catalina.loader.WebappClassLoader clearReferencesThreads
SEVERE: The web application [/alfresco] appears to have started a thread named [SolrWatcherScheduler_Worker-1] but has failed to stop it. This is very likely to create a memory leak.
Apr 18, 2012 9:36:34 PM org.apache.catalina.loader.WebappClassLoader clearReferencesThreads
SEVERE: The web application [/alfresco] appears to have started a thread named [SolrWatcherScheduler_Worker-2] but has failed to stop it. This is very likely to create a memory leak.
Apr 18, 2012 9:36:34 PM org.apache.catalina.loader.WebappClassLoader clearReferencesThreads
SEVERE: The web application [/alfresco] appears to have started a thread named [SolrWatcherScheduler_Worker-3] but has failed to stop it. This is very likely to create a memory leak.
Apr 18, 2012 9:36:34 PM org.apache.catalina.loader.WebappClassLoader clearReferencesThreads
SEVERE: The web application [/alfresco] appears to have started a thread named [MultiThreadedHttpConnectionManager cleanup] but has failed to stop it. This is very likely to create a memory leak.
Apr 18, 2012 9:36:34 PM org.apache.catalina.loader.WebappClassLoader clearReferencesThreads
SEVERE: The web application [/alfresco] appears to have started a thread named [Timer-2] but has failed to stop it. This is very likely to create a memory leak.
Apr 18, 2012 9:36:34 PM org.apache.catalina.loader.WebappClassLoader clearReferencesThreads
SEVERE: The web application [/alfresco] appears to have started a thread named [Timer-3] but has failed to stop it. This is very likely to create a memory leak.
Apr 18, 2012 9:36:34 PM org.apache.catalina.loader.WebappClassLoader clearReferencesThreads
SEVERE: The web application [/alfresco] appears to have started a thread named [Timer-4] but has failed to stop it. This is very likely to create a memory leak.
Apr 18, 2012 9:36:34 PM org.apache.catalina.loader.WebappClassLoader clearReferencesThreads
SEVERE: The web application [/alfresco] appears to have started a thread named [Timer-5] but has failed to stop it. This is very likely to create a memory leak.
Apr 18, 2012 9:36:34 PM org.apache.catalina.loader.WebappClassLoader clearReferencesThreads
SEVERE: The web application [/alfresco] appears to have started a thread named [Timer-6] but has failed to stop it. This is very likely to create a memory leak.
Apr 18, 2012 9:36:34 PM org.apache.catalina.loader.WebappClassLoader clearReferencesThreads
SEVERE: The web application [/alfresco] appears to have started a thread named [Timer-7] but has failed to stop it. This is very likely to create a memory leak.
Apr 18, 2012 9:36:34 PM org.apache.catalina.loader.WebappClassLoader clearReferencesThreads
SEVERE: The web application [/alfresco] appears to have started a thread named [Timer-10] but has failed to stop it. This is very likely to create a memory leak.
Apr 18, 2012 9:36:34 PM org.apache.catalina.loader.WebappClassLoader clearReferencesThreads
SEVERE: The web application [/alfresco] appears to have started a thread named [JobLockService1] but has failed to stop it. This is very likely to create a memory leak.
Apr 18, 2012 9:36:34 PM org.apache.catalina.loader.WebappClassLoader clearThreadLocalMap
SEVERE: The web application [/alfresco] created a ThreadLocal with key of type [org.apache.axis.utils.XMLUtils.ThreadLocalDocumentBuilder] (value [org.apache.axis.utils.XMLUtils$ThreadLocalDocumentBuilder@79e94926]) and a value of type [org.apache.xerces.jaxp.DocumentBuilderImpl] (value [org.apache.xerces.jaxp.DocumentBuilderImpl@42c19c51]) but failed to remove it when the web application was stopped. This is very likely to create a memory leak.
Apr 18, 2012 9:36:34 PM org.apache.catalina.loader.WebappClassLoader clearThreadLocalMap
SEVERE: The web application [/alfresco] created a ThreadLocal with key of type [java.lang.ThreadLocal] (value [java.lang.ThreadLocal@34fdac14]) and a value of type [org.alfresco.util.CachingDateFormat] (value [yyyy-MM-dd]) but failed to remove it when the web application was stopped. This is very likely to create a memory leak.
Apr 18, 2012 9:36:34 PM org.apache.catalina.loader.WebappClassLoader clearThreadLocalMap
SEVERE: The web application [/alfresco] created a ThreadLocal with key of type [org.alfresco.repo.security.authentication.AuthenticationUtil.ThreadLocalStack] (value [org.alfresco.repo.security.authentication.AuthenticationUtil$ThreadLocalStack@7a2c7039]) and a value of type [java.util.Stack] (value [[]]) but failed to remove it when the web application was stopped. This is very likely to create a memory leak.
Apr 18, 2012 9:36:34 PM org.apache.catalina.loader.WebappClassLoader clearThreadLocalMap
SEVERE: The web application [/alfresco] created a ThreadLocal with key of type [com.sun.xml.bind.v2.runtime.Coordinator$1] (value [com.sun.xml.bind.v2.runtime.Coordinator$1@7b7becd8]) and a value of type [java.lang.Object[]] (value [[Ljava.lang.Object;@4fa983e]) but failed to remove it when the web application was stopped. This is very likely to create a memory leak.
Apr 18, 2012 9:36:34 PM org.apache.catalina.loader.WebappClassLoader clearThreadLocalMap
SEVERE: The web application [/alfresco] created a ThreadLocal with key of type [org.springframework.extensions.webscripts.processor.FTLTemplateProcessor$NonBlockingObjectWrapper$1] (value [org.springframework.extensions.webscripts.processor.FTLTemplateProcessor$NonBlockingObjectWrapper$1@602110ff]) and a value of type [freemarker.template.DefaultObjectWrapper] (value [freemarker.template.DefaultObjectWrapper@1ae306a7]) but failed to remove it when the web application was stopped. This is very likely to create a memory leak.
Apr 18, 2012 9:36:34 PM org.apache.catalina.loader.WebappClassLoader clearThreadLocalMap
SEVERE: The web application [/alfresco] created a ThreadLocal with key of type [org.alfresco.repo.security.authentication.AuthenticationUtil.ThreadLocalStack] (value [org.alfresco.repo.security.authentication.AuthenticationUtil$ThreadLocalStack@2ec9cbbb]) and a value of type [java.util.Stack] (value [[]]) but failed to remove it when the web application was stopped. This is very likely to create a memory leak.
Apr 18, 2012 9:36:34 PM org.apache.catalina.loader.WebappClassLoader clearThreadLocalMap
SEVERE: The web application [/alfresco] created a ThreadLocal with key of type [com.sun.xml.bind.v2.ClassFactory$1] (value [com.sun.xml.bind.v2.ClassFactory$1@489ab16e]) and a value of type [java.util.WeakHashMap] (value [{class org.alfresco.repo.audit.model._3.DataExtractors=java.lang.ref.WeakReference@29c50e17, class org.alfresco.repo.audit.model._3.Audit=java.lang.ref.WeakReference@48201d6d, class org.alfresco.repo.audit.model._3.PathMap=java.lang.ref.WeakReference@346c0419, class java.util.ArrayList=java.lang.ref.WeakReference@1f812032, class org.alfresco.repo.audit.model._3.DataExtractor=java.lang.ref.WeakReference@5668c2c6, class javax.xml.bind.annotation.W3CDomHandler=java.lang.ref.WeakReference@77cb817b, class org.alfresco.repo.audit.model._3.Application=java.lang.ref.WeakReference@51a1efae, class org.alfresco.repo.audit.model._3.PathMappings=java.lang.ref.WeakReference@5e7eb260, class org.alfresco.repo.audit.model._3.AuditPath=java.lang.ref.WeakReference@4ff0ed17, class org.alfresco.repo.audit.model._3.GenerateValue=java.lang.ref.WeakReference@525daa01, class org.alfresco.repo.audit.model._3.DataGenerator=java.lang.ref.WeakReference@34451e6, class org.alfresco.repo.audit.model._3.DataGenerators=java.lang.ref.WeakReference@7a5cd4b6, class org.alfresco.repo.audit.model._3.RecordValue=java.lang.ref.WeakReference@6491377c}]) but failed to remove it when the web application was stopped. This is very likely to create a memory leak.
Apr 18, 2012 9:36:34 PM org.apache.catalina.loader.WebappClassLoader clearThreadLocalMap
SEVERE: The web application [/alfresco] created a ThreadLocal with key of type [org.alfresco.repo.tagging.TagScopePropertyMethodInterceptor$1] (value [org.alfresco.repo.tagging.TagScopePropertyMethodInterceptor$1@79d1e178]) and a value of type [java.lang.Boolean] (value [true]) but failed to remove it when the web application was stopped. This is very likely to create a memory leak.
Apr 18, 2012 9:36:34 PM org.apache.catalina.loader.WebappClassLoader clearThreadLocalMap
SEVERE: The web application [/alfresco] created a ThreadLocal with key of type [org.alfresco.repo.template.QNameAwareObjectWrapper$1] (value [org.alfresco.repo.template.QNameAwareObjectWrapper$1@4229cbc3]) and a value of type [org.alfresco.repo.template.QNameAwareObjectWrapper$1$1] (value [org.alfresco.repo.template.QNameAwareObjectWrapper$1$1@46009124]) but failed to remove it when the web application was stopped. This is very likely to create a memory leak.
Apr 18, 2012 9:36:34 PM org.apache.catalina.loader.WebappClassLoader clearThreadLocalMap
SEVERE: The web application [/alfresco] created a ThreadLocal with key of type [org.alfresco.repo.policy.BaseBehaviour.StackThreadLocal] (value [org.alfresco.repo.policy.BaseBehaviour$StackThreadLocal@4f38f663]) and a value of type [java.util.Stack] (value [[]]) but failed to remove it when the web application was stopped. This is very likely to create a memory leak.
Apr 18, 2012 9:36:34 PM org.apache.catalina.loader.WebappClassLoader clearThreadLocalMap
SEVERE: The web application [/alfresco] created a ThreadLocal with key of type [java.lang.ThreadLocal] (value [java.lang.ThreadLocal@24b80637]) and a value of type [org.alfresco.repo.security.authentication.AlfrescoSecureContextImpl] (value [Real authenticaion = net.sf.acegisecurity.providers.UsernamePasswordAuthenticationToken@2da017b6: Username: net.sf.acegisecurity.providers.dao.User@6974c520: Username: guest; Password: [PROTECTED]; Enabled: true; AccountNonExpired: true; credentialsNonExpired: true; AccountNonLocked: true; Granted Authorities: ; Password: [PROTECTED]; Authenticated: true; Details: net.sf.acegisecurity.providers.dao.User@6974c520: Username: guest; Password: [PROTECTED]; Enabled: true; AccountNonExpired: true; credentialsNonExpired: true; AccountNonLocked: true; Granted Authorities: ; Granted Authorities: , Effective authenticaion = net.sf.acegisecurity.providers.UsernamePasswordAuthenticationToken@2da017b6: Username: net.sf.acegisecurity.providers.dao.User@6974c520: Username: guest; Password: [PROTECTED]; Enabled: true; AccountNonExpired: true; credentialsNonExpired: true; AccountNonLocked: true; Granted Authorities: ; Password: [PROTECTED]; Authenticated: true; Details: net.sf.acegisecurity.providers.dao.User@6974c520: Username: guest; Password: [PROTECTED]; Enabled: true; AccountNonExpired: true; credentialsNonExpired: true; AccountNonLocked: true; Granted Authorities: ; Granted Authorities: , ]) but failed to remove it when the web application was stopped. This is very likely to create a memory leak.
Apr 18, 2012 9:36:34 PM org.apache.catalina.loader.WebappClassLoader clearThreadLocalMap
SEVERE: The web application [/alfresco] created a ThreadLocal with key of type [org.alfresco.repo.tagging.TagScopePropertyMethodInterceptor$1] (value [org.alfresco.repo.tagging.TagScopePropertyMethodInterceptor$1@79d1e178]) and a value of type [java.lang.Boolean] (value [true]) but failed to remove it when the web application was stopped. This is very likely to create a memory leak.
Apr 18, 2012 9:36:34 PM org.apache.catalina.loader.WebappClassLoader clearThreadLocalMap
SEVERE: The web application [/alfresco] created a ThreadLocal with key of type [org.alfresco.repo.template.QNameAwareObjectWrapper$1] (value [org.alfresco.repo.template.QNameAwareObjectWrapper$1@4229cbc3]) and a value of type [org.alfresco.repo.template.QNameAwareObjectWrapper$1$1] (value [org.alfresco.repo.template.QNameAwareObjectWrapper$1$1@1235eb8d]) but failed to remove it when the web application was stopped. This is very likely to create a memory leak.
Apr 18, 2012 9:36:34 PM org.apache.catalina.loader.WebappClassLoader clearThreadLocalMap
SEVERE: The web application [/alfresco] created a ThreadLocal with key of type [java.lang.ThreadLocal] (value [java.lang.ThreadLocal@11fb7f52]) and a value of type [org.alfresco.repo.web.scripts.RepositoryImageResolver$1] (value [org.alfresco.repo.web.scripts.RepositoryImageResolver$1@1663e9b7]) but failed to remove it when the web application was stopped. This is very likely to create a memory leak.
Apr 18, 2012 9:36:34 PM org.apache.catalina.loader.WebappClassLoader clearThreadLocalMap
SEVERE: The web application [/alfresco] created a ThreadLocal with key of type [java.lang.ThreadLocal] (value [java.lang.ThreadLocal@7984f8dc]) and a value of type [org.alfresco.repo.web.scripts.RepositoryImageResolver$1] (value [org.alfresco.repo.web.scripts.RepositoryImageResolver$1@1663e9b7]) but failed to remove it when the web application was stopped. This is very likely to create a memory leak.
Apr 18, 2012 9:36:34 PM org.apache.catalina.loader.WebappClassLoader clearThreadLocalMap
SEVERE: The web application [/alfresco] created a ThreadLocal with key of type [java.lang.ThreadLocal] (value [java.lang.ThreadLocal@8ee71d8]) and a value of type [org.alfresco.repo.web.scripts.RepositoryImageResolver$1] (value [org.alfresco.repo.web.scripts.RepositoryImageResolver$1@1663e9b7]) but failed to remove it when the web application was stopped. This is very likely to create a memory leak.
Apr 18, 2012 9:36:34 PM org.apache.catalina.loader.WebappClassLoader clearThreadLocalMap
SEVERE: The web application [/alfresco] created a ThreadLocal with key of type [java.lang.ThreadLocal] (value [java.lang.ThreadLocal@5e74207c]) and a value of type [org.alfresco.repo.web.scripts.RepositoryImageResolver$1] (value [org.alfresco.repo.web.scripts.RepositoryImageResolver$1@1663e9b7]) but failed to remove it when the web application was stopped. This is very likely to create a memory leak.
Apr 18, 2012 9:36:34 PM org.apache.catalina.loader.WebappClassLoader clearThreadLocalMap
SEVERE: The web application [/alfresco] created a ThreadLocal with key of type [org.alfresco.repo.security.authentication.AuthenticationUtil.ThreadLocalStack] (value [org.alfresco.repo.security.authentication.AuthenticationUtil$ThreadLocalStack@7a2c7039]) and a value of type [java.util.Stack] (value [[]]) but failed to remove it when the web application was stopped. This is very likely to create a memory leak.
Apr 18, 2012 9:36:34 PM org.apache.catalina.loader.WebappClassLoader clearThreadLocalMap
SEVERE: The web application [/alfresco] created a ThreadLocal with key of type [java.lang.ThreadLocal] (value [java.lang.ThreadLocal@2ec34670]) and a value of type [org.alfresco.repo.web.scripts.RepositoryImageResolver$1] (value [org.alfresco.repo.web.scripts.RepositoryImageResolver$1@1663e9b7]) but failed to remove it when the web application was stopped. This is very likely to create a memory leak.
Apr 18, 2012 9:36:34 PM org.apache.catalina.loader.WebappClassLoader clearThreadLocalMap
SEVERE: The web application [/alfresco] created a ThreadLocal with key of type [java.lang.ThreadLocal] (value [java.lang.ThreadLocal@16457b0c]) and a value of type [org.alfresco.repo.web.scripts.RepositoryImageResolver$1] (value [org.alfresco.repo.web.scripts.RepositoryImageResolver$1@1663e9b7]) but failed to remove it when the web application was stopped. This is very likely to create a memory leak.
Apr 18, 2012 9:36:34 PM org.apache.catalina.loader.WebappClassLoader clearThreadLocalMap
SEVERE: The web application [/alfresco] created a ThreadLocal with key of type [java.lang.ThreadLocal] (value [java.lang.ThreadLocal@2b915c40]) and a value of type [org.alfresco.repo.web.scripts.RepositoryImageResolver$1] (value [org.alfresco.repo.web.scripts.RepositoryImageResolver$1@1663e9b7]) but failed to remove it when the web application was stopped. This is very likely to create a memory leak.
Apr 18, 2012 9:36:34 PM org.apache.catalina.loader.WebappClassLoader clearThreadLocalMap
SEVERE: The web application [/alfresco] created a ThreadLocal with key of type [java.lang.ThreadLocal] (value [java.lang.ThreadLocal@543f8418]) and a value of type [org.alfresco.repo.web.scripts.RepositoryImageResolver$1] (value [org.alfresco.repo.web.scripts.RepositoryImageResolver$1@1663e9b7]) but failed to remove it when the web application was stopped. This is very likely to create a memory leak.
Apr 18, 2012 9:36:34 PM org.apache.catalina.loader.WebappClassLoader clearThreadLocalMap
SEVERE: The web application [/alfresco] created a ThreadLocal with key of type [org.alfresco.repo.policy.BaseBehaviour.StackThreadLocal] (value [org.alfresco.repo.policy.BaseBehaviour$StackThreadLocal@4f38f663]) and a value of type [java.util.Stack] (value [[]]) but failed to remove it when the web application was stopped. This is very likely to create a memory leak.
Apr 18, 2012 9:36:34 PM org.apache.catalina.loader.WebappClassLoader clearThreadLocalMap
SEVERE: The web application [/alfresco] created a ThreadLocal with key of type [org.alfresco.repo.tagging.TagScopePropertyMethodInterceptor$1] (value [org.alfresco.repo.tagging.TagScopePropertyMethodInterceptor$1@79d1e178]) and a value of type [java.lang.Boolean] (value [true]) but failed to remove it when the web application was stopped. This is very likely to create a memory leak.
Apr 18, 2012 9:36:34 PM org.apache.catalina.loader.WebappClassLoader clearThreadLocalMap
SEVERE: The web application [/alfresco] created a ThreadLocal with key of type [java.lang.ThreadLocal] (value [java.lang.ThreadLocal@2addbc17]) and a value of type [org.alfresco.repo.web.scripts.RepositoryImageResolver$1] (value [org.alfresco.repo.web.scripts.RepositoryImageResolver$1@1663e9b7]) but failed to remove it when the web application was stopped. This is very likely to create a memory leak.
Apr 18, 2012 9:36:34 PM org.apache.catalina.loader.WebappClassLoader clearThreadLocalMap
SEVERE: The web application [/alfresco] created a ThreadLocal with key of type [java.lang.ThreadLocal] (value [java.lang.ThreadLocal@43679ffd]) and a value of type [org.alfresco.repo.web.scripts.RepositoryImageResolver$1] (value [org.alfresco.repo.web.scripts.RepositoryImageResolver$1@1663e9b7]) but failed to remove it when the web application was stopped. This is very likely to create a memory leak.
Apr 18, 2012 9:36:34 PM org.apache.catalina.loader.WebappClassLoader clearThreadLocalMap
SEVERE: The web application [/alfresco] created a ThreadLocal with key of type [org.alfresco.repo.security.authentication.AuthenticationUtil.ThreadLocalStack] (value [org.alfresco.repo.security.authentication.AuthenticationUtil$ThreadLocalStack@2ec9cbbb]) and a value of type [java.util.Stack] (value [[]]) but failed to remove it when the web application was stopped. This is very likely to create a memory leak.
Apr 18, 2012 9:36:34 PM org.apache.catalina.loader.WebappClassLoader clearThreadLocalMap
SEVERE: The web application [/alfresco] created a ThreadLocal with key of type [java.lang.ThreadLocal] (value [java.lang.ThreadLocal@528b376]) and a value of type [org.alfresco.repo.web.scripts.RepositoryImageResolver$1] (value [org.alfresco.repo.web.scripts.RepositoryImageResolver$1@1663e9b7]) but failed to remove it when the web application was stopped. This is very likely to create a memory leak.
Apr 18, 2012 9:36:34 PM org.apache.catalina.loader.WebappClassLoader clearThreadLocalMap
SEVERE: The web application [/alfresco] created a ThreadLocal with key of type [java.lang.ThreadLocal] (value [java.lang.ThreadLocal@331e0a9f]) and a value of type [org.alfresco.repo.web.scripts.RepositoryImageResolver$1] (value [org.alfresco.repo.web.scripts.RepositoryImageResolver$1@1663e9b7]) but failed to remove it when the web application was stopped. This is very likely to create a memory leak.
Apr 18, 2012 9:36:37 PM org.apache.coyote.http11.Http11Protocol destroy
INFO: Stopping Coyote HTTP/1.1 on http-9080
Apr 18, 2012 9:44:14 PM org.apache.catalina.core.AprLifecycleListener init
INFO: The APR based Apache Tomcat Native library which allows optimal performance in production environments was not found on the java.library.path: /Users/hflambo/local/gigfork-video-ffmpeg/ffmpeg-vda-gigfork/lib::.:/Library/Java/Extensions:/System/Library/Java/Extensions:/usr/lib/java
Apr 18, 2012 9:44:14 PM org.apache.coyote.http11.Http11Protocol init
INFO: Initializing Coyote HTTP/1.1 on http-9080
Apr 18, 2012 9:44:14 PM org.apache.catalina.startup.Catalina load
INFO: Initialization processed in 617 ms
Apr 18, 2012 9:44:14 PM org.apache.catalina.core.StandardService start
INFO: Starting service Catalina
Apr 18, 2012 9:44:14 PM org.apache.catalina.core.StandardEngine start
INFO: Starting Servlet Engine: Apache Tomcat/6.0.35
Apr 18, 2012 9:44:14 PM org.apache.catalina.startup.HostConfig deployDescriptor
INFO: Deploying configuration descriptor alfresco.xml
Apr 18, 2012 9:44:44 PM org.apache.catalina.core.StandardContext addApplicationListener
INFO: The listener "org.apache.myfaces.webapp.StartupServletContextListener" is already configured for this context. The duplicate definition has been ignored.
Apr 18, 2012 9:46:22 PM org.apache.coyote.http11.Http11Protocol start
INFO: Starting Coyote HTTP/1.1 on http-9080
Apr 18, 2012 9:46:22 PM org.apache.jk.common.ChannelSocket init
INFO: JK: ajp13 listening on /0.0.0.0:9009
Apr 18, 2012 9:46:22 PM org.apache.jk.server.JkMain start
INFO: Jk running ID=0 time=0/27  config=null
Apr 18, 2012 9:46:22 PM org.apache.catalina.startup.Catalina start
INFO: Server startup in 127652 ms
