This file contains any messages produced by compilers while
running configure, to aid debugging if configure makes a mistake.

It was created by GNU OpenMP Runtime Library configure 1.0, which was
generated by GNU Autoconf 2.59.  Invocation command line was

  $ /Users/hflambo/local/alfresco-svn/root-02-04-2012/gigfork-server/gcc-5666.3/build/obj/src/libgomp/configure --with-multisubdir=x86_64 --with-multisrctop= --enable-multilib --cache-file=./config.cache --build=i686-apple-darwin11 --host=i686-apple-darwin11 --target=i686-apple-darwin11 --enable-multilib --disable-checking --enable-werror --prefix=/usr --mandir=/usr/share/man --with-slibdir=/usr/lib --with-gxx-include-dir=/usr/include/c++/4.2.1 --enable-languages=c,c++,objc,obj-c++ --program-transform-name=/^[cg][^.-]*$/s/$/-4.2/ --with-target-subdir=i686-apple-darwin11 --srcdir=/Users/hflambo/local/alfresco-svn/root-02-04-2012/gigfork-server/gcc-5666.3/build/obj/src/libgomp CPPFLAGS= LDFLAGS= build_alias=i686-apple-darwin11 host_alias=i686-apple-darwin11 target_alias=i686-apple-darwin11 -srcdir=/Users/hflambo/local/alfresco-svn/root-02-04-2012/gigfork-server/gcc-5666.3/build/obj/src/libgomp

## --------- ##
## Platform. ##
## --------- ##

hostname = hflambo-mac.anybet.de
uname -m = x86_64
uname -r = 11.3.0
uname -s = Darwin
uname -v = Darwin Kernel Version 11.3.0: Thu Jan 12 18:47:41 PST 2012; root:xnu-1699.24.23~1/RELEASE_X86_64

/usr/bin/uname -p = i386
/bin/uname -X     = unknown

/bin/arch              = unknown
/usr/bin/arch -k       = unknown
/usr/convex/getsysinfo = unknown
hostinfo               = Mach kernel version:
	 Darwin Kernel Version 11.3.0: Thu Jan 12 18:47:41 PST 2012; root:xnu-1699.24.23~1/RELEASE_X86_64
Kernel configured for up to 4 processors.
2 processors are physically available.
4 processors are logically available.
Processor type: i486 (Intel 80486)
Processors active: 0 1 2 3
Primary memory available: 8.00 gigabytes
Default processor set: 134 tasks, 678 threads, 4 processors
Load average: 8.22, Mach factor: 0.42
/bin/machine           = unknown
/usr/bin/oslevel       = unknown
/bin/universe          = unknown

PATH: /usr/local/mysql-5.5.17-osx10.6-x86_64/bin
PATH: /Users/hflambo/local/ImageMagick-binary/bin
PATH: /Applications/Gimp.app/Contents/Resources/bin
PATH: /Users/hflambo/local/node-v0.6.5-binary/bin
PATH: /Users/hflambo/local/xuggler/bin
PATH: /Users/hflambo/Desktop/apache-maven-3.0.3/bin
PATH: .
PATH: /Library/Anybet/tools/mvn/bin
PATH: /usr/bin
PATH: /bin
PATH: /usr/sbin
PATH: /sbin
PATH: /usr/local/bin
PATH: /Library/Anybet/bin
PATH: /usr/local/git/bin
PATH: /Library/Anybet/tools/jad/bin
PATH: /Library/Anybet/tools/jmeter/bin
PATH: /Library/Anybet/tools/mas/jboss/bin
PATH: /Library/Anybet/tools/maven/bin
PATH: /Library/Anybet/tools/mq/bin
PATH: /Library/Anybet/tools/mvn/bin
PATH: /Library/Anybet/tools/selenium/bin
PATH: /Library/Anybet/tools/soapui/bin
PATH: /usr/X11/bin
PATH: /Users/hflambo/local/play-1.2.4
PATH: /Users/hflambo/local/gigfork-video-ffmpeg/ffmpeg-vda-gigfork/bin


## ----------- ##
## Core tests. ##
## ----------- ##

configure:1253: creating cache ./config.cache
configure:1348: checking for --enable-version-specific-runtime-libs
configure:1365: result: no
configure:1368: checking for --enable-linux-futex
configure:1385: result: default
configure:1393: checking for --enable-generated-files-in-srcdir
configure:1410: result: no
configure:1473: checking build system type
configure:1491: result: i686-apple-darwin11
configure:1499: checking host system type
configure:1513: result: i686-apple-darwin11
configure:1521: checking target system type
configure:1535: result: i686-apple-darwin11
configure:1577: checking for a BSD-compatible install
configure:1632: result: /usr/bin/install -c
configure:1643: checking whether build environment is sane
configure:1686: result: yes
configure:1751: checking for gawk
configure:1780: result: no
configure:1751: checking for mawk
configure:1780: result: no
configure:1751: checking for nawk
configure:1780: result: no
configure:1751: checking for awk
configure:1767: found /usr/bin/awk
configure:1777: result: awk
configure:1787: checking whether make sets $(MAKE)
configure:1807: result: yes
configure:2061: checking for i686-apple-darwin11-gcc
configure:2087: result: /Users/hflambo/local/alfresco-svn/root-02-04-2012/gigfork-server/gcc-5666.3/build/obj/obj-i686-i686/./gcc/xgcc -B/Users/hflambo/local/alfresco-svn/root-02-04-2012/gigfork-server/gcc-5666.3/build/obj/obj-i686-i686/./gcc/ -B/usr/i686-apple-darwin11/bin/ -B/usr/i686-apple-darwin11/lib/ -isystem /usr/i686-apple-darwin11/include -isystem /usr/i686-apple-darwin11/sys-include  -m64
configure:2369: checking for C compiler version
configure:2372: /Users/hflambo/local/alfresco-svn/root-02-04-2012/gigfork-server/gcc-5666.3/build/obj/obj-i686-i686/./gcc/xgcc -B/Users/hflambo/local/alfresco-svn/root-02-04-2012/gigfork-server/gcc-5666.3/build/obj/obj-i686-i686/./gcc/ -B/usr/i686-apple-darwin11/bin/ -B/usr/i686-apple-darwin11/lib/ -isystem /usr/i686-apple-darwin11/include -isystem /usr/i686-apple-darwin11/sys-include  -m64 --version </dev/null >&5
xgcc (GCC) 4.2.1 (Apple Inc. build 5666) (dot 3)
Copyright (C) 2007 Free Software Foundation, Inc.
This is free software; see the source for copying conditions.  There is NO
warranty; not even for MERCHANTABILITY or FITNESS FOR A PARTICULAR PURPOSE.

configure:2375: $? = 0
configure:2377: /Users/hflambo/local/alfresco-svn/root-02-04-2012/gigfork-server/gcc-5666.3/build/obj/obj-i686-i686/./gcc/xgcc -B/Users/hflambo/local/alfresco-svn/root-02-04-2012/gigfork-server/gcc-5666.3/build/obj/obj-i686-i686/./gcc/ -B/usr/i686-apple-darwin11/bin/ -B/usr/i686-apple-darwin11/lib/ -isystem /usr/i686-apple-darwin11/include -isystem /usr/i686-apple-darwin11/sys-include  -m64 -v </dev/null >&5
Reading specs from /Users/hflambo/local/alfresco-svn/root-02-04-2012/gigfork-server/gcc-5666.3/build/obj/obj-i686-i686/./gcc/specs
Target: i686-apple-darwin11
Configured with: /Users/hflambo/local/alfresco-svn/root-02-04-2012/gigfork-server/gcc-5666.3/build/obj/src/configure --disable-checking --enable-werror --prefix=/usr --mandir=/usr/share/man --enable-languages=c,objc,c++,obj-c++ --program-transform-name=/^[cg][^.-]*$/s/$/-4.2/ --with-slibdir=/usr/lib --build=i686-apple-darwin11 --with-gxx-include-dir=/usr/include/c++/4.2.1 --host=i686-apple-darwin11 --target=i686-apple-darwin11
Thread model: posix
gcc version 4.2.1 (Apple Inc. build 5666) (dot 3)
configure:2380: $? = 0
configure:2382: /Users/hflambo/local/alfresco-svn/root-02-04-2012/gigfork-server/gcc-5666.3/build/obj/obj-i686-i686/./gcc/xgcc -B/Users/hflambo/local/alfresco-svn/root-02-04-2012/gigfork-server/gcc-5666.3/build/obj/obj-i686-i686/./gcc/ -B/usr/i686-apple-darwin11/bin/ -B/usr/i686-apple-darwin11/lib/ -isystem /usr/i686-apple-darwin11/include -isystem /usr/i686-apple-darwin11/sys-include  -m64 -V </dev/null >&5
xgcc: '-V' must come at the start of the command line
configure:2385: $? = 1
configure:2408: checking for C compiler default output file name
configure:2411: /Users/hflambo/local/alfresco-svn/root-02-04-2012/gigfork-server/gcc-5666.3/build/obj/obj-i686-i686/./gcc/xgcc -B/Users/hflambo/local/alfresco-svn/root-02-04-2012/gigfork-server/gcc-5666.3/build/obj/obj-i686-i686/./gcc/ -B/usr/i686-apple-darwin11/bin/ -B/usr/i686-apple-darwin11/lib/ -isystem /usr/i686-apple-darwin11/include -isystem /usr/i686-apple-darwin11/sys-include  -m64 -O2 -g -O2   -pthread   conftest.c  >&5
configure:2414: $? = 0
configure:2460: result: a.out
configure:2465: checking whether the C compiler works
configure:2471: ./a.out
configure:2474: $? = 0
configure:2491: result: yes
configure:2498: checking whether we are cross compiling
configure:2500: result: no
configure:2503: checking for suffix of executables
configure:2505: /Users/hflambo/local/alfresco-svn/root-02-04-2012/gigfork-server/gcc-5666.3/build/obj/obj-i686-i686/./gcc/xgcc -B/Users/hflambo/local/alfresco-svn/root-02-04-2012/gigfork-server/gcc-5666.3/build/obj/obj-i686-i686/./gcc/ -B/usr/i686-apple-darwin11/bin/ -B/usr/i686-apple-darwin11/lib/ -isystem /usr/i686-apple-darwin11/include -isystem /usr/i686-apple-darwin11/sys-include  -m64 -o conftest -O2 -g -O2   -pthread   conftest.c  >&5
configure:2508: $? = 0
configure:2533: result: 
configure:2539: checking for suffix of object files
configure:2560: /Users/hflambo/local/alfresco-svn/root-02-04-2012/gigfork-server/gcc-5666.3/build/obj/obj-i686-i686/./gcc/xgcc -B/Users/hflambo/local/alfresco-svn/root-02-04-2012/gigfork-server/gcc-5666.3/build/obj/obj-i686-i686/./gcc/ -B/usr/i686-apple-darwin11/bin/ -B/usr/i686-apple-darwin11/lib/ -isystem /usr/i686-apple-darwin11/include -isystem /usr/i686-apple-darwin11/sys-include  -m64 -c -O2 -g -O2   -pthread  conftest.c >&5
configure:2563: $? = 0
configure:2585: result: o
configure:2589: checking whether we are using the GNU C compiler
configure:2613: /Users/hflambo/local/alfresco-svn/root-02-04-2012/gigfork-server/gcc-5666.3/build/obj/obj-i686-i686/./gcc/xgcc -B/Users/hflambo/local/alfresco-svn/root-02-04-2012/gigfork-server/gcc-5666.3/build/obj/obj-i686-i686/./gcc/ -B/usr/i686-apple-darwin11/bin/ -B/usr/i686-apple-darwin11/lib/ -isystem /usr/i686-apple-darwin11/include -isystem /usr/i686-apple-darwin11/sys-include  -m64 -c -O2 -g -O2   -pthread  conftest.c >&5
configure:2619: $? = 0
configure:2623: test -z 
			 || test ! -s conftest.err
configure:2626: $? = 0
configure:2629: test -s conftest.o
configure:2632: $? = 0
configure:2645: result: yes
configure:2651: checking whether /Users/hflambo/local/alfresco-svn/root-02-04-2012/gigfork-server/gcc-5666.3/build/obj/obj-i686-i686/./gcc/xgcc -B/Users/hflambo/local/alfresco-svn/root-02-04-2012/gigfork-server/gcc-5666.3/build/obj/obj-i686-i686/./gcc/ -B/usr/i686-apple-darwin11/bin/ -B/usr/i686-apple-darwin11/lib/ -isystem /usr/i686-apple-darwin11/include -isystem /usr/i686-apple-darwin11/sys-include  -m64 accepts -g
configure:2672: /Users/hflambo/local/alfresco-svn/root-02-04-2012/gigfork-server/gcc-5666.3/build/obj/obj-i686-i686/./gcc/xgcc -B/Users/hflambo/local/alfresco-svn/root-02-04-2012/gigfork-server/gcc-5666.3/build/obj/obj-i686-i686/./gcc/ -B/usr/i686-apple-darwin11/bin/ -B/usr/i686-apple-darwin11/lib/ -isystem /usr/i686-apple-darwin11/include -isystem /usr/i686-apple-darwin11/sys-include  -m64 -c -g  conftest.c >&5
configure:2678: $? = 0
configure:2682: test -z 
			 || test ! -s conftest.err
configure:2685: $? = 0
configure:2688: test -s conftest.o
configure:2691: $? = 0
configure:2702: result: yes
configure:2719: checking for /Users/hflambo/local/alfresco-svn/root-02-04-2012/gigfork-server/gcc-5666.3/build/obj/obj-i686-i686/./gcc/xgcc -B/Users/hflambo/local/alfresco-svn/root-02-04-2012/gigfork-server/gcc-5666.3/build/obj/obj-i686-i686/./gcc/ -B/usr/i686-apple-darwin11/bin/ -B/usr/i686-apple-darwin11/lib/ -isystem /usr/i686-apple-darwin11/include -isystem /usr/i686-apple-darwin11/sys-include  -m64 option to accept ANSI C
configure:2789: /Users/hflambo/local/alfresco-svn/root-02-04-2012/gigfork-server/gcc-5666.3/build/obj/obj-i686-i686/./gcc/xgcc -B/Users/hflambo/local/alfresco-svn/root-02-04-2012/gigfork-server/gcc-5666.3/build/obj/obj-i686-i686/./gcc/ -B/usr/i686-apple-darwin11/bin/ -B/usr/i686-apple-darwin11/lib/ -isystem /usr/i686-apple-darwin11/include -isystem /usr/i686-apple-darwin11/sys-include  -m64  -c -O2 -g -O2   -pthread  conftest.c >&5
configure:2795: $? = 0
configure:2799: test -z 
			 || test ! -s conftest.err
configure:2802: $? = 0
configure:2805: test -s conftest.o
configure:2808: $? = 0
configure:2826: result: none needed
configure:2844: /Users/hflambo/local/alfresco-svn/root-02-04-2012/gigfork-server/gcc-5666.3/build/obj/obj-i686-i686/./gcc/xgcc -B/Users/hflambo/local/alfresco-svn/root-02-04-2012/gigfork-server/gcc-5666.3/build/obj/obj-i686-i686/./gcc/ -B/usr/i686-apple-darwin11/bin/ -B/usr/i686-apple-darwin11/lib/ -isystem /usr/i686-apple-darwin11/include -isystem /usr/i686-apple-darwin11/sys-include  -m64 -c -O2 -g -O2   -pthread  conftest.c >&5
conftest.c:2: error: expected '=', ',', ';', 'asm' or '__attribute__' before 'me'
configure:2850: $? = 1
configure: failed program was:
| #ifndef __cplusplus
|   choke me
| #endif
configure:2994: checking for style of include used by make
configure:3022: result: GNU
configure:3050: checking dependency style of /Users/hflambo/local/alfresco-svn/root-02-04-2012/gigfork-server/gcc-5666.3/build/obj/obj-i686-i686/./gcc/xgcc -B/Users/hflambo/local/alfresco-svn/root-02-04-2012/gigfork-server/gcc-5666.3/build/obj/obj-i686-i686/./gcc/ -B/usr/i686-apple-darwin11/bin/ -B/usr/i686-apple-darwin11/lib/ -isystem /usr/i686-apple-darwin11/include -isystem /usr/i686-apple-darwin11/sys-include  -m64
configure:3140: result: gcc3
configure:3175: checking for i686-apple-darwin11-ar
configure:3201: result: ar
configure:3254: checking for i686-apple-darwin11-ranlib
configure:3280: result: ranlib -c
configure:3333: checking for perl
configure:3351: found /usr/bin/perl
configure:3364: result: /usr/bin/perl
configure:3371: checking whether make sets $(MAKE)
configure:3391: result: yes
configure:3413: checking for a BSD-compatible install
configure:3468: result: /usr/bin/install -c
configure:3485: checking for makeinfo
configure:3511: result: makeinfo --split-size=5000000
configure:3520: checking for modern makeinfo
configure:3538: result: yes
configure:3634: checking for ld used by GCC
configure:3697: result: /Users/hflambo/local/alfresco-svn/root-02-04-2012/gigfork-server/gcc-5666.3/build/obj/obj-i686-i686/./gcc/collect-ld
configure:3706: checking if the linker (/Users/hflambo/local/alfresco-svn/root-02-04-2012/gigfork-server/gcc-5666.3/build/obj/obj-i686-i686/./gcc/collect-ld) is GNU ld
configure:3718: result: no
configure:3723: checking for /Users/hflambo/local/alfresco-svn/root-02-04-2012/gigfork-server/gcc-5666.3/build/obj/obj-i686-i686/./gcc/collect-ld option to reload object files
configure:3730: result: -r
configure:3735: checking for BSD-compatible nm
configure:3771: result: /Users/hflambo/local/alfresco-svn/root-02-04-2012/gigfork-server/gcc-5666.3/build/obj/obj-i686-i686/./gcc/nm
configure:3774: checking whether ln -s works
configure:3778: result: yes
configure:3785: checking how to recognise dependant libraries
configure:3948: result: pass_all
configure:3960: checking the maximum length of command line arguments
configure:4012: result: 196608
configure:4162: checking for i686-apple-darwin11-ranlib
configure:4188: result: ranlib -c
configure:4242: checking for i686-apple-darwin11-strip
configure:4268: result: strip
configure:4610: loading cache ./config.cache
sco-svn/root-02-04-2012/gigfork-server/gcc-5666.3/build/obj/obj-i686-i686/./gcc/xgcc -B/Users/hflambo/local/alfresco-svn/root-02-04-2012/gigfork-server/gcc-5666.3/build/obj/obj-i686-i686/./gcc/ -B/usr/i686-apple-darwin11/bin/ -B/usr/i686-apple-darwin11/lib/ -isystem /usr/i686-apple-darwin11/include -isystem /usr/i686-apple-darwin11/sys-include  -m64 -c -O2 -g -O2   -pthread  conftest.c 1>&5
ltcf-c.sh:need_lc: /Users/hflambo/local/alfresco-svn/root-02-04-2012/gigfork-server/gcc-5666.3/build/obj/obj-i686-i686/./gcc/xgcc -B/Users/hflambo/local/alfresco-svn/root-02-04-2012/gigfork-server/gcc-5666.3/build/obj/obj-i686-i686/./gcc/ -B/usr/i686-apple-darwin11/bin/ -B/usr/i686-apple-darwin11/lib/ -isystem /usr/i686-apple-darwin11/include -isystem /usr/i686-apple-darwin11/sys-include  -m64 -dynamiclib  -o conftest conftest.o -v -install_name /conftest 
ltconfig:678:checking for /Users/hflambo/local/alfresco-svn/root-02-04-2012/gigfork-server/gcc-5666.3/build/obj/obj-i686-i686/./gcc/xgcc option to produce PIC
ltconfig:687:checking that /Users/hflambo/local/alfresco-svn/root-02-04-2012/gigfork-server/gcc-5666.3/build/obj/obj-i686-i686/./gcc/xgcc PIC flag -fno-common -DPIC works.
ltconfig:697: /Users/hflambo/local/alfresco-svn/root-02-04-2012/gigfork-server/gcc-5666.3/build/obj/obj-i686-i686/./gcc/xgcc -B/Users/hflambo/local/alfresco-svn/root-02-04-2012/gigfork-server/gcc-5666.3/build/obj/obj-i686-i686/./gcc/ -B/usr/i686-apple-darwin11/bin/ -B/usr/i686-apple-darwin11/lib/ -isystem /usr/i686-apple-darwin11/include -isystem /usr/i686-apple-darwin11/sys-include  -m64 -c -O2 -g -O2   -pthread -fno-common -DPIC -DPIC  conftest.c 1>&5
ltconfig:749: checking if /Users/hflambo/local/alfresco-svn/root-02-04-2012/gigfork-server/gcc-5666.3/build/obj/obj-i686-i686/./gcc/xgcc static flag -static works
ltconfig:758: /Users/hflambo/local/alfresco-svn/root-02-04-2012/gigfork-server/gcc-5666.3/build/obj/obj-i686-i686/./gcc/xgcc -B/Users/hflambo/local/alfresco-svn/root-02-04-2012/gigfork-server/gcc-5666.3/build/obj/obj-i686-i686/./gcc/ -B/usr/i686-apple-darwin11/bin/ -B/usr/i686-apple-darwin11/lib/ -isystem /usr/i686-apple-darwin11/include -isystem /usr/i686-apple-darwin11/sys-include  -m64 -o conftest -O2 -g -O2   -pthread   -static conftest.c  1>&5
ld: library not found for -lcrt0.o
collect2: ld returned 1 exit status
ltconfig:780: finding the maximum length of command line arguments
ltconfig:@lineno@: result: 196608
ltconfig:833: checking if /Users/hflambo/local/alfresco-svn/root-02-04-2012/gigfork-server/gcc-5666.3/build/obj/obj-i686-i686/./gcc/xgcc supports -c -o file.o
ltconfig:834: /Users/hflambo/local/alfresco-svn/root-02-04-2012/gigfork-server/gcc-5666.3/build/obj/obj-i686-i686/./gcc/xgcc -B/Users/hflambo/local/alfresco-svn/root-02-04-2012/gigfork-server/gcc-5666.3/build/obj/obj-i686-i686/./gcc/ -B/usr/i686-apple-darwin11/bin/ -B/usr/i686-apple-darwin11/lib/ -isystem /usr/i686-apple-darwin11/include -isystem /usr/i686-apple-darwin11/sys-include  -m64 -c -O2 -g -O2   -pthread -o out/conftest2.o  conftest.c 1>&5
ltconfig:887: checking if /Users/hflambo/local/alfresco-svn/root-02-04-2012/gigfork-server/gcc-5666.3/build/obj/obj-i686-i686/./gcc/xgcc supports -fno-rtti -fno-exceptions
ltconfig:888: /Users/hflambo/local/alfresco-svn/root-02-04-2012/gigfork-server/gcc-5666.3/build/obj/obj-i686-i686/./gcc/xgcc -B/Users/hflambo/local/alfresco-svn/root-02-04-2012/gigfork-server/gcc-5666.3/build/obj/obj-i686-i686/./gcc/ -B/usr/i686-apple-darwin11/bin/ -B/usr/i686-apple-darwin11/lib/ -isystem /usr/i686-apple-darwin11/include -isystem /usr/i686-apple-darwin11/sys-include  -m64 -c -O2 -g -O2   -pthread -fno-rtti -fno-exceptions -c conftest.c  conftest.c 1>&5
ltconfig:1431: checking if global_symbol_pipe works
ltconfig:1432: /Users/hflambo/local/alfresco-svn/root-02-04-2012/gigfork-server/gcc-5666.3/build/obj/obj-i686-i686/./gcc/xgcc -B/Users/hflambo/local/alfresco-svn/root-02-04-2012/gigfork-server/gcc-5666.3/build/obj/obj-i686-i686/./gcc/ -B/usr/i686-apple-darwin11/bin/ -B/usr/i686-apple-darwin11/lib/ -isystem /usr/i686-apple-darwin11/include -isystem /usr/i686-apple-darwin11/sys-include  -m64 -c -O2 -g -O2   -pthread  conftest.c 1>&5
ltconfig:1435: eval "/Users/hflambo/local/alfresco-svn/root-02-04-2012/gigfork-server/gcc-5666.3/build/obj/obj-i686-i686/./gcc/nm conftest.o | sed -n -e 's/^.*[ 	]\([BCDEGRST][BCDEGRST]*\)[ 	][ 	]*\(\)\([_A-Za-z][_A-Za-z0-9]*\)$/\1 \2\3 \3/p' > conftest.nm"
cannot find nm_test_var in conftest.nm
ltconfig:1431: checking if global_symbol_pipe works
ltconfig:1432: /Users/hflambo/local/alfresco-svn/root-02-04-2012/gigfork-server/gcc-5666.3/build/obj/obj-i686-i686/./gcc/xgcc -B/Users/hflambo/local/alfresco-svn/root-02-04-2012/gigfork-server/gcc-5666.3/build/obj/obj-i686-i686/./gcc/ -B/usr/i686-apple-darwin11/bin/ -B/usr/i686-apple-darwin11/lib/ -isystem /usr/i686-apple-darwin11/include -isystem /usr/i686-apple-darwin11/sys-include  -m64 -c -O2 -g -O2   -pthread  conftest.c 1>&5
ltconfig:1435: eval "/Users/hflambo/local/alfresco-svn/root-02-04-2012/gigfork-server/gcc-5666.3/build/obj/obj-i686-i686/./gcc/nm conftest.o | sed -n -e 's/^.*[ 	]\([BCDEGRST][BCDEGRST]*\)[ 	][ 	]*\(_\)\([_A-Za-z][_A-Za-z0-9]*\)$/\1 \2\3 \3/p' > conftest.nm"
ltconfig:1487: /Users/hflambo/local/alfresco-svn/root-02-04-2012/gigfork-server/gcc-5666.3/build/obj/obj-i686-i686/./gcc/xgcc -B/Users/hflambo/local/alfresco-svn/root-02-04-2012/gigfork-server/gcc-5666.3/build/obj/obj-i686-i686/./gcc/ -B/usr/i686-apple-darwin11/bin/ -B/usr/i686-apple-darwin11/lib/ -isystem /usr/i686-apple-darwin11/include -isystem /usr/i686-apple-darwin11/sys-include  -m64 -o conftest -O2 -g -O2   -pthread -fno-builtin   conftest.c conftstm.o 1>&5
configure:4642: checking whether to enable maintainer-specific portions of Makefiles
configure:4651: result: no
configure:4680: checking for i686-apple-darwin11-gfortran
configure:4706: result: -B/usr/i686-apple-darwin11/bin/ -B/usr/i686-apple-darwin11/lib/ -isystem /usr/i686-apple-darwin11/include -isystem /usr/i686-apple-darwin11/sys-include  -m64
configure:4763: checking for Fortran compiler version
configure:4766: -B/usr/i686-apple-darwin11/bin/ -B/usr/i686-apple-darwin11/lib/ -isystem /usr/i686-apple-darwin11/include -isystem /usr/i686-apple-darwin11/sys-include  -m64 --version </dev/null >&5
/Users/hflambo/local/alfresco-svn/root-02-04-2012/gigfork-server/gcc-5666.3/build/obj/src/libgomp/configure: line 4767: -B/usr/i686-apple-darwin11/bin/: No such file or directory
configure:4769: $? = 127
configure:4771: -B/usr/i686-apple-darwin11/bin/ -B/usr/i686-apple-darwin11/lib/ -isystem /usr/i686-apple-darwin11/include -isystem /usr/i686-apple-darwin11/sys-include  -m64 -v </dev/null >&5
/Users/hflambo/local/alfresco-svn/root-02-04-2012/gigfork-server/gcc-5666.3/build/obj/src/libgomp/configure: line 4772: -B/usr/i686-apple-darwin11/bin/: No such file or directory
configure:4774: $? = 127
configure:4776: -B/usr/i686-apple-darwin11/bin/ -B/usr/i686-apple-darwin11/lib/ -isystem /usr/i686-apple-darwin11/include -isystem /usr/i686-apple-darwin11/sys-include  -m64 -V </dev/null >&5
/Users/hflambo/local/alfresco-svn/root-02-04-2012/gigfork-server/gcc-5666.3/build/obj/src/libgomp/configure: line 4777: -B/usr/i686-apple-darwin11/bin/: No such file or directory
configure:4779: $? = 127
configure:4787: checking whether we are using the GNU Fortran compiler
configure:4801: -B/usr/i686-apple-darwin11/bin/ -B/usr/i686-apple-darwin11/lib/ -isystem /usr/i686-apple-darwin11/include -isystem /usr/i686-apple-darwin11/sys-include  -m64 -c   conftest.F >&5
/Users/hflambo/local/alfresco-svn/root-02-04-2012/gigfork-server/gcc-5666.3/build/obj/src/libgomp/configure: line 4802: -B/usr/i686-apple-darwin11/bin/: No such file or directory
configure:4807: $? = 127
configure: failed program was:
|       program main
| #ifndef __GNUC__
|        choke me
| #endif
| 
|       end
configure:4833: result: no
configure:4839: checking whether -B/usr/i686-apple-darwin11/bin/ -B/usr/i686-apple-darwin11/lib/ -isystem /usr/i686-apple-darwin11/include -isystem /usr/i686-apple-darwin11/sys-include  -m64 accepts -g
configure:4851: -B/usr/i686-apple-darwin11/bin/ -B/usr/i686-apple-darwin11/lib/ -isystem /usr/i686-apple-darwin11/include -isystem /usr/i686-apple-darwin11/sys-include  -m64 -c -g  conftest.f >&5
/Users/hflambo/local/alfresco-svn/root-02-04-2012/gigfork-server/gcc-5666.3/build/obj/src/libgomp/configure: line 4852: -B/usr/i686-apple-darwin11/bin/: No such file or directory
configure:4857: $? = 127
configure: failed program was:
|       program main
| 
|       end
configure:4882: result: no
configure:4918: checking how to run the C preprocessor
configure:4953: /Users/hflambo/local/alfresco-svn/root-02-04-2012/gigfork-server/gcc-5666.3/build/obj/obj-i686-i686/./gcc/xgcc -B/Users/hflambo/local/alfresco-svn/root-02-04-2012/gigfork-server/gcc-5666.3/build/obj/obj-i686-i686/./gcc/ -B/usr/i686-apple-darwin11/bin/ -B/usr/i686-apple-darwin11/lib/ -isystem /usr/i686-apple-darwin11/include -isystem /usr/i686-apple-darwin11/sys-include  -m64 -E  conftest.c
configure:4959: $? = 0
configure:4991: /Users/hflambo/local/alfresco-svn/root-02-04-2012/gigfork-server/gcc-5666.3/build/obj/obj-i686-i686/./gcc/xgcc -B/Users/hflambo/local/alfresco-svn/root-02-04-2012/gigfork-server/gcc-5666.3/build/obj/obj-i686-i686/./gcc/ -B/usr/i686-apple-darwin11/bin/ -B/usr/i686-apple-darwin11/lib/ -isystem /usr/i686-apple-darwin11/include -isystem /usr/i686-apple-darwin11/sys-include  -m64 -E  conftest.c
conftest.c:11:28: error: ac_nonexistent.h: No such file or directory
configure:4997: $? = 1
configure: failed program was:
| /* confdefs.h.  */
| 
| #define PACKAGE_NAME "GNU OpenMP Runtime Library"
| #define PACKAGE_TARNAME "libgomp"
| #define PACKAGE_VERSION "1.0"
| #define PACKAGE_STRING "GNU OpenMP Runtime Library 1.0"
| #define PACKAGE_BUGREPORT ""
| #define PACKAGE "libgomp"
| #define VERSION "1.0"
| /* end confdefs.h.  */
| #include <ac_nonexistent.h>
configure:5036: result: /Users/hflambo/local/alfresco-svn/root-02-04-2012/gigfork-server/gcc-5666.3/build/obj/obj-i686-i686/./gcc/xgcc -B/Users/hflambo/local/alfresco-svn/root-02-04-2012/gigfork-server/gcc-5666.3/build/obj/obj-i686-i686/./gcc/ -B/usr/i686-apple-darwin11/bin/ -B/usr/i686-apple-darwin11/lib/ -isystem /usr/i686-apple-darwin11/include -isystem /usr/i686-apple-darwin11/sys-include  -m64 -E
configure:5060: /Users/hflambo/local/alfresco-svn/root-02-04-2012/gigfork-server/gcc-5666.3/build/obj/obj-i686-i686/./gcc/xgcc -B/Users/hflambo/local/alfresco-svn/root-02-04-2012/gigfork-server/gcc-5666.3/build/obj/obj-i686-i686/./gcc/ -B/usr/i686-apple-darwin11/bin/ -B/usr/i686-apple-darwin11/lib/ -isystem /usr/i686-apple-darwin11/include -isystem /usr/i686-apple-darwin11/sys-include  -m64 -E  conftest.c
configure:5066: $? = 0
configure:5098: /Users/hflambo/local/alfresco-svn/root-02-04-2012/gigfork-server/gcc-5666.3/build/obj/obj-i686-i686/./gcc/xgcc -B/Users/hflambo/local/alfresco-svn/root-02-04-2012/gigfork-server/gcc-5666.3/build/obj/obj-i686-i686/./gcc/ -B/usr/i686-apple-darwin11/bin/ -B/usr/i686-apple-darwin11/lib/ -isystem /usr/i686-apple-darwin11/include -isystem /usr/i686-apple-darwin11/sys-include  -m64 -E  conftest.c
conftest.c:11:28: error: ac_nonexistent.h: No such file or directory
configure:5104: $? = 1
configure: failed program was:
| /* confdefs.h.  */
| 
| #define PACKAGE_NAME "GNU OpenMP Runtime Library"
| #define PACKAGE_TARNAME "libgomp"
| #define PACKAGE_VERSION "1.0"
| #define PACKAGE_STRING "GNU OpenMP Runtime Library 1.0"
| #define PACKAGE_BUGREPORT ""
| #define PACKAGE "libgomp"
| #define VERSION "1.0"
| /* end confdefs.h.  */
| #include <ac_nonexistent.h>
configure:5148: checking for egrep
configure:5158: result: grep -E
configure:5163: checking for ANSI C header files
configure:5188: /Users/hflambo/local/alfresco-svn/root-02-04-2012/gigfork-server/gcc-5666.3/build/obj/obj-i686-i686/./gcc/xgcc -B/Users/hflambo/local/alfresco-svn/root-02-04-2012/gigfork-server/gcc-5666.3/build/obj/obj-i686-i686/./gcc/ -B/usr/i686-apple-darwin11/bin/ -B/usr/i686-apple-darwin11/lib/ -isystem /usr/i686-apple-darwin11/include -isystem /usr/i686-apple-darwin11/sys-include  -m64 -c -O2 -g -O2   -pthread  conftest.c >&5
configure:5194: $? = 0
configure:5198: test -z 
			 || test ! -s conftest.err
configure:5201: $? = 0
configure:5204: test -s conftest.o
configure:5207: $? = 0
configure:5296: /Users/hflambo/local/alfresco-svn/root-02-04-2012/gigfork-server/gcc-5666.3/build/obj/obj-i686-i686/./gcc/xgcc -B/Users/hflambo/local/alfresco-svn/root-02-04-2012/gigfork-server/gcc-5666.3/build/obj/obj-i686-i686/./gcc/ -B/usr/i686-apple-darwin11/bin/ -B/usr/i686-apple-darwin11/lib/ -isystem /usr/i686-apple-darwin11/include -isystem /usr/i686-apple-darwin11/sys-include  -m64 -o conftest -O2 -g -O2   -pthread   conftest.c  >&5
conftest.c: In function 'main':
conftest.c:28: warning: incompatible implicit declaration of built-in function 'exit'
configure:5299: $? = 0
configure:5301: ./conftest
configure:5304: $? = 0
configure:5319: result: yes
configure:5329: checking whether time.h and sys/time.h may both be included
configure:5354: /Users/hflambo/local/alfresco-svn/root-02-04-2012/gigfork-server/gcc-5666.3/build/obj/obj-i686-i686/./gcc/xgcc -B/Users/hflambo/local/alfresco-svn/root-02-04-2012/gigfork-server/gcc-5666.3/build/obj/obj-i686-i686/./gcc/ -B/usr/i686-apple-darwin11/bin/ -B/usr/i686-apple-darwin11/lib/ -isystem /usr/i686-apple-darwin11/include -isystem /usr/i686-apple-darwin11/sys-include  -m64 -c -O2 -g -O2   -pthread  conftest.c >&5
configure:5360: $? = 0
configure:5364: test -z 
			 || test ! -s conftest.err
configure:5367: $? = 0
configure:5370: test -s conftest.o
configure:5373: $? = 0
configure:5384: result: yes
configure:5408: checking for sys/types.h
configure:5424: /Users/hflambo/local/alfresco-svn/root-02-04-2012/gigfork-server/gcc-5666.3/build/obj/obj-i686-i686/./gcc/xgcc -B/Users/hflambo/local/alfresco-svn/root-02-04-2012/gigfork-server/gcc-5666.3/build/obj/obj-i686-i686/./gcc/ -B/usr/i686-apple-darwin11/bin/ -B/usr/i686-apple-darwin11/lib/ -isystem /usr/i686-apple-darwin11/include -isystem /usr/i686-apple-darwin11/sys-include  -m64 -c -O2 -g -O2   -pthread  conftest.c >&5
configure:5430: $? = 0
configure:5434: test -z 
			 || test ! -s conftest.err
configure:5437: $? = 0
configure:5440: test -s conftest.o
configure:5443: $? = 0
configure:5454: result: yes
configure:5408: checking for sys/stat.h
configure:5424: /Users/hflambo/local/alfresco-svn/root-02-04-2012/gigfork-server/gcc-5666.3/build/obj/obj-i686-i686/./gcc/xgcc -B/Users/hflambo/local/alfresco-svn/root-02-04-2012/gigfork-server/gcc-5666.3/build/obj/obj-i686-i686/./gcc/ -B/usr/i686-apple-darwin11/bin/ -B/usr/i686-apple-darwin11/lib/ -isystem /usr/i686-apple-darwin11/include -isystem /usr/i686-apple-darwin11/sys-include  -m64 -c -O2 -g -O2   -pthread  conftest.c >&5
configure:5430: $? = 0
configure:5434: test -z 
			 || test ! -s conftest.err
configure:5437: $? = 0
configure:5440: test -s conftest.o
configure:5443: $? = 0
configure:5454: result: yes
configure:5408: checking for stdlib.h
configure:5424: /Users/hflambo/local/alfresco-svn/root-02-04-2012/gigfork-server/gcc-5666.3/build/obj/obj-i686-i686/./gcc/xgcc -B/Users/hflambo/local/alfresco-svn/root-02-04-2012/gigfork-server/gcc-5666.3/build/obj/obj-i686-i686/./gcc/ -B/usr/i686-apple-darwin11/bin/ -B/usr/i686-apple-darwin11/lib/ -isystem /usr/i686-apple-darwin11/include -isystem /usr/i686-apple-darwin11/sys-include  -m64 -c -O2 -g -O2   -pthread  conftest.c >&5
configure:5430: $? = 0
configure:5434: test -z 
			 || test ! -s conftest.err
configure:5437: $? = 0
configure:5440: test -s conftest.o
configure:5443: $? = 0
configure:5454: result: yes
configure:5408: checking for string.h
configure:5424: /Users/hflambo/local/alfresco-svn/root-02-04-2012/gigfork-server/gcc-5666.3/build/obj/obj-i686-i686/./gcc/xgcc -B/Users/hflambo/local/alfresco-svn/root-02-04-2012/gigfork-server/gcc-5666.3/build/obj/obj-i686-i686/./gcc/ -B/usr/i686-apple-darwin11/bin/ -B/usr/i686-apple-darwin11/lib/ -isystem /usr/i686-apple-darwin11/include -isystem /usr/i686-apple-darwin11/sys-include  -m64 -c -O2 -g -O2   -pthread  conftest.c >&5
configure:5430: $? = 0
configure:5434: test -z 
			 || test ! -s conftest.err
configure:5437: $? = 0
configure:5440: test -s conftest.o
configure:5443: $? = 0
configure:5454: result: yes
configure:5408: checking for memory.h
configure:5424: /Users/hflambo/local/alfresco-svn/root-02-04-2012/gigfork-server/gcc-5666.3/build/obj/obj-i686-i686/./gcc/xgcc -B/Users/hflambo/local/alfresco-svn/root-02-04-2012/gigfork-server/gcc-5666.3/build/obj/obj-i686-i686/./gcc/ -B/usr/i686-apple-darwin11/bin/ -B/usr/i686-apple-darwin11/lib/ -isystem /usr/i686-apple-darwin11/include -isystem /usr/i686-apple-darwin11/sys-include  -m64 -c -O2 -g -O2   -pthread  conftest.c >&5
configure:5430: $? = 0
configure:5434: test -z 
			 || test ! -s conftest.err
configure:5437: $? = 0
configure:5440: test -s conftest.o
configure:5443: $? = 0
configure:5454: result: yes
configure:5408: checking for strings.h
configure:5424: /Users/hflambo/local/alfresco-svn/root-02-04-2012/gigfork-server/gcc-5666.3/build/obj/obj-i686-i686/./gcc/xgcc -B/Users/hflambo/local/alfresco-svn/root-02-04-2012/gigfork-server/gcc-5666.3/build/obj/obj-i686-i686/./gcc/ -B/usr/i686-apple-darwin11/bin/ -B/usr/i686-apple-darwin11/lib/ -isystem /usr/i686-apple-darwin11/include -isystem /usr/i686-apple-darwin11/sys-include  -m64 -c -O2 -g -O2   -pthread  conftest.c >&5
configure:5430: $? = 0
configure:5434: test -z 
			 || test ! -s conftest.err
configure:5437: $? = 0
configure:5440: test -s conftest.o
configure:5443: $? = 0
configure:5454: result: yes
configure:5408: checking for inttypes.h
configure:5424: /Users/hflambo/local/alfresco-svn/root-02-04-2012/gigfork-server/gcc-5666.3/build/obj/obj-i686-i686/./gcc/xgcc -B/Users/hflambo/local/alfresco-svn/root-02-04-2012/gigfork-server/gcc-5666.3/build/obj/obj-i686-i686/./gcc/ -B/usr/i686-apple-darwin11/bin/ -B/usr/i686-apple-darwin11/lib/ -isystem /usr/i686-apple-darwin11/include -isystem /usr/i686-apple-darwin11/sys-include  -m64 -c -O2 -g -O2   -pthread  conftest.c >&5
configure:5430: $? = 0
configure:5434: test -z 
			 || test ! -s conftest.err
configure:5437: $? = 0
configure:5440: test -s conftest.o
configure:5443: $? = 0
configure:5454: result: yes
configure:5408: checking for stdint.h
configure:5424: /Users/hflambo/local/alfresco-svn/root-02-04-2012/gigfork-server/gcc-5666.3/build/obj/obj-i686-i686/./gcc/xgcc -B/Users/hflambo/local/alfresco-svn/root-02-04-2012/gigfork-server/gcc-5666.3/build/obj/obj-i686-i686/./gcc/ -B/usr/i686-apple-darwin11/bin/ -B/usr/i686-apple-darwin11/lib/ -isystem /usr/i686-apple-darwin11/include -isystem /usr/i686-apple-darwin11/sys-include  -m64 -c -O2 -g -O2   -pthread  conftest.c >&5
configure:5430: $? = 0
configure:5434: test -z 
			 || test ! -s conftest.err
configure:5437: $? = 0
configure:5440: test -s conftest.o
configure:5443: $? = 0
configure:5454: result: yes
configure:5408: checking for unistd.h
configure:5424: /Users/hflambo/local/alfresco-svn/root-02-04-2012/gigfork-server/gcc-5666.3/build/obj/obj-i686-i686/./gcc/xgcc -B/Users/hflambo/local/alfresco-svn/root-02-04-2012/gigfork-server/gcc-5666.3/build/obj/obj-i686-i686/./gcc/ -B/usr/i686-apple-darwin11/bin/ -B/usr/i686-apple-darwin11/lib/ -isystem /usr/i686-apple-darwin11/include -isystem /usr/i686-apple-darwin11/sys-include  -m64 -c -O2 -g -O2   -pthread  conftest.c >&5
configure:5430: $? = 0
configure:5434: test -z 
			 || test ! -s conftest.err
configure:5437: $? = 0
configure:5440: test -s conftest.o
configure:5443: $? = 0
configure:5454: result: yes
configure:5474: checking for unistd.h
configure:5479: result: yes
configure:5483: checking semaphore.h usability
configure:5495: /Users/hflambo/local/alfresco-svn/root-02-04-2012/gigfork-server/gcc-5666.3/build/obj/obj-i686-i686/./gcc/xgcc -B/Users/hflambo/local/alfresco-svn/root-02-04-2012/gigfork-server/gcc-5666.3/build/obj/obj-i686-i686/./gcc/ -B/usr/i686-apple-darwin11/bin/ -B/usr/i686-apple-darwin11/lib/ -isystem /usr/i686-apple-darwin11/include -isystem /usr/i686-apple-darwin11/sys-include  -m64 -c -O2 -g -O2   -pthread  conftest.c >&5
configure:5501: $? = 0
configure:5505: test -z 
			 || test ! -s conftest.err
configure:5508: $? = 0
configure:5511: test -s conftest.o
configure:5514: $? = 0
configure:5524: result: yes
configure:5528: checking semaphore.h presence
configure:5538: /Users/hflambo/local/alfresco-svn/root-02-04-2012/gigfork-server/gcc-5666.3/build/obj/obj-i686-i686/./gcc/xgcc -B/Users/hflambo/local/alfresco-svn/root-02-04-2012/gigfork-server/gcc-5666.3/build/obj/obj-i686-i686/./gcc/ -B/usr/i686-apple-darwin11/bin/ -B/usr/i686-apple-darwin11/lib/ -isystem /usr/i686-apple-darwin11/include -isystem /usr/i686-apple-darwin11/sys-include  -m64 -E  conftest.c
configure:5544: $? = 0
configure:5564: result: yes
configure:5599: checking for semaphore.h
configure:5606: result: yes
configure:5483: checking sys/loadavg.h usability
configure:5495: /Users/hflambo/local/alfresco-svn/root-02-04-2012/gigfork-server/gcc-5666.3/build/obj/obj-i686-i686/./gcc/xgcc -B/Users/hflambo/local/alfresco-svn/root-02-04-2012/gigfork-server/gcc-5666.3/build/obj/obj-i686-i686/./gcc/ -B/usr/i686-apple-darwin11/bin/ -B/usr/i686-apple-darwin11/lib/ -isystem /usr/i686-apple-darwin11/include -isystem /usr/i686-apple-darwin11/sys-include  -m64 -c -O2 -g -O2   -pthread  conftest.c >&5
conftest.c:58:25: error: sys/loadavg.h: No such file or directory
configure:5501: $? = 1
configure: failed program was:
| /* confdefs.h.  */
| 
| #define PACKAGE_NAME "GNU OpenMP Runtime Library"
| #define PACKAGE_TARNAME "libgomp"
| #define PACKAGE_VERSION "1.0"
| #define PACKAGE_STRING "GNU OpenMP Runtime Library 1.0"
| #define PACKAGE_BUGREPORT ""
| #define PACKAGE "libgomp"
| #define VERSION "1.0"
| #define STDC_HEADERS 1
| #define TIME_WITH_SYS_TIME 1
| #define HAVE_SYS_TYPES_H 1
| #define HAVE_SYS_STAT_H 1
| #define HAVE_STDLIB_H 1
| #define HAVE_STRING_H 1
| #define HAVE_MEMORY_H 1
| #define HAVE_STRINGS_H 1
| #define HAVE_INTTYPES_H 1
| #define HAVE_STDINT_H 1
| #define HAVE_UNISTD_H 1
| #define HAVE_UNISTD_H 1
| #define HAVE_SEMAPHORE_H 1
| /* end confdefs.h.  */
| #include <stdio.h>
| #if HAVE_SYS_TYPES_H
| # include <sys/types.h>
| #endif
| #if HAVE_SYS_STAT_H
| # include <sys/stat.h>
| #endif
| #if STDC_HEADERS
| # include <stdlib.h>
| # include <stddef.h>
| #else
| # if HAVE_STDLIB_H
| #  include <stdlib.h>
| # endif
| #endif
| #if HAVE_STRING_H
| # if !STDC_HEADERS && HAVE_MEMORY_H
| #  include <memory.h>
| # endif
| # include <string.h>
| #endif
| #if HAVE_STRINGS_H
| # include <strings.h>
| #endif
| #if HAVE_INTTYPES_H
| # include <inttypes.h>
| #else
| # if HAVE_STDINT_H
| #  include <stdint.h>
| # endif
| #endif
| #if HAVE_UNISTD_H
| # include <unistd.h>
| #endif
| #include <sys/loadavg.h>
configure:5524: result: no
configure:5528: checking sys/loadavg.h presence
configure:5538: /Users/hflambo/local/alfresco-svn/root-02-04-2012/gigfork-server/gcc-5666.3/build/obj/obj-i686-i686/./gcc/xgcc -B/Users/hflambo/local/alfresco-svn/root-02-04-2012/gigfork-server/gcc-5666.3/build/obj/obj-i686-i686/./gcc/ -B/usr/i686-apple-darwin11/bin/ -B/usr/i686-apple-darwin11/lib/ -isystem /usr/i686-apple-darwin11/include -isystem /usr/i686-apple-darwin11/sys-include  -m64 -E  conftest.c
conftest.c:24:25: error: sys/loadavg.h: No such file or directory
configure:5544: $? = 1
configure: failed program was:
| /* confdefs.h.  */
| 
| #define PACKAGE_NAME "GNU OpenMP Runtime Library"
| #define PACKAGE_TARNAME "libgomp"
| #define PACKAGE_VERSION "1.0"
| #define PACKAGE_STRING "GNU OpenMP Runtime Library 1.0"
| #define PACKAGE_BUGREPORT ""
| #define PACKAGE "libgomp"
| #define VERSION "1.0"
| #define STDC_HEADERS 1
| #define TIME_WITH_SYS_TIME 1
| #define HAVE_SYS_TYPES_H 1
| #define HAVE_SYS_STAT_H 1
| #define HAVE_STDLIB_H 1
| #define HAVE_STRING_H 1
| #define HAVE_MEMORY_H 1
| #define HAVE_STRINGS_H 1
| #define HAVE_INTTYPES_H 1
| #define HAVE_STDINT_H 1
| #define HAVE_UNISTD_H 1
| #define HAVE_UNISTD_H 1
| #define HAVE_SEMAPHORE_H 1
| /* end confdefs.h.  */
| #include <sys/loadavg.h>
configure:5564: result: no
configure:5599: checking for sys/loadavg.h
configure:5606: result: no
configure:5483: checking sys/time.h usability
configure:5495: /Users/hflambo/local/alfresco-svn/root-02-04-2012/gigfork-server/gcc-5666.3/build/obj/obj-i686-i686/./gcc/xgcc -B/Users/hflambo/local/alfresco-svn/root-02-04-2012/gigfork-server/gcc-5666.3/build/obj/obj-i686-i686/./gcc/ -B/usr/i686-apple-darwin11/bin/ -B/usr/i686-apple-darwin11/lib/ -isystem /usr/i686-apple-darwin11/include -isystem /usr/i686-apple-darwin11/sys-include  -m64 -c -O2 -g -O2   -pthread  conftest.c >&5
configure:5501: $? = 0
configure:5505: test -z 
			 || test ! -s conftest.err
configure:5508: $? = 0
configure:5511: test -s conftest.o
configure:5514: $? = 0
configure:5524: result: yes
configure:5528: checking sys/time.h presence
configure:5538: /Users/hflambo/local/alfresco-svn/root-02-04-2012/gigfork-server/gcc-5666.3/build/obj/obj-i686-i686/./gcc/xgcc -B/Users/hflambo/local/alfresco-svn/root-02-04-2012/gigfork-server/gcc-5666.3/build/obj/obj-i686-i686/./gcc/ -B/usr/i686-apple-darwin11/bin/ -B/usr/i686-apple-darwin11/lib/ -isystem /usr/i686-apple-darwin11/include -isystem /usr/i686-apple-darwin11/sys-include  -m64 -E  conftest.c
configure:5544: $? = 0
configure:5564: result: yes
configure:5599: checking for sys/time.h
configure:5606: result: yes
configure:5633: checking for uintmax_t
configure:5659: /Users/hflambo/local/alfresco-svn/root-02-04-2012/gigfork-server/gcc-5666.3/build/obj/obj-i686-i686/./gcc/xgcc -B/Users/hflambo/local/alfresco-svn/root-02-04-2012/gigfork-server/gcc-5666.3/build/obj/obj-i686-i686/./gcc/ -B/usr/i686-apple-darwin11/bin/ -B/usr/i686-apple-darwin11/lib/ -isystem /usr/i686-apple-darwin11/include -isystem /usr/i686-apple-darwin11/sys-include  -m64 -c -O2 -g -O2   -pthread  conftest.c >&5
configure:5665: $? = 0
configure:5669: test -z 
			 || test ! -s conftest.err
configure:5672: $? = 0
configure:5675: test -s conftest.o
configure:5678: $? = 0
configure:5689: result: yes
configure:5697: checking for uintptr_t
configure:5723: /Users/hflambo/local/alfresco-svn/root-02-04-2012/gigfork-server/gcc-5666.3/build/obj/obj-i686-i686/./gcc/xgcc -B/Users/hflambo/local/alfresco-svn/root-02-04-2012/gigfork-server/gcc-5666.3/build/obj/obj-i686-i686/./gcc/ -B/usr/i686-apple-darwin11/bin/ -B/usr/i686-apple-darwin11/lib/ -isystem /usr/i686-apple-darwin11/include -isystem /usr/i686-apple-darwin11/sys-include  -m64 -c -O2 -g -O2   -pthread  conftest.c >&5
configure:5729: $? = 0
configure:5733: test -z 
			 || test ! -s conftest.err
configure:5736: $? = 0
configure:5739: test -s conftest.o
configure:5742: $? = 0
configure:5753: result: yes
configure:5761: checking for int_least32_t
configure:5787: /Users/hflambo/local/alfresco-svn/root-02-04-2012/gigfork-server/gcc-5666.3/build/obj/obj-i686-i686/./gcc/xgcc -B/Users/hflambo/local/alfresco-svn/root-02-04-2012/gigfork-server/gcc-5666.3/build/obj/obj-i686-i686/./gcc/ -B/usr/i686-apple-darwin11/bin/ -B/usr/i686-apple-darwin11/lib/ -isystem /usr/i686-apple-darwin11/include -isystem /usr/i686-apple-darwin11/sys-include  -m64 -c -O2 -g -O2   -pthread  conftest.c >&5
configure:5793: $? = 0
configure:5797: test -z 
			 || test ! -s conftest.err
configure:5800: $? = 0
configure:5803: test -s conftest.o
configure:5806: $? = 0
configure:5817: result: yes
configure:5825: checking for int_fast32_t
configure:5851: /Users/hflambo/local/alfresco-svn/root-02-04-2012/gigfork-server/gcc-5666.3/build/obj/obj-i686-i686/./gcc/xgcc -B/Users/hflambo/local/alfresco-svn/root-02-04-2012/gigfork-server/gcc-5666.3/build/obj/obj-i686-i686/./gcc/ -B/usr/i686-apple-darwin11/bin/ -B/usr/i686-apple-darwin11/lib/ -isystem /usr/i686-apple-darwin11/include -isystem /usr/i686-apple-darwin11/sys-include  -m64 -c -O2 -g -O2   -pthread  conftest.c >&5
configure:5857: $? = 0
configure:5861: test -z 
			 || test ! -s conftest.err
configure:5864: $? = 0
configure:5867: test -s conftest.o
configure:5870: $? = 0
configure:5881: result: yes
configure:5889: checking for uint64_t
configure:5915: /Users/hflambo/local/alfresco-svn/root-02-04-2012/gigfork-server/gcc-5666.3/build/obj/obj-i686-i686/./gcc/xgcc -B/Users/hflambo/local/alfresco-svn/root-02-04-2012/gigfork-server/gcc-5666.3/build/obj/obj-i686-i686/./gcc/ -B/usr/i686-apple-darwin11/bin/ -B/usr/i686-apple-darwin11/lib/ -isystem /usr/i686-apple-darwin11/include -isystem /usr/i686-apple-darwin11/sys-include  -m64 -c -O2 -g -O2   -pthread  conftest.c >&5
configure:5921: $? = 0
configure:5925: test -z 
			 || test ! -s conftest.err
configure:5928: $? = 0
configure:5931: test -s conftest.o
configure:5934: $? = 0
configure:5945: result: yes
configure:6291: checking what to include in gstdint.h
configure:6311: result: stdint.h (already complete)
configure:8489: /Users/hflambo/local/alfresco-svn/root-02-04-2012/gigfork-server/gcc-5666.3/build/obj/obj-i686-i686/./gcc/xgcc -B/Users/hflambo/local/alfresco-svn/root-02-04-2012/gigfork-server/gcc-5666.3/build/obj/obj-i686-i686/./gcc/ -B/usr/i686-apple-darwin11/bin/ -B/usr/i686-apple-darwin11/lib/ -isystem /usr/i686-apple-darwin11/include -isystem /usr/i686-apple-darwin11/sys-include  -m64 -o conftest -O2 -g -O2   -pthread -pthread   conftest.c  >&5
configure:8495: $? = 0
configure:8499: test -z 
			 || test ! -s conftest.err
configure:8502: $? = 0
configure:8505: test -s conftest
configure:8508: $? = 0
configure:8575: checking for getloadavg
configure:8632: /Users/hflambo/local/alfresco-svn/root-02-04-2012/gigfork-server/gcc-5666.3/build/obj/obj-i686-i686/./gcc/xgcc -B/Users/hflambo/local/alfresco-svn/root-02-04-2012/gigfork-server/gcc-5666.3/build/obj/obj-i686-i686/./gcc/ -B/usr/i686-apple-darwin11/bin/ -B/usr/i686-apple-darwin11/lib/ -isystem /usr/i686-apple-darwin11/include -isystem /usr/i686-apple-darwin11/sys-include  -m64 -o conftest -O2 -g -O2   -pthread -pthread   conftest.c  >&5
configure:8638: $? = 0
configure:8642: test -z 
			 || test ! -s conftest.err
configure:8645: $? = 0
configure:8648: test -s conftest
configure:8651: $? = 0
configure:8663: result: yes
configure:8575: checking for clock_gettime
configure:8632: /Users/hflambo/local/alfresco-svn/root-02-04-2012/gigfork-server/gcc-5666.3/build/obj/obj-i686-i686/./gcc/xgcc -B/Users/hflambo/local/alfresco-svn/root-02-04-2012/gigfork-server/gcc-5666.3/build/obj/obj-i686-i686/./gcc/ -B/usr/i686-apple-darwin11/bin/ -B/usr/i686-apple-darwin11/lib/ -isystem /usr/i686-apple-darwin11/include -isystem /usr/i686-apple-darwin11/sys-include  -m64 -o conftest -O2 -g -O2   -pthread -pthread   conftest.c  >&5
Undefined symbols for architecture x86_64:
  "_clock_gettime", referenced from:
      _main in ccfnDFGD.o
      _f in ccfnDFGD.o
ld: symbol(s) not found for architecture x86_64
collect2: ld returned 1 exit status
configure:8638: $? = 1
configure: failed program was:
| /* confdefs.h.  */
| 
| #define PACKAGE_NAME "GNU OpenMP Runtime Library"
| #define PACKAGE_TARNAME "libgomp"
| #define PACKAGE_VERSION "1.0"
| #define PACKAGE_STRING "GNU OpenMP Runtime Library 1.0"
| #define PACKAGE_BUGREPORT ""
| #define PACKAGE "libgomp"
| #define VERSION "1.0"
| #define STDC_HEADERS 1
| #define TIME_WITH_SYS_TIME 1
| #define HAVE_SYS_TYPES_H 1
| #define HAVE_SYS_STAT_H 1
| #define HAVE_STDLIB_H 1
| #define HAVE_STRING_H 1
| #define HAVE_MEMORY_H 1
| #define HAVE_STRINGS_H 1
| #define HAVE_INTTYPES_H 1
| #define HAVE_STDINT_H 1
| #define HAVE_UNISTD_H 1
| #define HAVE_UNISTD_H 1
| #define HAVE_SEMAPHORE_H 1
| #define HAVE_SYS_TIME_H 1
| #define HAVE_GETLOADAVG 1
| /* end confdefs.h.  */
| /* Define clock_gettime to an innocuous variant, in case <limits.h> declares clock_gettime.
|    For example, HP-UX 11i <limits.h> declares gettimeofday.  */
| #define clock_gettime innocuous_clock_gettime
| 
| /* System header to define __stub macros and hopefully few prototypes,
|     which can conflict with char clock_gettime (); below.
|     Prefer <limits.h> to <assert.h> if __STDC__ is defined, since
|     <limits.h> exists even on freestanding compilers.  */
| 
| #ifdef __STDC__
| # include <limits.h>
| #else
| # include <assert.h>
| #endif
| 
| #undef clock_gettime
| 
| /* Override any gcc2 internal prototype to avoid an error.  */
| #ifdef __cplusplus
| extern "C"
| {
| #endif
| /* We use char because int might match the return type of a gcc2
|    builtin and then its argument prototype would still apply.  */
| char clock_gettime ();
| /* The GNU C library defines this for functions which it implements
|     to always fail with ENOSYS.  Some functions are actually named
|     something starting with __ and the normal name is an alias.  */
| #if defined (__stub_clock_gettime) || defined (__stub___clock_gettime)
| choke me
| #else
| char (*f) () = clock_gettime;
| #endif
| #ifdef __cplusplus
| }
| #endif
| 
| int
| main ()
| {
| return f != clock_gettime;
|   ;
|   return 0;
| }
configure:8663: result: no
configure:8857: checking for clock_gettime in -lrt
configure:8887: /Users/hflambo/local/alfresco-svn/root-02-04-2012/gigfork-server/gcc-5666.3/build/obj/obj-i686-i686/./gcc/xgcc -B/Users/hflambo/local/alfresco-svn/root-02-04-2012/gigfork-server/gcc-5666.3/build/obj/obj-i686-i686/./gcc/ -B/usr/i686-apple-darwin11/bin/ -B/usr/i686-apple-darwin11/lib/ -isystem /usr/i686-apple-darwin11/include -isystem /usr/i686-apple-darwin11/sys-include  -m64 -o conftest -O2 -g -O2   -pthread -pthread   conftest.c -lrt   >&5
ld: library not found for -lrt
collect2: ld returned 1 exit status
configure:8893: $? = 1
configure: failed program was:
| /* confdefs.h.  */
| 
| #define PACKAGE_NAME "GNU OpenMP Runtime Library"
| #define PACKAGE_TARNAME "libgomp"
| #define PACKAGE_VERSION "1.0"
| #define PACKAGE_STRING "GNU OpenMP Runtime Library 1.0"
| #define PACKAGE_BUGREPORT ""
| #define PACKAGE "libgomp"
| #define VERSION "1.0"
| #define STDC_HEADERS 1
| #define TIME_WITH_SYS_TIME 1
| #define HAVE_SYS_TYPES_H 1
| #define HAVE_SYS_STAT_H 1
| #define HAVE_STDLIB_H 1
| #define HAVE_STRING_H 1
| #define HAVE_MEMORY_H 1
| #define HAVE_STRINGS_H 1
| #define HAVE_INTTYPES_H 1
| #define HAVE_STDINT_H 1
| #define HAVE_UNISTD_H 1
| #define HAVE_UNISTD_H 1
| #define HAVE_SEMAPHORE_H 1
| #define HAVE_SYS_TIME_H 1
| #define HAVE_GETLOADAVG 1
| #define HAVE_BROKEN_POSIX_SEMAPHORES 1
| /* end confdefs.h.  */
| 
| /* Override any gcc2 internal prototype to avoid an error.  */
| #ifdef __cplusplus
| extern "C"
| #endif
| /* We use char because int might match the return type of a gcc2
|    builtin and then its argument prototype would still apply.  */
| char clock_gettime ();
| int
| main ()
| {
| clock_gettime ();
|   ;
|   return 0;
| }
configure:8919: result: no
configure:8949: checking whether the target supports thread-local storage
configure:8995: /Users/hflambo/local/alfresco-svn/root-02-04-2012/gigfork-server/gcc-5666.3/build/obj/obj-i686-i686/./gcc/xgcc -B/Users/hflambo/local/alfresco-svn/root-02-04-2012/gigfork-server/gcc-5666.3/build/obj/obj-i686-i686/./gcc/ -B/usr/i686-apple-darwin11/bin/ -B/usr/i686-apple-darwin11/lib/ -isystem /usr/i686-apple-darwin11/include -isystem /usr/i686-apple-darwin11/sys-include  -m64 -o conftest -O2 -g -O2   -pthread -pthread   conftest.c  >&5
conftest.c:1: error: thread-local storage not supported for this target
configure:8998: $? = 1
configure: program exited with status 1
configure: failed program was:
| __thread int a; int b; int main() { return a = b; }
configure:9084: result: no
configure:9096: checking whether the target supports hidden visibility
configure:9120: /Users/hflambo/local/alfresco-svn/root-02-04-2012/gigfork-server/gcc-5666.3/build/obj/obj-i686-i686/./gcc/xgcc -B/Users/hflambo/local/alfresco-svn/root-02-04-2012/gigfork-server/gcc-5666.3/build/obj/obj-i686-i686/./gcc/ -B/usr/i686-apple-darwin11/bin/ -B/usr/i686-apple-darwin11/lib/ -isystem /usr/i686-apple-darwin11/include -isystem /usr/i686-apple-darwin11/sys-include  -m64 -c -O2 -g -O2   -pthread -pthread -Werror  conftest.c >&5
configure:9126: $? = 0
configure:9130: test -z 
			 || test ! -s conftest.err
configure:9133: $? = 0
configure:9136: test -s conftest.o
configure:9139: $? = 0
configure:9151: result: yes
configure:9161: checking whether the target supports dllexport
configure:9185: /Users/hflambo/local/alfresco-svn/root-02-04-2012/gigfork-server/gcc-5666.3/build/obj/obj-i686-i686/./gcc/xgcc -B/Users/hflambo/local/alfresco-svn/root-02-04-2012/gigfork-server/gcc-5666.3/build/obj/obj-i686-i686/./gcc/ -B/usr/i686-apple-darwin11/bin/ -B/usr/i686-apple-darwin11/lib/ -isystem /usr/i686-apple-darwin11/include -isystem /usr/i686-apple-darwin11/sys-include  -m64 -c -O2 -g -O2   -pthread -pthread -Werror  conftest.c >&5
cc1: warnings being treated as errors
conftest.c:28: warning: 'dllexport' attribute directive ignored
configure:9191: $? = 1
configure: failed program was:
| /* confdefs.h.  */
| 
| #define PACKAGE_NAME "GNU OpenMP Runtime Library"
| #define PACKAGE_TARNAME "libgomp"
| #define PACKAGE_VERSION "1.0"
| #define PACKAGE_STRING "GNU OpenMP Runtime Library 1.0"
| #define PACKAGE_BUGREPORT ""
| #define PACKAGE "libgomp"
| #define VERSION "1.0"
| #define STDC_HEADERS 1
| #define TIME_WITH_SYS_TIME 1
| #define HAVE_SYS_TYPES_H 1
| #define HAVE_SYS_STAT_H 1
| #define HAVE_STDLIB_H 1
| #define HAVE_STRING_H 1
| #define HAVE_MEMORY_H 1
| #define HAVE_STRINGS_H 1
| #define HAVE_INTTYPES_H 1
| #define HAVE_STDINT_H 1
| #define HAVE_UNISTD_H 1
| #define HAVE_UNISTD_H 1
| #define HAVE_SEMAPHORE_H 1
| #define HAVE_SYS_TIME_H 1
| #define HAVE_GETLOADAVG 1
| #define HAVE_BROKEN_POSIX_SEMAPHORES 1
| #define HAVE_ATTRIBUTE_VISIBILITY 1
| /* end confdefs.h.  */
| void __attribute__((dllexport)) foo(void) { }
| int
| main ()
| {
| 
|   ;
|   return 0;
| }
configure:9216: result: no
configure:9226: checking whether the target supports symbol aliases
configure:9250: /Users/hflambo/local/alfresco-svn/root-02-04-2012/gigfork-server/gcc-5666.3/build/obj/obj-i686-i686/./gcc/xgcc -B/Users/hflambo/local/alfresco-svn/root-02-04-2012/gigfork-server/gcc-5666.3/build/obj/obj-i686-i686/./gcc/ -B/usr/i686-apple-darwin11/bin/ -B/usr/i686-apple-darwin11/lib/ -isystem /usr/i686-apple-darwin11/include -isystem /usr/i686-apple-darwin11/sys-include  -m64 -o conftest -O2 -g -O2   -pthread -pthread   conftest.c  >&5
conftest.c:30: error: only weak aliases are supported in this configuration
configure:9256: $? = 1
configure: failed program was:
| /* confdefs.h.  */
| 
| #define PACKAGE_NAME "GNU OpenMP Runtime Library"
| #define PACKAGE_TARNAME "libgomp"
| #define PACKAGE_VERSION "1.0"
| #define PACKAGE_STRING "GNU OpenMP Runtime Library 1.0"
| #define PACKAGE_BUGREPORT ""
| #define PACKAGE "libgomp"
| #define VERSION "1.0"
| #define STDC_HEADERS 1
| #define TIME_WITH_SYS_TIME 1
| #define HAVE_SYS_TYPES_H 1
| #define HAVE_SYS_STAT_H 1
| #define HAVE_STDLIB_H 1
| #define HAVE_STRING_H 1
| #define HAVE_MEMORY_H 1
| #define HAVE_STRINGS_H 1
| #define HAVE_INTTYPES_H 1
| #define HAVE_STDINT_H 1
| #define HAVE_UNISTD_H 1
| #define HAVE_UNISTD_H 1
| #define HAVE_SEMAPHORE_H 1
| #define HAVE_SYS_TIME_H 1
| #define HAVE_GETLOADAVG 1
| #define HAVE_BROKEN_POSIX_SEMAPHORES 1
| #define HAVE_ATTRIBUTE_VISIBILITY 1
| /* end confdefs.h.  */
| 
| void foo(void) { }
| extern void bar(void) __attribute__((alias("foo")));
| int
| main ()
| {
| bar();
|   ;
|   return 0;
| }
configure:9281: result: no
configure:9433: checking for shared libgcc
configure:9453: /Users/hflambo/local/alfresco-svn/root-02-04-2012/gigfork-server/gcc-5666.3/build/obj/obj-i686-i686/./gcc/xgcc -B/Users/hflambo/local/alfresco-svn/root-02-04-2012/gigfork-server/gcc-5666.3/build/obj/obj-i686-i686/./gcc/ -B/usr/i686-apple-darwin11/bin/ -B/usr/i686-apple-darwin11/lib/ -isystem /usr/i686-apple-darwin11/include -isystem /usr/i686-apple-darwin11/sys-include  -m64 -o conftest  -lgcc_s   conftest.c  >&5
ld: library not found for -lgcc_s
collect2: ld returned 1 exit status
configure:9459: $? = 1
configure: failed program was:
| /* confdefs.h.  */
| 
| #define PACKAGE_NAME "GNU OpenMP Runtime Library"
| #define PACKAGE_TARNAME "libgomp"
| #define PACKAGE_VERSION "1.0"
| #define PACKAGE_STRING "GNU OpenMP Runtime Library 1.0"
| #define PACKAGE_BUGREPORT ""
| #define PACKAGE "libgomp"
| #define VERSION "1.0"
| #define STDC_HEADERS 1
| #define TIME_WITH_SYS_TIME 1
| #define HAVE_SYS_TYPES_H 1
| #define HAVE_SYS_STAT_H 1
| #define HAVE_STDLIB_H 1
| #define HAVE_STRING_H 1
| #define HAVE_MEMORY_H 1
| #define HAVE_STRINGS_H 1
| #define HAVE_INTTYPES_H 1
| #define HAVE_STDINT_H 1
| #define HAVE_UNISTD_H 1
| #define HAVE_UNISTD_H 1
| #define HAVE_SEMAPHORE_H 1
| #define HAVE_SYS_TIME_H 1
| #define HAVE_GETLOADAVG 1
| #define HAVE_BROKEN_POSIX_SEMAPHORES 1
| #define HAVE_ATTRIBUTE_VISIBILITY 1
| /* end confdefs.h.  */
| 
| int
| main ()
| {
| return 0;
|   ;
|   return 0;
| }
configure:9511: /Users/hflambo/local/alfresco-svn/root-02-04-2012/gigfork-server/gcc-5666.3/build/obj/obj-i686-i686/./gcc/xgcc -B/Users/hflambo/local/alfresco-svn/root-02-04-2012/gigfork-server/gcc-5666.3/build/obj/obj-i686-i686/./gcc/ -B/usr/i686-apple-darwin11/bin/ -B/usr/i686-apple-darwin11/lib/ -isystem /usr/i686-apple-darwin11/include -isystem /usr/i686-apple-darwin11/sys-include  -m64 -o conftest  -lgcc_s   conftest.c  >&5
ld: library not found for -lgcc_s
collect2: ld returned 1 exit status
configure:9517: $? = 1
configure: failed program was:
| /* confdefs.h.  */
| 
| #define PACKAGE_NAME "GNU OpenMP Runtime Library"
| #define PACKAGE_TARNAME "libgomp"
| #define PACKAGE_VERSION "1.0"
| #define PACKAGE_STRING "GNU OpenMP Runtime Library 1.0"
| #define PACKAGE_BUGREPORT ""
| #define PACKAGE "libgomp"
| #define VERSION "1.0"
| #define STDC_HEADERS 1
| #define TIME_WITH_SYS_TIME 1
| #define HAVE_SYS_TYPES_H 1
| #define HAVE_SYS_STAT_H 1
| #define HAVE_STDLIB_H 1
| #define HAVE_STRING_H 1
| #define HAVE_MEMORY_H 1
| #define HAVE_STRINGS_H 1
| #define HAVE_INTTYPES_H 1
| #define HAVE_STDINT_H 1
| #define HAVE_UNISTD_H 1
| #define HAVE_UNISTD_H 1
| #define HAVE_SEMAPHORE_H 1
| #define HAVE_SYS_TIME_H 1
| #define HAVE_GETLOADAVG 1
| #define HAVE_BROKEN_POSIX_SEMAPHORES 1
| #define HAVE_ATTRIBUTE_VISIBILITY 1
| /* end confdefs.h.  */
| 
| int
| main ()
| {
| return 0;
|   ;
|   return 0;
| }
configure:9543: result: no
configure:9584: WARNING: === You have requested some kind of symbol versioning, but
configure:9586: WARNING: === either you are not using a supported linker, or you are
configure:9588: WARNING: === not building a shared libgcc_s (which is required).
configure:9590: WARNING: === Symbol versioning will be disabled.
configure:9606: versioning on shared library symbols is no
configure:9617: checking whether the target supports __sync_*_compare_and_swap
configure:9639: /Users/hflambo/local/alfresco-svn/root-02-04-2012/gigfork-server/gcc-5666.3/build/obj/obj-i686-i686/./gcc/xgcc -B/Users/hflambo/local/alfresco-svn/root-02-04-2012/gigfork-server/gcc-5666.3/build/obj/obj-i686-i686/./gcc/ -B/usr/i686-apple-darwin11/bin/ -B/usr/i686-apple-darwin11/lib/ -isystem /usr/i686-apple-darwin11/include -isystem /usr/i686-apple-darwin11/sys-include  -m64 -o conftest -O2 -g -O2   -pthread -pthread  -Wall -Werror -mmacosx-version-min=10.4.0   conftest.c  >&5
configure:9645: $? = 0
configure:9649: test -z 
			 || test ! -s conftest.err
configure:9652: $? = 0
configure:9655: test -s conftest
configure:9658: $? = 0
configure:9670: result: yes
configure:10090: /Users/hflambo/local/alfresco-svn/root-02-04-2012/gigfork-server/gcc-5666.3/build/obj/obj-i686-i686/./gcc/xgcc -B/Users/hflambo/local/alfresco-svn/root-02-04-2012/gigfork-server/gcc-5666.3/build/obj/obj-i686-i686/./gcc/ -B/usr/i686-apple-darwin11/bin/ -B/usr/i686-apple-darwin11/lib/ -isystem /usr/i686-apple-darwin11/include -isystem /usr/i686-apple-darwin11/sys-include  -m64 -o conftest -O2 -g -O2   -pthread -pthread -include /Users/hflambo/local/alfresco-svn/root-02-04-2012/gigfork-server/gcc-5666.3/build/obj/src/libgomp/config/posix/omp-lock.h   conftest.c  >&5
configure:10093: $? = 0
configure:10095: ./conftest
configure:10098: $? = 0
configure:10420: /Users/hflambo/local/alfresco-svn/root-02-04-2012/gigfork-server/gcc-5666.3/build/obj/obj-i686-i686/./gcc/xgcc -B/Users/hflambo/local/alfresco-svn/root-02-04-2012/gigfork-server/gcc-5666.3/build/obj/obj-i686-i686/./gcc/ -B/usr/i686-apple-darwin11/bin/ -B/usr/i686-apple-darwin11/lib/ -isystem /usr/i686-apple-darwin11/include -isystem /usr/i686-apple-darwin11/sys-include  -m64 -o conftest -O2 -g -O2   -pthread -pthread -include /Users/hflambo/local/alfresco-svn/root-02-04-2012/gigfork-server/gcc-5666.3/build/obj/src/libgomp/config/posix/omp-lock.h   conftest.c  >&5
configure:10423: $? = 0
configure:10425: ./conftest
configure:10428: $? = 0
configure:10746: /Users/hflambo/local/alfresco-svn/root-02-04-2012/gigfork-server/gcc-5666.3/build/obj/obj-i686-i686/./gcc/xgcc -B/Users/hflambo/local/alfresco-svn/root-02-04-2012/gigfork-server/gcc-5666.3/build/obj/obj-i686-i686/./gcc/ -B/usr/i686-apple-darwin11/bin/ -B/usr/i686-apple-darwin11/lib/ -isystem /usr/i686-apple-darwin11/include -isystem /usr/i686-apple-darwin11/sys-include  -m64 -o conftest -O2 -g -O2   -pthread -pthread -include /Users/hflambo/local/alfresco-svn/root-02-04-2012/gigfork-server/gcc-5666.3/build/obj/src/libgomp/config/posix/omp-lock.h   conftest.c  >&5
configure:10749: $? = 0
configure:10751: ./conftest
configure:10754: $? = 0
configure:11072: /Users/hflambo/local/alfresco-svn/root-02-04-2012/gigfork-server/gcc-5666.3/build/obj/obj-i686-i686/./gcc/xgcc -B/Users/hflambo/local/alfresco-svn/root-02-04-2012/gigfork-server/gcc-5666.3/build/obj/obj-i686-i686/./gcc/ -B/usr/i686-apple-darwin11/bin/ -B/usr/i686-apple-darwin11/lib/ -isystem /usr/i686-apple-darwin11/include -isystem /usr/i686-apple-darwin11/sys-include  -m64 -o conftest -O2 -g -O2   -pthread -pthread -include /Users/hflambo/local/alfresco-svn/root-02-04-2012/gigfork-server/gcc-5666.3/build/obj/src/libgomp/config/posix/omp-lock.h   conftest.c  >&5
configure:11075: $? = 0
configure:11077: ./conftest
configure:11080: $? = 0
configure:11264: creating ./config.status

## ---------------------- ##
## Running config.status. ##
## ---------------------- ##

This file was extended by GNU OpenMP Runtime Library config.status 1.0, which was
generated by GNU Autoconf 2.59.  Invocation command line was

  CONFIG_FILES    = 
  CONFIG_HEADERS  = 
  CONFIG_LINKS    = 
  CONFIG_COMMANDS = 
  $ ./config.status 

on hflambo-mac.anybet.de

config.status:777: creating omp.h
config.status:777: creating omp_lib.h
config.status:777: creating omp_lib.f90
config.status:777: creating libgomp_f.h
config.status:777: creating Makefile
config.status:777: creating testsuite/Makefile
config.status:777: creating libgomp.spec
config.status:874: creating config.h
config.status:1174: executing default-1 commands
config.status:1174: executing depfiles commands
config.status:1174: executing gstdint.h commands

## ---------------- ##
## Cache variables. ##
## ---------------- ##

ac_cv_archive_cmds_needs_lc=yes
ac_cv_build=i686-apple-darwin11
ac_cv_build_alias=i686-apple-darwin11
ac_cv_c_compiler_gnu=yes
ac_cv_env_CPPFLAGS_set=set
ac_cv_env_CPPFLAGS_value=
ac_cv_env_CPP_set=
ac_cv_env_CPP_value=
ac_cv_env_FCFLAGS_set=
ac_cv_env_FCFLAGS_value=
ac_cv_env_FC_set=
ac_cv_env_FC_value=
ac_cv_env_LDFLAGS_set=set
ac_cv_env_LDFLAGS_value=
ac_cv_env_build_alias_set=set
ac_cv_env_build_alias_value=i686-apple-darwin11
ac_cv_env_host_alias_set=set
ac_cv_env_host_alias_value=i686-apple-darwin11
ac_cv_env_target_alias_set=set
ac_cv_env_target_alias_value=i686-apple-darwin11
ac_cv_exeext=
ac_cv_fc_compiler_gnu=no
ac_cv_func_clock_gettime=no
ac_cv_func_getloadavg=yes
ac_cv_header_inttypes_h=yes
ac_cv_header_memory_h=yes
ac_cv_header_semaphore_h=yes
ac_cv_header_stdc=yes
ac_cv_header_stdint_h=yes
ac_cv_header_stdlib_h=yes
ac_cv_header_string_h=yes
ac_cv_header_strings_h=yes
ac_cv_header_sys_loadavg_h=no
ac_cv_header_sys_stat_h=yes
ac_cv_header_sys_time_h=yes
ac_cv_header_sys_types_h=yes
ac_cv_header_time=yes
ac_cv_header_unistd_h=yes
ac_cv_host=i686-apple-darwin11
ac_cv_host_alias=i686-apple-darwin11
ac_cv_lib_rt_clock_gettime=no
ac_cv_objext=o
ac_cv_path_PERL=/usr/bin/perl
ac_cv_prog_AR=ar
ac_cv_prog_AWK=awk
ac_cv_prog_CC='/Users/hflambo/local/alfresco-svn/root-02-04-2012/gigfork-server/gcc-5666.3/build/obj/obj-i686-i686/./gcc/xgcc -B/Users/hflambo/local/alfresco-svn/root-02-04-2012/gigfork-server/gcc-5666.3/build/obj/obj-i686-i686/./gcc/ -B/usr/i686-apple-darwin11/bin/ -B/usr/i686-apple-darwin11/lib/ -isystem /usr/i686-apple-darwin11/include -isystem /usr/i686-apple-darwin11/sys-include  -m64'
ac_cv_prog_CPP='/Users/hflambo/local/alfresco-svn/root-02-04-2012/gigfork-server/gcc-5666.3/build/obj/obj-i686-i686/./gcc/xgcc -B/Users/hflambo/local/alfresco-svn/root-02-04-2012/gigfork-server/gcc-5666.3/build/obj/obj-i686-i686/./gcc/ -B/usr/i686-apple-darwin11/bin/ -B/usr/i686-apple-darwin11/lib/ -isystem /usr/i686-apple-darwin11/include -isystem /usr/i686-apple-darwin11/sys-include  -m64 -E'
ac_cv_prog_FC='-B/usr/i686-apple-darwin11/bin/ -B/usr/i686-apple-darwin11/lib/ -isystem /usr/i686-apple-darwin11/include -isystem /usr/i686-apple-darwin11/sys-include  -m64'
ac_cv_prog_MAKEINFO='makeinfo --split-size=5000000'
ac_cv_prog_RANLIB='ranlib -c'
ac_cv_prog_STRIP=strip
ac_cv_prog_cc_can_build_shared=yes
ac_cv_prog_cc_g=yes
ac_cv_prog_cc_no_builtin=
ac_cv_prog_cc_pic=' -fno-common -DPIC'
ac_cv_prog_cc_pic_works=yes
ac_cv_prog_cc_shlib=
ac_cv_prog_cc_static=
ac_cv_prog_cc_static_works=no
ac_cv_prog_cc_stdc=
ac_cv_prog_cc_wl=-Wl,
ac_cv_prog_egrep='grep -E'
ac_cv_prog_fc_g=no
ac_cv_prog_make_make_set=yes
ac_cv_target=i686-apple-darwin11
ac_cv_target_alias=i686-apple-darwin11
ac_cv_type_int_fast32_t=yes
ac_cv_type_int_least32_t=yes
ac_cv_type_u_int64_t=no
ac_cv_type_uint64_t=yes
ac_cv_type_uintmax_t=yes
ac_cv_type_uintptr_t=yes
acx_cv_header_stdint=stdint.h
acx_cv_header_stdint_kind='(already complete)'
am_cv_CC_dependencies_compiler_type=gcc3
gcc_cv_prog_makeinfo_modern=yes
lt_cv_compiler_c_o=yes
lt_cv_deplibs_check_method=pass_all
lt_cv_dlopen=dyld
lt_cv_dlopen_libs=
lt_cv_dlopen_self=yes
lt_cv_file_magic_cmd='/usr/bin/file -L'
lt_cv_file_magic_test_file=/usr/lib/libSystem.dylib
lt_cv_ld_reload_flag=-r
lt_cv_path_LD=/Users/hflambo/local/alfresco-svn/root-02-04-2012/gigfork-server/gcc-5666.3/build/obj/obj-i686-i686/./gcc/collect-ld
lt_cv_path_NM=/Users/hflambo/local/alfresco-svn/root-02-04-2012/gigfork-server/gcc-5666.3/build/obj/obj-i686-i686/./gcc/nm
lt_cv_prog_gnu_ld=no
lt_cv_sys_max_cmd_len=196608

## ----------------- ##
## Output variables. ##
## ----------------- ##

ACLOCAL='${SHELL} /Users/hflambo/local/alfresco-svn/root-02-04-2012/gigfork-server/gcc-5666.3/build/obj/src/missing --run aclocal-1.9'
AMDEPBACKSLASH='\'
AMDEP_FALSE='#'
AMDEP_TRUE=''
AMTAR='${SHELL} /Users/hflambo/local/alfresco-svn/root-02-04-2012/gigfork-server/gcc-5666.3/build/obj/src/missing --run tar'
AR='ar'
AUTOCONF='${SHELL} /Users/hflambo/local/alfresco-svn/root-02-04-2012/gigfork-server/gcc-5666.3/build/obj/src/missing --run autoconf'
AUTOHEADER='${SHELL} /Users/hflambo/local/alfresco-svn/root-02-04-2012/gigfork-server/gcc-5666.3/build/obj/src/missing --run autoheader'
AUTOMAKE='${SHELL} /Users/hflambo/local/alfresco-svn/root-02-04-2012/gigfork-server/gcc-5666.3/build/obj/src/missing --run automake-1.9'
AWK='awk'
BUILD_INFO_FALSE='#'
BUILD_INFO_TRUE=''
CC='/Users/hflambo/local/alfresco-svn/root-02-04-2012/gigfork-server/gcc-5666.3/build/obj/obj-i686-i686/./gcc/xgcc -B/Users/hflambo/local/alfresco-svn/root-02-04-2012/gigfork-server/gcc-5666.3/build/obj/obj-i686-i686/./gcc/ -B/usr/i686-apple-darwin11/bin/ -B/usr/i686-apple-darwin11/lib/ -isystem /usr/i686-apple-darwin11/include -isystem /usr/i686-apple-darwin11/sys-include  -m64'
CCDEPMODE='depmode=gcc3'
CFLAGS='-O2 -g -O2   -pthread -pthread'
CPP='/Users/hflambo/local/alfresco-svn/root-02-04-2012/gigfork-server/gcc-5666.3/build/obj/obj-i686-i686/./gcc/xgcc -B/Users/hflambo/local/alfresco-svn/root-02-04-2012/gigfork-server/gcc-5666.3/build/obj/obj-i686-i686/./gcc/ -B/usr/i686-apple-darwin11/bin/ -B/usr/i686-apple-darwin11/lib/ -isystem /usr/i686-apple-darwin11/include -isystem /usr/i686-apple-darwin11/sys-include  -m64 -E'
CPPFLAGS=''
CYGPATH_W='echo'
DEFS='-DHAVE_CONFIG_H'
DEPDIR='.deps'
ECHO_C='ECHO_N=''
ECHO_T=''
EGREP='grep -E'
EXEEXT=''
FC='-B/usr/i686-apple-darwin11/bin/ -B/usr/i686-apple-darwin11/lib/ -isystem /usr/i686-apple-darwin11/include -isystem /usr/i686-apple-darwin11/sys-include  -m64'
FCFLAGS=' -Wall'
GENINSRC_FALSE=''
GENINSRC_TRUE='#'
INSTALL_DATA='/usr/bin/install -c -m 644'
INSTALL_PROGRAM='/usr/bin/install -c'
INSTALL_SCRIPT='/usr/bin/install -c'
INSTALL_STRIP_PROGRAM='${SHELL} $(install_sh) -c -s'
LDFLAGS=''
LIBGOMP_BUILD_VERSIONED_SHLIB_FALSE=''
LIBGOMP_BUILD_VERSIONED_SHLIB_TRUE='#'
LIBOBJS=''
LIBS=''
LIBTOOL='$(SHELL) $(top_builddir)/libtool'
LN_S='ln -s'
LTLIBOBJS=''
MAINT='#'
MAINTAINER_MODE_FALSE=''
MAINTAINER_MODE_TRUE='#'
MAKEINFO='makeinfo --split-size=5000000'
OBJEXT='o'
OMP_LOCK_ALIGN='8'
OMP_LOCK_KIND='8'
OMP_LOCK_SIZE='64'
OMP_NEST_LOCK_ALIGN='8'
OMP_NEST_LOCK_KIND='8'
OMP_NEST_LOCK_SIZE='72'
OPT_LDFLAGS=''
PACKAGE='libgomp'
PACKAGE_BUGREPORT=''
PACKAGE_NAME='GNU OpenMP Runtime Library'
PACKAGE_STRING='GNU OpenMP Runtime Library 1.0'
PACKAGE_TARNAME='libgomp'
PACKAGE_VERSION='1.0'
PATH_SEPARATOR=':'
PERL='/usr/bin/perl'
RANLIB='ranlib -c'
SECTION_LDFLAGS=''
SET_MAKE=''
SHELL='/bin/sh'
STRIP='strip'
USE_FORTRAN_FALSE=''
USE_FORTRAN_TRUE='#'
VERSION='1.0'
XCFLAGS=' -Wall -Werror -mmacosx-version-min=10.4.0 -Wc,-pthread'
XLDFLAGS=''
ac_ct_AR=''
ac_ct_CC=''
ac_ct_FC=''
ac_ct_RANLIB=''
ac_ct_STRIP=''
am__fastdepCC_FALSE='#'
am__fastdepCC_TRUE=''
am__include='include'
am__leading_dot='.'
am__quote=''
am__tar='${AMTAR} chof - "$$tardir"'
am__untar='${AMTAR} xf -'
bindir='${exec_prefix}/bin'
build='i686-apple-darwin11'
build_alias='i686-apple-darwin11'
build_cpu='i686'
build_os='darwin11'
build_vendor='apple'
config_path='posix'
datadir='${prefix}/share'
enable_shared='yes'
enable_static='yes'
exec_prefix='${prefix}'
host='i686-apple-darwin11'
host_alias='i686-apple-darwin11'
host_cpu='i686'
host_os='darwin11'
host_vendor='apple'
includedir='${prefix}/include'
infodir='${prefix}/info'
install_sh='/Users/hflambo/local/alfresco-svn/root-02-04-2012/gigfork-server/gcc-5666.3/build/obj/src/install-sh'
libdir='${exec_prefix}/lib'
libexecdir='${exec_prefix}/libexec'
libtool_VERSION='1:0:0'
link_gomp='-lgomp %{static: }'
localstatedir='${prefix}/var'
mandir='/usr/share/man'
mkdir_p='$(mkinstalldirs)'
multi_basedir='/Users/hflambo/local/alfresco-svn/root-02-04-2012/gigfork-server/gcc-5666.3/build/obj/src/libgomp/..'
oldincludedir='/usr/include'
prefix='/usr'
program_transform_name='/^[cg][^.-]*$$/s/$$/-4.2/'
sbindir='${exec_prefix}/sbin'
sharedstatedir='${prefix}/com'
sysconfdir='${prefix}/etc'
target='i686-apple-darwin11'
target_alias='i686-apple-darwin11'
target_cpu='i686'
target_os='darwin11'
target_vendor='apple'
toolexecdir='$(libdir)/gcc-lib/$(target_alias)'
toolexeclibdir='$(libdir)/x86_64'

## ----------- ##
## confdefs.h. ##
## ----------- ##

#define HAVE_ATTRIBUTE_VISIBILITY 1
#define HAVE_BROKEN_POSIX_SEMAPHORES 1
#define HAVE_GETLOADAVG 1
#define HAVE_INTTYPES_H 1
#define HAVE_MEMORY_H 1
#define HAVE_SEMAPHORE_H 1
#define HAVE_STDINT_H 1
#define HAVE_STDLIB_H 1
#define HAVE_STRINGS_H 1
#define HAVE_STRING_H 1
#define HAVE_SYNC_BUILTINS 1
#define HAVE_SYS_STAT_H 1
#define HAVE_SYS_TIME_H 1
#define HAVE_SYS_TYPES_H 1
#define HAVE_UNISTD_H 1
#define HAVE_UNISTD_H 1
#define PACKAGE "libgomp"
#define PACKAGE_BUGREPORT ""
#define PACKAGE_NAME "GNU OpenMP Runtime Library"
#define PACKAGE_STRING "GNU OpenMP Runtime Library 1.0"
#define PACKAGE_TARNAME "libgomp"
#define PACKAGE_VERSION "1.0"
#define STDC_HEADERS 1
#define TIME_WITH_SYS_TIME 1
#define VERSION "1.0"

configure: exit 0
