This file contains any messages produced by compilers while
running configure, to aid debugging if configure makes a mistake.

It was created by fixincludes configure  , which was
generated by GNU Autoconf 2.59.  Invocation command line was

  $ /Users/hflambo/local/alfresco-svn/root-02-04-2012/gigfork-server/gcc-5666.3/build/obj/src/fixincludes/configure --cache-file=./config.cache --build=i686-apple-darwin11 --host=i686-apple-darwin11 --target=x86_64-apple-darwin11 --disable-checking --enable-werror --prefix=/usr --mandir=${prefix}/share/man --program-transform-name=/^[cg][^.-]*$/s/$/-4.2/ --with-slibdir=/usr/lib --enable-werror-always --with-gxx-include-dir=${prefix}/include/c++/4.2.1 --enable-languages=c,c++,objc,obj-c++ --program-transform-name=s,^,x86_64-apple-darwin11-,; /^[cg][^.-]*$/s/$/-4.2/ --srcdir=/Users/hflambo/local/alfresco-svn/root-02-04-2012/gigfork-server/gcc-5666.3/build/obj/src/fixincludes

## --------- ##
## Platform. ##
## --------- ##

hostname = hflambo-mac.anybet.de
uname -m = x86_64
uname -r = 11.3.0
uname -s = Darwin
uname -v = Darwin Kernel Version 11.3.0: Thu Jan 12 18:47:41 PST 2012; root:xnu-1699.24.23~1/RELEASE_X86_64

/usr/bin/uname -p = i386
/bin/uname -X     = unknown

/bin/arch              = unknown
/usr/bin/arch -k       = unknown
/usr/convex/getsysinfo = unknown
hostinfo               = Mach kernel version:
	 Darwin Kernel Version 11.3.0: Thu Jan 12 18:47:41 PST 2012; root:xnu-1699.24.23~1/RELEASE_X86_64
Kernel configured for up to 4 processors.
2 processors are physically available.
4 processors are logically available.
Processor type: i486 (Intel 80486)
Processors active: 0 1 2 3
Primary memory available: 8.00 gigabytes
Default processor set: 131 tasks, 668 threads, 4 processors
Load average: 4.29, Mach factor: 1.09
/bin/machine           = unknown
/usr/bin/oslevel       = unknown
/bin/universe          = unknown

PATH: /Users/hflambo/local/alfresco-svn/root-02-04-2012/gigfork-server/gcc-5666.3/build/obj/bin
PATH: /Users/hflambo/local/alfresco-svn/root-02-04-2012/gigfork-server/gcc-5666.3/build/obj/dst-i686-i686/usr/bin
PATH: /usr/local/mysql-5.5.17-osx10.6-x86_64/bin
PATH: /Users/hflambo/local/ImageMagick-binary/bin
PATH: /Applications/Gimp.app/Contents/Resources/bin
PATH: /Users/hflambo/local/node-v0.6.5-binary/bin
PATH: /Users/hflambo/local/xuggler/bin
PATH: /Users/hflambo/Desktop/apache-maven-3.0.3/bin
PATH: .
PATH: /Library/Anybet/tools/mvn/bin
PATH: /usr/bin
PATH: /bin
PATH: /usr/sbin
PATH: /sbin
PATH: /usr/local/bin
PATH: /Library/Anybet/bin
PATH: /usr/local/git/bin
PATH: /Library/Anybet/tools/jad/bin
PATH: /Library/Anybet/tools/jmeter/bin
PATH: /Library/Anybet/tools/mas/jboss/bin
PATH: /Library/Anybet/tools/maven/bin
PATH: /Library/Anybet/tools/mq/bin
PATH: /Library/Anybet/tools/mvn/bin
PATH: /Library/Anybet/tools/selenium/bin
PATH: /Library/Anybet/tools/soapui/bin
PATH: /usr/X11/bin
PATH: /Users/hflambo/local/play-1.2.4
PATH: /Users/hflambo/local/gigfork-video-ffmpeg/ffmpeg-vda-gigfork/bin


## ----------- ##
## Core tests. ##
## ----------- ##

configure:1229: creating cache ./config.cache
configure:1349: checking build system type
configure:1367: result: i686-apple-darwin11
configure:1375: checking host system type
configure:1389: result: i686-apple-darwin11
configure:1397: checking target system type
configure:1411: result: x86_64-apple-darwin11
configure:1433: checking for i686-apple-darwin11-gcc
configure:1459: result: gcc -m32
configure:1741: checking for C compiler version
configure:1744: gcc -m32 --version </dev/null >&5
gcc (GCC) 4.2.1 (Apple Inc. build 5666) (dot 3)
Copyright (C) 2007 Free Software Foundation, Inc.
This is free software; see the source for copying conditions.  There is NO
warranty; not even for MERCHANTABILITY or FITNESS FOR A PARTICULAR PURPOSE.

configure:1747: $? = 0
configure:1749: gcc -m32 -v </dev/null >&5
Using built-in specs.
Target: i686-apple-darwin11
Configured with: /Users/hflambo/local/alfresco-svn/root-02-04-2012/gigfork-server/gcc-5666.3/build/obj/src/configure --disable-checking --enable-werror --prefix=/usr --mandir=/usr/share/man --enable-languages=c,objc,c++,obj-c++ --program-transform-name=/^[cg][^.-]*$/s/$/-4.2/ --with-slibdir=/usr/lib --build=i686-apple-darwin11 --with-gxx-include-dir=/usr/include/c++/4.2.1 --host=i686-apple-darwin11 --target=i686-apple-darwin11
Thread model: posix
gcc version 4.2.1 (Apple Inc. build 5666) (dot 3)
configure:1752: $? = 0
configure:1754: gcc -m32 -V </dev/null >&5
gcc: '-V' must come at the start of the command line
configure:1757: $? = 1
configure:1780: checking for C compiler default output file name
configure:1783: gcc -m32 -g -O2   -Wl,-no_pie conftest.c  >&5
configure:1786: $? = 0
configure:1832: result: a.out
configure:1837: checking whether the C compiler works
configure:1843: ./a.out
configure:1846: $? = 0
configure:1863: result: yes
configure:1870: checking whether we are cross compiling
configure:1872: result: no
configure:1875: checking for suffix of executables
configure:1877: gcc -m32 -o conftest -g -O2   -Wl,-no_pie conftest.c  >&5
configure:1880: $? = 0
configure:1905: result: 
configure:1911: checking for suffix of object files
configure:1932: gcc -m32 -c -g -O2   conftest.c >&5
configure:1935: $? = 0
configure:1957: result: o
configure:1961: checking whether we are using the GNU C compiler
configure:1985: gcc -m32 -c -g -O2   conftest.c >&5
configure:1991: $? = 0
configure:1995: test -z 
			 || test ! -s conftest.err
configure:1998: $? = 0
configure:2001: test -s conftest.o
configure:2004: $? = 0
configure:2017: result: yes
configure:2023: checking whether gcc -m32 accepts -g
configure:2044: gcc -m32 -c -g  conftest.c >&5
configure:2050: $? = 0
configure:2054: test -z 
			 || test ! -s conftest.err
configure:2057: $? = 0
configure:2060: test -s conftest.o
configure:2063: $? = 0
configure:2074: result: yes
configure:2091: checking for gcc -m32 option to accept ANSI C
configure:2161: gcc -m32  -c -g -O2   conftest.c >&5
configure:2167: $? = 0
configure:2171: test -z 
			 || test ! -s conftest.err
configure:2174: $? = 0
configure:2177: test -s conftest.o
configure:2180: $? = 0
configure:2198: result: none needed
configure:2216: gcc -m32 -c -g -O2   conftest.c >&5
conftest.c:2: error: expected '=', ',', ';', 'asm' or '__attribute__' before 'me'
configure:2222: $? = 1
configure: failed program was:
| #ifndef __cplusplus
|   choke me
| #endif
configure:2367: checking whether gcc -m32 supports -W
configure:2389: gcc -m32 -c -W  conftest.c >&5
configure:2395: $? = 0
configure:2399: test -z 
			 || test ! -s conftest.err
configure:2402: $? = 0
configure:2405: test -s conftest.o
configure:2408: $? = 0
configure:2420: result: yes
configure:2367: checking whether gcc -m32 supports -Wall
configure:2389: gcc -m32 -c -Wall  conftest.c >&5
configure:2395: $? = 0
configure:2399: test -z 
			 || test ! -s conftest.err
configure:2402: $? = 0
configure:2405: test -s conftest.o
configure:2408: $? = 0
configure:2420: result: yes
configure:2367: checking whether gcc -m32 supports -Wwrite-strings
configure:2389: gcc -m32 -c -Wwrite-strings  conftest.c >&5
configure:2395: $? = 0
configure:2399: test -z 
			 || test ! -s conftest.err
configure:2402: $? = 0
configure:2405: test -s conftest.o
configure:2408: $? = 0
configure:2420: result: yes
configure:2367: checking whether gcc -m32 supports -Wstrict-prototypes
configure:2389: gcc -m32 -c -Wstrict-prototypes  conftest.c >&5
conftest.c:12: warning: function declaration isn't a prototype
configure:2395: $? = 0
configure:2399: test -z 
			 || test ! -s conftest.err
configure:2402: $? = 0
configure:2405: test -s conftest.o
configure:2408: $? = 0
configure:2420: result: yes
configure:2367: checking whether gcc -m32 supports -Wmissing-prototypes
configure:2389: gcc -m32 -c -Wmissing-prototypes  conftest.c >&5
configure:2395: $? = 0
configure:2399: test -z 
			 || test ! -s conftest.err
configure:2402: $? = 0
configure:2405: test -s conftest.o
configure:2408: $? = 0
configure:2420: result: yes
configure:2367: checking whether gcc -m32 supports -Wold-style-definition
configure:2389: gcc -m32 -c -Wold-style-definition  conftest.c >&5
conftest.c: In function 'main':
conftest.c:12: warning: old-style function definition
configure:2395: $? = 0
configure:2399: test -z 
			 || test ! -s conftest.err
configure:2402: $? = 0
configure:2405: test -s conftest.o
configure:2408: $? = 0
configure:2420: result: yes
configure:2367: checking whether gcc -m32 supports -Wmissing-format-attribute
configure:2389: gcc -m32 -c -Wmissing-format-attribute  conftest.c >&5
configure:2395: $? = 0
configure:2399: test -z 
			 || test ! -s conftest.err
configure:2402: $? = 0
configure:2405: test -s conftest.o
configure:2408: $? = 0
configure:2420: result: yes
configure:2367: checking whether gcc -m32 supports -Wno-overlength-strings
configure:2389: gcc -m32 -c -Wno-overlength-strings  conftest.c >&5
configure:2395: $? = 0
configure:2399: test -z 
			 || test ! -s conftest.err
configure:2402: $? = 0
configure:2405: test -s conftest.o
configure:2408: $? = 0
configure:2420: result: yes
configure:2431: checking whether gcc -m32 supports -pedantic -Wno-long-long
configure:2454: gcc -m32 -c -pedantic -Wno-long-long  conftest.c >&5
configure:2460: $? = 0
configure:2464: test -z 
			 || test ! -s conftest.err
configure:2467: $? = 0
configure:2470: test -s conftest.o
configure:2473: $? = 0
configure:2485: result: yes
configure:2612: checking how to run the C preprocessor
configure:2647: gcc -m32 -E  conftest.c
configure:2653: $? = 0
configure:2685: gcc -m32 -E  conftest.c
conftest.c:10:28: error: ac_nonexistent.h: No such file or directory
configure:2691: $? = 1
configure: failed program was:
| /* confdefs.h.  */
| 
| #define PACKAGE_NAME "fixincludes"
| #define PACKAGE_TARNAME "fixincludes"
| #define PACKAGE_VERSION " "
| #define PACKAGE_STRING "fixincludes  "
| #define PACKAGE_BUGREPORT ""
| #define EXE_EXT ""
| /* end confdefs.h.  */
| #include <ac_nonexistent.h>
configure:2730: result: gcc -m32 -E
configure:2754: gcc -m32 -E  conftest.c
configure:2760: $? = 0
configure:2792: gcc -m32 -E  conftest.c
conftest.c:10:28: error: ac_nonexistent.h: No such file or directory
configure:2798: $? = 1
configure: failed program was:
| /* confdefs.h.  */
| 
| #define PACKAGE_NAME "fixincludes"
| #define PACKAGE_TARNAME "fixincludes"
| #define PACKAGE_VERSION " "
| #define PACKAGE_STRING "fixincludes  "
| #define PACKAGE_BUGREPORT ""
| #define EXE_EXT ""
| /* end confdefs.h.  */
| #include <ac_nonexistent.h>
configure:2842: checking for egrep
configure:2852: result: grep -E
configure:2857: checking for ANSI C header files
configure:2882: gcc -m32 -c -g -O2   conftest.c >&5
configure:2888: $? = 0
configure:2892: test -z 
			 || test ! -s conftest.err
configure:2895: $? = 0
configure:2898: test -s conftest.o
configure:2901: $? = 0
configure:2990: gcc -m32 -o conftest -g -O2   -Wl,-no_pie conftest.c  >&5
conftest.c: In function 'main':
conftest.c:27: warning: incompatible implicit declaration of built-in function 'exit'
configure:2993: $? = 0
configure:2995: ./conftest
configure:2998: $? = 0
configure:3013: result: yes
configure:3037: checking for sys/types.h
configure:3053: gcc -m32 -c -g -O2   conftest.c >&5
configure:3059: $? = 0
configure:3063: test -z 
			 || test ! -s conftest.err
configure:3066: $? = 0
configure:3069: test -s conftest.o
configure:3072: $? = 0
configure:3083: result: yes
configure:3037: checking for sys/stat.h
configure:3053: gcc -m32 -c -g -O2   conftest.c >&5
configure:3059: $? = 0
configure:3063: test -z 
			 || test ! -s conftest.err
configure:3066: $? = 0
configure:3069: test -s conftest.o
configure:3072: $? = 0
configure:3083: result: yes
configure:3037: checking for stdlib.h
configure:3053: gcc -m32 -c -g -O2   conftest.c >&5
configure:3059: $? = 0
configure:3063: test -z 
			 || test ! -s conftest.err
configure:3066: $? = 0
configure:3069: test -s conftest.o
configure:3072: $? = 0
configure:3083: result: yes
configure:3037: checking for string.h
configure:3053: gcc -m32 -c -g -O2   conftest.c >&5
configure:3059: $? = 0
configure:3063: test -z 
			 || test ! -s conftest.err
configure:3066: $? = 0
configure:3069: test -s conftest.o
configure:3072: $? = 0
configure:3083: result: yes
configure:3037: checking for memory.h
configure:3053: gcc -m32 -c -g -O2   conftest.c >&5
configure:3059: $? = 0
configure:3063: test -z 
			 || test ! -s conftest.err
configure:3066: $? = 0
configure:3069: test -s conftest.o
configure:3072: $? = 0
configure:3083: result: yes
configure:3037: checking for strings.h
configure:3053: gcc -m32 -c -g -O2   conftest.c >&5
configure:3059: $? = 0
configure:3063: test -z 
			 || test ! -s conftest.err
configure:3066: $? = 0
configure:3069: test -s conftest.o
configure:3072: $? = 0
configure:3083: result: yes
configure:3037: checking for inttypes.h
configure:3053: gcc -m32 -c -g -O2   conftest.c >&5
configure:3059: $? = 0
configure:3063: test -z 
			 || test ! -s conftest.err
configure:3066: $? = 0
configure:3069: test -s conftest.o
configure:3072: $? = 0
configure:3083: result: yes
configure:3037: checking for stdint.h
configure:3053: gcc -m32 -c -g -O2   conftest.c >&5
configure:3059: $? = 0
configure:3063: test -z 
			 || test ! -s conftest.err
configure:3066: $? = 0
configure:3069: test -s conftest.o
configure:3072: $? = 0
configure:3083: result: yes
configure:3037: checking for unistd.h
configure:3053: gcc -m32 -c -g -O2   conftest.c >&5
configure:3059: $? = 0
configure:3063: test -z 
			 || test ! -s conftest.err
configure:3066: $? = 0
configure:3069: test -s conftest.o
configure:3072: $? = 0
configure:3083: result: yes
configure:3116: checking stddef.h usability
configure:3128: gcc -m32 -c -g -O2   conftest.c >&5
configure:3134: $? = 0
configure:3138: test -z 
			 || test ! -s conftest.err
configure:3141: $? = 0
configure:3144: test -s conftest.o
configure:3147: $? = 0
configure:3157: result: yes
configure:3161: checking stddef.h presence
configure:3171: gcc -m32 -E  conftest.c
configure:3177: $? = 0
configure:3197: result: yes
configure:3232: checking for stddef.h
configure:3239: result: yes
configure:3107: checking for stdlib.h
configure:3112: result: yes
configure:3107: checking for strings.h
configure:3112: result: yes
configure:3107: checking for unistd.h
configure:3112: result: yes
configure:3116: checking fcntl.h usability
configure:3128: gcc -m32 -c -g -O2   conftest.c >&5
configure:3134: $? = 0
configure:3138: test -z 
			 || test ! -s conftest.err
configure:3141: $? = 0
configure:3144: test -s conftest.o
configure:3147: $? = 0
configure:3157: result: yes
configure:3161: checking fcntl.h presence
configure:3171: gcc -m32 -E  conftest.c
configure:3177: $? = 0
configure:3197: result: yes
configure:3232: checking for fcntl.h
configure:3239: result: yes
configure:3116: checking sys/file.h usability
configure:3128: gcc -m32 -c -g -O2   conftest.c >&5
configure:3134: $? = 0
configure:3138: test -z 
			 || test ! -s conftest.err
configure:3141: $? = 0
configure:3144: test -s conftest.o
configure:3147: $? = 0
configure:3157: result: yes
configure:3161: checking sys/file.h presence
configure:3171: gcc -m32 -E  conftest.c
configure:3177: $? = 0
configure:3197: result: yes
configure:3232: checking for sys/file.h
configure:3239: result: yes
configure:3107: checking for sys/stat.h
configure:3112: result: yes
configure:3272: checking for clearerr_unlocked
configure:3329: gcc -m32 -o conftest -g -O2   -Wl,-no_pie conftest.c  >&5
configure:3335: $? = 0
configure:3339: test -z 
			 || test ! -s conftest.err
configure:3342: $? = 0
configure:3345: test -s conftest
configure:3348: $? = 0
configure:3360: result: yes
configure:3272: checking for feof_unlocked
configure:3329: gcc -m32 -o conftest -g -O2   -Wl,-no_pie conftest.c  >&5
configure:3335: $? = 0
configure:3339: test -z 
			 || test ! -s conftest.err
configure:3342: $? = 0
configure:3345: test -s conftest
configure:3348: $? = 0
configure:3360: result: yes
configure:3272: checking for ferror_unlocked
configure:3329: gcc -m32 -o conftest -g -O2   -Wl,-no_pie conftest.c  >&5
configure:3335: $? = 0
configure:3339: test -z 
			 || test ! -s conftest.err
configure:3342: $? = 0
configure:3345: test -s conftest
configure:3348: $? = 0
configure:3360: result: yes
configure:3272: checking for fflush_unlocked
configure:3329: gcc -m32 -o conftest -g -O2   -Wl,-no_pie conftest.c  >&5
Undefined symbols for architecture i386:
  "_fflush_unlocked", referenced from:
      _f in ccSSGzvS.o
      _main in ccSSGzvS.o
ld: symbol(s) not found for architecture i386
collect2: ld returned 1 exit status
configure:3335: $? = 1
configure: failed program was:
| /* confdefs.h.  */
| 
| #define PACKAGE_NAME "fixincludes"
| #define PACKAGE_TARNAME "fixincludes"
| #define PACKAGE_VERSION " "
| #define PACKAGE_STRING "fixincludes  "
| #define PACKAGE_BUGREPORT ""
| #define EXE_EXT ""
| #define STDC_HEADERS 1
| #define HAVE_SYS_TYPES_H 1
| #define HAVE_SYS_STAT_H 1
| #define HAVE_STDLIB_H 1
| #define HAVE_STRING_H 1
| #define HAVE_MEMORY_H 1
| #define HAVE_STRINGS_H 1
| #define HAVE_INTTYPES_H 1
| #define HAVE_STDINT_H 1
| #define HAVE_UNISTD_H 1
| #define HAVE_STDDEF_H 1
| #define HAVE_STDLIB_H 1
| #define HAVE_STRINGS_H 1
| #define HAVE_UNISTD_H 1
| #define HAVE_FCNTL_H 1
| #define HAVE_SYS_FILE_H 1
| #define HAVE_SYS_STAT_H 1
| #define HAVE_CLEARERR_UNLOCKED 1
| #define HAVE_FEOF_UNLOCKED 1
| #define HAVE_FERROR_UNLOCKED 1
| /* end confdefs.h.  */
| /* Define fflush_unlocked to an innocuous variant, in case <limits.h> declares fflush_unlocked.
|    For example, HP-UX 11i <limits.h> declares gettimeofday.  */
| #define fflush_unlocked innocuous_fflush_unlocked
| 
| /* System header to define __stub macros and hopefully few prototypes,
|     which can conflict with char fflush_unlocked (); below.
|     Prefer <limits.h> to <assert.h> if __STDC__ is defined, since
|     <limits.h> exists even on freestanding compilers.  */
| 
| #ifdef __STDC__
| # include <limits.h>
| #else
| # include <assert.h>
| #endif
| 
| #undef fflush_unlocked
| 
| /* Override any gcc2 internal prototype to avoid an error.  */
| #ifdef __cplusplus
| extern "C"
| {
| #endif
| /* We use char because int might match the return type of a gcc2
|    builtin and then its argument prototype would still apply.  */
| char fflush_unlocked ();
| /* The GNU C library defines this for functions which it implements
|     to always fail with ENOSYS.  Some functions are actually named
|     something starting with __ and the normal name is an alias.  */
| #if defined (__stub_fflush_unlocked) || defined (__stub___fflush_unlocked)
| choke me
| #else
| char (*f) () = fflush_unlocked;
| #endif
| #ifdef __cplusplus
| }
| #endif
| 
| int
| main ()
| {
| return f != fflush_unlocked;
|   ;
|   return 0;
| }
configure:3360: result: no
configure:3272: checking for fgetc_unlocked
configure:3329: gcc -m32 -o conftest -g -O2   -Wl,-no_pie conftest.c  >&5
Undefined symbols for architecture i386:
  "_fgetc_unlocked", referenced from:
      _f in ccJtI2to.o
      _main in ccJtI2to.o
ld: symbol(s) not found for architecture i386
collect2: ld returned 1 exit status
configure:3335: $? = 1
configure: failed program was:
| /* confdefs.h.  */
| 
| #define PACKAGE_NAME "fixincludes"
| #define PACKAGE_TARNAME "fixincludes"
| #define PACKAGE_VERSION " "
| #define PACKAGE_STRING "fixincludes  "
| #define PACKAGE_BUGREPORT ""
| #define EXE_EXT ""
| #define STDC_HEADERS 1
| #define HAVE_SYS_TYPES_H 1
| #define HAVE_SYS_STAT_H 1
| #define HAVE_STDLIB_H 1
| #define HAVE_STRING_H 1
| #define HAVE_MEMORY_H 1
| #define HAVE_STRINGS_H 1
| #define HAVE_INTTYPES_H 1
| #define HAVE_STDINT_H 1
| #define HAVE_UNISTD_H 1
| #define HAVE_STDDEF_H 1
| #define HAVE_STDLIB_H 1
| #define HAVE_STRINGS_H 1
| #define HAVE_UNISTD_H 1
| #define HAVE_FCNTL_H 1
| #define HAVE_SYS_FILE_H 1
| #define HAVE_SYS_STAT_H 1
| #define HAVE_CLEARERR_UNLOCKED 1
| #define HAVE_FEOF_UNLOCKED 1
| #define HAVE_FERROR_UNLOCKED 1
| /* end confdefs.h.  */
| /* Define fgetc_unlocked to an innocuous variant, in case <limits.h> declares fgetc_unlocked.
|    For example, HP-UX 11i <limits.h> declares gettimeofday.  */
| #define fgetc_unlocked innocuous_fgetc_unlocked
| 
| /* System header to define __stub macros and hopefully few prototypes,
|     which can conflict with char fgetc_unlocked (); below.
|     Prefer <limits.h> to <assert.h> if __STDC__ is defined, since
|     <limits.h> exists even on freestanding compilers.  */
| 
| #ifdef __STDC__
| # include <limits.h>
| #else
| # include <assert.h>
| #endif
| 
| #undef fgetc_unlocked
| 
| /* Override any gcc2 internal prototype to avoid an error.  */
| #ifdef __cplusplus
| extern "C"
| {
| #endif
| /* We use char because int might match the return type of a gcc2
|    builtin and then its argument prototype would still apply.  */
| char fgetc_unlocked ();
| /* The GNU C library defines this for functions which it implements
|     to always fail with ENOSYS.  Some functions are actually named
|     something starting with __ and the normal name is an alias.  */
| #if defined (__stub_fgetc_unlocked) || defined (__stub___fgetc_unlocked)
| choke me
| #else
| char (*f) () = fgetc_unlocked;
| #endif
| #ifdef __cplusplus
| }
| #endif
| 
| int
| main ()
| {
| return f != fgetc_unlocked;
|   ;
|   return 0;
| }
configure:3360: result: no
configure:3272: checking for fgets_unlocked
configure:3329: gcc -m32 -o conftest -g -O2   -Wl,-no_pie conftest.c  >&5
Undefined symbols for architecture i386:
  "_fgets_unlocked", referenced from:
      _f in ccqf3obz.o
      _main in ccqf3obz.o
ld: symbol(s) not found for architecture i386
collect2: ld returned 1 exit status
configure:3335: $? = 1
configure: failed program was:
| /* confdefs.h.  */
| 
| #define PACKAGE_NAME "fixincludes"
| #define PACKAGE_TARNAME "fixincludes"
| #define PACKAGE_VERSION " "
| #define PACKAGE_STRING "fixincludes  "
| #define PACKAGE_BUGREPORT ""
| #define EXE_EXT ""
| #define STDC_HEADERS 1
| #define HAVE_SYS_TYPES_H 1
| #define HAVE_SYS_STAT_H 1
| #define HAVE_STDLIB_H 1
| #define HAVE_STRING_H 1
| #define HAVE_MEMORY_H 1
| #define HAVE_STRINGS_H 1
| #define HAVE_INTTYPES_H 1
| #define HAVE_STDINT_H 1
| #define HAVE_UNISTD_H 1
| #define HAVE_STDDEF_H 1
| #define HAVE_STDLIB_H 1
| #define HAVE_STRINGS_H 1
| #define HAVE_UNISTD_H 1
| #define HAVE_FCNTL_H 1
| #define HAVE_SYS_FILE_H 1
| #define HAVE_SYS_STAT_H 1
| #define HAVE_CLEARERR_UNLOCKED 1
| #define HAVE_FEOF_UNLOCKED 1
| #define HAVE_FERROR_UNLOCKED 1
| /* end confdefs.h.  */
| /* Define fgets_unlocked to an innocuous variant, in case <limits.h> declares fgets_unlocked.
|    For example, HP-UX 11i <limits.h> declares gettimeofday.  */
| #define fgets_unlocked innocuous_fgets_unlocked
| 
| /* System header to define __stub macros and hopefully few prototypes,
|     which can conflict with char fgets_unlocked (); below.
|     Prefer <limits.h> to <assert.h> if __STDC__ is defined, since
|     <limits.h> exists even on freestanding compilers.  */
| 
| #ifdef __STDC__
| # include <limits.h>
| #else
| # include <assert.h>
| #endif
| 
| #undef fgets_unlocked
| 
| /* Override any gcc2 internal prototype to avoid an error.  */
| #ifdef __cplusplus
| extern "C"
| {
| #endif
| /* We use char because int might match the return type of a gcc2
|    builtin and then its argument prototype would still apply.  */
| char fgets_unlocked ();
| /* The GNU C library defines this for functions which it implements
|     to always fail with ENOSYS.  Some functions are actually named
|     something starting with __ and the normal name is an alias.  */
| #if defined (__stub_fgets_unlocked) || defined (__stub___fgets_unlocked)
| choke me
| #else
| char (*f) () = fgets_unlocked;
| #endif
| #ifdef __cplusplus
| }
| #endif
| 
| int
| main ()
| {
| return f != fgets_unlocked;
|   ;
|   return 0;
| }
configure:3360: result: no
configure:3272: checking for fileno_unlocked
configure:3329: gcc -m32 -o conftest -g -O2   -Wl,-no_pie conftest.c  >&5
configure:3335: $? = 0
configure:3339: test -z 
			 || test ! -s conftest.err
configure:3342: $? = 0
configure:3345: test -s conftest
configure:3348: $? = 0
configure:3360: result: yes
configure:3272: checking for fprintf_unlocked
configure:3329: gcc -m32 -o conftest -g -O2   -Wl,-no_pie conftest.c  >&5
conftest.c:55: warning: conflicting types for built-in function 'fprintf_unlocked'
Undefined symbols for architecture i386:
  "_fprintf_unlocked", referenced from:
      _f in ccqLO7r8.o
      _main in ccqLO7r8.o
ld: symbol(s) not found for architecture i386
collect2: ld returned 1 exit status
configure:3335: $? = 1
configure: failed program was:
| /* confdefs.h.  */
| 
| #define PACKAGE_NAME "fixincludes"
| #define PACKAGE_TARNAME "fixincludes"
| #define PACKAGE_VERSION " "
| #define PACKAGE_STRING "fixincludes  "
| #define PACKAGE_BUGREPORT ""
| #define EXE_EXT ""
| #define STDC_HEADERS 1
| #define HAVE_SYS_TYPES_H 1
| #define HAVE_SYS_STAT_H 1
| #define HAVE_STDLIB_H 1
| #define HAVE_STRING_H 1
| #define HAVE_MEMORY_H 1
| #define HAVE_STRINGS_H 1
| #define HAVE_INTTYPES_H 1
| #define HAVE_STDINT_H 1
| #define HAVE_UNISTD_H 1
| #define HAVE_STDDEF_H 1
| #define HAVE_STDLIB_H 1
| #define HAVE_STRINGS_H 1
| #define HAVE_UNISTD_H 1
| #define HAVE_FCNTL_H 1
| #define HAVE_SYS_FILE_H 1
| #define HAVE_SYS_STAT_H 1
| #define HAVE_CLEARERR_UNLOCKED 1
| #define HAVE_FEOF_UNLOCKED 1
| #define HAVE_FERROR_UNLOCKED 1
| #define HAVE_FILENO_UNLOCKED 1
| /* end confdefs.h.  */
| /* Define fprintf_unlocked to an innocuous variant, in case <limits.h> declares fprintf_unlocked.
|    For example, HP-UX 11i <limits.h> declares gettimeofday.  */
| #define fprintf_unlocked innocuous_fprintf_unlocked
| 
| /* System header to define __stub macros and hopefully few prototypes,
|     which can conflict with char fprintf_unlocked (); below.
|     Prefer <limits.h> to <assert.h> if __STDC__ is defined, since
|     <limits.h> exists even on freestanding compilers.  */
| 
| #ifdef __STDC__
| # include <limits.h>
| #else
| # include <assert.h>
| #endif
| 
| #undef fprintf_unlocked
| 
| /* Override any gcc2 internal prototype to avoid an error.  */
| #ifdef __cplusplus
| extern "C"
| {
| #endif
| /* We use char because int might match the return type of a gcc2
|    builtin and then its argument prototype would still apply.  */
| char fprintf_unlocked ();
| /* The GNU C library defines this for functions which it implements
|     to always fail with ENOSYS.  Some functions are actually named
|     something starting with __ and the normal name is an alias.  */
| #if defined (__stub_fprintf_unlocked) || defined (__stub___fprintf_unlocked)
| choke me
| #else
| char (*f) () = fprintf_unlocked;
| #endif
| #ifdef __cplusplus
| }
| #endif
| 
| int
| main ()
| {
| return f != fprintf_unlocked;
|   ;
|   return 0;
| }
configure:3360: result: no
configure:3272: checking for fputc_unlocked
configure:3329: gcc -m32 -o conftest -g -O2   -Wl,-no_pie conftest.c  >&5
conftest.c:55: warning: conflicting types for built-in function 'fputc_unlocked'
Undefined symbols for architecture i386:
  "_fputc_unlocked", referenced from:
      _f in cc5AB5KO.o
      _main in cc5AB5KO.o
ld: symbol(s) not found for architecture i386
collect2: ld returned 1 exit status
configure:3335: $? = 1
configure: failed program was:
| /* confdefs.h.  */
| 
| #define PACKAGE_NAME "fixincludes"
| #define PACKAGE_TARNAME "fixincludes"
| #define PACKAGE_VERSION " "
| #define PACKAGE_STRING "fixincludes  "
| #define PACKAGE_BUGREPORT ""
| #define EXE_EXT ""
| #define STDC_HEADERS 1
| #define HAVE_SYS_TYPES_H 1
| #define HAVE_SYS_STAT_H 1
| #define HAVE_STDLIB_H 1
| #define HAVE_STRING_H 1
| #define HAVE_MEMORY_H 1
| #define HAVE_STRINGS_H 1
| #define HAVE_INTTYPES_H 1
| #define HAVE_STDINT_H 1
| #define HAVE_UNISTD_H 1
| #define HAVE_STDDEF_H 1
| #define HAVE_STDLIB_H 1
| #define HAVE_STRINGS_H 1
| #define HAVE_UNISTD_H 1
| #define HAVE_FCNTL_H 1
| #define HAVE_SYS_FILE_H 1
| #define HAVE_SYS_STAT_H 1
| #define HAVE_CLEARERR_UNLOCKED 1
| #define HAVE_FEOF_UNLOCKED 1
| #define HAVE_FERROR_UNLOCKED 1
| #define HAVE_FILENO_UNLOCKED 1
| /* end confdefs.h.  */
| /* Define fputc_unlocked to an innocuous variant, in case <limits.h> declares fputc_unlocked.
|    For example, HP-UX 11i <limits.h> declares gettimeofday.  */
| #define fputc_unlocked innocuous_fputc_unlocked
| 
| /* System header to define __stub macros and hopefully few prototypes,
|     which can conflict with char fputc_unlocked (); below.
|     Prefer <limits.h> to <assert.h> if __STDC__ is defined, since
|     <limits.h> exists even on freestanding compilers.  */
| 
| #ifdef __STDC__
| # include <limits.h>
| #else
| # include <assert.h>
| #endif
| 
| #undef fputc_unlocked
| 
| /* Override any gcc2 internal prototype to avoid an error.  */
| #ifdef __cplusplus
| extern "C"
| {
| #endif
| /* We use char because int might match the return type of a gcc2
|    builtin and then its argument prototype would still apply.  */
| char fputc_unlocked ();
| /* The GNU C library defines this for functions which it implements
|     to always fail with ENOSYS.  Some functions are actually named
|     something starting with __ and the normal name is an alias.  */
| #if defined (__stub_fputc_unlocked) || defined (__stub___fputc_unlocked)
| choke me
| #else
| char (*f) () = fputc_unlocked;
| #endif
| #ifdef __cplusplus
| }
| #endif
| 
| int
| main ()
| {
| return f != fputc_unlocked;
|   ;
|   return 0;
| }
configure:3360: result: no
configure:3272: checking for fputs_unlocked
configure:3329: gcc -m32 -o conftest -g -O2   -Wl,-no_pie conftest.c  >&5
conftest.c:55: warning: conflicting types for built-in function 'fputs_unlocked'
Undefined symbols for architecture i386:
  "_fputs_unlocked", referenced from:
      _f in cctXN4sR.o
      _main in cctXN4sR.o
ld: symbol(s) not found for architecture i386
collect2: ld returned 1 exit status
configure:3335: $? = 1
configure: failed program was:
| /* confdefs.h.  */
| 
| #define PACKAGE_NAME "fixincludes"
| #define PACKAGE_TARNAME "fixincludes"
| #define PACKAGE_VERSION " "
| #define PACKAGE_STRING "fixincludes  "
| #define PACKAGE_BUGREPORT ""
| #define EXE_EXT ""
| #define STDC_HEADERS 1
| #define HAVE_SYS_TYPES_H 1
| #define HAVE_SYS_STAT_H 1
| #define HAVE_STDLIB_H 1
| #define HAVE_STRING_H 1
| #define HAVE_MEMORY_H 1
| #define HAVE_STRINGS_H 1
| #define HAVE_INTTYPES_H 1
| #define HAVE_STDINT_H 1
| #define HAVE_UNISTD_H 1
| #define HAVE_STDDEF_H 1
| #define HAVE_STDLIB_H 1
| #define HAVE_STRINGS_H 1
| #define HAVE_UNISTD_H 1
| #define HAVE_FCNTL_H 1
| #define HAVE_SYS_FILE_H 1
| #define HAVE_SYS_STAT_H 1
| #define HAVE_CLEARERR_UNLOCKED 1
| #define HAVE_FEOF_UNLOCKED 1
| #define HAVE_FERROR_UNLOCKED 1
| #define HAVE_FILENO_UNLOCKED 1
| /* end confdefs.h.  */
| /* Define fputs_unlocked to an innocuous variant, in case <limits.h> declares fputs_unlocked.
|    For example, HP-UX 11i <limits.h> declares gettimeofday.  */
| #define fputs_unlocked innocuous_fputs_unlocked
| 
| /* System header to define __stub macros and hopefully few prototypes,
|     which can conflict with char fputs_unlocked (); below.
|     Prefer <limits.h> to <assert.h> if __STDC__ is defined, since
|     <limits.h> exists even on freestanding compilers.  */
| 
| #ifdef __STDC__
| # include <limits.h>
| #else
| # include <assert.h>
| #endif
| 
| #undef fputs_unlocked
| 
| /* Override any gcc2 internal prototype to avoid an error.  */
| #ifdef __cplusplus
| extern "C"
| {
| #endif
| /* We use char because int might match the return type of a gcc2
|    builtin and then its argument prototype would still apply.  */
| char fputs_unlocked ();
| /* The GNU C library defines this for functions which it implements
|     to always fail with ENOSYS.  Some functions are actually named
|     something starting with __ and the normal name is an alias.  */
| #if defined (__stub_fputs_unlocked) || defined (__stub___fputs_unlocked)
| choke me
| #else
| char (*f) () = fputs_unlocked;
| #endif
| #ifdef __cplusplus
| }
| #endif
| 
| int
| main ()
| {
| return f != fputs_unlocked;
|   ;
|   return 0;
| }
configure:3360: result: no
configure:3272: checking for fread_unlocked
configure:3329: gcc -m32 -o conftest -g -O2   -Wl,-no_pie conftest.c  >&5
Undefined symbols for architecture i386:
  "_fread_unlocked", referenced from:
      _f in ccu6eG82.o
      _main in ccu6eG82.o
ld: symbol(s) not found for architecture i386
collect2: ld returned 1 exit status
configure:3335: $? = 1
configure: failed program was:
| /* confdefs.h.  */
| 
| #define PACKAGE_NAME "fixincludes"
| #define PACKAGE_TARNAME "fixincludes"
| #define PACKAGE_VERSION " "
| #define PACKAGE_STRING "fixincludes  "
| #define PACKAGE_BUGREPORT ""
| #define EXE_EXT ""
| #define STDC_HEADERS 1
| #define HAVE_SYS_TYPES_H 1
| #define HAVE_SYS_STAT_H 1
| #define HAVE_STDLIB_H 1
| #define HAVE_STRING_H 1
| #define HAVE_MEMORY_H 1
| #define HAVE_STRINGS_H 1
| #define HAVE_INTTYPES_H 1
| #define HAVE_STDINT_H 1
| #define HAVE_UNISTD_H 1
| #define HAVE_STDDEF_H 1
| #define HAVE_STDLIB_H 1
| #define HAVE_STRINGS_H 1
| #define HAVE_UNISTD_H 1
| #define HAVE_FCNTL_H 1
| #define HAVE_SYS_FILE_H 1
| #define HAVE_SYS_STAT_H 1
| #define HAVE_CLEARERR_UNLOCKED 1
| #define HAVE_FEOF_UNLOCKED 1
| #define HAVE_FERROR_UNLOCKED 1
| #define HAVE_FILENO_UNLOCKED 1
| /* end confdefs.h.  */
| /* Define fread_unlocked to an innocuous variant, in case <limits.h> declares fread_unlocked.
|    For example, HP-UX 11i <limits.h> declares gettimeofday.  */
| #define fread_unlocked innocuous_fread_unlocked
| 
| /* System header to define __stub macros and hopefully few prototypes,
|     which can conflict with char fread_unlocked (); below.
|     Prefer <limits.h> to <assert.h> if __STDC__ is defined, since
|     <limits.h> exists even on freestanding compilers.  */
| 
| #ifdef __STDC__
| # include <limits.h>
| #else
| # include <assert.h>
| #endif
| 
| #undef fread_unlocked
| 
| /* Override any gcc2 internal prototype to avoid an error.  */
| #ifdef __cplusplus
| extern "C"
| {
| #endif
| /* We use char because int might match the return type of a gcc2
|    builtin and then its argument prototype would still apply.  */
| char fread_unlocked ();
| /* The GNU C library defines this for functions which it implements
|     to always fail with ENOSYS.  Some functions are actually named
|     something starting with __ and the normal name is an alias.  */
| #if defined (__stub_fread_unlocked) || defined (__stub___fread_unlocked)
| choke me
| #else
| char (*f) () = fread_unlocked;
| #endif
| #ifdef __cplusplus
| }
| #endif
| 
| int
| main ()
| {
| return f != fread_unlocked;
|   ;
|   return 0;
| }
configure:3360: result: no
configure:3272: checking for fwrite_unlocked
configure:3329: gcc -m32 -o conftest -g -O2   -Wl,-no_pie conftest.c  >&5
conftest.c:55: warning: conflicting types for built-in function 'fwrite_unlocked'
Undefined symbols for architecture i386:
  "_fwrite_unlocked", referenced from:
      _f in ccRmaXdI.o
      _main in ccRmaXdI.o
ld: symbol(s) not found for architecture i386
collect2: ld returned 1 exit status
configure:3335: $? = 1
configure: failed program was:
| /* confdefs.h.  */
| 
| #define PACKAGE_NAME "fixincludes"
| #define PACKAGE_TARNAME "fixincludes"
| #define PACKAGE_VERSION " "
| #define PACKAGE_STRING "fixincludes  "
| #define PACKAGE_BUGREPORT ""
| #define EXE_EXT ""
| #define STDC_HEADERS 1
| #define HAVE_SYS_TYPES_H 1
| #define HAVE_SYS_STAT_H 1
| #define HAVE_STDLIB_H 1
| #define HAVE_STRING_H 1
| #define HAVE_MEMORY_H 1
| #define HAVE_STRINGS_H 1
| #define HAVE_INTTYPES_H 1
| #define HAVE_STDINT_H 1
| #define HAVE_UNISTD_H 1
| #define HAVE_STDDEF_H 1
| #define HAVE_STDLIB_H 1
| #define HAVE_STRINGS_H 1
| #define HAVE_UNISTD_H 1
| #define HAVE_FCNTL_H 1
| #define HAVE_SYS_FILE_H 1
| #define HAVE_SYS_STAT_H 1
| #define HAVE_CLEARERR_UNLOCKED 1
| #define HAVE_FEOF_UNLOCKED 1
| #define HAVE_FERROR_UNLOCKED 1
| #define HAVE_FILENO_UNLOCKED 1
| /* end confdefs.h.  */
| /* Define fwrite_unlocked to an innocuous variant, in case <limits.h> declares fwrite_unlocked.
|    For example, HP-UX 11i <limits.h> declares gettimeofday.  */
| #define fwrite_unlocked innocuous_fwrite_unlocked
| 
| /* System header to define __stub macros and hopefully few prototypes,
|     which can conflict with char fwrite_unlocked (); below.
|     Prefer <limits.h> to <assert.h> if __STDC__ is defined, since
|     <limits.h> exists even on freestanding compilers.  */
| 
| #ifdef __STDC__
| # include <limits.h>
| #else
| # include <assert.h>
| #endif
| 
| #undef fwrite_unlocked
| 
| /* Override any gcc2 internal prototype to avoid an error.  */
| #ifdef __cplusplus
| extern "C"
| {
| #endif
| /* We use char because int might match the return type of a gcc2
|    builtin and then its argument prototype would still apply.  */
| char fwrite_unlocked ();
| /* The GNU C library defines this for functions which it implements
|     to always fail with ENOSYS.  Some functions are actually named
|     something starting with __ and the normal name is an alias.  */
| #if defined (__stub_fwrite_unlocked) || defined (__stub___fwrite_unlocked)
| choke me
| #else
| char (*f) () = fwrite_unlocked;
| #endif
| #ifdef __cplusplus
| }
| #endif
| 
| int
| main ()
| {
| return f != fwrite_unlocked;
|   ;
|   return 0;
| }
configure:3360: result: no
configure:3272: checking for getchar_unlocked
configure:3329: gcc -m32 -o conftest -g -O2   -Wl,-no_pie conftest.c  >&5
configure:3335: $? = 0
configure:3339: test -z 
			 || test ! -s conftest.err
configure:3342: $? = 0
configure:3345: test -s conftest
configure:3348: $? = 0
configure:3360: result: yes
configure:3272: checking for getc_unlocked
configure:3329: gcc -m32 -o conftest -g -O2   -Wl,-no_pie conftest.c  >&5
configure:3335: $? = 0
configure:3339: test -z 
			 || test ! -s conftest.err
configure:3342: $? = 0
configure:3345: test -s conftest
configure:3348: $? = 0
configure:3360: result: yes
configure:3272: checking for putchar_unlocked
configure:3329: gcc -m32 -o conftest -g -O2   -Wl,-no_pie conftest.c  >&5
conftest.c:57: warning: conflicting types for built-in function 'putchar_unlocked'
configure:3335: $? = 0
configure:3339: test -z 
			 || test ! -s conftest.err
configure:3342: $? = 0
configure:3345: test -s conftest
configure:3348: $? = 0
configure:3360: result: yes
configure:3272: checking for putc_unlocked
configure:3329: gcc -m32 -o conftest -g -O2   -Wl,-no_pie conftest.c  >&5
conftest.c:58: warning: conflicting types for built-in function 'putc_unlocked'
configure:3335: $? = 0
configure:3339: test -z 
			 || test ! -s conftest.err
configure:3342: $? = 0
configure:3345: test -s conftest
configure:3348: $? = 0
configure:3360: result: yes
configure:3370: checking whether abort is declared
configure:3394: gcc -m32 -c -g -O2   conftest.c >&5
configure:3400: $? = 0
configure:3404: test -z 
			 || test ! -s conftest.err
configure:3407: $? = 0
configure:3410: test -s conftest.o
configure:3413: $? = 0
configure:3424: result: yes
configure:3440: checking whether asprintf is declared
configure:3464: gcc -m32 -c -g -O2   conftest.c >&5
configure:3470: $? = 0
configure:3474: test -z 
			 || test ! -s conftest.err
configure:3477: $? = 0
configure:3480: test -s conftest.o
configure:3483: $? = 0
configure:3494: result: yes
configure:3510: checking whether basename is declared
configure:3534: gcc -m32 -c -g -O2   conftest.c >&5
conftest.c: In function 'main':
conftest.c:75: error: 'basename' undeclared (first use in this function)
conftest.c:75: error: (Each undeclared identifier is reported only once
conftest.c:75: error: for each function it appears in.)
configure:3540: $? = 1
configure: failed program was:
| /* confdefs.h.  */
| 
| #define PACKAGE_NAME "fixincludes"
| #define PACKAGE_TARNAME "fixincludes"
| #define PACKAGE_VERSION " "
| #define PACKAGE_STRING "fixincludes  "
| #define PACKAGE_BUGREPORT ""
| #define EXE_EXT ""
| #define STDC_HEADERS 1
| #define HAVE_SYS_TYPES_H 1
| #define HAVE_SYS_STAT_H 1
| #define HAVE_STDLIB_H 1
| #define HAVE_STRING_H 1
| #define HAVE_MEMORY_H 1
| #define HAVE_STRINGS_H 1
| #define HAVE_INTTYPES_H 1
| #define HAVE_STDINT_H 1
| #define HAVE_UNISTD_H 1
| #define HAVE_STDDEF_H 1
| #define HAVE_STDLIB_H 1
| #define HAVE_STRINGS_H 1
| #define HAVE_UNISTD_H 1
| #define HAVE_FCNTL_H 1
| #define HAVE_SYS_FILE_H 1
| #define HAVE_SYS_STAT_H 1
| #define HAVE_CLEARERR_UNLOCKED 1
| #define HAVE_FEOF_UNLOCKED 1
| #define HAVE_FERROR_UNLOCKED 1
| #define HAVE_FILENO_UNLOCKED 1
| #define HAVE_GETCHAR_UNLOCKED 1
| #define HAVE_GETC_UNLOCKED 1
| #define HAVE_PUTCHAR_UNLOCKED 1
| #define HAVE_PUTC_UNLOCKED 1
| #define HAVE_DECL_ABORT 1
| #define HAVE_DECL_ASPRINTF 1
| /* end confdefs.h.  */
| #include <stdio.h>
| #if HAVE_SYS_TYPES_H
| # include <sys/types.h>
| #endif
| #if HAVE_SYS_STAT_H
| # include <sys/stat.h>
| #endif
| #if STDC_HEADERS
| # include <stdlib.h>
| # include <stddef.h>
| #else
| # if HAVE_STDLIB_H
| #  include <stdlib.h>
| # endif
| #endif
| #if HAVE_STRING_H
| # if !STDC_HEADERS && HAVE_MEMORY_H
| #  include <memory.h>
| # endif
| # include <string.h>
| #endif
| #if HAVE_STRINGS_H
| # include <strings.h>
| #endif
| #if HAVE_INTTYPES_H
| # include <inttypes.h>
| #else
| # if HAVE_STDINT_H
| #  include <stdint.h>
| # endif
| #endif
| #if HAVE_UNISTD_H
| # include <unistd.h>
| #endif
| int
| main ()
| {
| #ifndef basename
|   char *p = (char *) basename;
| #endif
| 
|   ;
|   return 0;
| }
configure:3564: result: no
configure:3580: checking whether errno is declared
configure:3604: gcc -m32 -c -g -O2   conftest.c >&5
conftest.c: In function 'main':
conftest.c:76: error: 'errno' undeclared (first use in this function)
conftest.c:76: error: (Each undeclared identifier is reported only once
conftest.c:76: error: for each function it appears in.)
configure:3610: $? = 1
configure: failed program was:
| /* confdefs.h.  */
| 
| #define PACKAGE_NAME "fixincludes"
| #define PACKAGE_TARNAME "fixincludes"
| #define PACKAGE_VERSION " "
| #define PACKAGE_STRING "fixincludes  "
| #define PACKAGE_BUGREPORT ""
| #define EXE_EXT ""
| #define STDC_HEADERS 1
| #define HAVE_SYS_TYPES_H 1
| #define HAVE_SYS_STAT_H 1
| #define HAVE_STDLIB_H 1
| #define HAVE_STRING_H 1
| #define HAVE_MEMORY_H 1
| #define HAVE_STRINGS_H 1
| #define HAVE_INTTYPES_H 1
| #define HAVE_STDINT_H 1
| #define HAVE_UNISTD_H 1
| #define HAVE_STDDEF_H 1
| #define HAVE_STDLIB_H 1
| #define HAVE_STRINGS_H 1
| #define HAVE_UNISTD_H 1
| #define HAVE_FCNTL_H 1
| #define HAVE_SYS_FILE_H 1
| #define HAVE_SYS_STAT_H 1
| #define HAVE_CLEARERR_UNLOCKED 1
| #define HAVE_FEOF_UNLOCKED 1
| #define HAVE_FERROR_UNLOCKED 1
| #define HAVE_FILENO_UNLOCKED 1
| #define HAVE_GETCHAR_UNLOCKED 1
| #define HAVE_GETC_UNLOCKED 1
| #define HAVE_PUTCHAR_UNLOCKED 1
| #define HAVE_PUTC_UNLOCKED 1
| #define HAVE_DECL_ABORT 1
| #define HAVE_DECL_ASPRINTF 1
| #define HAVE_DECL_BASENAME 0
| /* end confdefs.h.  */
| #include <stdio.h>
| #if HAVE_SYS_TYPES_H
| # include <sys/types.h>
| #endif
| #if HAVE_SYS_STAT_H
| # include <sys/stat.h>
| #endif
| #if STDC_HEADERS
| # include <stdlib.h>
| # include <stddef.h>
| #else
| # if HAVE_STDLIB_H
| #  include <stdlib.h>
| # endif
| #endif
| #if HAVE_STRING_H
| # if !STDC_HEADERS && HAVE_MEMORY_H
| #  include <memory.h>
| # endif
| # include <string.h>
| #endif
| #if HAVE_STRINGS_H
| # include <strings.h>
| #endif
| #if HAVE_INTTYPES_H
| # include <inttypes.h>
| #else
| # if HAVE_STDINT_H
| #  include <stdint.h>
| # endif
| #endif
| #if HAVE_UNISTD_H
| # include <unistd.h>
| #endif
| int
| main ()
| {
| #ifndef errno
|   char *p = (char *) errno;
| #endif
| 
|   ;
|   return 0;
| }
configure:3634: result: no
configure:3650: checking whether vasprintf is declared
configure:3674: gcc -m32 -c -g -O2   conftest.c >&5
configure:3680: $? = 0
configure:3684: test -z 
			 || test ! -s conftest.err
configure:3687: $? = 0
configure:3690: test -s conftest.o
configure:3693: $? = 0
configure:3704: result: yes
configure:3720: checking whether clearerr_unlocked is declared
configure:3744: gcc -m32 -c -g -O2   conftest.c >&5
configure:3750: $? = 0
configure:3754: test -z 
			 || test ! -s conftest.err
configure:3757: $? = 0
configure:3760: test -s conftest.o
configure:3763: $? = 0
configure:3774: result: yes
configure:3790: checking whether feof_unlocked is declared
configure:3814: gcc -m32 -c -g -O2   conftest.c >&5
configure:3820: $? = 0
configure:3824: test -z 
			 || test ! -s conftest.err
configure:3827: $? = 0
configure:3830: test -s conftest.o
configure:3833: $? = 0
configure:3844: result: yes
configure:3860: checking whether ferror_unlocked is declared
configure:3884: gcc -m32 -c -g -O2   conftest.c >&5
configure:3890: $? = 0
configure:3894: test -z 
			 || test ! -s conftest.err
configure:3897: $? = 0
configure:3900: test -s conftest.o
configure:3903: $? = 0
configure:3914: result: yes
configure:3930: checking whether fflush_unlocked is declared
configure:3954: gcc -m32 -c -g -O2   conftest.c >&5
conftest.c: In function 'main':
conftest.c:81: error: 'fflush_unlocked' undeclared (first use in this function)
conftest.c:81: error: (Each undeclared identifier is reported only once
conftest.c:81: error: for each function it appears in.)
configure:3960: $? = 1
configure: failed program was:
| /* confdefs.h.  */
| 
| #define PACKAGE_NAME "fixincludes"
| #define PACKAGE_TARNAME "fixincludes"
| #define PACKAGE_VERSION " "
| #define PACKAGE_STRING "fixincludes  "
| #define PACKAGE_BUGREPORT ""
| #define EXE_EXT ""
| #define STDC_HEADERS 1
| #define HAVE_SYS_TYPES_H 1
| #define HAVE_SYS_STAT_H 1
| #define HAVE_STDLIB_H 1
| #define HAVE_STRING_H 1
| #define HAVE_MEMORY_H 1
| #define HAVE_STRINGS_H 1
| #define HAVE_INTTYPES_H 1
| #define HAVE_STDINT_H 1
| #define HAVE_UNISTD_H 1
| #define HAVE_STDDEF_H 1
| #define HAVE_STDLIB_H 1
| #define HAVE_STRINGS_H 1
| #define HAVE_UNISTD_H 1
| #define HAVE_FCNTL_H 1
| #define HAVE_SYS_FILE_H 1
| #define HAVE_SYS_STAT_H 1
| #define HAVE_CLEARERR_UNLOCKED 1
| #define HAVE_FEOF_UNLOCKED 1
| #define HAVE_FERROR_UNLOCKED 1
| #define HAVE_FILENO_UNLOCKED 1
| #define HAVE_GETCHAR_UNLOCKED 1
| #define HAVE_GETC_UNLOCKED 1
| #define HAVE_PUTCHAR_UNLOCKED 1
| #define HAVE_PUTC_UNLOCKED 1
| #define HAVE_DECL_ABORT 1
| #define HAVE_DECL_ASPRINTF 1
| #define HAVE_DECL_BASENAME 0
| #define HAVE_DECL_ERRNO 0
| #define HAVE_DECL_VASPRINTF 1
| #define HAVE_DECL_CLEARERR_UNLOCKED 1
| #define HAVE_DECL_FEOF_UNLOCKED 1
| #define HAVE_DECL_FERROR_UNLOCKED 1
| /* end confdefs.h.  */
| #include <stdio.h>
| #if HAVE_SYS_TYPES_H
| # include <sys/types.h>
| #endif
| #if HAVE_SYS_STAT_H
| # include <sys/stat.h>
| #endif
| #if STDC_HEADERS
| # include <stdlib.h>
| # include <stddef.h>
| #else
| # if HAVE_STDLIB_H
| #  include <stdlib.h>
| # endif
| #endif
| #if HAVE_STRING_H
| # if !STDC_HEADERS && HAVE_MEMORY_H
| #  include <memory.h>
| # endif
| # include <string.h>
| #endif
| #if HAVE_STRINGS_H
| # include <strings.h>
| #endif
| #if HAVE_INTTYPES_H
| # include <inttypes.h>
| #else
| # if HAVE_STDINT_H
| #  include <stdint.h>
| # endif
| #endif
| #if HAVE_UNISTD_H
| # include <unistd.h>
| #endif
| int
| main ()
| {
| #ifndef fflush_unlocked
|   char *p = (char *) fflush_unlocked;
| #endif
| 
|   ;
|   return 0;
| }
configure:3984: result: no
configure:4000: checking whether fgetc_unlocked is declared
configure:4024: gcc -m32 -c -g -O2   conftest.c >&5
conftest.c: In function 'main':
conftest.c:82: error: 'fgetc_unlocked' undeclared (first use in this function)
conftest.c:82: error: (Each undeclared identifier is reported only once
conftest.c:82: error: for each function it appears in.)
configure:4030: $? = 1
configure: failed program was:
| /* confdefs.h.  */
| 
| #define PACKAGE_NAME "fixincludes"
| #define PACKAGE_TARNAME "fixincludes"
| #define PACKAGE_VERSION " "
| #define PACKAGE_STRING "fixincludes  "
| #define PACKAGE_BUGREPORT ""
| #define EXE_EXT ""
| #define STDC_HEADERS 1
| #define HAVE_SYS_TYPES_H 1
| #define HAVE_SYS_STAT_H 1
| #define HAVE_STDLIB_H 1
| #define HAVE_STRING_H 1
| #define HAVE_MEMORY_H 1
| #define HAVE_STRINGS_H 1
| #define HAVE_INTTYPES_H 1
| #define HAVE_STDINT_H 1
| #define HAVE_UNISTD_H 1
| #define HAVE_STDDEF_H 1
| #define HAVE_STDLIB_H 1
| #define HAVE_STRINGS_H 1
| #define HAVE_UNISTD_H 1
| #define HAVE_FCNTL_H 1
| #define HAVE_SYS_FILE_H 1
| #define HAVE_SYS_STAT_H 1
| #define HAVE_CLEARERR_UNLOCKED 1
| #define HAVE_FEOF_UNLOCKED 1
| #define HAVE_FERROR_UNLOCKED 1
| #define HAVE_FILENO_UNLOCKED 1
| #define HAVE_GETCHAR_UNLOCKED 1
| #define HAVE_GETC_UNLOCKED 1
| #define HAVE_PUTCHAR_UNLOCKED 1
| #define HAVE_PUTC_UNLOCKED 1
| #define HAVE_DECL_ABORT 1
| #define HAVE_DECL_ASPRINTF 1
| #define HAVE_DECL_BASENAME 0
| #define HAVE_DECL_ERRNO 0
| #define HAVE_DECL_VASPRINTF 1
| #define HAVE_DECL_CLEARERR_UNLOCKED 1
| #define HAVE_DECL_FEOF_UNLOCKED 1
| #define HAVE_DECL_FERROR_UNLOCKED 1
| #define HAVE_DECL_FFLUSH_UNLOCKED 0
| /* end confdefs.h.  */
| #include <stdio.h>
| #if HAVE_SYS_TYPES_H
| # include <sys/types.h>
| #endif
| #if HAVE_SYS_STAT_H
| # include <sys/stat.h>
| #endif
| #if STDC_HEADERS
| # include <stdlib.h>
| # include <stddef.h>
| #else
| # if HAVE_STDLIB_H
| #  include <stdlib.h>
| # endif
| #endif
| #if HAVE_STRING_H
| # if !STDC_HEADERS && HAVE_MEMORY_H
| #  include <memory.h>
| # endif
| # include <string.h>
| #endif
| #if HAVE_STRINGS_H
| # include <strings.h>
| #endif
| #if HAVE_INTTYPES_H
| # include <inttypes.h>
| #else
| # if HAVE_STDINT_H
| #  include <stdint.h>
| # endif
| #endif
| #if HAVE_UNISTD_H
| # include <unistd.h>
| #endif
| int
| main ()
| {
| #ifndef fgetc_unlocked
|   char *p = (char *) fgetc_unlocked;
| #endif
| 
|   ;
|   return 0;
| }
configure:4054: result: no
configure:4070: checking whether fgets_unlocked is declared
configure:4094: gcc -m32 -c -g -O2   conftest.c >&5
conftest.c: In function 'main':
conftest.c:83: error: 'fgets_unlocked' undeclared (first use in this function)
conftest.c:83: error: (Each undeclared identifier is reported only once
conftest.c:83: error: for each function it appears in.)
configure:4100: $? = 1
configure: failed program was:
| /* confdefs.h.  */
| 
| #define PACKAGE_NAME "fixincludes"
| #define PACKAGE_TARNAME "fixincludes"
| #define PACKAGE_VERSION " "
| #define PACKAGE_STRING "fixincludes  "
| #define PACKAGE_BUGREPORT ""
| #define EXE_EXT ""
| #define STDC_HEADERS 1
| #define HAVE_SYS_TYPES_H 1
| #define HAVE_SYS_STAT_H 1
| #define HAVE_STDLIB_H 1
| #define HAVE_STRING_H 1
| #define HAVE_MEMORY_H 1
| #define HAVE_STRINGS_H 1
| #define HAVE_INTTYPES_H 1
| #define HAVE_STDINT_H 1
| #define HAVE_UNISTD_H 1
| #define HAVE_STDDEF_H 1
| #define HAVE_STDLIB_H 1
| #define HAVE_STRINGS_H 1
| #define HAVE_UNISTD_H 1
| #define HAVE_FCNTL_H 1
| #define HAVE_SYS_FILE_H 1
| #define HAVE_SYS_STAT_H 1
| #define HAVE_CLEARERR_UNLOCKED 1
| #define HAVE_FEOF_UNLOCKED 1
| #define HAVE_FERROR_UNLOCKED 1
| #define HAVE_FILENO_UNLOCKED 1
| #define HAVE_GETCHAR_UNLOCKED 1
| #define HAVE_GETC_UNLOCKED 1
| #define HAVE_PUTCHAR_UNLOCKED 1
| #define HAVE_PUTC_UNLOCKED 1
| #define HAVE_DECL_ABORT 1
| #define HAVE_DECL_ASPRINTF 1
| #define HAVE_DECL_BASENAME 0
| #define HAVE_DECL_ERRNO 0
| #define HAVE_DECL_VASPRINTF 1
| #define HAVE_DECL_CLEARERR_UNLOCKED 1
| #define HAVE_DECL_FEOF_UNLOCKED 1
| #define HAVE_DECL_FERROR_UNLOCKED 1
| #define HAVE_DECL_FFLUSH_UNLOCKED 0
| #define HAVE_DECL_FGETC_UNLOCKED 0
| /* end confdefs.h.  */
| #include <stdio.h>
| #if HAVE_SYS_TYPES_H
| # include <sys/types.h>
| #endif
| #if HAVE_SYS_STAT_H
| # include <sys/stat.h>
| #endif
| #if STDC_HEADERS
| # include <stdlib.h>
| # include <stddef.h>
| #else
| # if HAVE_STDLIB_H
| #  include <stdlib.h>
| # endif
| #endif
| #if HAVE_STRING_H
| # if !STDC_HEADERS && HAVE_MEMORY_H
| #  include <memory.h>
| # endif
| # include <string.h>
| #endif
| #if HAVE_STRINGS_H
| # include <strings.h>
| #endif
| #if HAVE_INTTYPES_H
| # include <inttypes.h>
| #else
| # if HAVE_STDINT_H
| #  include <stdint.h>
| # endif
| #endif
| #if HAVE_UNISTD_H
| # include <unistd.h>
| #endif
| int
| main ()
| {
| #ifndef fgets_unlocked
|   char *p = (char *) fgets_unlocked;
| #endif
| 
|   ;
|   return 0;
| }
configure:4124: result: no
configure:4140: checking whether fileno_unlocked is declared
configure:4164: gcc -m32 -c -g -O2   conftest.c >&5
configure:4170: $? = 0
configure:4174: test -z 
			 || test ! -s conftest.err
configure:4177: $? = 0
configure:4180: test -s conftest.o
configure:4183: $? = 0
configure:4194: result: yes
configure:4210: checking whether fprintf_unlocked is declared
configure:4234: gcc -m32 -c -g -O2   conftest.c >&5
conftest.c: In function 'main':
conftest.c:85: error: 'fprintf_unlocked' undeclared (first use in this function)
conftest.c:85: error: (Each undeclared identifier is reported only once
conftest.c:85: error: for each function it appears in.)
configure:4240: $? = 1
configure: failed program was:
| /* confdefs.h.  */
| 
| #define PACKAGE_NAME "fixincludes"
| #define PACKAGE_TARNAME "fixincludes"
| #define PACKAGE_VERSION " "
| #define PACKAGE_STRING "fixincludes  "
| #define PACKAGE_BUGREPORT ""
| #define EXE_EXT ""
| #define STDC_HEADERS 1
| #define HAVE_SYS_TYPES_H 1
| #define HAVE_SYS_STAT_H 1
| #define HAVE_STDLIB_H 1
| #define HAVE_STRING_H 1
| #define HAVE_MEMORY_H 1
| #define HAVE_STRINGS_H 1
| #define HAVE_INTTYPES_H 1
| #define HAVE_STDINT_H 1
| #define HAVE_UNISTD_H 1
| #define HAVE_STDDEF_H 1
| #define HAVE_STDLIB_H 1
| #define HAVE_STRINGS_H 1
| #define HAVE_UNISTD_H 1
| #define HAVE_FCNTL_H 1
| #define HAVE_SYS_FILE_H 1
| #define HAVE_SYS_STAT_H 1
| #define HAVE_CLEARERR_UNLOCKED 1
| #define HAVE_FEOF_UNLOCKED 1
| #define HAVE_FERROR_UNLOCKED 1
| #define HAVE_FILENO_UNLOCKED 1
| #define HAVE_GETCHAR_UNLOCKED 1
| #define HAVE_GETC_UNLOCKED 1
| #define HAVE_PUTCHAR_UNLOCKED 1
| #define HAVE_PUTC_UNLOCKED 1
| #define HAVE_DECL_ABORT 1
| #define HAVE_DECL_ASPRINTF 1
| #define HAVE_DECL_BASENAME 0
| #define HAVE_DECL_ERRNO 0
| #define HAVE_DECL_VASPRINTF 1
| #define HAVE_DECL_CLEARERR_UNLOCKED 1
| #define HAVE_DECL_FEOF_UNLOCKED 1
| #define HAVE_DECL_FERROR_UNLOCKED 1
| #define HAVE_DECL_FFLUSH_UNLOCKED 0
| #define HAVE_DECL_FGETC_UNLOCKED 0
| #define HAVE_DECL_FGETS_UNLOCKED 0
| #define HAVE_DECL_FILENO_UNLOCKED 1
| /* end confdefs.h.  */
| #include <stdio.h>
| #if HAVE_SYS_TYPES_H
| # include <sys/types.h>
| #endif
| #if HAVE_SYS_STAT_H
| # include <sys/stat.h>
| #endif
| #if STDC_HEADERS
| # include <stdlib.h>
| # include <stddef.h>
| #else
| # if HAVE_STDLIB_H
| #  include <stdlib.h>
| # endif
| #endif
| #if HAVE_STRING_H
| # if !STDC_HEADERS && HAVE_MEMORY_H
| #  include <memory.h>
| # endif
| # include <string.h>
| #endif
| #if HAVE_STRINGS_H
| # include <strings.h>
| #endif
| #if HAVE_INTTYPES_H
| # include <inttypes.h>
| #else
| # if HAVE_STDINT_H
| #  include <stdint.h>
| # endif
| #endif
| #if HAVE_UNISTD_H
| # include <unistd.h>
| #endif
| int
| main ()
| {
| #ifndef fprintf_unlocked
|   char *p = (char *) fprintf_unlocked;
| #endif
| 
|   ;
|   return 0;
| }
configure:4264: result: no
configure:4280: checking whether fputc_unlocked is declared
configure:4304: gcc -m32 -c -g -O2   conftest.c >&5
conftest.c: In function 'main':
conftest.c:86: error: 'fputc_unlocked' undeclared (first use in this function)
conftest.c:86: error: (Each undeclared identifier is reported only once
conftest.c:86: error: for each function it appears in.)
configure:4310: $? = 1
configure: failed program was:
| /* confdefs.h.  */
| 
| #define PACKAGE_NAME "fixincludes"
| #define PACKAGE_TARNAME "fixincludes"
| #define PACKAGE_VERSION " "
| #define PACKAGE_STRING "fixincludes  "
| #define PACKAGE_BUGREPORT ""
| #define EXE_EXT ""
| #define STDC_HEADERS 1
| #define HAVE_SYS_TYPES_H 1
| #define HAVE_SYS_STAT_H 1
| #define HAVE_STDLIB_H 1
| #define HAVE_STRING_H 1
| #define HAVE_MEMORY_H 1
| #define HAVE_STRINGS_H 1
| #define HAVE_INTTYPES_H 1
| #define HAVE_STDINT_H 1
| #define HAVE_UNISTD_H 1
| #define HAVE_STDDEF_H 1
| #define HAVE_STDLIB_H 1
| #define HAVE_STRINGS_H 1
| #define HAVE_UNISTD_H 1
| #define HAVE_FCNTL_H 1
| #define HAVE_SYS_FILE_H 1
| #define HAVE_SYS_STAT_H 1
| #define HAVE_CLEARERR_UNLOCKED 1
| #define HAVE_FEOF_UNLOCKED 1
| #define HAVE_FERROR_UNLOCKED 1
| #define HAVE_FILENO_UNLOCKED 1
| #define HAVE_GETCHAR_UNLOCKED 1
| #define HAVE_GETC_UNLOCKED 1
| #define HAVE_PUTCHAR_UNLOCKED 1
| #define HAVE_PUTC_UNLOCKED 1
| #define HAVE_DECL_ABORT 1
| #define HAVE_DECL_ASPRINTF 1
| #define HAVE_DECL_BASENAME 0
| #define HAVE_DECL_ERRNO 0
| #define HAVE_DECL_VASPRINTF 1
| #define HAVE_DECL_CLEARERR_UNLOCKED 1
| #define HAVE_DECL_FEOF_UNLOCKED 1
| #define HAVE_DECL_FERROR_UNLOCKED 1
| #define HAVE_DECL_FFLUSH_UNLOCKED 0
| #define HAVE_DECL_FGETC_UNLOCKED 0
| #define HAVE_DECL_FGETS_UNLOCKED 0
| #define HAVE_DECL_FILENO_UNLOCKED 1
| #define HAVE_DECL_FPRINTF_UNLOCKED 0
| /* end confdefs.h.  */
| #include <stdio.h>
| #if HAVE_SYS_TYPES_H
| # include <sys/types.h>
| #endif
| #if HAVE_SYS_STAT_H
| # include <sys/stat.h>
| #endif
| #if STDC_HEADERS
| # include <stdlib.h>
| # include <stddef.h>
| #else
| # if HAVE_STDLIB_H
| #  include <stdlib.h>
| # endif
| #endif
| #if HAVE_STRING_H
| # if !STDC_HEADERS && HAVE_MEMORY_H
| #  include <memory.h>
| # endif
| # include <string.h>
| #endif
| #if HAVE_STRINGS_H
| # include <strings.h>
| #endif
| #if HAVE_INTTYPES_H
| # include <inttypes.h>
| #else
| # if HAVE_STDINT_H
| #  include <stdint.h>
| # endif
| #endif
| #if HAVE_UNISTD_H
| # include <unistd.h>
| #endif
| int
| main ()
| {
| #ifndef fputc_unlocked
|   char *p = (char *) fputc_unlocked;
| #endif
| 
|   ;
|   return 0;
| }
configure:4334: result: no
configure:4350: checking whether fputs_unlocked is declared
configure:4374: gcc -m32 -c -g -O2   conftest.c >&5
conftest.c: In function 'main':
conftest.c:87: error: 'fputs_unlocked' undeclared (first use in this function)
conftest.c:87: error: (Each undeclared identifier is reported only once
conftest.c:87: error: for each function it appears in.)
configure:4380: $? = 1
configure: failed program was:
| /* confdefs.h.  */
| 
| #define PACKAGE_NAME "fixincludes"
| #define PACKAGE_TARNAME "fixincludes"
| #define PACKAGE_VERSION " "
| #define PACKAGE_STRING "fixincludes  "
| #define PACKAGE_BUGREPORT ""
| #define EXE_EXT ""
| #define STDC_HEADERS 1
| #define HAVE_SYS_TYPES_H 1
| #define HAVE_SYS_STAT_H 1
| #define HAVE_STDLIB_H 1
| #define HAVE_STRING_H 1
| #define HAVE_MEMORY_H 1
| #define HAVE_STRINGS_H 1
| #define HAVE_INTTYPES_H 1
| #define HAVE_STDINT_H 1
| #define HAVE_UNISTD_H 1
| #define HAVE_STDDEF_H 1
| #define HAVE_STDLIB_H 1
| #define HAVE_STRINGS_H 1
| #define HAVE_UNISTD_H 1
| #define HAVE_FCNTL_H 1
| #define HAVE_SYS_FILE_H 1
| #define HAVE_SYS_STAT_H 1
| #define HAVE_CLEARERR_UNLOCKED 1
| #define HAVE_FEOF_UNLOCKED 1
| #define HAVE_FERROR_UNLOCKED 1
| #define HAVE_FILENO_UNLOCKED 1
| #define HAVE_GETCHAR_UNLOCKED 1
| #define HAVE_GETC_UNLOCKED 1
| #define HAVE_PUTCHAR_UNLOCKED 1
| #define HAVE_PUTC_UNLOCKED 1
| #define HAVE_DECL_ABORT 1
| #define HAVE_DECL_ASPRINTF 1
| #define HAVE_DECL_BASENAME 0
| #define HAVE_DECL_ERRNO 0
| #define HAVE_DECL_VASPRINTF 1
| #define HAVE_DECL_CLEARERR_UNLOCKED 1
| #define HAVE_DECL_FEOF_UNLOCKED 1
| #define HAVE_DECL_FERROR_UNLOCKED 1
| #define HAVE_DECL_FFLUSH_UNLOCKED 0
| #define HAVE_DECL_FGETC_UNLOCKED 0
| #define HAVE_DECL_FGETS_UNLOCKED 0
| #define HAVE_DECL_FILENO_UNLOCKED 1
| #define HAVE_DECL_FPRINTF_UNLOCKED 0
| #define HAVE_DECL_FPUTC_UNLOCKED 0
| /* end confdefs.h.  */
| #include <stdio.h>
| #if HAVE_SYS_TYPES_H
| # include <sys/types.h>
| #endif
| #if HAVE_SYS_STAT_H
| # include <sys/stat.h>
| #endif
| #if STDC_HEADERS
| # include <stdlib.h>
| # include <stddef.h>
| #else
| # if HAVE_STDLIB_H
| #  include <stdlib.h>
| # endif
| #endif
| #if HAVE_STRING_H
| # if !STDC_HEADERS && HAVE_MEMORY_H
| #  include <memory.h>
| # endif
| # include <string.h>
| #endif
| #if HAVE_STRINGS_H
| # include <strings.h>
| #endif
| #if HAVE_INTTYPES_H
| # include <inttypes.h>
| #else
| # if HAVE_STDINT_H
| #  include <stdint.h>
| # endif
| #endif
| #if HAVE_UNISTD_H
| # include <unistd.h>
| #endif
| int
| main ()
| {
| #ifndef fputs_unlocked
|   char *p = (char *) fputs_unlocked;
| #endif
| 
|   ;
|   return 0;
| }
configure:4404: result: no
configure:4420: checking whether fread_unlocked is declared
configure:4444: gcc -m32 -c -g -O2   conftest.c >&5
conftest.c: In function 'main':
conftest.c:88: error: 'fread_unlocked' undeclared (first use in this function)
conftest.c:88: error: (Each undeclared identifier is reported only once
conftest.c:88: error: for each function it appears in.)
configure:4450: $? = 1
configure: failed program was:
| /* confdefs.h.  */
| 
| #define PACKAGE_NAME "fixincludes"
| #define PACKAGE_TARNAME "fixincludes"
| #define PACKAGE_VERSION " "
| #define PACKAGE_STRING "fixincludes  "
| #define PACKAGE_BUGREPORT ""
| #define EXE_EXT ""
| #define STDC_HEADERS 1
| #define HAVE_SYS_TYPES_H 1
| #define HAVE_SYS_STAT_H 1
| #define HAVE_STDLIB_H 1
| #define HAVE_STRING_H 1
| #define HAVE_MEMORY_H 1
| #define HAVE_STRINGS_H 1
| #define HAVE_INTTYPES_H 1
| #define HAVE_STDINT_H 1
| #define HAVE_UNISTD_H 1
| #define HAVE_STDDEF_H 1
| #define HAVE_STDLIB_H 1
| #define HAVE_STRINGS_H 1
| #define HAVE_UNISTD_H 1
| #define HAVE_FCNTL_H 1
| #define HAVE_SYS_FILE_H 1
| #define HAVE_SYS_STAT_H 1
| #define HAVE_CLEARERR_UNLOCKED 1
| #define HAVE_FEOF_UNLOCKED 1
| #define HAVE_FERROR_UNLOCKED 1
| #define HAVE_FILENO_UNLOCKED 1
| #define HAVE_GETCHAR_UNLOCKED 1
| #define HAVE_GETC_UNLOCKED 1
| #define HAVE_PUTCHAR_UNLOCKED 1
| #define HAVE_PUTC_UNLOCKED 1
| #define HAVE_DECL_ABORT 1
| #define HAVE_DECL_ASPRINTF 1
| #define HAVE_DECL_BASENAME 0
| #define HAVE_DECL_ERRNO 0
| #define HAVE_DECL_VASPRINTF 1
| #define HAVE_DECL_CLEARERR_UNLOCKED 1
| #define HAVE_DECL_FEOF_UNLOCKED 1
| #define HAVE_DECL_FERROR_UNLOCKED 1
| #define HAVE_DECL_FFLUSH_UNLOCKED 0
| #define HAVE_DECL_FGETC_UNLOCKED 0
| #define HAVE_DECL_FGETS_UNLOCKED 0
| #define HAVE_DECL_FILENO_UNLOCKED 1
| #define HAVE_DECL_FPRINTF_UNLOCKED 0
| #define HAVE_DECL_FPUTC_UNLOCKED 0
| #define HAVE_DECL_FPUTS_UNLOCKED 0
| /* end confdefs.h.  */
| #include <stdio.h>
| #if HAVE_SYS_TYPES_H
| # include <sys/types.h>
| #endif
| #if HAVE_SYS_STAT_H
| # include <sys/stat.h>
| #endif
| #if STDC_HEADERS
| # include <stdlib.h>
| # include <stddef.h>
| #else
| # if HAVE_STDLIB_H
| #  include <stdlib.h>
| # endif
| #endif
| #if HAVE_STRING_H
| # if !STDC_HEADERS && HAVE_MEMORY_H
| #  include <memory.h>
| # endif
| # include <string.h>
| #endif
| #if HAVE_STRINGS_H
| # include <strings.h>
| #endif
| #if HAVE_INTTYPES_H
| # include <inttypes.h>
| #else
| # if HAVE_STDINT_H
| #  include <stdint.h>
| # endif
| #endif
| #if HAVE_UNISTD_H
| # include <unistd.h>
| #endif
| int
| main ()
| {
| #ifndef fread_unlocked
|   char *p = (char *) fread_unlocked;
| #endif
| 
|   ;
|   return 0;
| }
configure:4474: result: no
configure:4490: checking whether fwrite_unlocked is declared
configure:4514: gcc -m32 -c -g -O2   conftest.c >&5
conftest.c: In function 'main':
conftest.c:89: error: 'fwrite_unlocked' undeclared (first use in this function)
conftest.c:89: error: (Each undeclared identifier is reported only once
conftest.c:89: error: for each function it appears in.)
configure:4520: $? = 1
configure: failed program was:
| /* confdefs.h.  */
| 
| #define PACKAGE_NAME "fixincludes"
| #define PACKAGE_TARNAME "fixincludes"
| #define PACKAGE_VERSION " "
| #define PACKAGE_STRING "fixincludes  "
| #define PACKAGE_BUGREPORT ""
| #define EXE_EXT ""
| #define STDC_HEADERS 1
| #define HAVE_SYS_TYPES_H 1
| #define HAVE_SYS_STAT_H 1
| #define HAVE_STDLIB_H 1
| #define HAVE_STRING_H 1
| #define HAVE_MEMORY_H 1
| #define HAVE_STRINGS_H 1
| #define HAVE_INTTYPES_H 1
| #define HAVE_STDINT_H 1
| #define HAVE_UNISTD_H 1
| #define HAVE_STDDEF_H 1
| #define HAVE_STDLIB_H 1
| #define HAVE_STRINGS_H 1
| #define HAVE_UNISTD_H 1
| #define HAVE_FCNTL_H 1
| #define HAVE_SYS_FILE_H 1
| #define HAVE_SYS_STAT_H 1
| #define HAVE_CLEARERR_UNLOCKED 1
| #define HAVE_FEOF_UNLOCKED 1
| #define HAVE_FERROR_UNLOCKED 1
| #define HAVE_FILENO_UNLOCKED 1
| #define HAVE_GETCHAR_UNLOCKED 1
| #define HAVE_GETC_UNLOCKED 1
| #define HAVE_PUTCHAR_UNLOCKED 1
| #define HAVE_PUTC_UNLOCKED 1
| #define HAVE_DECL_ABORT 1
| #define HAVE_DECL_ASPRINTF 1
| #define HAVE_DECL_BASENAME 0
| #define HAVE_DECL_ERRNO 0
| #define HAVE_DECL_VASPRINTF 1
| #define HAVE_DECL_CLEARERR_UNLOCKED 1
| #define HAVE_DECL_FEOF_UNLOCKED 1
| #define HAVE_DECL_FERROR_UNLOCKED 1
| #define HAVE_DECL_FFLUSH_UNLOCKED 0
| #define HAVE_DECL_FGETC_UNLOCKED 0
| #define HAVE_DECL_FGETS_UNLOCKED 0
| #define HAVE_DECL_FILENO_UNLOCKED 1
| #define HAVE_DECL_FPRINTF_UNLOCKED 0
| #define HAVE_DECL_FPUTC_UNLOCKED 0
| #define HAVE_DECL_FPUTS_UNLOCKED 0
| #define HAVE_DECL_FREAD_UNLOCKED 0
| /* end confdefs.h.  */
| #include <stdio.h>
| #if HAVE_SYS_TYPES_H
| # include <sys/types.h>
| #endif
| #if HAVE_SYS_STAT_H
| # include <sys/stat.h>
| #endif
| #if STDC_HEADERS
| # include <stdlib.h>
| # include <stddef.h>
| #else
| # if HAVE_STDLIB_H
| #  include <stdlib.h>
| # endif
| #endif
| #if HAVE_STRING_H
| # if !STDC_HEADERS && HAVE_MEMORY_H
| #  include <memory.h>
| # endif
| # include <string.h>
| #endif
| #if HAVE_STRINGS_H
| # include <strings.h>
| #endif
| #if HAVE_INTTYPES_H
| # include <inttypes.h>
| #else
| # if HAVE_STDINT_H
| #  include <stdint.h>
| # endif
| #endif
| #if HAVE_UNISTD_H
| # include <unistd.h>
| #endif
| int
| main ()
| {
| #ifndef fwrite_unlocked
|   char *p = (char *) fwrite_unlocked;
| #endif
| 
|   ;
|   return 0;
| }
configure:4544: result: no
configure:4560: checking whether getchar_unlocked is declared
configure:4584: gcc -m32 -c -g -O2   conftest.c >&5
configure:4590: $? = 0
configure:4594: test -z 
			 || test ! -s conftest.err
configure:4597: $? = 0
configure:4600: test -s conftest.o
configure:4603: $? = 0
configure:4614: result: yes
configure:4630: checking whether getc_unlocked is declared
configure:4654: gcc -m32 -c -g -O2   conftest.c >&5
configure:4660: $? = 0
configure:4664: test -z 
			 || test ! -s conftest.err
configure:4667: $? = 0
configure:4670: test -s conftest.o
configure:4673: $? = 0
configure:4684: result: yes
configure:4700: checking whether putchar_unlocked is declared
configure:4724: gcc -m32 -c -g -O2   conftest.c >&5
configure:4730: $? = 0
configure:4734: test -z 
			 || test ! -s conftest.err
configure:4737: $? = 0
configure:4740: test -s conftest.o
configure:4743: $? = 0
configure:4754: result: yes
configure:4770: checking whether putc_unlocked is declared
configure:4794: gcc -m32 -c -g -O2   conftest.c >&5
configure:4800: $? = 0
configure:4804: test -z 
			 || test ! -s conftest.err
configure:4807: $? = 0
configure:4810: test -s conftest.o
configure:4813: $? = 0
configure:4824: result: yes
configure:4844: checking for an ANSI C-conforming const
configure:4911: gcc -m32 -c -g -O2   conftest.c >&5
configure:4917: $? = 0
configure:4921: test -z 
			 || test ! -s conftest.err
configure:4924: $? = 0
configure:4927: test -s conftest.o
configure:4930: $? = 0
configure:4941: result: yes
configure:4964: checking sys/mman.h usability
configure:4976: gcc -m32 -c -g -O2   conftest.c >&5
configure:4982: $? = 0
configure:4986: test -z 
			 || test ! -s conftest.err
configure:4989: $? = 0
configure:4992: test -s conftest.o
configure:4995: $? = 0
configure:5005: result: yes
configure:5009: checking sys/mman.h presence
configure:5019: gcc -m32 -E  conftest.c
configure:5025: $? = 0
configure:5045: result: yes
configure:5080: checking for sys/mman.h
configure:5087: result: yes
configure:5098: checking for mmap
configure:5155: gcc -m32 -o conftest -g -O2   -Wl,-no_pie conftest.c  >&5
configure:5161: $? = 0
configure:5165: test -z 
			 || test ! -s conftest.err
configure:5168: $? = 0
configure:5171: test -s conftest
configure:5174: $? = 0
configure:5186: result: yes
configure:5200: checking whether read-only mmap of a plain file works
configure:5217: result: yes
configure:5219: checking whether mmap from /dev/zero works
configure:5241: result: no
configure:5245: checking for MAP_ANON(YMOUS)
configure:5273: gcc -m32 -c -g -O2   conftest.c >&5
configure:5279: $? = 0
configure:5283: test -z 
			 || test ! -s conftest.err
configure:5286: $? = 0
configure:5289: test -s conftest.o
configure:5292: $? = 0
configure:5303: result: yes
configure:5309: checking whether mmap with MAP_ANON(YMOUS) works
configure:5326: result: yes
configure:5354: checking whether to enable maintainer-specific portions of Makefiles
configure:5363: result: no
configure:5471: creating ./config.status

## ---------------------- ##
## Running config.status. ##
## ---------------------- ##

This file was extended by fixincludes config.status  , which was
generated by GNU Autoconf 2.59.  Invocation command line was

  CONFIG_FILES    = 
  CONFIG_HEADERS  = 
  CONFIG_LINKS    = 
  CONFIG_COMMANDS = 
  $ ./config.status 

on hflambo-mac.anybet.de

config.status:660: creating Makefile
config.status:660: creating mkheaders.almost
config.status:756: creating config.h

## ---------------- ##
## Cache variables. ##
## ---------------- ##

ac_cv_build=i686-apple-darwin11
ac_cv_build_alias=i686-apple-darwin11
ac_cv_c_compiler_gnu=yes
ac_cv_c_const=yes
ac_cv_env_CC_set=set
ac_cv_env_CC_value='gcc -m32'
ac_cv_env_CFLAGS_set=set
ac_cv_env_CFLAGS_value='-g -O2 '
ac_cv_env_CPPFLAGS_set=
ac_cv_env_CPPFLAGS_value=
ac_cv_env_CPP_set=
ac_cv_env_CPP_value=
ac_cv_env_LDFLAGS_set=set
ac_cv_env_LDFLAGS_value=-Wl,-no_pie
ac_cv_env_build_alias_set=set
ac_cv_env_build_alias_value=i686-apple-darwin11
ac_cv_env_host_alias_set=set
ac_cv_env_host_alias_value=i686-apple-darwin11
ac_cv_env_target_alias_set=set
ac_cv_env_target_alias_value=x86_64-apple-darwin11
ac_cv_exeext=
ac_cv_func_clearerr_unlocked=yes
ac_cv_func_feof_unlocked=yes
ac_cv_func_ferror_unlocked=yes
ac_cv_func_fflush_unlocked=no
ac_cv_func_fgetc_unlocked=no
ac_cv_func_fgets_unlocked=no
ac_cv_func_fileno_unlocked=yes
ac_cv_func_fprintf_unlocked=no
ac_cv_func_fputc_unlocked=no
ac_cv_func_fputs_unlocked=no
ac_cv_func_fread_unlocked=no
ac_cv_func_fwrite_unlocked=no
ac_cv_func_getc_unlocked=yes
ac_cv_func_getchar_unlocked=yes
ac_cv_func_mmap=yes
ac_cv_func_putc_unlocked=yes
ac_cv_func_putchar_unlocked=yes
ac_cv_have_decl_abort=yes
ac_cv_have_decl_asprintf=yes
ac_cv_have_decl_basename=no
ac_cv_have_decl_clearerr_unlocked=yes
ac_cv_have_decl_errno=no
ac_cv_have_decl_feof_unlocked=yes
ac_cv_have_decl_ferror_unlocked=yes
ac_cv_have_decl_fflush_unlocked=no
ac_cv_have_decl_fgetc_unlocked=no
ac_cv_have_decl_fgets_unlocked=no
ac_cv_have_decl_fileno_unlocked=yes
ac_cv_have_decl_fprintf_unlocked=no
ac_cv_have_decl_fputc_unlocked=no
ac_cv_have_decl_fputs_unlocked=no
ac_cv_have_decl_fread_unlocked=no
ac_cv_have_decl_fwrite_unlocked=no
ac_cv_have_decl_getc_unlocked=yes
ac_cv_have_decl_getchar_unlocked=yes
ac_cv_have_decl_putc_unlocked=yes
ac_cv_have_decl_putchar_unlocked=yes
ac_cv_have_decl_vasprintf=yes
ac_cv_header_fcntl_h=yes
ac_cv_header_inttypes_h=yes
ac_cv_header_memory_h=yes
ac_cv_header_stdc=yes
ac_cv_header_stddef_h=yes
ac_cv_header_stdint_h=yes
ac_cv_header_stdlib_h=yes
ac_cv_header_string_h=yes
ac_cv_header_strings_h=yes
ac_cv_header_sys_file_h=yes
ac_cv_header_sys_mman_h=yes
ac_cv_header_sys_stat_h=yes
ac_cv_header_sys_types_h=yes
ac_cv_header_unistd_h=yes
ac_cv_host=i686-apple-darwin11
ac_cv_host_alias=i686-apple-darwin11
ac_cv_objext=o
ac_cv_prog_CC='gcc -m32'
ac_cv_prog_CPP='gcc -m32 -E'
ac_cv_prog_cc_g=yes
ac_cv_prog_cc_stdc=
ac_cv_prog_egrep='grep -E'
ac_cv_target=x86_64-apple-darwin11
ac_cv_target_alias=x86_64-apple-darwin11
acx_cv_prog_cc_pedantic__Wno_long_long=yes
acx_cv_prog_cc_warning__W=yes
acx_cv_prog_cc_warning__Wall=yes
acx_cv_prog_cc_warning__Wmissing_format_attribute=yes
acx_cv_prog_cc_warning__Wmissing_prototypes=yes
acx_cv_prog_cc_warning__Wno_overlength_strings=yes
acx_cv_prog_cc_warning__Wold_style_definition=yes
acx_cv_prog_cc_warning__Wstrict_prototypes=yes
acx_cv_prog_cc_warning__Wwrite_strings=yes
gcc_cv_decl_map_anon=yes
gcc_cv_func_mmap_anon=yes
gcc_cv_func_mmap_dev_zero=no
gcc_cv_func_mmap_file=yes

## ----------------- ##
## Output variables. ##
## ----------------- ##

CC='gcc -m32'
CFLAGS='-g -O2 '
CPP='gcc -m32 -E'
CPPFLAGS=''
DEFS='-DHAVE_CONFIG_H'
ECHO_C='ECHO_N=''
ECHO_T=''
EGREP='grep -E'
EXEEXT=''
LDFLAGS='-Wl,-no_pie'
LIBOBJS=''
LIBS=''
LTLIBOBJS=''
MAINT='#'
OBJEXT='o'
PACKAGE_BUGREPORT=''
PACKAGE_NAME='fixincludes'
PACKAGE_STRING='fixincludes  '
PACKAGE_TARNAME='fixincludes'
PACKAGE_VERSION=' '
PATH_SEPARATOR=':'
SHELL='/bin/sh'
TARGET='oneprocess'
WARN_CFLAGS='-W -Wall -Wwrite-strings -Wstrict-prototypes -Wmissing-prototypes -Wold-style-definition -Wmissing-format-attribute -Wno-overlength-strings'
WARN_PEDANTIC='-pedantic -Wno-long-long'
WERROR='-Werror'
ac_ct_CC=''
bindir='${exec_prefix}/bin'
build='i686-apple-darwin11'
build_alias='i686-apple-darwin11'
build_cpu='i686'
build_os='darwin11'
build_vendor='apple'
datadir='${prefix}/share'
exec_prefix='${prefix}'
host='i686-apple-darwin11'
host_alias='i686-apple-darwin11'
host_cpu='i686'
host_os='darwin11'
host_vendor='apple'
includedir='${prefix}/include'
infodir='${prefix}/info'
libdir='${exec_prefix}/lib'
libexecdir='${exec_prefix}/libexec'
localstatedir='${prefix}/var'
mandir='${prefix}/share/man'
oldincludedir='/usr/include'
prefix='/usr'
program_transform_name='s,^,x86_64-apple-darwin11-,; /^[cg][^.-]*$/s/$/-4.2/'
sbindir='${exec_prefix}/sbin'
sharedstatedir='${prefix}/com'
sysconfdir='${prefix}/etc'
target='x86_64-apple-darwin11'
target_alias='x86_64-apple-darwin11'
target_cpu='x86_64'
target_noncanonical='x86_64-apple-darwin11'
target_os='darwin11'
target_vendor='apple'

## ----------- ##
## confdefs.h. ##
## ----------- ##

#define EXE_EXT ""
#define HAVE_CLEARERR_UNLOCKED 1
#define HAVE_DECL_ABORT 1
#define HAVE_DECL_ASPRINTF 1
#define HAVE_DECL_BASENAME 0
#define HAVE_DECL_CLEARERR_UNLOCKED 1
#define HAVE_DECL_ERRNO 0
#define HAVE_DECL_FEOF_UNLOCKED 1
#define HAVE_DECL_FERROR_UNLOCKED 1
#define HAVE_DECL_FFLUSH_UNLOCKED 0
#define HAVE_DECL_FGETC_UNLOCKED 0
#define HAVE_DECL_FGETS_UNLOCKED 0
#define HAVE_DECL_FILENO_UNLOCKED 1
#define HAVE_DECL_FPRINTF_UNLOCKED 0
#define HAVE_DECL_FPUTC_UNLOCKED 0
#define HAVE_DECL_FPUTS_UNLOCKED 0
#define HAVE_DECL_FREAD_UNLOCKED 0
#define HAVE_DECL_FWRITE_UNLOCKED 0
#define HAVE_DECL_GETCHAR_UNLOCKED 1
#define HAVE_DECL_GETC_UNLOCKED 1
#define HAVE_DECL_PUTCHAR_UNLOCKED 1
#define HAVE_DECL_PUTC_UNLOCKED 1
#define HAVE_DECL_VASPRINTF 1
#define HAVE_FCNTL_H 1
#define HAVE_FEOF_UNLOCKED 1
#define HAVE_FERROR_UNLOCKED 1
#define HAVE_FILENO_UNLOCKED 1
#define HAVE_GETCHAR_UNLOCKED 1
#define HAVE_GETC_UNLOCKED 1
#define HAVE_INTTYPES_H 1
#define HAVE_MEMORY_H 1
#define HAVE_MMAP_ANON 1
#define HAVE_MMAP_FILE 1
#define HAVE_PUTCHAR_UNLOCKED 1
#define HAVE_PUTC_UNLOCKED 1
#define HAVE_STDDEF_H 1
#define HAVE_STDINT_H 1
#define HAVE_STDLIB_H 1
#define HAVE_STDLIB_H 1
#define HAVE_STRINGS_H 1
#define HAVE_STRINGS_H 1
#define HAVE_STRING_H 1
#define HAVE_SYS_FILE_H 1
#define HAVE_SYS_STAT_H 1
#define HAVE_SYS_STAT_H 1
#define HAVE_SYS_TYPES_H 1
#define HAVE_UNISTD_H 1
#define HAVE_UNISTD_H 1
#define PACKAGE_BUGREPORT ""
#define PACKAGE_NAME "fixincludes"
#define PACKAGE_STRING "fixincludes  "
#define PACKAGE_TARNAME "fixincludes"
#define PACKAGE_VERSION " "
#define STDC_HEADERS 1

configure: exit 0
