This file contains any messages produced by compilers while
running configure, to aid debugging if configure makes a mistake.

It was created by configure, which was
generated by GNU Autoconf 2.65.  Invocation command line was

  $ ./configure --disable-option-checking --prefix=/Users/hflambo/local/alfresco-svn/root-02-04-2012/gigfork-server/FFmpeg-build CC=gcc-4.2 CFLAGS=-arch x86_64 -O3 LDFLAGS=-arch x86_64 -O3 --cache-file=/dev/null --srcdir=.

## --------- ##
## Platform. ##
## --------- ##

hostname = hflambo-mac.anybet.de
uname -m = x86_64
uname -r = 11.3.0
uname -s = Darwin
uname -v = Darwin Kernel Version 11.3.0: Thu Jan 12 18:47:41 PST 2012; root:xnu-1699.24.23~1/RELEASE_X86_64

/usr/bin/uname -p = i386
/bin/uname -X     = unknown

/bin/arch              = unknown
/usr/bin/arch -k       = unknown
/usr/convex/getsysinfo = unknown
/usr/bin/hostinfo      = Mach kernel version:
	 Darwin Kernel Version 11.3.0: Thu Jan 12 18:47:41 PST 2012; root:xnu-1699.24.23~1/RELEASE_X86_64
Kernel configured for up to 4 processors.
2 processors are physically available.
4 processors are logically available.
Processor type: i486 (Intel 80486)
Processors active: 0 1 2 3
Primary memory available: 8.00 gigabytes
Default processor set: 129 tasks, 715 threads, 4 processors
Load average: 2.23, Mach factor: 1.77
/bin/machine           = unknown
/usr/bin/oslevel       = unknown
/bin/universe          = unknown

PATH: /usr/local/mysql-5.5.17-osx10.6-x86_64/bin
PATH: /Users/hflambo/local/ImageMagick-binary/bin
PATH: /Applications/Gimp.app/Contents/Resources/bin
PATH: /Users/hflambo/local/node-v0.6.5-binary/bin
PATH: /Users/hflambo/local/xuggler/bin
PATH: /Users/hflambo/Desktop/apache-maven-3.0.3/bin
PATH: .
PATH: /Library/Anybet/tools/mvn/bin
PATH: /usr/bin
PATH: /bin
PATH: /usr/sbin
PATH: /sbin
PATH: /usr/local/bin
PATH: /Library/Anybet/bin
PATH: /usr/local/git/bin
PATH: /Library/Anybet/tools/jad/bin
PATH: /Library/Anybet/tools/jmeter/bin
PATH: /Library/Anybet/tools/mas/jboss/bin
PATH: /Library/Anybet/tools/maven/bin
PATH: /Library/Anybet/tools/mq/bin
PATH: /Library/Anybet/tools/mvn/bin
PATH: /Library/Anybet/tools/selenium/bin
PATH: /Library/Anybet/tools/soapui/bin
PATH: /usr/X11/bin
PATH: /Users/hflambo/local/play-1.2.4
PATH: /Users/hflambo/local/gigfork-video-ffmpeg/ffmpeg-vda-gigfork/bin
PATH: /Users/hflambo/local/alfresco-svn/root-02-04-2012/gigfork-server/gcc-5666.3/build/dst/bin
PATH: /Users/hflambo/local/alfresco-svn/root-02-04-2012/gigfork-server/gcc-5666.3/build/dst/usr/bin


## ----------- ##
## Core tests. ##
## ----------- ##

configure:2606: checking for a BSD-compatible install
configure:2674: result: /usr/bin/install -c
configure:2685: checking whether build environment is sane
configure:2735: result: yes
configure:2876: checking for a thread-safe mkdir -p
configure:2915: result: ./install-sh -c -d
configure:2928: checking for gawk
configure:2958: result: no
configure:2928: checking for mawk
configure:2958: result: no
configure:2928: checking for nawk
configure:2958: result: no
configure:2928: checking for awk
configure:2944: found /usr/bin/awk
configure:2955: result: awk
configure:2966: checking whether make sets $(MAKE)
configure:2988: result: yes
configure:3114: checking build system type
configure:3128: result: i686-apple-darwin11.3.0
configure:3148: checking host system type
configure:3161: result: i686-apple-darwin11.3.0
configure:3193: checking for style of include used by make
configure:3221: result: GNU
configure:3291: checking for gcc
configure:3318: result: gcc-4.2
configure:3547: checking for C compiler version
configure:3556: gcc-4.2 --version >&5
i686-apple-darwin11-gcc-4.2.1 (GCC) 4.2.1 (Apple Inc. build 5666) (dot 3)
Copyright (C) 2007 Free Software Foundation, Inc.
This is free software; see the source for copying conditions.  There is NO
warranty; not even for MERCHANTABILITY or FITNESS FOR A PARTICULAR PURPOSE.

configure:3567: $? = 0
configure:3556: gcc-4.2 -v >&5
Using built-in specs.
Target: i686-apple-darwin11
Configured with: /Users/hflambo/local/alfresco-svn/root-02-04-2012/gigfork-server/gcc-5666.3/build/obj/src/configure --disable-checking --enable-werror --prefix=/usr --mandir=/share/man --enable-languages=c,objc,c++,obj-c++ --program-transform-name=/^[cg][^.-]*$/s/$/-4.2/ --with-slibdir=/usr/lib --build=i686-apple-darwin11 --program-prefix=i686-apple-darwin11- --host=x86_64-apple-darwin11 --target=i686-apple-darwin11 --with-gxx-include-dir=/include/c++/4.2.1
Thread model: posix
gcc version 4.2.1 (Apple Inc. build 5666) (dot 3)
configure:3567: $? = 0
configure:3556: gcc-4.2 -V >&5
gcc-4.2: argument to `-V' is missing
configure:3567: $? = 1
configure:3556: gcc-4.2 -qversion >&5
i686-apple-darwin11-gcc-4.2.1: no input files
configure:3567: $? = 1
configure:3587: checking whether the C compiler works
configure:3609: gcc-4.2 -arch x86_64 -O3  -arch x86_64 -O3 conftest.c  >&5
configure:3613: $? = 0
configure:3662: result: yes
configure:3665: checking for C compiler default output file name
configure:3667: result: a.out
configure:3673: checking for suffix of executables
configure:3680: gcc-4.2 -o conftest -arch x86_64 -O3  -arch x86_64 -O3 conftest.c  >&5
configure:3684: $? = 0
configure:3706: result: 
configure:3728: checking whether we are cross compiling
configure:3736: gcc-4.2 -o conftest -arch x86_64 -O3  -arch x86_64 -O3 conftest.c  >&5
configure:3740: $? = 0
configure:3747: ./conftest
configure:3751: $? = 0
configure:3766: result: no
configure:3771: checking for suffix of object files
configure:3793: gcc-4.2 -c -arch x86_64 -O3  conftest.c >&5
configure:3797: $? = 0
configure:3818: result: o
configure:3822: checking whether we are using the GNU C compiler
configure:3841: gcc-4.2 -c -arch x86_64 -O3  conftest.c >&5
configure:3841: $? = 0
configure:3850: result: yes
configure:3859: checking whether gcc-4.2 accepts -g
configure:3879: gcc-4.2 -c -g  conftest.c >&5
configure:3879: $? = 0
configure:3920: result: yes
configure:3937: checking for gcc-4.2 option to accept ISO C89
configure:4001: gcc-4.2  -c -arch x86_64 -O3  conftest.c >&5
configure:4001: $? = 0
configure:4014: result: none needed
configure:4036: checking dependency style of gcc-4.2
configure:4146: result: gcc3
configure:4161: checking for a sed that does not truncate output
configure:4225: result: /usr/bin/sed
configure:4243: checking for grep that handles long lines and -e
configure:4301: result: /usr/bin/grep
configure:4306: checking for egrep
configure:4368: result: /usr/bin/grep -E
configure:4373: checking for fgrep
configure:4435: result: /usr/bin/grep -F
configure:4470: checking for ld used by gcc-4.2
configure:4537: result: /usr/bin/ld
configure:4544: checking if the linker (/usr/bin/ld) is GNU ld
configure:4559: result: no
configure:4571: checking for BSD- or MS-compatible name lister (nm)
configure:4620: result: /usr/bin/nm
configure:4738: checking the name lister (/usr/bin/nm) interface
configure:4745: gcc-4.2 -c -arch x86_64 -O3  conftest.c >&5
configure:4748: /usr/bin/nm "conftest.o"
configure:4751: output
0000000000000000 D _some_variable
configure:4758: result: BSD nm
configure:4761: checking whether ln -s works
configure:4765: result: yes
configure:4773: checking the maximum length of command line arguments
configure:4893: result: 196608
configure:4910: checking whether the shell understands some XSI constructs
configure:4920: result: yes
configure:4924: checking whether the shell understands "+="
configure:4930: result: yes
configure:4965: checking for /usr/bin/ld option to reload object files
configure:4972: result: -r
configure:5041: checking for objdump
configure:5071: result: no
configure:5100: checking how to recognize dependent libraries
configure:5296: result: pass_all
configure:5356: checking for ar
configure:5372: found /usr/bin/ar
configure:5383: result: ar
configure:5461: checking for strip
configure:5477: found /usr/bin/strip
configure:5488: result: strip
configure:5560: checking for ranlib
configure:5576: found /usr/bin/ranlib
configure:5587: result: ranlib
configure:5677: checking command to parse /usr/bin/nm output from gcc-4.2 object
configure:5795: gcc-4.2 -c -arch x86_64 -O3  conftest.c >&5
configure:5798: $? = 0
configure:5802: /usr/bin/nm conftest.o \| sed -n -e 's/^.*[	 ]\([BCDEGRST][BCDEGRST]*\)[	 ][	 ]*\([_A-Za-z][_A-Za-z0-9]*\)$/\1 \2 \2/p' \> conftest.nm
configure:5805: $? = 0
cannot find nm_test_var in conftest.nm
configure:5795: gcc-4.2 -c -arch x86_64 -O3  conftest.c >&5
configure:5798: $? = 0
configure:5802: /usr/bin/nm conftest.o \| sed -n -e 's/^.*[	 ]\([BCDEGRST][BCDEGRST]*\)[	 ][	 ]*_\([_A-Za-z][_A-Za-z0-9]*\)$/\1 _\2 \2/p' \> conftest.nm
configure:5805: $? = 0
configure:5859: gcc-4.2 -o conftest -arch x86_64 -O3  -arch x86_64 -O3 conftest.c conftstm.o >&5
configure:5862: $? = 0
configure:5900: result: ok
configure:6165: checking for dsymutil
configure:6181: found /usr/bin/dsymutil
configure:6192: result: dsymutil
configure:6257: checking for nmedit
configure:6273: found /usr/bin/nmedit
configure:6284: result: nmedit
configure:6349: checking for lipo
configure:6365: found /usr/bin/lipo
configure:6376: result: lipo
configure:6441: checking for otool
configure:6457: found /usr/bin/otool
configure:6468: result: otool
configure:6533: checking for otool64
configure:6563: result: no
configure:6608: checking for -single_module linker flag
gcc-4.2 -arch x86_64 -O3 -arch x86_64 -O3 -o libconftest.dylib -dynamiclib -Wl,-single_module conftest.c
configure:6635: result: yes
configure:6637: checking for -exported_symbols_list linker flag
configure:6657: gcc-4.2 -o conftest -arch x86_64 -O3  -arch x86_64 -O3 -Wl,-exported_symbols_list,conftest.sym conftest.c  >&5
configure:6657: $? = 0
configure:6667: result: yes
configure:6709: checking how to run the C preprocessor
configure:6740: gcc-4.2 -E  conftest.c
configure:6740: $? = 0
configure:6754: gcc-4.2 -E  conftest.c
conftest.c:14:28: error: ac_nonexistent.h: No such file or directory
configure:6754: $? = 1
configure: failed program was:
| /* confdefs.h */
| #define PACKAGE_NAME ""
| #define PACKAGE_TARNAME ""
| #define PACKAGE_VERSION ""
| #define PACKAGE_STRING ""
| #define PACKAGE_BUGREPORT ""
| #define PACKAGE_URL ""
| #define GLIB_MAJOR_VERSION 1
| #define GLIB_MINOR_VERSION 2
| #define GLIB_MICRO_VERSION 10
| #define GLIB_INTERFACE_AGE 10
| #define GLIB_BINARY_AGE 10
| /* end confdefs.h.  */
| #include <ac_nonexistent.h>
configure:6779: result: gcc-4.2 -E
configure:6799: gcc-4.2 -E  conftest.c
configure:6799: $? = 0
configure:6813: gcc-4.2 -E  conftest.c
conftest.c:14:28: error: ac_nonexistent.h: No such file or directory
configure:6813: $? = 1
configure: failed program was:
| /* confdefs.h */
| #define PACKAGE_NAME ""
| #define PACKAGE_TARNAME ""
| #define PACKAGE_VERSION ""
| #define PACKAGE_STRING ""
| #define PACKAGE_BUGREPORT ""
| #define PACKAGE_URL ""
| #define GLIB_MAJOR_VERSION 1
| #define GLIB_MINOR_VERSION 2
| #define GLIB_MICRO_VERSION 10
| #define GLIB_INTERFACE_AGE 10
| #define GLIB_BINARY_AGE 10
| /* end confdefs.h.  */
| #include <ac_nonexistent.h>
configure:6842: checking for ANSI C header files
configure:6862: gcc-4.2 -c -arch x86_64 -O3  conftest.c >&5
configure:6862: $? = 0
configure:6935: gcc-4.2 -o conftest -arch x86_64 -O3  -arch x86_64 -O3 conftest.c  >&5
configure:6935: $? = 0
configure:6935: ./conftest
configure:6935: $? = 0
configure:6946: result: yes
configure:6959: checking for sys/types.h
configure:6959: gcc-4.2 -c -arch x86_64 -O3  conftest.c >&5
configure:6959: $? = 0
configure:6959: result: yes
configure:6959: checking for sys/stat.h
configure:6959: gcc-4.2 -c -arch x86_64 -O3  conftest.c >&5
configure:6959: $? = 0
configure:6959: result: yes
configure:6959: checking for stdlib.h
configure:6959: gcc-4.2 -c -arch x86_64 -O3  conftest.c >&5
configure:6959: $? = 0
configure:6959: result: yes
configure:6959: checking for string.h
configure:6959: gcc-4.2 -c -arch x86_64 -O3  conftest.c >&5
configure:6959: $? = 0
configure:6959: result: yes
configure:6959: checking for memory.h
configure:6959: gcc-4.2 -c -arch x86_64 -O3  conftest.c >&5
configure:6959: $? = 0
configure:6959: result: yes
configure:6959: checking for strings.h
configure:6959: gcc-4.2 -c -arch x86_64 -O3  conftest.c >&5
configure:6959: $? = 0
configure:6959: result: yes
configure:6959: checking for inttypes.h
configure:6959: gcc-4.2 -c -arch x86_64 -O3  conftest.c >&5
configure:6959: $? = 0
configure:6959: result: yes
configure:6959: checking for stdint.h
configure:6959: gcc-4.2 -c -arch x86_64 -O3  conftest.c >&5
configure:6959: $? = 0
configure:6959: result: yes
configure:6959: checking for unistd.h
configure:6959: gcc-4.2 -c -arch x86_64 -O3  conftest.c >&5
configure:6959: $? = 0
configure:6959: result: yes
configure:6974: checking for dlfcn.h
configure:6974: gcc-4.2 -c -arch x86_64 -O3  conftest.c >&5
configure:6974: $? = 0
configure:6974: result: yes
configure:7158: checking for objdir
configure:7173: result: .libs
configure:7465: checking if gcc-4.2 supports -fno-rtti -fno-exceptions
configure:7483: gcc-4.2 -c -arch x86_64 -O3  -fno-rtti -fno-exceptions conftest.c >&5
cc1: warning: command line option "-fno-rtti" is valid for C++/ObjC++ but not for C
configure:7487: $? = 0
configure:7500: result: no
configure:7520: checking for gcc-4.2 option to produce PIC
configure:7792: result: -fno-common -DPIC
configure:7804: checking if gcc-4.2 PIC flag -fno-common -DPIC works
configure:7822: gcc-4.2 -c -arch x86_64 -O3  -fno-common -DPIC -DPIC conftest.c >&5
configure:7826: $? = 0
configure:7839: result: yes
configure:7863: checking if gcc-4.2 static flag -static works
configure:7891: result: no
configure:7906: checking if gcc-4.2 supports -c -o file.o
configure:7927: gcc-4.2 -c -arch x86_64 -O3  -o out/conftest2.o conftest.c >&5
configure:7931: $? = 0
configure:7953: result: yes
configure:7961: checking if gcc-4.2 supports -c -o file.o
configure:8008: result: yes
configure:8041: checking whether the gcc-4.2 linker (/usr/bin/ld) supports shared libraries
configure:9032: result: yes
configure:9271: checking dynamic linker characteristics
configure:9934: result: darwin11.3.0 dyld
configure:10036: checking how to hardcode library paths into programs
configure:10061: result: immediate
configure:10581: checking whether stripping libraries is possible
configure:10595: result: yes
configure:10621: checking if libtool supports shared libraries
configure:10623: result: yes
configure:10626: checking whether to build shared libraries
configure:10647: result: yes
configure:10650: checking whether to build static libraries
configure:10654: result: yes
configure:10691: checking whether to enable maintainer-specific portions of Makefiles
configure:10700: result: no
configure:10759: checking whether to enable memory checking
configure:10769: result: no
configure:10773: checking whether to enable memory profiling
configure:10783: result: no
configure:10879: checking for gcc
configure:10906: result: gcc-4.2
configure:11135: checking for C compiler version
configure:11144: gcc-4.2 --version >&5
i686-apple-darwin11-gcc-4.2.1 (GCC) 4.2.1 (Apple Inc. build 5666) (dot 3)
Copyright (C) 2007 Free Software Foundation, Inc.
This is free software; see the source for copying conditions.  There is NO
warranty; not even for MERCHANTABILITY or FITNESS FOR A PARTICULAR PURPOSE.

configure:11155: $? = 0
configure:11144: gcc-4.2 -v >&5
Using built-in specs.
Target: i686-apple-darwin11
Configured with: /Users/hflambo/local/alfresco-svn/root-02-04-2012/gigfork-server/gcc-5666.3/build/obj/src/configure --disable-checking --enable-werror --prefix=/usr --mandir=/share/man --enable-languages=c,objc,c++,obj-c++ --program-transform-name=/^[cg][^.-]*$/s/$/-4.2/ --with-slibdir=/usr/lib --build=i686-apple-darwin11 --program-prefix=i686-apple-darwin11- --host=x86_64-apple-darwin11 --target=i686-apple-darwin11 --with-gxx-include-dir=/include/c++/4.2.1
Thread model: posix
gcc version 4.2.1 (Apple Inc. build 5666) (dot 3)
configure:11155: $? = 0
configure:11144: gcc-4.2 -V >&5
gcc-4.2: argument to `-V' is missing
configure:11155: $? = 1
configure:11144: gcc-4.2 -qversion >&5
i686-apple-darwin11-gcc-4.2.1: no input files
configure:11155: $? = 1
configure:11159: checking whether we are using the GNU C compiler
configure:11187: result: yes
configure:11196: checking whether gcc-4.2 accepts -g
configure:11257: result: yes
configure:11274: checking for gcc-4.2 option to accept ISO C89
configure:11351: result: none needed
configure:11373: checking dependency style of gcc-4.2
configure:11483: result: gcc3
configure:11546: checking for gcc
configure:11573: result: gcc-4.2
configure:11802: checking for C compiler version
configure:11811: gcc-4.2 --version >&5
i686-apple-darwin11-gcc-4.2.1 (GCC) 4.2.1 (Apple Inc. build 5666) (dot 3)
Copyright (C) 2007 Free Software Foundation, Inc.
This is free software; see the source for copying conditions.  There is NO
warranty; not even for MERCHANTABILITY or FITNESS FOR A PARTICULAR PURPOSE.

configure:11822: $? = 0
configure:11811: gcc-4.2 -v >&5
Using built-in specs.
Target: i686-apple-darwin11
Configured with: /Users/hflambo/local/alfresco-svn/root-02-04-2012/gigfork-server/gcc-5666.3/build/obj/src/configure --disable-checking --enable-werror --prefix=/usr --mandir=/share/man --enable-languages=c,objc,c++,obj-c++ --program-transform-name=/^[cg][^.-]*$/s/$/-4.2/ --with-slibdir=/usr/lib --build=i686-apple-darwin11 --program-prefix=i686-apple-darwin11- --host=x86_64-apple-darwin11 --target=i686-apple-darwin11 --with-gxx-include-dir=/include/c++/4.2.1
Thread model: posix
gcc version 4.2.1 (Apple Inc. build 5666) (dot 3)
configure:11822: $? = 0
configure:11811: gcc-4.2 -V >&5
gcc-4.2: argument to `-V' is missing
configure:11822: $? = 1
configure:11811: gcc-4.2 -qversion >&5
i686-apple-darwin11-gcc-4.2.1: no input files
configure:11822: $? = 1
configure:11826: checking whether we are using the GNU C compiler
configure:11854: result: yes
configure:11863: checking whether gcc-4.2 accepts -g
configure:11924: result: yes
configure:11941: checking for gcc-4.2 option to accept ISO C89
configure:12018: result: none needed
configure:12040: checking dependency style of gcc-4.2
configure:12150: result: gcc3
configure:12189: checking for extra flags to get ANSI library prototypes
configure:12204: gcc-4.2 -o conftest -arch x86_64 -O3 -Wall  -arch x86_64 -O3 conftest.c  -lm >&5
configure:12204: $? = 0
configure:12204: ./conftest
configure:12204: $? = 0
configure:12205: result: none needed
configure:12244: checking for extra flags for POSIX compliance
configure:12257: gcc-4.2 -c -arch x86_64 -O3 -Wall  conftest.c >&5
conftest.c: In function 'main':
conftest.c:31: warning: unused variable 'dir'
configure:12257: $? = 0
configure:12258: result: none needed
configure:12289: checking for ANSI C header files
configure:12393: result: yes
configure:12405: checking for vprintf
configure:12405: gcc-4.2 -o conftest -arch x86_64 -O3 -Wall  -arch x86_64 -O3 conftest.c  >&5
conftest.c:51: warning: conflicting types for built-in function 'vprintf'
configure:12405: $? = 0
configure:12405: result: yes
configure:12411: checking for _doprnt
configure:12411: gcc-4.2 -o conftest -arch x86_64 -O3 -Wall  -arch x86_64 -O3 conftest.c  >&5
Undefined symbols for architecture x86_64:
  "__doprnt", referenced from:
      _main in cc7TGrS7.o
ld: symbol(s) not found for architecture x86_64
collect2: ld returned 1 exit status
configure:12411: $? = 1
configure: failed program was:
| /* confdefs.h */
| #define PACKAGE_NAME ""
| #define PACKAGE_TARNAME ""
| #define PACKAGE_VERSION ""
| #define PACKAGE_STRING ""
| #define PACKAGE_BUGREPORT ""
| #define PACKAGE_URL ""
| #define GLIB_MAJOR_VERSION 1
| #define GLIB_MINOR_VERSION 2
| #define GLIB_MICRO_VERSION 10
| #define GLIB_INTERFACE_AGE 10
| #define GLIB_BINARY_AGE 10
| #define STDC_HEADERS 1
| #define HAVE_SYS_TYPES_H 1
| #define HAVE_SYS_STAT_H 1
| #define HAVE_STDLIB_H 1
| #define HAVE_STRING_H 1
| #define HAVE_MEMORY_H 1
| #define HAVE_STRINGS_H 1
| #define HAVE_INTTYPES_H 1
| #define HAVE_STDINT_H 1
| #define HAVE_UNISTD_H 1
| #define HAVE_DLFCN_H 1
| #define LT_OBJDIR ".libs/"
| #define G_COMPILED_WITH_DEBUGGING "minimum"
| #define STDC_HEADERS 1
| #define HAVE_VPRINTF 1
| /* end confdefs.h.  */
| /* Define _doprnt to an innocuous variant, in case <limits.h> declares _doprnt.
|    For example, HP-UX 11i <limits.h> declares gettimeofday.  */
| #define _doprnt innocuous__doprnt
| 
| /* System header to define __stub macros and hopefully few prototypes,
|     which can conflict with char _doprnt (); below.
|     Prefer <limits.h> to <assert.h> if __STDC__ is defined, since
|     <limits.h> exists even on freestanding compilers.  */
| 
| #ifdef __STDC__
| # include <limits.h>
| #else
| # include <assert.h>
| #endif
| 
| #undef _doprnt
| 
| /* Override any GCC internal prototype to avoid an error.
|    Use char because int might match the return type of a GCC
|    builtin and then its argument prototype would still apply.  */
| #ifdef __cplusplus
| extern "C"
| #endif
| char _doprnt ();
| /* The GNU C library defines this for functions which it implements
|     to always fail with ENOSYS.  Some functions are actually named
|     something starting with __ and the normal name is an alias.  */
| #if defined __stub__doprnt || defined __stub____doprnt
| choke me
| #endif
| 
| int
| main ()
| {
| return _doprnt ();
|   ;
|   return 0;
| }
configure:12411: result: no
configure:12426: checking for atexit
configure:12426: gcc-4.2 -o conftest -arch x86_64 -O3 -Wall  -arch x86_64 -O3 conftest.c  >&5
configure:12426: $? = 0
configure:12426: result: yes
configure:12426: checking for on_exit
configure:12426: gcc-4.2 -o conftest -arch x86_64 -O3 -Wall  -arch x86_64 -O3 conftest.c  >&5
Undefined symbols for architecture x86_64:
  "_on_exit", referenced from:
      _main in ccke9M9W.o
ld: symbol(s) not found for architecture x86_64
collect2: ld returned 1 exit status
configure:12426: $? = 1
configure: failed program was:
| /* confdefs.h */
| #define PACKAGE_NAME ""
| #define PACKAGE_TARNAME ""
| #define PACKAGE_VERSION ""
| #define PACKAGE_STRING ""
| #define PACKAGE_BUGREPORT ""
| #define PACKAGE_URL ""
| #define GLIB_MAJOR_VERSION 1
| #define GLIB_MINOR_VERSION 2
| #define GLIB_MICRO_VERSION 10
| #define GLIB_INTERFACE_AGE 10
| #define GLIB_BINARY_AGE 10
| #define STDC_HEADERS 1
| #define HAVE_SYS_TYPES_H 1
| #define HAVE_SYS_STAT_H 1
| #define HAVE_STDLIB_H 1
| #define HAVE_STRING_H 1
| #define HAVE_MEMORY_H 1
| #define HAVE_STRINGS_H 1
| #define HAVE_INTTYPES_H 1
| #define HAVE_STDINT_H 1
| #define HAVE_UNISTD_H 1
| #define HAVE_DLFCN_H 1
| #define LT_OBJDIR ".libs/"
| #define G_COMPILED_WITH_DEBUGGING "minimum"
| #define STDC_HEADERS 1
| #define HAVE_VPRINTF 1
| #define HAVE_ATEXIT 1
| /* end confdefs.h.  */
| /* Define on_exit to an innocuous variant, in case <limits.h> declares on_exit.
|    For example, HP-UX 11i <limits.h> declares gettimeofday.  */
| #define on_exit innocuous_on_exit
| 
| /* System header to define __stub macros and hopefully few prototypes,
|     which can conflict with char on_exit (); below.
|     Prefer <limits.h> to <assert.h> if __STDC__ is defined, since
|     <limits.h> exists even on freestanding compilers.  */
| 
| #ifdef __STDC__
| # include <limits.h>
| #else
| # include <assert.h>
| #endif
| 
| #undef on_exit
| 
| /* Override any GCC internal prototype to avoid an error.
|    Use char because int might match the return type of a GCC
|    builtin and then its argument prototype would still apply.  */
| #ifdef __cplusplus
| extern "C"
| #endif
| char on_exit ();
| /* The GNU C library defines this for functions which it implements
|     to always fail with ENOSYS.  Some functions are actually named
|     something starting with __ and the normal name is an alias.  */
| #if defined __stub_on_exit || defined __stub___on_exit
| choke me
| #endif
| 
| int
| main ()
| {
| return on_exit ();
|   ;
|   return 0;
| }
configure:12426: result: no
configure:12441: checking size of char
configure:12446: gcc-4.2 -o conftest -arch x86_64 -O3 -Wall  -arch x86_64 -O3 conftest.c  >&5
configure:12446: $? = 0
configure:12446: ./conftest
configure:12446: $? = 0
configure:12461: result: 1
configure:12475: checking size of short
configure:12480: gcc-4.2 -o conftest -arch x86_64 -O3 -Wall  -arch x86_64 -O3 conftest.c  >&5
configure:12480: $? = 0
configure:12480: ./conftest
configure:12480: $? = 0
configure:12495: result: 2
configure:12509: checking size of long
configure:12514: gcc-4.2 -o conftest -arch x86_64 -O3 -Wall  -arch x86_64 -O3 conftest.c  >&5
configure:12514: $? = 0
configure:12514: ./conftest
configure:12514: $? = 0
configure:12529: result: 8
configure:12543: checking size of int
configure:12548: gcc-4.2 -o conftest -arch x86_64 -O3 -Wall  -arch x86_64 -O3 conftest.c  >&5
configure:12548: $? = 0
configure:12548: ./conftest
configure:12548: $? = 0
configure:12563: result: 4
configure:12577: checking size of void *
configure:12582: gcc-4.2 -o conftest -arch x86_64 -O3 -Wall  -arch x86_64 -O3 conftest.c  >&5
configure:12582: $? = 0
configure:12582: ./conftest
configure:12582: $? = 0
configure:12597: result: 8
configure:12611: checking size of long long
configure:12616: gcc-4.2 -o conftest -arch x86_64 -O3 -Wall  -arch x86_64 -O3 conftest.c  >&5
configure:12616: $? = 0
configure:12616: ./conftest
configure:12616: $? = 0
configure:12631: result: 8
configure:12642: checking for an ANSI C-conforming const
configure:12707: gcc-4.2 -c -arch x86_64 -O3 -Wall  conftest.c >&5
conftest.c: In function 'main':
conftest.c:65: warning: 't' is used uninitialized in this function
conftest.c:81: warning: 'b' is used uninitialized in this function
conftest.c:87: warning: 'cs[0]' is used uninitialized in this function
configure:12707: $? = 0
configure:12714: result: yes
configure:12723: checking for __inline
configure:12742: gcc-4.2 -o conftest -arch x86_64 -O3 -Wall  -arch x86_64 -O3 conftest.c  >&5
configure:12742: $? = 0
configure:12742: ./conftest
configure:12742: $? = 0
configure:12756: result: yes
configure:12762: checking for __inline__
configure:12781: gcc-4.2 -o conftest -arch x86_64 -O3 -Wall  -arch x86_64 -O3 conftest.c  >&5
configure:12781: $? = 0
configure:12781: ./conftest
configure:12781: $? = 0
configure:12795: result: yes
configure:12801: checking for inline
configure:12820: gcc-4.2 -o conftest -arch x86_64 -O3 -Wall  -arch x86_64 -O3 conftest.c  >&5
configure:12820: $? = 0
configure:12820: ./conftest
configure:12820: $? = 0
configure:12834: result: yes
configure:12841: checking whether byte ordering is bigendian
configure:12856: gcc-4.2 -c -arch x86_64 -O3 -Wall  conftest.c >&5
configure:12856: $? = 0
configure:12901: gcc-4.2 -c -arch x86_64 -O3 -Wall  conftest.c >&5
configure:12901: $? = 0
configure:12919: gcc-4.2 -c -arch x86_64 -O3 -Wall  conftest.c >&5
conftest.c: In function 'main':
conftest.c:46: error: 'not' undeclared (first use in this function)
conftest.c:46: error: (Each undeclared identifier is reported only once
conftest.c:46: error: for each function it appears in.)
conftest.c:46: error: expected ';' before 'big'
configure:12919: $? = 1
configure: failed program was:
| /* confdefs.h */
| #define PACKAGE_NAME ""
| #define PACKAGE_TARNAME ""
| #define PACKAGE_VERSION ""
| #define PACKAGE_STRING ""
| #define PACKAGE_BUGREPORT ""
| #define PACKAGE_URL ""
| #define GLIB_MAJOR_VERSION 1
| #define GLIB_MINOR_VERSION 2
| #define GLIB_MICRO_VERSION 10
| #define GLIB_INTERFACE_AGE 10
| #define GLIB_BINARY_AGE 10
| #define STDC_HEADERS 1
| #define HAVE_SYS_TYPES_H 1
| #define HAVE_SYS_STAT_H 1
| #define HAVE_STDLIB_H 1
| #define HAVE_STRING_H 1
| #define HAVE_MEMORY_H 1
| #define HAVE_STRINGS_H 1
| #define HAVE_INTTYPES_H 1
| #define HAVE_STDINT_H 1
| #define HAVE_UNISTD_H 1
| #define HAVE_DLFCN_H 1
| #define LT_OBJDIR ".libs/"
| #define G_COMPILED_WITH_DEBUGGING "minimum"
| #define STDC_HEADERS 1
| #define HAVE_VPRINTF 1
| #define HAVE_ATEXIT 1
| #define SIZEOF_CHAR 1
| #define SIZEOF_SHORT 2
| #define SIZEOF_LONG 8
| #define SIZEOF_INT 4
| #define SIZEOF_VOID_P 8
| #define SIZEOF_LONG_LONG 8
| #define G_HAVE___INLINE 1
| #define G_HAVE___INLINE__ 1
| #define G_HAVE_INLINE 1
| /* end confdefs.h.  */
| #include <sys/types.h>
| 		#include <sys/param.h>
| 
| int
| main ()
| {
| #if BYTE_ORDER != BIG_ENDIAN
| 		 not big endian
| 		#endif
| 
|   ;
|   return 0;
| }
configure:13047: result: no
configure:13068: checking float.h usability
configure:13068: gcc-4.2 -c -arch x86_64 -O3 -Wall  conftest.c >&5
configure:13068: $? = 0
configure:13068: result: yes
configure:13068: checking float.h presence
configure:13068: gcc-4.2 -E  conftest.c
configure:13068: $? = 0
configure:13068: result: yes
configure:13068: checking for float.h
configure:13068: result: yes
configure:13081: checking limits.h usability
configure:13081: gcc-4.2 -c -arch x86_64 -O3 -Wall  conftest.c >&5
configure:13081: $? = 0
configure:13081: result: yes
configure:13081: checking limits.h presence
configure:13081: gcc-4.2 -E  conftest.c
configure:13081: $? = 0
configure:13081: result: yes
configure:13081: checking for limits.h
configure:13081: result: yes
configure:13094: checking pwd.h usability
configure:13094: gcc-4.2 -c -arch x86_64 -O3 -Wall  conftest.c >&5
configure:13094: $? = 0
configure:13094: result: yes
configure:13094: checking pwd.h presence
configure:13094: gcc-4.2 -E  conftest.c
configure:13094: $? = 0
configure:13094: result: yes
configure:13094: checking for pwd.h
configure:13094: result: yes
configure:13107: checking sys/param.h usability
configure:13107: gcc-4.2 -c -arch x86_64 -O3 -Wall  conftest.c >&5
configure:13107: $? = 0
configure:13107: result: yes
configure:13107: checking sys/param.h presence
configure:13107: gcc-4.2 -E  conftest.c
configure:13107: $? = 0
configure:13107: result: yes
configure:13107: checking for sys/param.h
configure:13107: result: yes
configure:13120: checking sys/poll.h usability
configure:13120: gcc-4.2 -c -arch x86_64 -O3 -Wall  conftest.c >&5
configure:13120: $? = 0
configure:13120: result: yes
configure:13120: checking sys/poll.h presence
configure:13120: gcc-4.2 -E  conftest.c
configure:13120: $? = 0
configure:13120: result: yes
configure:13120: checking for sys/poll.h
configure:13120: result: yes
configure:13133: checking sys/select.h usability
configure:13133: gcc-4.2 -c -arch x86_64 -O3 -Wall  conftest.c >&5
configure:13133: $? = 0
configure:13133: result: yes
configure:13133: checking sys/select.h presence
configure:13133: gcc-4.2 -E  conftest.c
configure:13133: $? = 0
configure:13133: result: yes
configure:13133: checking for sys/select.h
configure:13133: result: yes
configure:13146: checking sys/time.h usability
configure:13146: gcc-4.2 -c -arch x86_64 -O3 -Wall  conftest.c >&5
configure:13146: $? = 0
configure:13146: result: yes
configure:13146: checking sys/time.h presence
configure:13146: gcc-4.2 -E  conftest.c
configure:13146: $? = 0
configure:13146: result: yes
configure:13146: checking for sys/time.h
configure:13146: result: yes
configure:13159: checking sys/times.h usability
configure:13159: gcc-4.2 -c -arch x86_64 -O3 -Wall  conftest.c >&5
configure:13159: $? = 0
configure:13159: result: yes
configure:13159: checking sys/times.h presence
configure:13159: gcc-4.2 -E  conftest.c
configure:13159: $? = 0
configure:13159: result: yes
configure:13159: checking for sys/times.h
configure:13159: result: yes
configure:13172: checking for unistd.h
configure:13172: result: yes
configure:13185: checking values.h usability
configure:13185: gcc-4.2 -c -arch x86_64 -O3 -Wall  conftest.c >&5
conftest.c:90:20: error: values.h: No such file or directory
configure:13185: $? = 1
configure: failed program was:
| /* confdefs.h */
| #define PACKAGE_NAME ""
| #define PACKAGE_TARNAME ""
| #define PACKAGE_VERSION ""
| #define PACKAGE_STRING ""
| #define PACKAGE_BUGREPORT ""
| #define PACKAGE_URL ""
| #define GLIB_MAJOR_VERSION 1
| #define GLIB_MINOR_VERSION 2
| #define GLIB_MICRO_VERSION 10
| #define GLIB_INTERFACE_AGE 10
| #define GLIB_BINARY_AGE 10
| #define STDC_HEADERS 1
| #define HAVE_SYS_TYPES_H 1
| #define HAVE_SYS_STAT_H 1
| #define HAVE_STDLIB_H 1
| #define HAVE_STRING_H 1
| #define HAVE_MEMORY_H 1
| #define HAVE_STRINGS_H 1
| #define HAVE_INTTYPES_H 1
| #define HAVE_STDINT_H 1
| #define HAVE_UNISTD_H 1
| #define HAVE_DLFCN_H 1
| #define LT_OBJDIR ".libs/"
| #define G_COMPILED_WITH_DEBUGGING "minimum"
| #define STDC_HEADERS 1
| #define HAVE_VPRINTF 1
| #define HAVE_ATEXIT 1
| #define SIZEOF_CHAR 1
| #define SIZEOF_SHORT 2
| #define SIZEOF_LONG 8
| #define SIZEOF_INT 4
| #define SIZEOF_VOID_P 8
| #define SIZEOF_LONG_LONG 8
| #define G_HAVE___INLINE 1
| #define G_HAVE___INLINE__ 1
| #define G_HAVE_INLINE 1
| #define HAVE_FLOAT_H 1
| #define HAVE_FLOAT_H 1
| #define HAVE_LIMITS_H 1
| #define HAVE_LIMITS_H 1
| #define HAVE_PWD_H 1
| #define HAVE_PWD_H 1
| #define HAVE_SYS_PARAM_H 1
| #define HAVE_SYS_PARAM_H 1
| #define HAVE_SYS_POLL_H 1
| #define HAVE_SYS_POLL_H 1
| #define HAVE_SYS_SELECT_H 1
| #define HAVE_SYS_SELECT_H 1
| #define HAVE_SYS_TIME_H 1
| #define HAVE_SYS_TIME_H 1
| #define HAVE_SYS_TIMES_H 1
| #define HAVE_SYS_TIMES_H 1
| #define HAVE_UNISTD_H 1
| #define HAVE_UNISTD_H 1
| /* end confdefs.h.  */
| #include <stdio.h>
| #ifdef HAVE_SYS_TYPES_H
| # include <sys/types.h>
| #endif
| #ifdef HAVE_SYS_STAT_H
| # include <sys/stat.h>
| #endif
| #ifdef STDC_HEADERS
| # include <stdlib.h>
| # include <stddef.h>
| #else
| # ifdef HAVE_STDLIB_H
| #  include <stdlib.h>
| # endif
| #endif
| #ifdef HAVE_STRING_H
| # if !defined STDC_HEADERS && defined HAVE_MEMORY_H
| #  include <memory.h>
| # endif
| # include <string.h>
| #endif
| #ifdef HAVE_STRINGS_H
| # include <strings.h>
| #endif
| #ifdef HAVE_INTTYPES_H
| # include <inttypes.h>
| #endif
| #ifdef HAVE_STDINT_H
| # include <stdint.h>
| #endif
| #ifdef HAVE_UNISTD_H
| # include <unistd.h>
| #endif
| #include <values.h>
configure:13185: result: no
configure:13185: checking values.h presence
configure:13185: gcc-4.2 -E  conftest.c
conftest.c:57:20: error: values.h: No such file or directory
configure:13185: $? = 1
configure: failed program was:
| /* confdefs.h */
| #define PACKAGE_NAME ""
| #define PACKAGE_TARNAME ""
| #define PACKAGE_VERSION ""
| #define PACKAGE_STRING ""
| #define PACKAGE_BUGREPORT ""
| #define PACKAGE_URL ""
| #define GLIB_MAJOR_VERSION 1
| #define GLIB_MINOR_VERSION 2
| #define GLIB_MICRO_VERSION 10
| #define GLIB_INTERFACE_AGE 10
| #define GLIB_BINARY_AGE 10
| #define STDC_HEADERS 1
| #define HAVE_SYS_TYPES_H 1
| #define HAVE_SYS_STAT_H 1
| #define HAVE_STDLIB_H 1
| #define HAVE_STRING_H 1
| #define HAVE_MEMORY_H 1
| #define HAVE_STRINGS_H 1
| #define HAVE_INTTYPES_H 1
| #define HAVE_STDINT_H 1
| #define HAVE_UNISTD_H 1
| #define HAVE_DLFCN_H 1
| #define LT_OBJDIR ".libs/"
| #define G_COMPILED_WITH_DEBUGGING "minimum"
| #define STDC_HEADERS 1
| #define HAVE_VPRINTF 1
| #define HAVE_ATEXIT 1
| #define SIZEOF_CHAR 1
| #define SIZEOF_SHORT 2
| #define SIZEOF_LONG 8
| #define SIZEOF_INT 4
| #define SIZEOF_VOID_P 8
| #define SIZEOF_LONG_LONG 8
| #define G_HAVE___INLINE 1
| #define G_HAVE___INLINE__ 1
| #define G_HAVE_INLINE 1
| #define HAVE_FLOAT_H 1
| #define HAVE_FLOAT_H 1
| #define HAVE_LIMITS_H 1
| #define HAVE_LIMITS_H 1
| #define HAVE_PWD_H 1
| #define HAVE_PWD_H 1
| #define HAVE_SYS_PARAM_H 1
| #define HAVE_SYS_PARAM_H 1
| #define HAVE_SYS_POLL_H 1
| #define HAVE_SYS_POLL_H 1
| #define HAVE_SYS_SELECT_H 1
| #define HAVE_SYS_SELECT_H 1
| #define HAVE_SYS_TIME_H 1
| #define HAVE_SYS_TIME_H 1
| #define HAVE_SYS_TIMES_H 1
| #define HAVE_SYS_TIMES_H 1
| #define HAVE_UNISTD_H 1
| #define HAVE_UNISTD_H 1
| /* end confdefs.h.  */
| #include <values.h>
configure:13185: result: no
configure:13185: checking for values.h
configure:13185: result: no
configure:13201: checking for lstat
configure:13201: gcc-4.2 -o conftest -arch x86_64 -O3 -Wall  -arch x86_64 -O3 conftest.c  >&5
configure:13201: $? = 0
configure:13201: result: yes
configure:13201: checking for strerror
configure:13201: gcc-4.2 -o conftest -arch x86_64 -O3 -Wall  -arch x86_64 -O3 conftest.c  >&5
configure:13201: $? = 0
configure:13201: result: yes
configure:13201: checking for strsignal
configure:13201: gcc-4.2 -o conftest -arch x86_64 -O3 -Wall  -arch x86_64 -O3 conftest.c  >&5
configure:13201: $? = 0
configure:13201: result: yes
configure:13201: checking for memmove
configure:13201: gcc-4.2 -o conftest -arch x86_64 -O3 -Wall  -arch x86_64 -O3 conftest.c  >&5
conftest.c:83: warning: conflicting types for built-in function 'memmove'
configure:13201: $? = 0
configure:13201: result: yes
configure:13201: checking for vsnprintf
configure:13201: gcc-4.2 -o conftest -arch x86_64 -O3 -Wall  -arch x86_64 -O3 conftest.c  >&5
conftest.c:84: warning: conflicting types for built-in function 'vsnprintf'
configure:13201: $? = 0
configure:13201: result: yes
configure:13201: checking for strcasecmp
configure:13201: gcc-4.2 -o conftest -arch x86_64 -O3 -Wall  -arch x86_64 -O3 conftest.c  >&5
conftest.c:85: warning: conflicting types for built-in function 'strcasecmp'
configure:13201: $? = 0
configure:13201: result: yes
configure:13201: checking for strncasecmp
configure:13201: gcc-4.2 -o conftest -arch x86_64 -O3 -Wall  -arch x86_64 -O3 conftest.c  >&5
conftest.c:86: warning: conflicting types for built-in function 'strncasecmp'
configure:13201: $? = 0
configure:13201: result: yes
configure:13201: checking for poll
configure:13201: gcc-4.2 -o conftest -arch x86_64 -O3 -Wall  -arch x86_64 -O3 conftest.c  >&5
configure:13201: $? = 0
configure:13201: result: yes
configure:13213: checking for sys_errlist
configure:13230: gcc-4.2 -o conftest -arch x86_64 -O3 -Wall  -arch x86_64 -O3 conftest.c  >&5
configure:13230: $? = 0
configure:13237: result: yes
configure:13245: checking for sys_siglist
configure:13261: gcc-4.2 -o conftest -arch x86_64 -O3 -Wall  -arch x86_64 -O3 conftest.c  >&5
conftest.c: In function 'main':
conftest.c:71: warning: implicit declaration of function 'exit'
conftest.c:71: warning: incompatible implicit declaration of built-in function 'exit'
conftest.c:71: warning: passing argument 1 of 'exit' makes integer from pointer without a cast
configure:13261: $? = 0
configure:13268: result: yes
configure:13276: checking for sys_siglist declaration
configure:13291: gcc-4.2 -c -arch x86_64 -O3 -Wall  conftest.c >&5
conftest.c: In function 'main':
conftest.c:70: warning: implicit declaration of function 'strlen'
conftest.c:70: warning: incompatible implicit declaration of built-in function 'strlen'
conftest.c:70: warning: statement with no effect
configure:13291: $? = 0
configure:13297: result: yes
configure:13305: checking for fd_set
configure:13318: gcc-4.2 -c -arch x86_64 -O3 -Wall  conftest.c >&5
conftest.c: In function 'main':
conftest.c:69: warning: unused variable 'writeMask'
conftest.c:69: warning: unused variable 'readMask'
configure:13318: $? = 0
configure:13325: result: yes, found in sys/types.h
configure:13359: checking for wchar.h
configure:13365: gcc-4.2 -E  conftest.c
configure:13365: $? = 0
configure:13375: result: yes
configure:13380: checking for wctype.h
configure:13386: gcc-4.2 -E  conftest.c
configure:13386: $? = 0
configure:13396: result: yes
configure:13401: checking for iswalnum
configure:13401: gcc-4.2 -o conftest -arch x86_64 -O3 -Wall  -arch x86_64 -O3 conftest.c  >&5
conftest.c:90: warning: conflicting types for built-in function 'iswalnum'
configure:13401: $? = 0
configure:13401: result: yes
configure:13454: checking if iswalnum() and friends are properly defined
configure:13480: gcc-4.2 -o conftest -arch x86_64 -O3 -Wall  -arch x86_64 -O3 conftest.c  >&5
In file included from /usr/include/_wctype.h:63,
                 from /usr/include/wctype.h:53,
                 from conftest.c:74:
/usr/include/ctype.h: In function 'main':
/usr/include/ctype.h:153: error: nested functions are disabled, use -fnested-functions to re-enable
/usr/include/ctype.h:153: error: invalid storage class for function 'isascii'
/usr/include/ctype.h:171: error: nested functions are disabled, use -fnested-functions to re-enable
/usr/include/ctype.h:171: error: invalid storage class for function '__istype'
/usr/include/ctype.h:182: error: nested functions are disabled, use -fnested-functions to re-enable
/usr/include/ctype.h:182: error: invalid storage class for function '__isctype'
/usr/include/ctype.h:212: error: nested functions are disabled, use -fnested-functions to re-enable
/usr/include/ctype.h:212: error: invalid storage class for function '__wcwidth'
/usr/include/ctype.h:230: error: nested functions are disabled, use -fnested-functions to re-enable
/usr/include/ctype.h:230: error: invalid storage class for function 'isalnum'
/usr/include/ctype.h:236: error: nested functions are disabled, use -fnested-functions to re-enable
/usr/include/ctype.h:236: error: invalid storage class for function 'isalpha'
/usr/include/ctype.h:242: error: nested functions are disabled, use -fnested-functions to re-enable
/usr/include/ctype.h:242: error: invalid storage class for function 'isblank'
/usr/include/ctype.h:248: error: nested functions are disabled, use -fnested-functions to re-enable
/usr/include/ctype.h:248: error: invalid storage class for function 'iscntrl'
/usr/include/ctype.h:255: error: nested functions are disabled, use -fnested-functions to re-enable
/usr/include/ctype.h:255: error: invalid storage class for function 'isdigit'
/usr/include/ctype.h:261: error: nested functions are disabled, use -fnested-functions to re-enable
/usr/include/ctype.h:261: error: invalid storage class for function 'isgraph'
/usr/include/ctype.h:267: error: nested functions are disabled, use -fnested-functions to re-enable
/usr/include/ctype.h:267: error: invalid storage class for function 'islower'
/usr/include/ctype.h:273: error: nested functions are disabled, use -fnested-functions to re-enable
/usr/include/ctype.h:273: error: invalid storage class for function 'isprint'
/usr/include/ctype.h:279: error: nested functions are disabled, use -fnested-functions to re-enable
/usr/include/ctype.h:279: error: invalid storage class for function 'ispunct'
/usr/include/ctype.h:285: error: nested functions are disabled, use -fnested-functions to re-enable
/usr/include/ctype.h:285: error: invalid storage class for function 'isspace'
/usr/include/ctype.h:291: error: nested functions are disabled, use -fnested-functions to re-enable
/usr/include/ctype.h:291: error: invalid storage class for function 'isupper'
/usr/include/ctype.h:298: error: nested functions are disabled, use -fnested-functions to re-enable
/usr/include/ctype.h:298: error: invalid storage class for function 'isxdigit'
/usr/include/ctype.h:304: error: nested functions are disabled, use -fnested-functions to re-enable
/usr/include/ctype.h:304: error: invalid storage class for function 'toascii'
/usr/include/ctype.h:310: error: nested functions are disabled, use -fnested-functions to re-enable
/usr/include/ctype.h:310: error: invalid storage class for function 'tolower'
/usr/include/ctype.h:316: error: nested functions are disabled, use -fnested-functions to re-enable
/usr/include/ctype.h:316: error: invalid storage class for function 'toupper'
/usr/include/ctype.h:323: error: nested functions are disabled, use -fnested-functions to re-enable
/usr/include/ctype.h:323: error: invalid storage class for function 'digittoint'
/usr/include/ctype.h:329: error: nested functions are disabled, use -fnested-functions to re-enable
/usr/include/ctype.h:329: error: invalid storage class for function 'ishexnumber'
/usr/include/ctype.h:335: error: nested functions are disabled, use -fnested-functions to re-enable
/usr/include/ctype.h:335: error: invalid storage class for function 'isideogram'
/usr/include/ctype.h:341: error: nested functions are disabled, use -fnested-functions to re-enable
/usr/include/ctype.h:341: error: invalid storage class for function 'isnumber'
/usr/include/ctype.h:347: error: nested functions are disabled, use -fnested-functions to re-enable
/usr/include/ctype.h:347: error: invalid storage class for function 'isphonogram'
/usr/include/ctype.h:353: error: nested functions are disabled, use -fnested-functions to re-enable
/usr/include/ctype.h:353: error: invalid storage class for function 'isrune'
/usr/include/ctype.h:359: error: nested functions are disabled, use -fnested-functions to re-enable
/usr/include/ctype.h:359: error: invalid storage class for function 'isspecial'
In file included from /usr/include/wctype.h:53,
                 from conftest.c:74:
/usr/include/_wctype.h:73: error: nested functions are disabled, use -fnested-functions to re-enable
/usr/include/_wctype.h:73: error: invalid storage class for function 'iswalnum'
/usr/include/_wctype.h:79: error: nested functions are disabled, use -fnested-functions to re-enable
/usr/include/_wctype.h:79: error: invalid storage class for function 'iswalpha'
/usr/include/_wctype.h:85: error: nested functions are disabled, use -fnested-functions to re-enable
/usr/include/_wctype.h:85: error: invalid storage class for function 'iswcntrl'
/usr/include/_wctype.h:91: error: nested functions are disabled, use -fnested-functions to re-enable
/usr/include/_wctype.h:91: error: invalid storage class for function 'iswctype'
/usr/include/_wctype.h:97: error: nested functions are disabled, use -fnested-functions to re-enable
/usr/include/_wctype.h:97: error: invalid storage class for function 'iswdigit'
/usr/include/_wctype.h:103: error: nested functions are disabled, use -fnested-functions to re-enable
/usr/include/_wctype.h:103: error: invalid storage class for function 'iswgraph'
/usr/include/_wctype.h:109: error: nested functions are disabled, use -fnested-functions to re-enable
/usr/include/_wctype.h:109: error: invalid storage class for function 'iswlower'
/usr/include/_wctype.h:115: error: nested functions are disabled, use -fnested-functions to re-enable
/usr/include/_wctype.h:115: error: invalid storage class for function 'iswprint'
/usr/include/_wctype.h:121: error: nested functions are disabled, use -fnested-functions to re-enable
/usr/include/_wctype.h:121: error: invalid storage class for function 'iswpunct'
/usr/include/_wctype.h:127: error: nested functions are disabled, use -fnested-functions to re-enable
/usr/include/_wctype.h:127: error: invalid storage class for function 'iswspace'
/usr/include/_wctype.h:133: error: nested functions are disabled, use -fnested-functions to re-enable
/usr/include/_wctype.h:133: error: invalid storage class for function 'iswupper'
/usr/include/_wctype.h:139: error: nested functions are disabled, use -fnested-functions to re-enable
/usr/include/_wctype.h:139: error: invalid storage class for function 'iswxdigit'
/usr/include/_wctype.h:145: error: nested functions are disabled, use -fnested-functions to re-enable
/usr/include/_wctype.h:145: error: invalid storage class for function 'towlower'
/usr/include/_wctype.h:151: error: nested functions are disabled, use -fnested-functions to re-enable
/usr/include/_wctype.h:151: error: invalid storage class for function 'towupper'
In file included from conftest.c:74:
/usr/include/wctype.h:64: error: nested functions are disabled, use -fnested-functions to re-enable
/usr/include/wctype.h:64: error: invalid storage class for function 'iswblank'
/usr/include/wctype.h:71: error: nested functions are disabled, use -fnested-functions to re-enable
/usr/include/wctype.h:71: error: invalid storage class for function 'iswascii'
/usr/include/wctype.h:77: error: nested functions are disabled, use -fnested-functions to re-enable
/usr/include/wctype.h:77: error: invalid storage class for function 'iswhexnumber'
/usr/include/wctype.h:83: error: nested functions are disabled, use -fnested-functions to re-enable
/usr/include/wctype.h:83: error: invalid storage class for function 'iswideogram'
/usr/include/wctype.h:89: error: nested functions are disabled, use -fnested-functions to re-enable
/usr/include/wctype.h:89: error: invalid storage class for function 'iswnumber'
/usr/include/wctype.h:95: error: nested functions are disabled, use -fnested-functions to re-enable
/usr/include/wctype.h:95: error: invalid storage class for function 'iswphonogram'
/usr/include/wctype.h:101: error: nested functions are disabled, use -fnested-functions to re-enable
/usr/include/wctype.h:101: error: invalid storage class for function 'iswrune'
/usr/include/wctype.h:107: error: nested functions are disabled, use -fnested-functions to re-enable
/usr/include/wctype.h:107: error: invalid storage class for function 'iswspecial'
configure:13480: $? = 1
configure: failed program was:
| /* confdefs.h */
| #define PACKAGE_NAME ""
| #define PACKAGE_TARNAME ""
| #define PACKAGE_VERSION ""
| #define PACKAGE_STRING ""
| #define PACKAGE_BUGREPORT ""
| #define PACKAGE_URL ""
| #define GLIB_MAJOR_VERSION 1
| #define GLIB_MINOR_VERSION 2
| #define GLIB_MICRO_VERSION 10
| #define GLIB_INTERFACE_AGE 10
| #define GLIB_BINARY_AGE 10
| #define STDC_HEADERS 1
| #define HAVE_SYS_TYPES_H 1
| #define HAVE_SYS_STAT_H 1
| #define HAVE_STDLIB_H 1
| #define HAVE_STRING_H 1
| #define HAVE_MEMORY_H 1
| #define HAVE_STRINGS_H 1
| #define HAVE_INTTYPES_H 1
| #define HAVE_STDINT_H 1
| #define HAVE_UNISTD_H 1
| #define HAVE_DLFCN_H 1
| #define LT_OBJDIR ".libs/"
| #define G_COMPILED_WITH_DEBUGGING "minimum"
| #define STDC_HEADERS 1
| #define HAVE_VPRINTF 1
| #define HAVE_ATEXIT 1
| #define SIZEOF_CHAR 1
| #define SIZEOF_SHORT 2
| #define SIZEOF_LONG 8
| #define SIZEOF_INT 4
| #define SIZEOF_VOID_P 8
| #define SIZEOF_LONG_LONG 8
| #define G_HAVE___INLINE 1
| #define G_HAVE___INLINE__ 1
| #define G_HAVE_INLINE 1
| #define HAVE_FLOAT_H 1
| #define HAVE_FLOAT_H 1
| #define HAVE_LIMITS_H 1
| #define HAVE_LIMITS_H 1
| #define HAVE_PWD_H 1
| #define HAVE_PWD_H 1
| #define HAVE_SYS_PARAM_H 1
| #define HAVE_SYS_PARAM_H 1
| #define HAVE_SYS_POLL_H 1
| #define HAVE_SYS_POLL_H 1
| #define HAVE_SYS_SELECT_H 1
| #define HAVE_SYS_SELECT_H 1
| #define HAVE_SYS_TIME_H 1
| #define HAVE_SYS_TIME_H 1
| #define HAVE_SYS_TIMES_H 1
| #define HAVE_SYS_TIMES_H 1
| #define HAVE_UNISTD_H 1
| #define HAVE_UNISTD_H 1
| #define HAVE_LSTAT 1
| #define HAVE_STRERROR 1
| #define HAVE_STRSIGNAL 1
| #define HAVE_MEMMOVE 1
| #define HAVE_VSNPRINTF 1
| #define HAVE_STRCASECMP 1
| #define HAVE_STRNCASECMP 1
| #define HAVE_POLL 1
| #define HAVE_WCHAR_H 1
| #define HAVE_WCTYPE_H 1
| /* end confdefs.h.  */
| #include <stdlib.h>
| int
| main ()
| {
| 
| #if (defined(HAVE_WCTYPE_H) || defined(HAVE_WCHAR_H))
| #  ifdef HAVE_WCTYPE_H
| #    include <wctype.h>
| #  else
| #    ifdef HAVE_WCHAR_H
| #      include <wchar.h>
| #    endif
| #  endif
| #else
| #  define iswalnum(c) ((wchar_t)(c) <= 0xFF && isalnum(c))
| #endif
| iswalnum((wchar_t) 0);
| 
|   ;
|   return 0;
| }
configure:13493: result: no
configure:13496: checking whether realloc (NULL,) will work
configure:13516: gcc-4.2 -o conftest -arch x86_64 -O3 -Wall  -arch x86_64 -O3 conftest.c  >&5
configure:13516: $? = 0
configure:13516: ./conftest
configure:13516: $? = 0
configure:13534: result: yes
configure:13538: checking for an implementation of va_copy()
configure:13567: gcc-4.2 -o conftest -arch x86_64 -O3 -Wall  -arch x86_64 -O3 conftest.c  >&5
conftest.c: In function 'f':
conftest.c:76: warning: implicit declaration of function 'exit'
conftest.c:76: warning: incompatible implicit declaration of built-in function 'exit'
configure:13567: $? = 0
configure:13567: ./conftest
configure:13567: $? = 0
configure:13581: result: yes
configure:13583: checking for an implementation of __va_copy()
configure:13612: gcc-4.2 -o conftest -arch x86_64 -O3 -Wall  -arch x86_64 -O3 conftest.c  >&5
conftest.c: In function 'f':
conftest.c:76: warning: implicit declaration of function 'exit'
conftest.c:76: warning: incompatible implicit declaration of built-in function 'exit'
configure:13612: $? = 0
configure:13612: ./conftest
configure:13612: $? = 0
configure:13626: result: yes
configure:13628: checking whether va_lists can be copied by value
configure:13657: gcc-4.2 -o conftest -arch x86_64 -O3 -Wall  -arch x86_64 -O3 conftest.c  >&5
conftest.c: In function 'f':
conftest.c:74: error: incompatible types in assignment
conftest.c:76: warning: implicit declaration of function 'exit'
conftest.c:76: warning: incompatible implicit declaration of built-in function 'exit'
configure:13657: $? = 1
configure: program exited with status 1
configure: failed program was:
| /* confdefs.h */
| #define PACKAGE_NAME ""
| #define PACKAGE_TARNAME ""
| #define PACKAGE_VERSION ""
| #define PACKAGE_STRING ""
| #define PACKAGE_BUGREPORT ""
| #define PACKAGE_URL ""
| #define GLIB_MAJOR_VERSION 1
| #define GLIB_MINOR_VERSION 2
| #define GLIB_MICRO_VERSION 10
| #define GLIB_INTERFACE_AGE 10
| #define GLIB_BINARY_AGE 10
| #define STDC_HEADERS 1
| #define HAVE_SYS_TYPES_H 1
| #define HAVE_SYS_STAT_H 1
| #define HAVE_STDLIB_H 1
| #define HAVE_STRING_H 1
| #define HAVE_MEMORY_H 1
| #define HAVE_STRINGS_H 1
| #define HAVE_INTTYPES_H 1
| #define HAVE_STDINT_H 1
| #define HAVE_UNISTD_H 1
| #define HAVE_DLFCN_H 1
| #define LT_OBJDIR ".libs/"
| #define G_COMPILED_WITH_DEBUGGING "minimum"
| #define STDC_HEADERS 1
| #define HAVE_VPRINTF 1
| #define HAVE_ATEXIT 1
| #define SIZEOF_CHAR 1
| #define SIZEOF_SHORT 2
| #define SIZEOF_LONG 8
| #define SIZEOF_INT 4
| #define SIZEOF_VOID_P 8
| #define SIZEOF_LONG_LONG 8
| #define G_HAVE___INLINE 1
| #define G_HAVE___INLINE__ 1
| #define G_HAVE_INLINE 1
| #define HAVE_FLOAT_H 1
| #define HAVE_FLOAT_H 1
| #define HAVE_LIMITS_H 1
| #define HAVE_LIMITS_H 1
| #define HAVE_PWD_H 1
| #define HAVE_PWD_H 1
| #define HAVE_SYS_PARAM_H 1
| #define HAVE_SYS_PARAM_H 1
| #define HAVE_SYS_POLL_H 1
| #define HAVE_SYS_POLL_H 1
| #define HAVE_SYS_SELECT_H 1
| #define HAVE_SYS_SELECT_H 1
| #define HAVE_SYS_TIME_H 1
| #define HAVE_SYS_TIME_H 1
| #define HAVE_SYS_TIMES_H 1
| #define HAVE_SYS_TIMES_H 1
| #define HAVE_UNISTD_H 1
| #define HAVE_UNISTD_H 1
| #define HAVE_LSTAT 1
| #define HAVE_STRERROR 1
| #define HAVE_STRSIGNAL 1
| #define HAVE_MEMMOVE 1
| #define HAVE_VSNPRINTF 1
| #define HAVE_STRCASECMP 1
| #define HAVE_STRNCASECMP 1
| #define HAVE_POLL 1
| #define HAVE_WCHAR_H 1
| #define HAVE_WCTYPE_H 1
| #define HAVE_BROKEN_WCTYPE 1
| #define REALLOC_0_WORKS 1
| /* end confdefs.h.  */
| 
| 	#include <stdarg.h>
| 	void f (int i, ...) {
| 	va_list args1, args2;
| 	va_start (args1, i);
| 	args2 = args1;
| 	if (va_arg (args2, int) != 42 || va_arg (args1, int) != 42)
| 	  exit (1);
| 	va_end (args1); va_end (args2);
| 	}
| 	int main() {
| 	  f (0, 42);
| 	  return 0;
| 	}
configure:13683: result: no
configure:13693: checking for dlopen
configure:13693: gcc-4.2 -o conftest -arch x86_64 -O3 -Wall  -arch x86_64 -O3 conftest.c  >&5
configure:13693: $? = 0
configure:13693: result: yes
configure:13695: checking for dlsym
configure:13695: gcc-4.2 -o conftest -arch x86_64 -O3 -Wall  -arch x86_64 -O3 conftest.c  >&5
configure:13695: $? = 0
configure:13695: result: yes
configure:13894: checking for RTLD_GLOBAL brokenness
configure:13926: gcc-4.2 -o conftest -arch x86_64 -O3 -Wall  -arch x86_64 -O3  conftest.c   >&5
configure:13926: $? = 0
configure:13926: ./conftest
configure:13926: $? = 0
configure:13938: result: no
configure:13945: checking for preceeding underscore in symbols
configure:13971: gcc-4.2 -o conftest -arch x86_64 -O3 -Wall  -arch x86_64 -O3  conftest.c   >&5
configure:13971: $? = 0
configure:13971: ./conftest
configure:13971: $? = 1
configure: program exited with status 1
configure: failed program was:
| /* confdefs.h */
| #define PACKAGE_NAME ""
| #define PACKAGE_TARNAME ""
| #define PACKAGE_VERSION ""
| #define PACKAGE_STRING ""
| #define PACKAGE_BUGREPORT ""
| #define PACKAGE_URL ""
| #define GLIB_MAJOR_VERSION 1
| #define GLIB_MINOR_VERSION 2
| #define GLIB_MICRO_VERSION 10
| #define GLIB_INTERFACE_AGE 10
| #define GLIB_BINARY_AGE 10
| #define STDC_HEADERS 1
| #define HAVE_SYS_TYPES_H 1
| #define HAVE_SYS_STAT_H 1
| #define HAVE_STDLIB_H 1
| #define HAVE_STRING_H 1
| #define HAVE_MEMORY_H 1
| #define HAVE_STRINGS_H 1
| #define HAVE_INTTYPES_H 1
| #define HAVE_STDINT_H 1
| #define HAVE_UNISTD_H 1
| #define HAVE_DLFCN_H 1
| #define LT_OBJDIR ".libs/"
| #define G_COMPILED_WITH_DEBUGGING "minimum"
| #define STDC_HEADERS 1
| #define HAVE_VPRINTF 1
| #define HAVE_ATEXIT 1
| #define SIZEOF_CHAR 1
| #define SIZEOF_SHORT 2
| #define SIZEOF_LONG 8
| #define SIZEOF_INT 4
| #define SIZEOF_VOID_P 8
| #define SIZEOF_LONG_LONG 8
| #define G_HAVE___INLINE 1
| #define G_HAVE___INLINE__ 1
| #define G_HAVE_INLINE 1
| #define HAVE_FLOAT_H 1
| #define HAVE_FLOAT_H 1
| #define HAVE_LIMITS_H 1
| #define HAVE_LIMITS_H 1
| #define HAVE_PWD_H 1
| #define HAVE_PWD_H 1
| #define HAVE_SYS_PARAM_H 1
| #define HAVE_SYS_PARAM_H 1
| #define HAVE_SYS_POLL_H 1
| #define HAVE_SYS_POLL_H 1
| #define HAVE_SYS_SELECT_H 1
| #define HAVE_SYS_SELECT_H 1
| #define HAVE_SYS_TIME_H 1
| #define HAVE_SYS_TIME_H 1
| #define HAVE_SYS_TIMES_H 1
| #define HAVE_SYS_TIMES_H 1
| #define HAVE_UNISTD_H 1
| #define HAVE_UNISTD_H 1
| #define HAVE_LSTAT 1
| #define HAVE_STRERROR 1
| #define HAVE_STRSIGNAL 1
| #define HAVE_MEMMOVE 1
| #define HAVE_VSNPRINTF 1
| #define HAVE_STRCASECMP 1
| #define HAVE_STRNCASECMP 1
| #define HAVE_POLL 1
| #define HAVE_WCHAR_H 1
| #define HAVE_WCTYPE_H 1
| #define HAVE_BROKEN_WCTYPE 1
| #define REALLOC_0_WORKS 1
| #define G_VA_COPY va_copy
| #define G_VA_COPY_AS_ARRAY 1
| /* end confdefs.h.  */
| 
| 		#include <dlfcn.h>
|                 int glib_underscore_test (void) { return 42; }
| 		int main() {
| 		  void *f1 = (void*)0, *f2 = (void*)0, *handle;
| 		  handle = dlopen ((void*)0, 0);
| 		  if (handle) {
| 		    f1 = dlsym (handle, "glib_underscore_test");
| 		    f2 = dlsym (handle, "_glib_underscore_test");
| 		  } return (!f2 || f1);
| 		}
configure:13984: result: no
configure:13993: checking for dlerror
configure:13993: gcc-4.2 -o conftest -arch x86_64 -O3 -Wall  -arch x86_64 -O3 conftest.c   >&5
configure:13993: $? = 0
configure:13993: result: yes
configure:14108: checking pthread.h usability
configure:14108: gcc-4.2 -c -arch x86_64 -O3 -Wall  conftest.c >&5
configure:14108: $? = 0
configure:14108: result: yes
configure:14108: checking pthread.h presence
configure:14108: gcc-4.2 -E  conftest.c
configure:14108: $? = 0
configure:14108: result: yes
configure:14108: checking for pthread.h
configure:14108: result: yes
configure:14161: checking for thread implementation
configure:14170: result: posix
configure:14183: checking for pthread_attr_init in -lpthread
configure:14208: gcc-4.2 -o conftest -arch x86_64 -O3 -Wall  -arch x86_64 -O3 conftest.c -lpthread   >&5
configure:14208: $? = 0
configure:14217: result: yes
configure:14551: checking necessary linker options
configure:14553: result: -lpthread
configure:14597: checking necessary compiler options
configure:14600: result:  -D_REENTRANT
configure:14617: checking for localtime_r
configure:14617: gcc-4.2 -o conftest -arch x86_64 -O3 -Wall  -D_REENTRANT  -arch x86_64 -O3 conftest.c  >&5
configure:14617: $? = 0
configure:14617: result: yes
configure:14617: checking for rand_r
configure:14617: gcc-4.2 -o conftest -arch x86_64 -O3 -Wall  -D_REENTRANT  -arch x86_64 -O3 conftest.c  >&5
configure:14617: $? = 0
configure:14617: result: yes
configure:14628: checking for getpwuid_r
configure:14651: gcc-4.2 -o conftest -arch x86_64 -O3 -Wall  -D_REENTRANT  -arch x86_64 -O3 conftest.c  >&5
configure:14651: $? = 0
configure:14651: ./conftest
configure:14651: $? = 0
configure:14663: result: yes
configure:14672: checking whether getpwuid_r is posix like
configure:14689: gcc-4.2 -c -arch x86_64 -O3 -Wall  -D_REENTRANT  conftest.c >&5
configure:14689: $? = 0
configure:14692: result: yes
configure:14703: checking whether pthread_getspecific is posix like
configure:14717: gcc-4.2 -c -arch x86_64 -O3 -Wall  -D_REENTRANT  conftest.c >&5
conftest.c: In function 'main':
conftest.c:79: error: too many arguments to function 'pthread_getspecific'
configure:14717: $? = 1
configure: failed program was:
| /* confdefs.h */
| #define PACKAGE_NAME ""
| #define PACKAGE_TARNAME ""
| #define PACKAGE_VERSION ""
| #define PACKAGE_STRING ""
| #define PACKAGE_BUGREPORT ""
| #define PACKAGE_URL ""
| #define GLIB_MAJOR_VERSION 1
| #define GLIB_MINOR_VERSION 2
| #define GLIB_MICRO_VERSION 10
| #define GLIB_INTERFACE_AGE 10
| #define GLIB_BINARY_AGE 10
| #define STDC_HEADERS 1
| #define HAVE_SYS_TYPES_H 1
| #define HAVE_SYS_STAT_H 1
| #define HAVE_STDLIB_H 1
| #define HAVE_STRING_H 1
| #define HAVE_MEMORY_H 1
| #define HAVE_STRINGS_H 1
| #define HAVE_INTTYPES_H 1
| #define HAVE_STDINT_H 1
| #define HAVE_UNISTD_H 1
| #define HAVE_DLFCN_H 1
| #define LT_OBJDIR ".libs/"
| #define G_COMPILED_WITH_DEBUGGING "minimum"
| #define STDC_HEADERS 1
| #define HAVE_VPRINTF 1
| #define HAVE_ATEXIT 1
| #define SIZEOF_CHAR 1
| #define SIZEOF_SHORT 2
| #define SIZEOF_LONG 8
| #define SIZEOF_INT 4
| #define SIZEOF_VOID_P 8
| #define SIZEOF_LONG_LONG 8
| #define G_HAVE___INLINE 1
| #define G_HAVE___INLINE__ 1
| #define G_HAVE_INLINE 1
| #define HAVE_FLOAT_H 1
| #define HAVE_FLOAT_H 1
| #define HAVE_LIMITS_H 1
| #define HAVE_LIMITS_H 1
| #define HAVE_PWD_H 1
| #define HAVE_PWD_H 1
| #define HAVE_SYS_PARAM_H 1
| #define HAVE_SYS_PARAM_H 1
| #define HAVE_SYS_POLL_H 1
| #define HAVE_SYS_POLL_H 1
| #define HAVE_SYS_SELECT_H 1
| #define HAVE_SYS_SELECT_H 1
| #define HAVE_SYS_TIME_H 1
| #define HAVE_SYS_TIME_H 1
| #define HAVE_SYS_TIMES_H 1
| #define HAVE_SYS_TIMES_H 1
| #define HAVE_UNISTD_H 1
| #define HAVE_UNISTD_H 1
| #define HAVE_LSTAT 1
| #define HAVE_STRERROR 1
| #define HAVE_STRSIGNAL 1
| #define HAVE_MEMMOVE 1
| #define HAVE_VSNPRINTF 1
| #define HAVE_STRCASECMP 1
| #define HAVE_STRNCASECMP 1
| #define HAVE_POLL 1
| #define HAVE_WCHAR_H 1
| #define HAVE_WCTYPE_H 1
| #define HAVE_BROKEN_WCTYPE 1
| #define REALLOC_0_WORKS 1
| #define G_VA_COPY va_copy
| #define G_VA_COPY_AS_ARRAY 1
| #define HAVE_LOCALTIME_R 1
| #define HAVE_RAND_R 1
| #define HAVE_GETPWUID_R 1
| #define HAVE_GETPWUID_R_POSIX 1
| /* end confdefs.h.  */
| #include <pthread.h>
| int
| main ()
| {
| pthread_getspecific(0,NULL);
|   ;
|   return 0;
| }
configure:14721: result: yes
configure:14727: checking whether pthread_mutex_trylock is posix like
configure:14743: gcc-4.2 -o conftest -arch x86_64 -O3 -Wall  -D_REENTRANT  -arch x86_64 -O3 conftest.c  -lpthread >&5
configure:14743: $? = 0
configure:14743: ./conftest
configure:14743: $? = 1
configure: program exited with status 1
configure: failed program was:
| /* confdefs.h */
| #define PACKAGE_NAME ""
| #define PACKAGE_TARNAME ""
| #define PACKAGE_VERSION ""
| #define PACKAGE_STRING ""
| #define PACKAGE_BUGREPORT ""
| #define PACKAGE_URL ""
| #define GLIB_MAJOR_VERSION 1
| #define GLIB_MINOR_VERSION 2
| #define GLIB_MICRO_VERSION 10
| #define GLIB_INTERFACE_AGE 10
| #define GLIB_BINARY_AGE 10
| #define STDC_HEADERS 1
| #define HAVE_SYS_TYPES_H 1
| #define HAVE_SYS_STAT_H 1
| #define HAVE_STDLIB_H 1
| #define HAVE_STRING_H 1
| #define HAVE_MEMORY_H 1
| #define HAVE_STRINGS_H 1
| #define HAVE_INTTYPES_H 1
| #define HAVE_STDINT_H 1
| #define HAVE_UNISTD_H 1
| #define HAVE_DLFCN_H 1
| #define LT_OBJDIR ".libs/"
| #define G_COMPILED_WITH_DEBUGGING "minimum"
| #define STDC_HEADERS 1
| #define HAVE_VPRINTF 1
| #define HAVE_ATEXIT 1
| #define SIZEOF_CHAR 1
| #define SIZEOF_SHORT 2
| #define SIZEOF_LONG 8
| #define SIZEOF_INT 4
| #define SIZEOF_VOID_P 8
| #define SIZEOF_LONG_LONG 8
| #define G_HAVE___INLINE 1
| #define G_HAVE___INLINE__ 1
| #define G_HAVE_INLINE 1
| #define HAVE_FLOAT_H 1
| #define HAVE_FLOAT_H 1
| #define HAVE_LIMITS_H 1
| #define HAVE_LIMITS_H 1
| #define HAVE_PWD_H 1
| #define HAVE_PWD_H 1
| #define HAVE_SYS_PARAM_H 1
| #define HAVE_SYS_PARAM_H 1
| #define HAVE_SYS_POLL_H 1
| #define HAVE_SYS_POLL_H 1
| #define HAVE_SYS_SELECT_H 1
| #define HAVE_SYS_SELECT_H 1
| #define HAVE_SYS_TIME_H 1
| #define HAVE_SYS_TIME_H 1
| #define HAVE_SYS_TIMES_H 1
| #define HAVE_SYS_TIMES_H 1
| #define HAVE_UNISTD_H 1
| #define HAVE_UNISTD_H 1
| #define HAVE_LSTAT 1
| #define HAVE_STRERROR 1
| #define HAVE_STRSIGNAL 1
| #define HAVE_MEMMOVE 1
| #define HAVE_VSNPRINTF 1
| #define HAVE_STRCASECMP 1
| #define HAVE_STRNCASECMP 1
| #define HAVE_POLL 1
| #define HAVE_WCHAR_H 1
| #define HAVE_WCTYPE_H 1
| #define HAVE_BROKEN_WCTYPE 1
| #define REALLOC_0_WORKS 1
| #define G_VA_COPY va_copy
| #define G_VA_COPY_AS_ARRAY 1
| #define HAVE_LOCALTIME_R 1
| #define HAVE_RAND_R 1
| #define HAVE_GETPWUID_R 1
| #define HAVE_GETPWUID_R_POSIX 1
| #define HAVE_PTHREAD_GETSPECIFIC_POSIX 1
| /* end confdefs.h.  */
| #include <pthread.h>
| 			pthread_mutex_t mutex = PTHREAD_MUTEX_INITIALIZER;
| 			int main () {
| 			return !pthread_mutex_trylock (&mutex); }
configure:14747: result: yes
configure:14756: checking whether pthread_cond_timedwait is posix like
configure:14781: gcc-4.2 -o conftest -arch x86_64 -O3 -Wall  -D_REENTRANT  -arch x86_64 -O3 conftest.c  -lpthread >&5
configure:14781: $? = 0
configure:14781: ./conftest
configure:14781: $? = 1
configure: program exited with status 1
configure: failed program was:
| /* confdefs.h */
| #define PACKAGE_NAME ""
| #define PACKAGE_TARNAME ""
| #define PACKAGE_VERSION ""
| #define PACKAGE_STRING ""
| #define PACKAGE_BUGREPORT ""
| #define PACKAGE_URL ""
| #define GLIB_MAJOR_VERSION 1
| #define GLIB_MINOR_VERSION 2
| #define GLIB_MICRO_VERSION 10
| #define GLIB_INTERFACE_AGE 10
| #define GLIB_BINARY_AGE 10
| #define STDC_HEADERS 1
| #define HAVE_SYS_TYPES_H 1
| #define HAVE_SYS_STAT_H 1
| #define HAVE_STDLIB_H 1
| #define HAVE_STRING_H 1
| #define HAVE_MEMORY_H 1
| #define HAVE_STRINGS_H 1
| #define HAVE_INTTYPES_H 1
| #define HAVE_STDINT_H 1
| #define HAVE_UNISTD_H 1
| #define HAVE_DLFCN_H 1
| #define LT_OBJDIR ".libs/"
| #define G_COMPILED_WITH_DEBUGGING "minimum"
| #define STDC_HEADERS 1
| #define HAVE_VPRINTF 1
| #define HAVE_ATEXIT 1
| #define SIZEOF_CHAR 1
| #define SIZEOF_SHORT 2
| #define SIZEOF_LONG 8
| #define SIZEOF_INT 4
| #define SIZEOF_VOID_P 8
| #define SIZEOF_LONG_LONG 8
| #define G_HAVE___INLINE 1
| #define G_HAVE___INLINE__ 1
| #define G_HAVE_INLINE 1
| #define HAVE_FLOAT_H 1
| #define HAVE_FLOAT_H 1
| #define HAVE_LIMITS_H 1
| #define HAVE_LIMITS_H 1
| #define HAVE_PWD_H 1
| #define HAVE_PWD_H 1
| #define HAVE_SYS_PARAM_H 1
| #define HAVE_SYS_PARAM_H 1
| #define HAVE_SYS_POLL_H 1
| #define HAVE_SYS_POLL_H 1
| #define HAVE_SYS_SELECT_H 1
| #define HAVE_SYS_SELECT_H 1
| #define HAVE_SYS_TIME_H 1
| #define HAVE_SYS_TIME_H 1
| #define HAVE_SYS_TIMES_H 1
| #define HAVE_SYS_TIMES_H 1
| #define HAVE_UNISTD_H 1
| #define HAVE_UNISTD_H 1
| #define HAVE_LSTAT 1
| #define HAVE_STRERROR 1
| #define HAVE_STRSIGNAL 1
| #define HAVE_MEMMOVE 1
| #define HAVE_VSNPRINTF 1
| #define HAVE_STRCASECMP 1
| #define HAVE_STRNCASECMP 1
| #define HAVE_POLL 1
| #define HAVE_WCHAR_H 1
| #define HAVE_WCTYPE_H 1
| #define HAVE_BROKEN_WCTYPE 1
| #define REALLOC_0_WORKS 1
| #define G_VA_COPY va_copy
| #define G_VA_COPY_AS_ARRAY 1
| #define HAVE_LOCALTIME_R 1
| #define HAVE_RAND_R 1
| #define HAVE_GETPWUID_R 1
| #define HAVE_GETPWUID_R_POSIX 1
| #define HAVE_PTHREAD_GETSPECIFIC_POSIX 1
| #define HAVE_PTHREAD_MUTEX_TRYLOCK_POSIX 1
| /* end confdefs.h.  */
| #include <pthread.h>
| 			#include <sys/time.h>
| 			int main () {
| 			pthread_mutex_t mutex = PTHREAD_MUTEX_INITIALIZER;
| 			pthread_cond_t cond = PTHREAD_COND_INITIALIZER;
| 			struct timeval tval;
| 			struct timespec tspec;
| 			gettimeofday (&tval, NULL);
| 			tspec.tv_sec = tval.tv_sec;
| 			tspec.tv_nsec = 0;
| 			pthread_mutex_lock (&mutex);
| 			return pthread_cond_timedwait (&cond,&mutex,&tspec)
| 				!= -1;}
configure:14785: result: yes
configure:14822: checking size of pthread_mutex_t
configure:14845: gcc-4.2 -o conftest -arch x86_64 -O3 -Wall  -D_REENTRANT  -arch x86_64 -O3 conftest.c  >&5
conftest.c:82: warning: return type defaults to 'int'
conftest.c: In function 'main':
conftest.c:84: warning: implicit declaration of function 'exit'
conftest.c:84: warning: incompatible implicit declaration of built-in function 'exit'
conftest.c:85: warning: format '%d' expects type 'int', but argument 3 has type 'long unsigned int'
conftest.c:85: warning: format '%d' expects type 'int', but argument 3 has type 'long unsigned int'
configure:14845: $? = 0
configure:14845: ./conftest
configure:14845: $? = 0
configure:14855: result: 64
configure:14862: checking byte contents of pthread_mutex_t
configure:14887: gcc-4.2 -o conftest -arch x86_64 -O3 -Wall  -D_REENTRANT  -arch x86_64 -O3 conftest.c  >&5
conftest.c:83: warning: return type defaults to 'int'
conftest.c: In function 'main':
conftest.c:88: warning: implicit declaration of function 'exit'
conftest.c:88: warning: incompatible implicit declaration of built-in function 'exit'
configure:14887: $? = 0
configure:14887: ./conftest
configure:14887: $? = 0
configure:14897: result: -89,-85,-86,50,0,0,0,0,0,0,0,0,0,0,0,0,0,0,0,0,0,0,0,0,0,0,0,0,0,0,0,0,0,0,0,0,0,0,0,0,0,0,0,0,0,0,0,0,0,0,0,0,0,0,0,0,0,0,0,0,0,0,0,0
configure:14920: checking system definitions for POLLIN POLLOUT POLLPRI POLLERR POLLHUP POLLNVAL
configure:14954: gcc-4.2 -o conftest -arch x86_64 -O3 -Wall  -D_REENTRANT  -arch x86_64 -O3 conftest.c  >&5
configure:14954: $? = 0
configure:14954: ./conftest
configure:14954: $? = 0
configure:14955: result: done
configure:15118: creating ./config.status

## ---------------------- ##
## Running config.status. ##
## ---------------------- ##

This file was extended by config.status, which was
generated by GNU Autoconf 2.65.  Invocation command line was

  CONFIG_FILES    = 
  CONFIG_HEADERS  = 
  CONFIG_LINKS    = 
  CONFIG_COMMANDS = 
  $ ./config.status 

on hflambo-mac.anybet.de

config.status:1337: creating glib.spec
config.status:1337: creating Makefile
config.status:1337: creating glib-config
config.status:1337: creating gmodule/gmoduleconf.h
config.status:1337: creating gmodule/Makefile
config.status:1337: creating gthread/Makefile
config.status:1337: creating docs/Makefile
config.status:1337: creating docs/glib-config.1
config.status:1337: creating tests/Makefile
config.status:1337: creating glib.pc
config.status:1337: creating gmodule.pc
config.status:1337: creating gthread.pc
config.status:1337: creating config.h
config.status:1557: executing depfiles commands
config.status:1557: executing libtool commands
config.status:1557: executing default-1 commands
config.status:1557: executing default commands

## ---------------- ##
## Cache variables. ##
## ---------------- ##

ac_cv_build=i686-apple-darwin11.3.0
ac_cv_c_bigendian=no
ac_cv_c_compiler_gnu=yes
ac_cv_c_const=yes
ac_cv_env_CC_set=set
ac_cv_env_CC_value=gcc-4.2
ac_cv_env_CFLAGS_set=set
ac_cv_env_CFLAGS_value='-arch x86_64 -O3'
ac_cv_env_CPPFLAGS_set=
ac_cv_env_CPPFLAGS_value=
ac_cv_env_CPP_set=
ac_cv_env_CPP_value=
ac_cv_env_LDFLAGS_set=set
ac_cv_env_LDFLAGS_value='-arch x86_64 -O3'
ac_cv_env_LIBS_set=
ac_cv_env_LIBS_value=
ac_cv_env_build_alias_set=
ac_cv_env_build_alias_value=
ac_cv_env_host_alias_set=
ac_cv_env_host_alias_value=
ac_cv_env_target_alias_set=
ac_cv_env_target_alias_value=
ac_cv_func__doprnt=no
ac_cv_func_atexit=yes
ac_cv_func_dlerror=yes
ac_cv_func_dlopen=yes
ac_cv_func_dlsym=yes
ac_cv_func_getpwuid_r=yes
ac_cv_func_iswalnum=yes
ac_cv_func_localtime_r=yes
ac_cv_func_lstat=yes
ac_cv_func_memmove=yes
ac_cv_func_on_exit=no
ac_cv_func_poll=yes
ac_cv_func_rand_r=yes
ac_cv_func_strcasecmp=yes
ac_cv_func_strerror=yes
ac_cv_func_strncasecmp=yes
ac_cv_func_strsignal=yes
ac_cv_func_vprintf=yes
ac_cv_func_vsnprintf=yes
ac_cv_header_dlfcn_h=yes
ac_cv_header_float_h=yes
ac_cv_header_inttypes_h=yes
ac_cv_header_limits_h=yes
ac_cv_header_memory_h=yes
ac_cv_header_pthread_h=yes
ac_cv_header_pwd_h=yes
ac_cv_header_stdc=yes
ac_cv_header_stdint_h=yes
ac_cv_header_stdlib_h=yes
ac_cv_header_string_h=yes
ac_cv_header_strings_h=yes
ac_cv_header_sys_param_h=yes
ac_cv_header_sys_poll_h=yes
ac_cv_header_sys_select_h=yes
ac_cv_header_sys_stat_h=yes
ac_cv_header_sys_time_h=yes
ac_cv_header_sys_times_h=yes
ac_cv_header_sys_types_h=yes
ac_cv_header_unistd_h=yes
ac_cv_header_values_h=no
ac_cv_host=i686-apple-darwin11.3.0
ac_cv_lib_pthread_pthread_attr_init=yes
ac_cv_objext=o
ac_cv_path_EGREP='/usr/bin/grep -E'
ac_cv_path_FGREP='/usr/bin/grep -F'
ac_cv_path_GREP=/usr/bin/grep
ac_cv_path_SED=/usr/bin/sed
ac_cv_path_install='/usr/bin/install -c'
ac_cv_prog_AWK=awk
ac_cv_prog_CPP='gcc-4.2 -E'
ac_cv_prog_ac_ct_AR=ar
ac_cv_prog_ac_ct_CC=gcc-4.2
ac_cv_prog_ac_ct_DSYMUTIL=dsymutil
ac_cv_prog_ac_ct_LIPO=lipo
ac_cv_prog_ac_ct_NMEDIT=nmedit
ac_cv_prog_ac_ct_OTOOL=otool
ac_cv_prog_ac_ct_RANLIB=ranlib
ac_cv_prog_ac_ct_STRIP=strip
ac_cv_prog_cc_c89=
ac_cv_prog_cc_g=yes
ac_cv_prog_make_make_set=yes
ac_cv_sizeof_char=1
ac_cv_sizeof_int=4
ac_cv_sizeof_long=8
ac_cv_sizeof_long_long=8
ac_cv_sizeof_short=2
ac_cv_sizeof_void_p=8
am_cv_CC_dependencies_compiler_type=gcc3
am_cv_prog_cc_stdc=
glib_cv___va_copy=yes
glib_cv_byte_contents_gmutex=-89,-85,-86,50,0,0,0,0,0,0,0,0,0,0,0,0,0,0,0,0,0,0,0,0,0,0,0,0,0,0,0,0,0,0,0,0,0,0,0,0,0,0,0,0,0,0,0,0,0,0,0,0,0,0,0,0,0,0,0,0,0,0,0,0
glib_cv_has__inline=yes
glib_cv_has__inline__=yes
glib_cv_hasinline=yes
glib_cv_rtldglobal_broken=no
glib_cv_sane_realloc=yes
glib_cv_sizeof_gmutex=64
glib_cv_uscore=no
glib_cv_va_copy=yes
glib_cv_va_val_copy=no
lt_cv_apple_cc_single_mod=yes
lt_cv_deplibs_check_method=pass_all
lt_cv_file_magic_cmd='$MAGIC_CMD'
lt_cv_file_magic_test_file=
lt_cv_ld_exported_symbols_list=yes
lt_cv_ld_reload_flag=-r
lt_cv_nm_interface='BSD nm'
lt_cv_objdir=.libs
lt_cv_path_LD=/usr/bin/ld
lt_cv_path_NM=/usr/bin/nm
lt_cv_prog_compiler_c_o=yes
lt_cv_prog_compiler_pic_works=yes
lt_cv_prog_compiler_rtti_exceptions=no
lt_cv_prog_compiler_static_works=no
lt_cv_prog_gnu_ld=no
lt_cv_sys_global_symbol_pipe='sed -n -e '\''s/^.*[	 ]\([BCDEGRST][BCDEGRST]*\)[	 ][	 ]*_\([_A-Za-z][_A-Za-z0-9]*\)$/\1 _\2 \2/p'\'''
lt_cv_sys_global_symbol_to_c_name_address='sed -n -e '\''s/^: \([^ ]*\) $/  {\"\1\", (void *) 0},/p'\'' -e '\''s/^[BCDEGRST]* \([^ ]*\) \([^ ]*\)$/  {"\2", (void *) \&\2},/p'\'''
lt_cv_sys_global_symbol_to_c_name_address_lib_prefix='sed -n -e '\''s/^: \([^ ]*\) $/  {\"\1\", (void *) 0},/p'\'' -e '\''s/^[BCDEGRST]* \([^ ]*\) \(lib[^ ]*\)$/  {"\2", (void *) \&\2},/p'\'' -e '\''s/^[BCDEGRST]* \([^ ]*\) \([^ ]*\)$/  {"lib\2", (void *) \&\2},/p'\'''
lt_cv_sys_global_symbol_to_cdecl='sed -n -e '\''s/^T .* \(.*\)$/extern int \1();/p'\'' -e '\''s/^[BCDEGRST]* .* \(.*\)$/extern char \1;/p'\'''
lt_cv_sys_max_cmd_len=196608

## ----------------- ##
## Output variables. ##
## ----------------- ##

ACLOCAL='${SHELL} /Users/hflambo/local/alfresco-svn/root-02-04-2012/gigfork-server/pkg-config-0.25/glib-1.2.10/missing --run aclocal-1.11'
AMDEPBACKSLASH='\'
AMDEP_FALSE='#'
AMDEP_TRUE=''
AMTAR='${SHELL} /Users/hflambo/local/alfresco-svn/root-02-04-2012/gigfork-server/pkg-config-0.25/glib-1.2.10/missing --run tar'
AR='ar'
AUTOCONF='${SHELL} /Users/hflambo/local/alfresco-svn/root-02-04-2012/gigfork-server/pkg-config-0.25/glib-1.2.10/missing --run autoconf'
AUTOHEADER='${SHELL} /Users/hflambo/local/alfresco-svn/root-02-04-2012/gigfork-server/pkg-config-0.25/glib-1.2.10/missing --run autoheader'
AUTOMAKE='${SHELL} /Users/hflambo/local/alfresco-svn/root-02-04-2012/gigfork-server/pkg-config-0.25/glib-1.2.10/missing --run automake-1.11'
AWK='awk'
CC='gcc-4.2'
CCDEPMODE='depmode=gcc3'
CFLAGS='-arch x86_64 -O3 -Wall  -D_REENTRANT'
CPP='gcc-4.2 -E'
CPPFLAGS=''
CYGPATH_W='echo'
DEFS='-DHAVE_CONFIG_H'
DEPDIR='.deps'
DSYMUTIL='dsymutil'
DUMPBIN=''
ECHO_C='\c'
ECHO_N=''
ECHO_T=''
EGREP='/usr/bin/grep -E'
ENABLE_MEM_CHECK=''
ENABLE_MEM_PROFILE=''
EXEEXT=''
FGREP='/usr/bin/grep -F'
GLIB_BINARY_AGE='10'
GLIB_DEBUG_FLAGS=''
GLIB_INTERFACE_AGE='10'
GLIB_MAJOR_VERSION='1'
GLIB_MICRO_VERSION='10'
GLIB_MINOR_VERSION='2'
GLIB_VERSION='1.2.10'
GREP='/usr/bin/grep'
G_MODULE_BROKEN_RTLD_GLOBAL='0'
G_MODULE_HAVE_DLERROR='1'
G_MODULE_IMPL='G_MODULE_IMPL_DL'
G_MODULE_LDFLAGS=''
G_MODULE_LIBS=''
G_MODULE_NEED_USCORE='0'
G_THREAD_CFLAGS=' -D_REENTRANT'
G_THREAD_LIBS='-lpthread'
INSTALL_DATA='${INSTALL} -m 644'
INSTALL_PROGRAM='${INSTALL}'
INSTALL_SCRIPT='${INSTALL}'
INSTALL_STRIP_PROGRAM='$(install_sh) -c -s'
LD='/usr/bin/ld'
LDFLAGS='-arch x86_64 -O3'
LIBOBJS=''
LIBS=''
LIBTOOL='$(SHELL) $(top_builddir)/libtool'
LIPO='lipo'
LN_S='ln -s'
LTLIBOBJS=''
LT_AGE='0'
LT_CURRENT='0'
LT_RELEASE='1.2'
LT_REVISION='10'
MAINT='#'
MAINTAINER_MODE_FALSE=''
MAINTAINER_MODE_TRUE='#'
MAKEINFO='${SHELL} /Users/hflambo/local/alfresco-svn/root-02-04-2012/gigfork-server/pkg-config-0.25/glib-1.2.10/missing --run makeinfo'
MKDIR_P='./install-sh -c -d'
NM='/usr/bin/nm'
NMEDIT='nmedit'
OBJDUMP='false'
OBJEXT='o'
OTOOL64=':'
OTOOL='otool'
PACKAGE='glib'
PACKAGE_BUGREPORT=''
PACKAGE_NAME=''
PACKAGE_STRING=''
PACKAGE_TARNAME=''
PACKAGE_URL=''
PACKAGE_VERSION=''
PATH_SEPARATOR=':'
RANLIB='ranlib'
SED='/usr/bin/sed'
SET_MAKE=''
SHELL='/bin/sh'
STRIP='strip'
VERSION='1.2.10'
ac_ct_CC='gcc-4.2'
ac_ct_DUMPBIN=''
am__EXEEXT_FALSE=''
am__EXEEXT_TRUE='#'
am__fastdepCC_FALSE='#'
am__fastdepCC_TRUE=''
am__include='include'
am__isrc=''
am__leading_dot='.'
am__quote=''
am__tar='${AMTAR} chof - "$$tardir"'
am__untar='${AMTAR} xf -'
bindir='${exec_prefix}/bin'
build='i686-apple-darwin11.3.0'
build_alias=''
build_cpu='i686'
build_os='darwin11.3.0'
build_vendor='apple'
datadir='${datarootdir}'
datarootdir='${prefix}/share'
docdir='${datarootdir}/doc/${PACKAGE}'
dvidir='${docdir}'
exec_prefix='${prefix}'
host='i686-apple-darwin11.3.0'
host_alias=''
host_cpu='i686'
host_os='darwin11.3.0'
host_vendor='apple'
htmldir='${docdir}'
includedir='${prefix}/include'
infodir='${datarootdir}/info'
install_sh='${SHELL} /Users/hflambo/local/alfresco-svn/root-02-04-2012/gigfork-server/pkg-config-0.25/glib-1.2.10/install-sh'
libdir='${exec_prefix}/lib'
libexecdir='${exec_prefix}/libexec'
localedir='${datarootdir}/locale'
localstatedir='${prefix}/var'
lt_ECHO='/bin/echo'
mandir='${datarootdir}/man'
mkdir_p='$(top_builddir)/./install-sh -c -d'
oldincludedir='/usr/include'
pdfdir='${docdir}'
prefix='/Users/hflambo/local/alfresco-svn/root-02-04-2012/gigfork-server/FFmpeg-build'
program_transform_name='s,x,x,'
psdir='${docdir}'
sbindir='${exec_prefix}/sbin'
sharedstatedir='${prefix}/com'
sysconfdir='${prefix}/etc'
target_alias=''

## ----------- ##
## confdefs.h. ##
## ----------- ##

/* confdefs.h */
#define PACKAGE_NAME ""
#define PACKAGE_TARNAME ""
#define PACKAGE_VERSION ""
#define PACKAGE_STRING ""
#define PACKAGE_BUGREPORT ""
#define PACKAGE_URL ""
#define GLIB_MAJOR_VERSION 1
#define GLIB_MINOR_VERSION 2
#define GLIB_MICRO_VERSION 10
#define GLIB_INTERFACE_AGE 10
#define GLIB_BINARY_AGE 10
#define STDC_HEADERS 1
#define HAVE_SYS_TYPES_H 1
#define HAVE_SYS_STAT_H 1
#define HAVE_STDLIB_H 1
#define HAVE_STRING_H 1
#define HAVE_MEMORY_H 1
#define HAVE_STRINGS_H 1
#define HAVE_INTTYPES_H 1
#define HAVE_STDINT_H 1
#define HAVE_UNISTD_H 1
#define HAVE_DLFCN_H 1
#define LT_OBJDIR ".libs/"
#define G_COMPILED_WITH_DEBUGGING "minimum"
#define STDC_HEADERS 1
#define HAVE_VPRINTF 1
#define HAVE_ATEXIT 1
#define SIZEOF_CHAR 1
#define SIZEOF_SHORT 2
#define SIZEOF_LONG 8
#define SIZEOF_INT 4
#define SIZEOF_VOID_P 8
#define SIZEOF_LONG_LONG 8
#define G_HAVE___INLINE 1
#define G_HAVE___INLINE__ 1
#define G_HAVE_INLINE 1
#define HAVE_FLOAT_H 1
#define HAVE_FLOAT_H 1
#define HAVE_LIMITS_H 1
#define HAVE_LIMITS_H 1
#define HAVE_PWD_H 1
#define HAVE_PWD_H 1
#define HAVE_SYS_PARAM_H 1
#define HAVE_SYS_PARAM_H 1
#define HAVE_SYS_POLL_H 1
#define HAVE_SYS_POLL_H 1
#define HAVE_SYS_SELECT_H 1
#define HAVE_SYS_SELECT_H 1
#define HAVE_SYS_TIME_H 1
#define HAVE_SYS_TIME_H 1
#define HAVE_SYS_TIMES_H 1
#define HAVE_SYS_TIMES_H 1
#define HAVE_UNISTD_H 1
#define HAVE_UNISTD_H 1
#define HAVE_LSTAT 1
#define HAVE_STRERROR 1
#define HAVE_STRSIGNAL 1
#define HAVE_MEMMOVE 1
#define HAVE_VSNPRINTF 1
#define HAVE_STRCASECMP 1
#define HAVE_STRNCASECMP 1
#define HAVE_POLL 1
#define HAVE_WCHAR_H 1
#define HAVE_WCTYPE_H 1
#define HAVE_BROKEN_WCTYPE 1
#define REALLOC_0_WORKS 1
#define G_VA_COPY va_copy
#define G_VA_COPY_AS_ARRAY 1
#define HAVE_LOCALTIME_R 1
#define HAVE_RAND_R 1
#define HAVE_GETPWUID_R 1
#define HAVE_GETPWUID_R_POSIX 1
#define HAVE_PTHREAD_GETSPECIFIC_POSIX 1
#define HAVE_PTHREAD_MUTEX_TRYLOCK_POSIX 1
#define HAVE_PTHREAD_COND_TIMEDWAIT_POSIX 1
#define G_THREAD_SOURCE "gthread-posix.c"
#define GLIB_SIZEOF_GMUTEX 64
#define GLIB_BYTE_CONTENTS_GMUTEX -89,-85,-86,50,0,0,0,0,0,0,0,0,0,0,0,0,0,0,0,0,0,0,0,0,0,0,0,0,0,0,0,0,0,0,0,0,0,0,0,0,0,0,0,0,0,0,0,0,0,0,0,0,0,0,0,0,0,0,0,0,0,0,0,0

configure: exit 0

## ---------------------- ##
## Running config.status. ##
## ---------------------- ##

This file was extended by config.status, which was
generated by GNU Autoconf 2.65.  Invocation command line was

  CONFIG_FILES    = 
  CONFIG_HEADERS  = 
  CONFIG_LINKS    = 
  CONFIG_COMMANDS = 
  $ ./config.status 

on hflambo-mac.anybet.de

config.status:1557: executing depfiles commands
config.status:1557: executing libtool commands
config.status:1557: executing default-1 commands
config.status:1557: executing default commands
