This file contains any messages produced by compilers while
running configure, to aid debugging if configure makes a mistake.

It was created by Xvid configure 1.3.2, which was
generated by GNU Autoconf 2.68.  Invocation command line was

  $ ./configure --prefix=/Users/hflambo/local/alfresco-svn/root-02-04-2012/gigfork-server/FFmpeg-build

## --------- ##
## Platform. ##
## --------- ##

hostname = hflambo-mac.anybet.de
uname -m = x86_64
uname -r = 11.3.0
uname -s = Darwin
uname -v = Darwin Kernel Version 11.3.0: Thu Jan 12 18:47:41 PST 2012; root:xnu-1699.24.23~1/RELEASE_X86_64

/usr/bin/uname -p = i386
/bin/uname -X     = unknown

/bin/arch              = unknown
/usr/bin/arch -k       = unknown
/usr/convex/getsysinfo = unknown
/usr/bin/hostinfo      = Mach kernel version:
	 Darwin Kernel Version 11.3.0: Thu Jan 12 18:47:41 PST 2012; root:xnu-1699.24.23~1/RELEASE_X86_64
Kernel configured for up to 4 processors.
2 processors are physically available.
4 processors are logically available.
Processor type: i486 (Intel 80486)
Processors active: 0 1 2 3
Primary memory available: 8.00 gigabytes
Default processor set: 137 tasks, 748 threads, 4 processors
Load average: 1.23, Mach factor: 2.76
/bin/machine           = unknown
/usr/bin/oslevel       = unknown
/bin/universe          = unknown

PATH: /usr/local/mysql-5.5.17-osx10.6-x86_64/bin
PATH: /Users/hflambo/local/ImageMagick-binary/bin
PATH: /Applications/Gimp.app/Contents/Resources/bin
PATH: /Users/hflambo/local/node-v0.6.5-binary/bin
PATH: /Users/hflambo/local/xuggler/bin
PATH: /Users/hflambo/Desktop/apache-maven-3.0.3/bin
PATH: .
PATH: /Library/Anybet/tools/mvn/bin
PATH: /usr/bin
PATH: /bin
PATH: /usr/sbin
PATH: /sbin
PATH: /usr/local/bin
PATH: /Library/Anybet/bin
PATH: /usr/local/git/bin
PATH: /Library/Anybet/tools/jad/bin
PATH: /Library/Anybet/tools/jmeter/bin
PATH: /Library/Anybet/tools/mas/jboss/bin
PATH: /Library/Anybet/tools/maven/bin
PATH: /Library/Anybet/tools/mq/bin
PATH: /Library/Anybet/tools/mvn/bin
PATH: /Library/Anybet/tools/selenium/bin
PATH: /Library/Anybet/tools/soapui/bin
PATH: /usr/X11/bin
PATH: /Users/hflambo/local/play-1.2.4
PATH: /Users/hflambo/local/gigfork-video-ffmpeg/ffmpeg-vda-gigfork/bin
PATH: /Users/hflambo/local/alfresco-svn/root-02-04-2012/gigfork-server/gcc-5666.3/build/dst/bin
PATH: /Users/hflambo/local/alfresco-svn/root-02-04-2012/gigfork-server/gcc-5666.3/build/dst/usr/bin


## ----------- ##
## Core tests. ##
## ----------- ##

configure:2365: checking build system type
configure:2379: result: x86_64-apple-darwin11.3.0
configure:2399: checking host system type
configure:2412: result: x86_64-apple-darwin11.3.0
configure:2432: checking target system type
configure:2445: result: x86_64-apple-darwin11.3.0
configure:2473: checking whether to use default CFLAGS
configure:2481: result: no
configure:2533: checking for gcc
configure:2560: result: gcc-4.2
configure:2789: checking for C compiler version
configure:2798: gcc-4.2 --version >&5
i686-apple-darwin11-gcc-4.2.1 (GCC) 4.2.1 (Apple Inc. build 5666) (dot 3)
Copyright (C) 2007 Free Software Foundation, Inc.
This is free software; see the source for copying conditions.  There is NO
warranty; not even for MERCHANTABILITY or FITNESS FOR A PARTICULAR PURPOSE.

configure:2809: $? = 0
configure:2798: gcc-4.2 -v >&5
Using built-in specs.
Target: i686-apple-darwin11
Configured with: /Users/hflambo/local/alfresco-svn/root-02-04-2012/gigfork-server/gcc-5666.3/build/obj/src/configure --disable-checking --enable-werror --prefix=/usr --mandir=/share/man --enable-languages=c,objc,c++,obj-c++ --program-transform-name=/^[cg][^.-]*$/s/$/-4.2/ --with-slibdir=/usr/lib --build=i686-apple-darwin11 --program-prefix=i686-apple-darwin11- --host=x86_64-apple-darwin11 --target=i686-apple-darwin11 --with-gxx-include-dir=/include/c++/4.2.1
Thread model: posix
gcc version 4.2.1 (Apple Inc. build 5666) (dot 3)
configure:2809: $? = 0
configure:2798: gcc-4.2 -V >&5
gcc-4.2: argument to `-V' is missing
configure:2809: $? = 1
configure:2798: gcc-4.2 -qversion >&5
i686-apple-darwin11-gcc-4.2.1: no input files
configure:2809: $? = 1
configure:2829: checking whether the C compiler works
configure:2851: gcc-4.2 -arch x86_64  -arch x86_64 -O3 conftest.c  >&5
configure:2855: $? = 0
configure:2903: result: yes
configure:2906: checking for C compiler default output file name
configure:2908: result: a.out
configure:2914: checking for suffix of executables
configure:2921: gcc-4.2 -o conftest -arch x86_64  -arch x86_64 -O3 conftest.c  >&5
configure:2925: $? = 0
configure:2947: result: 
configure:2969: checking whether we are cross compiling
configure:2977: gcc-4.2 -o conftest -arch x86_64  -arch x86_64 -O3 conftest.c  >&5
configure:2981: $? = 0
configure:2988: ./conftest
configure:2992: $? = 0
configure:3007: result: no
configure:3012: checking for suffix of object files
configure:3034: gcc-4.2 -c -arch x86_64  conftest.c >&5
configure:3038: $? = 0
configure:3059: result: o
configure:3063: checking whether we are using the GNU C compiler
configure:3082: gcc-4.2 -c -arch x86_64  conftest.c >&5
configure:3082: $? = 0
configure:3091: result: yes
configure:3100: checking whether gcc-4.2 accepts -g
configure:3120: gcc-4.2 -c -g  conftest.c >&5
configure:3120: $? = 0
configure:3161: result: yes
configure:3178: checking for gcc-4.2 option to accept ISO C89
configure:3242: gcc-4.2  -c -arch x86_64  conftest.c >&5
configure:3242: $? = 0
configure:3255: result: none needed
configure:3291: checking for a BSD-compatible install
configure:3359: result: /usr/bin/install -c
configure:3415: checking for ranlib
configure:3431: found /usr/bin/ranlib
configure:3442: result: ranlib
configure:3507: checking for ar
configure:3523: found /usr/bin/ar
configure:3534: result: ar
configure:3561: checking for whether to use assembly code
configure:3564: result: yes
configure:3566: checking for architecture type
configure:3575: result: x86_64
configure:3609: checking how to run the C preprocessor
configure:3640: gcc-4.2 -E  conftest.c
configure:3640: $? = 0
configure:3654: gcc-4.2 -E  conftest.c
conftest.c:9:28: error: ac_nonexistent.h: No such file or directory
configure:3654: $? = 1
configure: failed program was:
| /* confdefs.h */
| #define PACKAGE_NAME "Xvid"
| #define PACKAGE_TARNAME "xvid"
| #define PACKAGE_VERSION "1.3.2"
| #define PACKAGE_STRING "Xvid 1.3.2"
| #define PACKAGE_BUGREPORT "xvid-devel@xvid.org"
| #define PACKAGE_URL ""
| /* end confdefs.h.  */
| #include <ac_nonexistent.h>
configure:3679: result: gcc-4.2 -E
configure:3699: gcc-4.2 -E  conftest.c
configure:3699: $? = 0
configure:3713: gcc-4.2 -E  conftest.c
conftest.c:9:28: error: ac_nonexistent.h: No such file or directory
configure:3713: $? = 1
configure: failed program was:
| /* confdefs.h */
| #define PACKAGE_NAME "Xvid"
| #define PACKAGE_TARNAME "xvid"
| #define PACKAGE_VERSION "1.3.2"
| #define PACKAGE_STRING "Xvid 1.3.2"
| #define PACKAGE_BUGREPORT "xvid-devel@xvid.org"
| #define PACKAGE_URL ""
| /* end confdefs.h.  */
| #include <ac_nonexistent.h>
configure:3742: checking for grep that handles long lines and -e
configure:3800: result: /usr/bin/grep
configure:3805: checking for egrep
configure:3867: result: /usr/bin/grep -E
configure:3872: checking for ANSI C header files
configure:3892: gcc-4.2 -c -arch x86_64  conftest.c >&5
configure:3892: $? = 0
configure:3965: gcc-4.2 -o conftest -arch x86_64  -arch x86_64 -O3 conftest.c  >&5
configure:3965: $? = 0
configure:3965: ./conftest
configure:3965: $? = 0
configure:3976: result: yes
configure:3989: checking for sys/types.h
configure:3989: gcc-4.2 -c -arch x86_64  conftest.c >&5
configure:3989: $? = 0
configure:3989: result: yes
configure:3989: checking for sys/stat.h
configure:3989: gcc-4.2 -c -arch x86_64  conftest.c >&5
configure:3989: $? = 0
configure:3989: result: yes
configure:3989: checking for stdlib.h
configure:3989: gcc-4.2 -c -arch x86_64  conftest.c >&5
configure:3989: $? = 0
configure:3989: result: yes
configure:3989: checking for string.h
configure:3989: gcc-4.2 -c -arch x86_64  conftest.c >&5
configure:3989: $? = 0
configure:3989: result: yes
configure:3989: checking for memory.h
configure:3989: gcc-4.2 -c -arch x86_64  conftest.c >&5
configure:3989: $? = 0
configure:3989: result: yes
configure:3989: checking for strings.h
configure:3989: gcc-4.2 -c -arch x86_64  conftest.c >&5
configure:3989: $? = 0
configure:3989: result: yes
configure:3989: checking for inttypes.h
configure:3989: gcc-4.2 -c -arch x86_64  conftest.c >&5
configure:3989: $? = 0
configure:3989: result: yes
configure:3989: checking for stdint.h
configure:3989: gcc-4.2 -c -arch x86_64  conftest.c >&5
configure:3989: $? = 0
configure:3989: result: yes
configure:3989: checking for unistd.h
configure:3989: gcc-4.2 -c -arch x86_64  conftest.c >&5
configure:3989: $? = 0
configure:3989: result: yes
configure:4005: checking size of int *
configure:4010: gcc-4.2 -o conftest -arch x86_64  -arch x86_64 -O3 conftest.c  >&5
configure:4010: $? = 0
configure:4010: ./conftest
configure:4010: $? = 0
configure:4024: result: 8
configure:4048: checking whether byte ordering is bigendian
configure:4063: gcc-4.2 -c -arch x86_64  conftest.c >&5
configure:4063: $? = 0
configure:4108: gcc-4.2 -c -arch x86_64  conftest.c >&5
configure:4108: $? = 0
configure:4126: gcc-4.2 -c -arch x86_64  conftest.c >&5
conftest.c: In function 'main':
conftest.c:27: error: 'not' undeclared (first use in this function)
conftest.c:27: error: (Each undeclared identifier is reported only once
conftest.c:27: error: for each function it appears in.)
conftest.c:27: error: expected ';' before 'big'
configure:4126: $? = 1
configure: failed program was:
| /* confdefs.h */
| #define PACKAGE_NAME "Xvid"
| #define PACKAGE_TARNAME "xvid"
| #define PACKAGE_VERSION "1.3.2"
| #define PACKAGE_STRING "Xvid 1.3.2"
| #define PACKAGE_BUGREPORT "xvid-devel@xvid.org"
| #define PACKAGE_URL ""
| #define STDC_HEADERS 1
| #define HAVE_SYS_TYPES_H 1
| #define HAVE_SYS_STAT_H 1
| #define HAVE_STDLIB_H 1
| #define HAVE_STRING_H 1
| #define HAVE_MEMORY_H 1
| #define HAVE_STRINGS_H 1
| #define HAVE_INTTYPES_H 1
| #define HAVE_STDINT_H 1
| #define HAVE_UNISTD_H 1
| #define SIZEOF_INT_P 8
| /* end confdefs.h.  */
| #include <sys/types.h>
| 		#include <sys/param.h>
| 
| int
| main ()
| {
| #if BYTE_ORDER != BIG_ENDIAN
| 		 not big endian
| 		#endif
| 
|   ;
|   return 0;
| }
configure:4254: result: no
configure:4273: checking for build extensions
configure:4299: result: .dynlib .a .o
configure:4316: checking for platform specific LDFLAGS/CFLAGS
configure:4351: result: dylib options
configure:4401: checking for yasm
configure:4422: found /usr/local/bin/yasm
configure:4446: result: yes
configure:4455: checking for yasm version
configure:4461: result: 1
configure:4554: checking for asm object format
configure:4585: result: macho64
configure:4719: checking stdio.h usability
configure:4719: gcc-4.2 -c -arch x86_64  conftest.c >&5
configure:4719: $? = 0
configure:4719: result: yes
configure:4719: checking stdio.h presence
configure:4719: gcc-4.2 -E  conftest.c
configure:4719: $? = 0
configure:4719: result: yes
configure:4719: checking for stdio.h
configure:4719: result: yes
configure:4719: checking signal.h usability
configure:4719: gcc-4.2 -c -arch x86_64  conftest.c >&5
configure:4719: $? = 0
configure:4719: result: yes
configure:4719: checking signal.h presence
configure:4719: gcc-4.2 -E  conftest.c
configure:4719: $? = 0
configure:4719: result: yes
configure:4719: checking for signal.h
configure:4719: result: yes
configure:4719: checking for stdlib.h
configure:4719: result: yes
configure:4719: checking for string.h
configure:4719: result: yes
configure:4719: checking assert.h usability
configure:4719: gcc-4.2 -c -arch x86_64  conftest.c >&5
configure:4719: $? = 0
configure:4719: result: yes
configure:4719: checking assert.h presence
configure:4719: gcc-4.2 -E  conftest.c
configure:4719: $? = 0
configure:4719: result: yes
configure:4719: checking for assert.h
configure:4719: result: yes
configure:4719: checking math.h usability
configure:4719: gcc-4.2 -c -arch x86_64  conftest.c >&5
configure:4719: $? = 0
configure:4719: result: yes
configure:4719: checking math.h presence
configure:4719: gcc-4.2 -E  conftest.c
configure:4719: $? = 0
configure:4719: result: yes
configure:4719: checking for math.h
configure:4719: result: yes
configure:4734: checking pthread.h usability
configure:4734: gcc-4.2 -c -arch x86_64  conftest.c >&5
configure:4734: $? = 0
configure:4734: result: yes
configure:4734: checking pthread.h presence
configure:4734: gcc-4.2 -E  conftest.c
configure:4734: $? = 0
configure:4734: result: yes
configure:4734: checking for pthread.h
configure:4734: result: yes
configure:4736: checking for pthread_create in -lpthread
configure:4761: gcc-4.2 -o conftest -arch x86_64  -arch x86_64 -O3 conftest.c -lpthread   >&5
configure:4761: $? = 0
configure:4770: result: yes
configure:5027: creating ./config.status

## ---------------------- ##
## Running config.status. ##
## ---------------------- ##

This file was extended by Xvid config.status 1.3.2, which was
generated by GNU Autoconf 2.68.  Invocation command line was

  CONFIG_FILES    = 
  CONFIG_HEADERS  = 
  CONFIG_LINKS    = 
  CONFIG_COMMANDS = 
  $ ./config.status 

on hflambo-mac.anybet.de

config.status:780: creating platform.inc

## ---------------- ##
## Cache variables. ##
## ---------------- ##

ac_cv_build=x86_64-apple-darwin11.3.0
ac_cv_c_bigendian=no
ac_cv_c_compiler_gnu=yes
ac_cv_env_CC_set=set
ac_cv_env_CC_value=gcc-4.2
ac_cv_env_CFLAGS_set=set
ac_cv_env_CFLAGS_value='-arch x86_64'
ac_cv_env_CPPFLAGS_set=
ac_cv_env_CPPFLAGS_value=
ac_cv_env_CPP_set=
ac_cv_env_CPP_value=
ac_cv_env_LDFLAGS_set=set
ac_cv_env_LDFLAGS_value='-arch x86_64 -O3'
ac_cv_env_LIBS_set=
ac_cv_env_LIBS_value=
ac_cv_env_build_alias_set=
ac_cv_env_build_alias_value=
ac_cv_env_host_alias_set=
ac_cv_env_host_alias_value=
ac_cv_env_target_alias_set=
ac_cv_env_target_alias_value=
ac_cv_header_assert_h=yes
ac_cv_header_inttypes_h=yes
ac_cv_header_math_h=yes
ac_cv_header_memory_h=yes
ac_cv_header_pthread_h=yes
ac_cv_header_signal_h=yes
ac_cv_header_stdc=yes
ac_cv_header_stdint_h=yes
ac_cv_header_stdio_h=yes
ac_cv_header_stdlib_h=yes
ac_cv_header_string_h=yes
ac_cv_header_strings_h=yes
ac_cv_header_sys_stat_h=yes
ac_cv_header_sys_types_h=yes
ac_cv_header_unistd_h=yes
ac_cv_host=x86_64-apple-darwin11.3.0
ac_cv_lib_pthread_pthread_create=yes
ac_cv_objext=o
ac_cv_path_EGREP='/usr/bin/grep -E'
ac_cv_path_GREP=/usr/bin/grep
ac_cv_path_install='/usr/bin/install -c'
ac_cv_prog_CPP='gcc-4.2 -E'
ac_cv_prog_ac_ct_AR=ar
ac_cv_prog_ac_ct_CC=gcc-4.2
ac_cv_prog_ac_ct_RANLIB=ranlib
ac_cv_prog_ac_yasm=yes
ac_cv_prog_cc_c89=
ac_cv_prog_cc_g=yes
ac_cv_sizeof_int_p=8
ac_cv_target=x86_64-apple-darwin11.3.0

## ----------------- ##
## Output variables. ##
## ----------------- ##

AFLAGS='-I$(<D)/ -I../../src/ -f macho64 -DPREFIX  -DARCH_IS_X86_64'
ALTIVEC_CFLAGS=''
API_MAJOR='4'
API_MINOR='3'
AR='ar'
ARCHITECTURE='X86_64'
AS='yasm'
ASSEMBLY_EXTENSION='asm'
ASSEMBLY_SOURCES='SRC_X86_64'
BUS='64BIT'
CC='gcc-4.2'
CFLAGS='-arch x86_64'
CPP='gcc-4.2 -E'
CPPFLAGS=''
DCT_IA64_SOURCES=''
DEFS='-DPACKAGE_NAME=\"Xvid\" -DPACKAGE_TARNAME=\"xvid\" -DPACKAGE_VERSION=\"1.3.2\" -DPACKAGE_STRING=\"Xvid\ 1.3.2\" -DPACKAGE_BUGREPORT=\"xvid-devel@xvid.org\" -DPACKAGE_URL=\"\" -DSTDC_HEADERS=1 -DHAVE_SYS_TYPES_H=1 -DHAVE_SYS_STAT_H=1 -DHAVE_STDLIB_H=1 -DHAVE_STRING_H=1 -DHAVE_MEMORY_H=1 -DHAVE_STRINGS_H=1 -DHAVE_INTTYPES_H=1 -DHAVE_STDINT_H=1 -DHAVE_UNISTD_H=1 -DSIZEOF_INT_P=8 -DHAVE_STDIO_H=1 -DHAVE_SIGNAL_H=1 -DHAVE_STDLIB_H=1 -DHAVE_STRING_H=1 -DHAVE_ASSERT_H=1 -DHAVE_MATH_H=1'
ECHO_C='\c'
ECHO_N=''
ECHO_T=''
EGREP='/usr/bin/grep -E'
ENDIANNESS='LITTLE_ENDIAN'
EXEEXT=''
FEATURES=''
GENERIC_SOURCES='SRC_GENERIC'
GREP='/usr/bin/grep'
INSTALL_DATA='${INSTALL} -m 644'
INSTALL_PROGRAM='${INSTALL}'
INSTALL_SCRIPT='${INSTALL}'
LDFLAGS='-arch x86_64 -O3'
LIBOBJS=''
LIBS=''
LTLIBOBJS=''
NASM_FORMAT='macho64'
OBJECT_EXTENSION='o'
OBJEXT='o'
PACKAGE_BUGREPORT='xvid-devel@xvid.org'
PACKAGE_NAME='Xvid'
PACKAGE_STRING='Xvid 1.3.2'
PACKAGE_TARNAME='xvid'
PACKAGE_URL=''
PACKAGE_VERSION='1.3.2'
PATH_SEPARATOR=':'
PPC_ALTIVEC_SOURCES=''
PRE_SHARED_LIB='libxvidcore.$(API_MAJOR).$(SHARED_EXTENSION)'
RANLIB='ranlib'
SHARED_EXTENSION='dylib'
SHARED_LIB='libxvidcore.$(API_MAJOR).$(SHARED_EXTENSION)'
SHELL='/bin/sh'
SPECIFIC_CFLAGS='-fPIC -fno-common -no-cpp-precomp -DHAVE_PTHREAD '
SPECIFIC_LDFLAGS='-Wl,-read_only_relocs,suppress -dynamiclib -flat_namespace -compatibility_version $(API_MAJOR) -current_version $(API_MAJOR).$(API_MINOR) -install_name $(libdir)/$(SHARED_LIB) -lpthread '
STATIC_EXTENSION='a'
STATIC_LIB='libxvidcore.$(STATIC_EXTENSION)'
ac_ct_CC='gcc-4.2'
ac_nasm=''
ac_yasm='yes'
bindir='${exec_prefix}/bin'
build='x86_64-apple-darwin11.3.0'
build_alias=''
build_cpu='x86_64'
build_os='darwin11.3.0'
build_vendor='apple'
datadir='${datarootdir}'
datarootdir='${prefix}/share'
docdir='${datarootdir}/doc/${PACKAGE_TARNAME}'
dvidir='${docdir}'
exec_prefix='${prefix}'
host='x86_64-apple-darwin11.3.0'
host_alias=''
host_cpu='x86_64'
host_os='darwin11.3.0'
host_vendor='apple'
htmldir='${docdir}'
includedir='${prefix}/include'
infodir='${datarootdir}/info'
libdir='${exec_prefix}/lib'
libexecdir='${exec_prefix}/libexec'
localedir='${datarootdir}/locale'
localstatedir='${prefix}/var'
mandir='${datarootdir}/man'
oldincludedir='/usr/include'
pdfdir='${docdir}'
prefix='/Users/hflambo/local/alfresco-svn/root-02-04-2012/gigfork-server/FFmpeg-build'
program_transform_name='s,x,x,'
psdir='${docdir}'
sbindir='${exec_prefix}/sbin'
sharedstatedir='${prefix}/com'
sysconfdir='${prefix}/etc'
target='x86_64-apple-darwin11.3.0'
target_alias=''
target_cpu='x86_64'
target_os='darwin11.3.0'
target_vendor='apple'

## ----------- ##
## confdefs.h. ##
## ----------- ##

/* confdefs.h */
#define PACKAGE_NAME "Xvid"
#define PACKAGE_TARNAME "xvid"
#define PACKAGE_VERSION "1.3.2"
#define PACKAGE_STRING "Xvid 1.3.2"
#define PACKAGE_BUGREPORT "xvid-devel@xvid.org"
#define PACKAGE_URL ""
#define STDC_HEADERS 1
#define HAVE_SYS_TYPES_H 1
#define HAVE_SYS_STAT_H 1
#define HAVE_STDLIB_H 1
#define HAVE_STRING_H 1
#define HAVE_MEMORY_H 1
#define HAVE_STRINGS_H 1
#define HAVE_INTTYPES_H 1
#define HAVE_STDINT_H 1
#define HAVE_UNISTD_H 1
#define SIZEOF_INT_P 8
#define HAVE_STDIO_H 1
#define HAVE_SIGNAL_H 1
#define HAVE_STDLIB_H 1
#define HAVE_STRING_H 1
#define HAVE_ASSERT_H 1
#define HAVE_MATH_H 1

configure: exit 0
