This file contains any messages produced by compilers while
running configure, to aid debugging if configure makes a mistake.

It was created by libao configure 1.1.0, which was
generated by GNU Autoconf 2.67.  Invocation command line was

  $ ./configure --prefix=/Users/hflambo/local/alfresco-svn/root-02-04-2012/gigfork-server/FFmpeg-build

## --------- ##
## Platform. ##
## --------- ##

hostname = hflambo-mac.anybet.de
uname -m = x86_64
uname -r = 11.3.0
uname -s = Darwin
uname -v = Darwin Kernel Version 11.3.0: Thu Jan 12 18:47:41 PST 2012; root:xnu-1699.24.23~1/RELEASE_X86_64

/usr/bin/uname -p = i386
/bin/uname -X     = unknown

/bin/arch              = unknown
/usr/bin/arch -k       = unknown
/usr/convex/getsysinfo = unknown
/usr/bin/hostinfo      = Mach kernel version:
	 Darwin Kernel Version 11.3.0: Thu Jan 12 18:47:41 PST 2012; root:xnu-1699.24.23~1/RELEASE_X86_64
Kernel configured for up to 4 processors.
2 processors are physically available.
4 processors are logically available.
Processor type: i486 (Intel 80486)
Processors active: 0 1 2 3
Primary memory available: 8.00 gigabytes
Default processor set: 129 tasks, 698 threads, 4 processors
Load average: 0.76, Mach factor: 3.23
/bin/machine           = unknown
/usr/bin/oslevel       = unknown
/bin/universe          = unknown

PATH: /usr/local/mysql-5.5.17-osx10.6-x86_64/bin
PATH: /Users/hflambo/local/ImageMagick-binary/bin
PATH: /Applications/Gimp.app/Contents/Resources/bin
PATH: /Users/hflambo/local/node-v0.6.5-binary/bin
PATH: /Users/hflambo/local/xuggler/bin
PATH: /Users/hflambo/Desktop/apache-maven-3.0.3/bin
PATH: .
PATH: /Library/Anybet/tools/mvn/bin
PATH: /usr/bin
PATH: /bin
PATH: /usr/sbin
PATH: /sbin
PATH: /usr/local/bin
PATH: /Library/Anybet/bin
PATH: /usr/local/git/bin
PATH: /Library/Anybet/tools/jad/bin
PATH: /Library/Anybet/tools/jmeter/bin
PATH: /Library/Anybet/tools/mas/jboss/bin
PATH: /Library/Anybet/tools/maven/bin
PATH: /Library/Anybet/tools/mq/bin
PATH: /Library/Anybet/tools/mvn/bin
PATH: /Library/Anybet/tools/selenium/bin
PATH: /Library/Anybet/tools/soapui/bin
PATH: /usr/X11/bin
PATH: /Users/hflambo/local/play-1.2.4
PATH: /Users/hflambo/local/gigfork-video-ffmpeg/ffmpeg-vda-gigfork/bin
PATH: /Users/hflambo/local/alfresco-svn/root-02-04-2012/gigfork-server/gcc-5666.3/build/dst/bin
PATH: /Users/hflambo/local/alfresco-svn/root-02-04-2012/gigfork-server/gcc-5666.3/build/dst/usr/bin


## ----------- ##
## Core tests. ##
## ----------- ##

configure:2626: checking for a BSD-compatible install
configure:2694: result: /usr/bin/install -c
configure:2705: checking whether build environment is sane
configure:2742: result: yes
configure:2804: checking for gawk
configure:2834: result: no
configure:2804: checking for mawk
configure:2834: result: no
configure:2804: checking for nawk
configure:2834: result: no
configure:2804: checking for awk
configure:2820: found /usr/bin/awk
configure:2831: result: awk
configure:2842: checking whether make sets $(MAKE)
configure:2864: result: yes
configure:3043: checking whether to enable maintainer-specific portions of Makefiles
configure:3052: result: no
configure:3113: checking build system type
configure:3127: result: i386-apple-darwin11.3.0
configure:3147: checking host system type
configure:3160: result: i386-apple-darwin11.3.0
configure:3234: checking for gcc
configure:3261: result: gcc-4.2
configure:3490: checking for C compiler version
configure:3499: gcc-4.2 --version >&5
i686-apple-darwin11-gcc-4.2.1 (GCC) 4.2.1 (Apple Inc. build 5666) (dot 3)
Copyright (C) 2007 Free Software Foundation, Inc.
This is free software; see the source for copying conditions.  There is NO
warranty; not even for MERCHANTABILITY or FITNESS FOR A PARTICULAR PURPOSE.

configure:3510: $? = 0
configure:3499: gcc-4.2 -v >&5
Using built-in specs.
Target: i686-apple-darwin11
Configured with: /Users/hflambo/local/alfresco-svn/root-02-04-2012/gigfork-server/gcc-5666.3/build/obj/src/configure --disable-checking --enable-werror --prefix=/usr --mandir=/share/man --enable-languages=c,objc,c++,obj-c++ --program-transform-name=/^[cg][^.-]*$/s/$/-4.2/ --with-slibdir=/usr/lib --build=i686-apple-darwin11 --program-prefix=i686-apple-darwin11- --host=x86_64-apple-darwin11 --target=i686-apple-darwin11 --with-gxx-include-dir=/include/c++/4.2.1
Thread model: posix
gcc version 4.2.1 (Apple Inc. build 5666) (dot 3)
configure:3510: $? = 0
configure:3499: gcc-4.2 -V >&5
gcc-4.2: argument to `-V' is missing
configure:3510: $? = 1
configure:3499: gcc-4.2 -qversion >&5
i686-apple-darwin11-gcc-4.2.1: no input files
configure:3510: $? = 1
configure:3530: checking whether the C compiler works
configure:3552: gcc-4.2 -arch x86_64 -O3  -arch x86_64 -O3 conftest.c  >&5
configure:3556: $? = 0
configure:3604: result: yes
configure:3607: checking for C compiler default output file name
configure:3609: result: a.out
configure:3615: checking for suffix of executables
configure:3622: gcc-4.2 -o conftest -arch x86_64 -O3  -arch x86_64 -O3 conftest.c  >&5
configure:3626: $? = 0
configure:3648: result: 
configure:3670: checking whether we are cross compiling
configure:3678: gcc-4.2 -o conftest -arch x86_64 -O3  -arch x86_64 -O3 conftest.c  >&5
configure:3682: $? = 0
configure:3689: ./conftest
configure:3693: $? = 0
configure:3708: result: no
configure:3713: checking for suffix of object files
configure:3735: gcc-4.2 -c -arch x86_64 -O3  conftest.c >&5
configure:3739: $? = 0
configure:3760: result: o
configure:3764: checking whether we are using the GNU C compiler
configure:3783: gcc-4.2 -c -arch x86_64 -O3  conftest.c >&5
configure:3783: $? = 0
configure:3792: result: yes
configure:3801: checking whether gcc-4.2 accepts -g
configure:3821: gcc-4.2 -c -g  conftest.c >&5
configure:3821: $? = 0
configure:3862: result: yes
configure:3879: checking for gcc-4.2 option to accept ISO C89
configure:3943: gcc-4.2  -c -arch x86_64 -O3  conftest.c >&5
configure:3943: $? = 0
configure:3956: result: none needed
configure:3987: checking for style of include used by make
configure:4015: result: GNU
configure:4043: checking dependency style of gcc-4.2
configure:4133: result: gcc3
configure:4482: checking for a sed that does not truncate output
configure:4546: result: /usr/bin/sed
configure:4564: checking for grep that handles long lines and -e
configure:4622: result: /usr/bin/grep
configure:4627: checking for egrep
configure:4689: result: /usr/bin/grep -E
configure:4694: checking for fgrep
configure:4756: result: /usr/bin/grep -F
configure:4791: checking for ld used by gcc-4.2
configure:4858: result: /usr/bin/ld
configure:4865: checking if the linker (/usr/bin/ld) is GNU ld
configure:4880: result: no
configure:4892: checking for BSD- or MS-compatible name lister (nm)
configure:4941: result: /usr/bin/nm
configure:5059: checking the name lister (/usr/bin/nm) interface
configure:5066: gcc-4.2 -c -arch x86_64 -O3  conftest.c >&5
configure:5069: /usr/bin/nm "conftest.o"
configure:5072: output
0000000000000000 D _some_variable
configure:5079: result: BSD nm
configure:5082: checking whether ln -s works
configure:5086: result: yes
configure:5094: checking the maximum length of command line arguments
configure:5214: result: 196608
configure:5231: checking whether the shell understands some XSI constructs
configure:5241: result: yes
configure:5245: checking whether the shell understands "+="
configure:5251: result: yes
configure:5286: checking for /usr/bin/ld option to reload object files
configure:5293: result: -r
configure:5362: checking for objdump
configure:5389: result: objdump
configure:5418: checking how to recognize dependent libraries
configure:5614: result: pass_all
configure:5674: checking for ar
configure:5690: found /usr/bin/ar
configure:5701: result: ar
configure:5779: checking for strip
configure:5795: found /usr/bin/strip
configure:5806: result: strip
configure:5878: checking for ranlib
configure:5894: found /usr/bin/ranlib
configure:5905: result: ranlib
configure:5995: checking command to parse /usr/bin/nm output from gcc-4.2 object
configure:6113: gcc-4.2 -c -arch x86_64 -O3  conftest.c >&5
configure:6116: $? = 0
configure:6120: /usr/bin/nm conftest.o \| sed -n -e 's/^.*[	 ]\([BCDEGRST][BCDEGRST]*\)[	 ][	 ]*\([_A-Za-z][_A-Za-z0-9]*\)$/\1 \2 \2/p' \> conftest.nm
configure:6123: $? = 0
cannot find nm_test_var in conftest.nm
configure:6113: gcc-4.2 -c -arch x86_64 -O3  conftest.c >&5
configure:6116: $? = 0
configure:6120: /usr/bin/nm conftest.o \| sed -n -e 's/^.*[	 ]\([BCDEGRST][BCDEGRST]*\)[	 ][	 ]*_\([_A-Za-z][_A-Za-z0-9]*\)$/\1 _\2 \2/p' \> conftest.nm
configure:6123: $? = 0
configure:6177: gcc-4.2 -o conftest -arch x86_64 -O3  -arch x86_64 -O3 conftest.c conftstm.o >&5
configure:6180: $? = 0
configure:6218: result: ok
configure:6483: checking for dsymutil
configure:6499: found /usr/bin/dsymutil
configure:6510: result: dsymutil
configure:6575: checking for nmedit
configure:6591: found /usr/bin/nmedit
configure:6602: result: nmedit
configure:6667: checking for lipo
configure:6683: found /usr/bin/lipo
configure:6694: result: lipo
configure:6759: checking for otool
configure:6775: found /usr/bin/otool
configure:6786: result: otool
configure:6851: checking for otool64
configure:6881: result: no
configure:6926: checking for -single_module linker flag
gcc-4.2 -arch x86_64 -O3 -arch x86_64 -O3 -o libconftest.dylib -dynamiclib -Wl,-single_module conftest.c
configure:6953: result: yes
configure:6955: checking for -exported_symbols_list linker flag
configure:6975: gcc-4.2 -o conftest -arch x86_64 -O3  -arch x86_64 -O3 -Wl,-exported_symbols_list,conftest.sym conftest.c  >&5
configure:6975: $? = 0
configure:6985: result: yes
configure:7027: checking how to run the C preprocessor
configure:7058: gcc-4.2 -E  conftest.c
configure:7058: $? = 0
configure:7072: gcc-4.2 -E  conftest.c
conftest.c:11:28: error: ac_nonexistent.h: No such file or directory
configure:7072: $? = 1
configure: failed program was:
| /* confdefs.h */
| #define PACKAGE_NAME "libao"
| #define PACKAGE_TARNAME "libao"
| #define PACKAGE_VERSION "1.1.0"
| #define PACKAGE_STRING "libao 1.1.0"
| #define PACKAGE_BUGREPORT "monty@xiph.org"
| #define PACKAGE_URL ""
| #define PACKAGE "libao"
| #define VERSION "1.1.0"
| /* end confdefs.h.  */
| #include <ac_nonexistent.h>
configure:7097: result: gcc-4.2 -E
configure:7117: gcc-4.2 -E  conftest.c
configure:7117: $? = 0
configure:7131: gcc-4.2 -E  conftest.c
conftest.c:11:28: error: ac_nonexistent.h: No such file or directory
configure:7131: $? = 1
configure: failed program was:
| /* confdefs.h */
| #define PACKAGE_NAME "libao"
| #define PACKAGE_TARNAME "libao"
| #define PACKAGE_VERSION "1.1.0"
| #define PACKAGE_STRING "libao 1.1.0"
| #define PACKAGE_BUGREPORT "monty@xiph.org"
| #define PACKAGE_URL ""
| #define PACKAGE "libao"
| #define VERSION "1.1.0"
| /* end confdefs.h.  */
| #include <ac_nonexistent.h>
configure:7160: checking for ANSI C header files
configure:7180: gcc-4.2 -c -arch x86_64 -O3  conftest.c >&5
configure:7180: $? = 0
configure:7253: gcc-4.2 -o conftest -arch x86_64 -O3  -arch x86_64 -O3 conftest.c  >&5
configure:7253: $? = 0
configure:7253: ./conftest
configure:7253: $? = 0
configure:7264: result: yes
configure:7277: checking for sys/types.h
configure:7277: gcc-4.2 -c -arch x86_64 -O3  conftest.c >&5
configure:7277: $? = 0
configure:7277: result: yes
configure:7277: checking for sys/stat.h
configure:7277: gcc-4.2 -c -arch x86_64 -O3  conftest.c >&5
configure:7277: $? = 0
configure:7277: result: yes
configure:7277: checking for stdlib.h
configure:7277: gcc-4.2 -c -arch x86_64 -O3  conftest.c >&5
configure:7277: $? = 0
configure:7277: result: yes
configure:7277: checking for string.h
configure:7277: gcc-4.2 -c -arch x86_64 -O3  conftest.c >&5
configure:7277: $? = 0
configure:7277: result: yes
configure:7277: checking for memory.h
configure:7277: gcc-4.2 -c -arch x86_64 -O3  conftest.c >&5
configure:7277: $? = 0
configure:7277: result: yes
configure:7277: checking for strings.h
configure:7277: gcc-4.2 -c -arch x86_64 -O3  conftest.c >&5
configure:7277: $? = 0
configure:7277: result: yes
configure:7277: checking for inttypes.h
configure:7277: gcc-4.2 -c -arch x86_64 -O3  conftest.c >&5
configure:7277: $? = 0
configure:7277: result: yes
configure:7277: checking for stdint.h
configure:7277: gcc-4.2 -c -arch x86_64 -O3  conftest.c >&5
configure:7277: $? = 0
configure:7277: result: yes
configure:7277: checking for unistd.h
configure:7277: gcc-4.2 -c -arch x86_64 -O3  conftest.c >&5
configure:7277: $? = 0
configure:7277: result: yes
configure:7291: checking for dlfcn.h
configure:7291: gcc-4.2 -c -arch x86_64 -O3  conftest.c >&5
configure:7291: $? = 0
configure:7291: result: yes
configure:7441: checking for objdir
configure:7456: result: .libs
configure:7748: checking if gcc-4.2 supports -fno-rtti -fno-exceptions
configure:7766: gcc-4.2 -c -arch x86_64 -O3  -fno-rtti -fno-exceptions conftest.c >&5
cc1: warning: command line option "-fno-rtti" is valid for C++/ObjC++ but not for C
configure:7770: $? = 0
configure:7783: result: no
configure:7803: checking for gcc-4.2 option to produce PIC
configure:8075: result: -fno-common -DPIC
configure:8087: checking if gcc-4.2 PIC flag -fno-common -DPIC works
configure:8105: gcc-4.2 -c -arch x86_64 -O3  -fno-common -DPIC -DPIC conftest.c >&5
configure:8109: $? = 0
configure:8122: result: yes
configure:8146: checking if gcc-4.2 static flag -static works
configure:8174: result: no
configure:8189: checking if gcc-4.2 supports -c -o file.o
configure:8210: gcc-4.2 -c -arch x86_64 -O3  -o out/conftest2.o conftest.c >&5
configure:8214: $? = 0
configure:8236: result: yes
configure:8244: checking if gcc-4.2 supports -c -o file.o
configure:8291: result: yes
configure:8324: checking whether the gcc-4.2 linker (/usr/bin/ld) supports shared libraries
configure:9314: result: yes
configure:9553: checking dynamic linker characteristics
configure:10216: result: darwin11.3.0 dyld
configure:10318: checking how to hardcode library paths into programs
configure:10343: result: immediate
configure:10388: checking for dlopen in -ldl
configure:10413: gcc-4.2 -o conftest -arch x86_64 -O3  -arch x86_64 -O3 conftest.c -ldl   >&5
configure:10413: $? = 0
configure:10422: result: yes
configure:10637: checking whether a program can dlopen itself
configure:10707: gcc-4.2 -o conftest -arch x86_64 -O3  -DHAVE_DLFCN_H -arch x86_64 -O3  conftest.c -ldl  >&5
configure:10710: $? = 0
configure:10728: result: yes
configure:10733: checking whether a statically linked program can dlopen itself
configure:10803: gcc-4.2 -o conftest -arch x86_64 -O3  -DHAVE_DLFCN_H -arch x86_64 -O3   conftest.c -ldl  >&5
configure:10806: $? = 0
configure:10824: result: yes
configure:10863: checking whether stripping libraries is possible
configure:10877: result: yes
configure:10903: checking if libtool supports shared libraries
configure:10905: result: yes
configure:10908: checking whether to build shared libraries
configure:10929: result: yes
configure:10932: checking whether to build static libraries
configure:10936: result: no
configure:10975: checking for dlfcn.h
configure:10975: result: yes
configure:10980: checking for library containing dlopen
configure:11011: gcc-4.2 -o conftest -arch x86_64 -O3  -arch x86_64 -O3 conftest.c  >&5
configure:11011: $? = 0
configure:11028: result: none required
configure:11108: checking if libraries can be versioned
configure:11117: result: no
configure:11134: checking for pthread_kill in -lpthread
configure:11159: gcc-4.2 -o conftest -D__NO_MATH_INLINES -fsigned-char -arch x86_64 -O3 -DAO_BUILDING_LIBAO  -arch x86_64 -O3 conftest.c -lpthread   >&5
configure:11159: $? = 0
configure:11168: result: yes
configure:11209: checking size of short
configure:11214: gcc-4.2 -o conftest -D__NO_MATH_INLINES -fsigned-char -arch x86_64 -O3 -DAO_BUILDING_LIBAO  -arch x86_64 -O3 conftest.c -lpthread  >&5
configure:11214: $? = 0
configure:11214: ./conftest
configure:11214: $? = 0
configure:11228: result: 2
configure:11242: checking size of int
configure:11247: gcc-4.2 -o conftest -D__NO_MATH_INLINES -fsigned-char -arch x86_64 -O3 -DAO_BUILDING_LIBAO  -arch x86_64 -O3 conftest.c -lpthread  >&5
configure:11247: $? = 0
configure:11247: ./conftest
configure:11247: $? = 0
configure:11261: result: 4
configure:11275: checking size of long
configure:11280: gcc-4.2 -o conftest -D__NO_MATH_INLINES -fsigned-char -arch x86_64 -O3 -DAO_BUILDING_LIBAO  -arch x86_64 -O3 conftest.c -lpthread  >&5
configure:11280: $? = 0
configure:11280: ./conftest
configure:11280: $? = 0
configure:11294: result: 8
configure:11355: checking for mmsystem.h
configure:11355: gcc-4.2 -c -D__NO_MATH_INLINES -fsigned-char -arch x86_64 -O3 -DAO_BUILDING_LIBAO  conftest.c >&5
conftest.c:31:21: error: windows.h: No such file or directory
conftest.c:33:22: error: mmsystem.h: No such file or directory
configure:11355: $? = 1
configure: failed program was:
| /* confdefs.h */
| #define PACKAGE_NAME "libao"
| #define PACKAGE_TARNAME "libao"
| #define PACKAGE_VERSION "1.1.0"
| #define PACKAGE_STRING "libao 1.1.0"
| #define PACKAGE_BUGREPORT "monty@xiph.org"
| #define PACKAGE_URL ""
| #define PACKAGE "libao"
| #define VERSION "1.1.0"
| #define STDC_HEADERS 1
| #define HAVE_SYS_TYPES_H 1
| #define HAVE_SYS_STAT_H 1
| #define HAVE_STDLIB_H 1
| #define HAVE_STRING_H 1
| #define HAVE_MEMORY_H 1
| #define HAVE_STRINGS_H 1
| #define HAVE_INTTYPES_H 1
| #define HAVE_STDINT_H 1
| #define HAVE_UNISTD_H 1
| #define HAVE_DLFCN_H 1
| #define LT_OBJDIR ".libs/"
| #define HAVE_DLFCN_H 1
| #define HAVE_DLOPEN 1
| #define HAVE_LIBPTHREAD 1
| #define DLOPEN_FLAG (RTLD_LAZY)
| #define SHARED_LIB_EXT ".so"
| #define SIZEOF_SHORT 2
| #define SIZEOF_INT 4
| #define SIZEOF_LONG 8
| /* end confdefs.h.  */
| #include <windows.h>
| 
| #include <mmsystem.h>
configure:11355: result: no
configure:11466: checking for esd-config
configure:11497: result: no
configure:11506: checking for ESD - version >= 0.2.8
configure:11606: result: no
configure:11681: checking sys/soundcard.h usability
configure:11681: gcc-4.2 -c -D__NO_MATH_INLINES -fsigned-char -arch x86_64 -O3 -DAO_BUILDING_LIBAO  conftest.c >&5
conftest.c:64:27: error: sys/soundcard.h: No such file or directory
configure:11681: $? = 1
configure: failed program was:
| /* confdefs.h */
| #define PACKAGE_NAME "libao"
| #define PACKAGE_TARNAME "libao"
| #define PACKAGE_VERSION "1.1.0"
| #define PACKAGE_STRING "libao 1.1.0"
| #define PACKAGE_BUGREPORT "monty@xiph.org"
| #define PACKAGE_URL ""
| #define PACKAGE "libao"
| #define VERSION "1.1.0"
| #define STDC_HEADERS 1
| #define HAVE_SYS_TYPES_H 1
| #define HAVE_SYS_STAT_H 1
| #define HAVE_STDLIB_H 1
| #define HAVE_STRING_H 1
| #define HAVE_MEMORY_H 1
| #define HAVE_STRINGS_H 1
| #define HAVE_INTTYPES_H 1
| #define HAVE_STDINT_H 1
| #define HAVE_UNISTD_H 1
| #define HAVE_DLFCN_H 1
| #define LT_OBJDIR ".libs/"
| #define HAVE_DLFCN_H 1
| #define HAVE_DLOPEN 1
| #define HAVE_LIBPTHREAD 1
| #define DLOPEN_FLAG (RTLD_LAZY)
| #define SHARED_LIB_EXT ".so"
| #define SIZEOF_SHORT 2
| #define SIZEOF_INT 4
| #define SIZEOF_LONG 8
| /* end confdefs.h.  */
| #include <stdio.h>
| #ifdef HAVE_SYS_TYPES_H
| # include <sys/types.h>
| #endif
| #ifdef HAVE_SYS_STAT_H
| # include <sys/stat.h>
| #endif
| #ifdef STDC_HEADERS
| # include <stdlib.h>
| # include <stddef.h>
| #else
| # ifdef HAVE_STDLIB_H
| #  include <stdlib.h>
| # endif
| #endif
| #ifdef HAVE_STRING_H
| # if !defined STDC_HEADERS && defined HAVE_MEMORY_H
| #  include <memory.h>
| # endif
| # include <string.h>
| #endif
| #ifdef HAVE_STRINGS_H
| # include <strings.h>
| #endif
| #ifdef HAVE_INTTYPES_H
| # include <inttypes.h>
| #endif
| #ifdef HAVE_STDINT_H
| # include <stdint.h>
| #endif
| #ifdef HAVE_UNISTD_H
| # include <unistd.h>
| #endif
| #include <sys/soundcard.h>
configure:11681: result: no
configure:11681: checking sys/soundcard.h presence
configure:11681: gcc-4.2 -E  conftest.c
conftest.c:31:27: error: sys/soundcard.h: No such file or directory
configure:11681: $? = 1
configure: failed program was:
| /* confdefs.h */
| #define PACKAGE_NAME "libao"
| #define PACKAGE_TARNAME "libao"
| #define PACKAGE_VERSION "1.1.0"
| #define PACKAGE_STRING "libao 1.1.0"
| #define PACKAGE_BUGREPORT "monty@xiph.org"
| #define PACKAGE_URL ""
| #define PACKAGE "libao"
| #define VERSION "1.1.0"
| #define STDC_HEADERS 1
| #define HAVE_SYS_TYPES_H 1
| #define HAVE_SYS_STAT_H 1
| #define HAVE_STDLIB_H 1
| #define HAVE_STRING_H 1
| #define HAVE_MEMORY_H 1
| #define HAVE_STRINGS_H 1
| #define HAVE_INTTYPES_H 1
| #define HAVE_STDINT_H 1
| #define HAVE_UNISTD_H 1
| #define HAVE_DLFCN_H 1
| #define LT_OBJDIR ".libs/"
| #define HAVE_DLFCN_H 1
| #define HAVE_DLOPEN 1
| #define HAVE_LIBPTHREAD 1
| #define DLOPEN_FLAG (RTLD_LAZY)
| #define SHARED_LIB_EXT ".so"
| #define SIZEOF_SHORT 2
| #define SIZEOF_INT 4
| #define SIZEOF_LONG 8
| /* end confdefs.h.  */
| #include <sys/soundcard.h>
configure:11681: result: no
configure:11681: checking for sys/soundcard.h
configure:11681: result: no
configure:11693: checking machine/soundcard.h usability
configure:11693: gcc-4.2 -c -D__NO_MATH_INLINES -fsigned-char -arch x86_64 -O3 -DAO_BUILDING_LIBAO  conftest.c >&5
conftest.c:64:31: error: machine/soundcard.h: No such file or directory
configure:11693: $? = 1
configure: failed program was:
| /* confdefs.h */
| #define PACKAGE_NAME "libao"
| #define PACKAGE_TARNAME "libao"
| #define PACKAGE_VERSION "1.1.0"
| #define PACKAGE_STRING "libao 1.1.0"
| #define PACKAGE_BUGREPORT "monty@xiph.org"
| #define PACKAGE_URL ""
| #define PACKAGE "libao"
| #define VERSION "1.1.0"
| #define STDC_HEADERS 1
| #define HAVE_SYS_TYPES_H 1
| #define HAVE_SYS_STAT_H 1
| #define HAVE_STDLIB_H 1
| #define HAVE_STRING_H 1
| #define HAVE_MEMORY_H 1
| #define HAVE_STRINGS_H 1
| #define HAVE_INTTYPES_H 1
| #define HAVE_STDINT_H 1
| #define HAVE_UNISTD_H 1
| #define HAVE_DLFCN_H 1
| #define LT_OBJDIR ".libs/"
| #define HAVE_DLFCN_H 1
| #define HAVE_DLOPEN 1
| #define HAVE_LIBPTHREAD 1
| #define DLOPEN_FLAG (RTLD_LAZY)
| #define SHARED_LIB_EXT ".so"
| #define SIZEOF_SHORT 2
| #define SIZEOF_INT 4
| #define SIZEOF_LONG 8
| /* end confdefs.h.  */
| #include <stdio.h>
| #ifdef HAVE_SYS_TYPES_H
| # include <sys/types.h>
| #endif
| #ifdef HAVE_SYS_STAT_H
| # include <sys/stat.h>
| #endif
| #ifdef STDC_HEADERS
| # include <stdlib.h>
| # include <stddef.h>
| #else
| # ifdef HAVE_STDLIB_H
| #  include <stdlib.h>
| # endif
| #endif
| #ifdef HAVE_STRING_H
| # if !defined STDC_HEADERS && defined HAVE_MEMORY_H
| #  include <memory.h>
| # endif
| # include <string.h>
| #endif
| #ifdef HAVE_STRINGS_H
| # include <strings.h>
| #endif
| #ifdef HAVE_INTTYPES_H
| # include <inttypes.h>
| #endif
| #ifdef HAVE_STDINT_H
| # include <stdint.h>
| #endif
| #ifdef HAVE_UNISTD_H
| # include <unistd.h>
| #endif
| #include <machine/soundcard.h>
configure:11693: result: no
configure:11693: checking machine/soundcard.h presence
configure:11693: gcc-4.2 -E  conftest.c
conftest.c:31:31: error: machine/soundcard.h: No such file or directory
configure:11693: $? = 1
configure: failed program was:
| /* confdefs.h */
| #define PACKAGE_NAME "libao"
| #define PACKAGE_TARNAME "libao"
| #define PACKAGE_VERSION "1.1.0"
| #define PACKAGE_STRING "libao 1.1.0"
| #define PACKAGE_BUGREPORT "monty@xiph.org"
| #define PACKAGE_URL ""
| #define PACKAGE "libao"
| #define VERSION "1.1.0"
| #define STDC_HEADERS 1
| #define HAVE_SYS_TYPES_H 1
| #define HAVE_SYS_STAT_H 1
| #define HAVE_STDLIB_H 1
| #define HAVE_STRING_H 1
| #define HAVE_MEMORY_H 1
| #define HAVE_STRINGS_H 1
| #define HAVE_INTTYPES_H 1
| #define HAVE_STDINT_H 1
| #define HAVE_UNISTD_H 1
| #define HAVE_DLFCN_H 1
| #define LT_OBJDIR ".libs/"
| #define HAVE_DLFCN_H 1
| #define HAVE_DLOPEN 1
| #define HAVE_LIBPTHREAD 1
| #define DLOPEN_FLAG (RTLD_LAZY)
| #define SHARED_LIB_EXT ".so"
| #define SIZEOF_SHORT 2
| #define SIZEOF_INT 4
| #define SIZEOF_LONG 8
| /* end confdefs.h.  */
| #include <machine/soundcard.h>
configure:11693: result: no
configure:11693: checking for machine/soundcard.h
configure:11693: result: no
configure:11732: checking for snd_pcm_open in -lasound
configure:11757: gcc-4.2 -o conftest -D__NO_MATH_INLINES -fsigned-char -arch x86_64 -O3 -DAO_BUILDING_LIBAO  -arch x86_64 -O3 conftest.c -lasound  -lpthread  >&5
ld: library not found for -lasound
collect2: ld returned 1 exit status
configure:11757: $? = 1
configure: failed program was:
| /* confdefs.h */
| #define PACKAGE_NAME "libao"
| #define PACKAGE_TARNAME "libao"
| #define PACKAGE_VERSION "1.1.0"
| #define PACKAGE_STRING "libao 1.1.0"
| #define PACKAGE_BUGREPORT "monty@xiph.org"
| #define PACKAGE_URL ""
| #define PACKAGE "libao"
| #define VERSION "1.1.0"
| #define STDC_HEADERS 1
| #define HAVE_SYS_TYPES_H 1
| #define HAVE_SYS_STAT_H 1
| #define HAVE_STDLIB_H 1
| #define HAVE_STRING_H 1
| #define HAVE_MEMORY_H 1
| #define HAVE_STRINGS_H 1
| #define HAVE_INTTYPES_H 1
| #define HAVE_STDINT_H 1
| #define HAVE_UNISTD_H 1
| #define HAVE_DLFCN_H 1
| #define LT_OBJDIR ".libs/"
| #define HAVE_DLFCN_H 1
| #define HAVE_DLOPEN 1
| #define HAVE_LIBPTHREAD 1
| #define DLOPEN_FLAG (RTLD_LAZY)
| #define SHARED_LIB_EXT ".so"
| #define SIZEOF_SHORT 2
| #define SIZEOF_INT 4
| #define SIZEOF_LONG 8
| /* end confdefs.h.  */
| 
| /* Override any GCC internal prototype to avoid an error.
|    Use char because int might match the return type of a GCC
|    builtin and then its argument prototype would still apply.  */
| #ifdef __cplusplus
| extern "C"
| #endif
| char snd_pcm_open ();
| int
| main ()
| {
| return snd_pcm_open ();
|   ;
|   return 0;
| }
configure:11766: result: no
configure:11774: checking alsa/asoundlib.h usability
configure:11774: gcc-4.2 -c -D__NO_MATH_INLINES -fsigned-char -arch x86_64 -O3 -DAO_BUILDING_LIBAO  conftest.c >&5
conftest.c:64:28: error: alsa/asoundlib.h: No such file or directory
configure:11774: $? = 1
configure: failed program was:
| /* confdefs.h */
| #define PACKAGE_NAME "libao"
| #define PACKAGE_TARNAME "libao"
| #define PACKAGE_VERSION "1.1.0"
| #define PACKAGE_STRING "libao 1.1.0"
| #define PACKAGE_BUGREPORT "monty@xiph.org"
| #define PACKAGE_URL ""
| #define PACKAGE "libao"
| #define VERSION "1.1.0"
| #define STDC_HEADERS 1
| #define HAVE_SYS_TYPES_H 1
| #define HAVE_SYS_STAT_H 1
| #define HAVE_STDLIB_H 1
| #define HAVE_STRING_H 1
| #define HAVE_MEMORY_H 1
| #define HAVE_STRINGS_H 1
| #define HAVE_INTTYPES_H 1
| #define HAVE_STDINT_H 1
| #define HAVE_UNISTD_H 1
| #define HAVE_DLFCN_H 1
| #define LT_OBJDIR ".libs/"
| #define HAVE_DLFCN_H 1
| #define HAVE_DLOPEN 1
| #define HAVE_LIBPTHREAD 1
| #define DLOPEN_FLAG (RTLD_LAZY)
| #define SHARED_LIB_EXT ".so"
| #define SIZEOF_SHORT 2
| #define SIZEOF_INT 4
| #define SIZEOF_LONG 8
| /* end confdefs.h.  */
| #include <stdio.h>
| #ifdef HAVE_SYS_TYPES_H
| # include <sys/types.h>
| #endif
| #ifdef HAVE_SYS_STAT_H
| # include <sys/stat.h>
| #endif
| #ifdef STDC_HEADERS
| # include <stdlib.h>
| # include <stddef.h>
| #else
| # ifdef HAVE_STDLIB_H
| #  include <stdlib.h>
| # endif
| #endif
| #ifdef HAVE_STRING_H
| # if !defined STDC_HEADERS && defined HAVE_MEMORY_H
| #  include <memory.h>
| # endif
| # include <string.h>
| #endif
| #ifdef HAVE_STRINGS_H
| # include <strings.h>
| #endif
| #ifdef HAVE_INTTYPES_H
| # include <inttypes.h>
| #endif
| #ifdef HAVE_STDINT_H
| # include <stdint.h>
| #endif
| #ifdef HAVE_UNISTD_H
| # include <unistd.h>
| #endif
| #include <alsa/asoundlib.h>
configure:11774: result: no
configure:11774: checking alsa/asoundlib.h presence
configure:11774: gcc-4.2 -E  conftest.c
conftest.c:31:28: error: alsa/asoundlib.h: No such file or directory
configure:11774: $? = 1
configure: failed program was:
| /* confdefs.h */
| #define PACKAGE_NAME "libao"
| #define PACKAGE_TARNAME "libao"
| #define PACKAGE_VERSION "1.1.0"
| #define PACKAGE_STRING "libao 1.1.0"
| #define PACKAGE_BUGREPORT "monty@xiph.org"
| #define PACKAGE_URL ""
| #define PACKAGE "libao"
| #define VERSION "1.1.0"
| #define STDC_HEADERS 1
| #define HAVE_SYS_TYPES_H 1
| #define HAVE_SYS_STAT_H 1
| #define HAVE_STDLIB_H 1
| #define HAVE_STRING_H 1
| #define HAVE_MEMORY_H 1
| #define HAVE_STRINGS_H 1
| #define HAVE_INTTYPES_H 1
| #define HAVE_STDINT_H 1
| #define HAVE_UNISTD_H 1
| #define HAVE_DLFCN_H 1
| #define LT_OBJDIR ".libs/"
| #define HAVE_DLFCN_H 1
| #define HAVE_DLOPEN 1
| #define HAVE_LIBPTHREAD 1
| #define DLOPEN_FLAG (RTLD_LAZY)
| #define SHARED_LIB_EXT ".so"
| #define SIZEOF_SHORT 2
| #define SIZEOF_INT 4
| #define SIZEOF_LONG 8
| /* end confdefs.h.  */
| #include <alsa/asoundlib.h>
configure:11774: result: no
configure:11774: checking for alsa/asoundlib.h
configure:11774: result: no
configure:11838: checking sys/audioio.h usability
configure:11838: gcc-4.2 -c -D__NO_MATH_INLINES -fsigned-char -arch x86_64 -O3 -DAO_BUILDING_LIBAO  conftest.c >&5
conftest.c:64:25: error: sys/audioio.h: No such file or directory
configure:11838: $? = 1
configure: failed program was:
| /* confdefs.h */
| #define PACKAGE_NAME "libao"
| #define PACKAGE_TARNAME "libao"
| #define PACKAGE_VERSION "1.1.0"
| #define PACKAGE_STRING "libao 1.1.0"
| #define PACKAGE_BUGREPORT "monty@xiph.org"
| #define PACKAGE_URL ""
| #define PACKAGE "libao"
| #define VERSION "1.1.0"
| #define STDC_HEADERS 1
| #define HAVE_SYS_TYPES_H 1
| #define HAVE_SYS_STAT_H 1
| #define HAVE_STDLIB_H 1
| #define HAVE_STRING_H 1
| #define HAVE_MEMORY_H 1
| #define HAVE_STRINGS_H 1
| #define HAVE_INTTYPES_H 1
| #define HAVE_STDINT_H 1
| #define HAVE_UNISTD_H 1
| #define HAVE_DLFCN_H 1
| #define LT_OBJDIR ".libs/"
| #define HAVE_DLFCN_H 1
| #define HAVE_DLOPEN 1
| #define HAVE_LIBPTHREAD 1
| #define DLOPEN_FLAG (RTLD_LAZY)
| #define SHARED_LIB_EXT ".so"
| #define SIZEOF_SHORT 2
| #define SIZEOF_INT 4
| #define SIZEOF_LONG 8
| /* end confdefs.h.  */
| #include <stdio.h>
| #ifdef HAVE_SYS_TYPES_H
| # include <sys/types.h>
| #endif
| #ifdef HAVE_SYS_STAT_H
| # include <sys/stat.h>
| #endif
| #ifdef STDC_HEADERS
| # include <stdlib.h>
| # include <stddef.h>
| #else
| # ifdef HAVE_STDLIB_H
| #  include <stdlib.h>
| # endif
| #endif
| #ifdef HAVE_STRING_H
| # if !defined STDC_HEADERS && defined HAVE_MEMORY_H
| #  include <memory.h>
| # endif
| # include <string.h>
| #endif
| #ifdef HAVE_STRINGS_H
| # include <strings.h>
| #endif
| #ifdef HAVE_INTTYPES_H
| # include <inttypes.h>
| #endif
| #ifdef HAVE_STDINT_H
| # include <stdint.h>
| #endif
| #ifdef HAVE_UNISTD_H
| # include <unistd.h>
| #endif
| #include <sys/audioio.h>
configure:11838: result: no
configure:11838: checking sys/audioio.h presence
configure:11838: gcc-4.2 -E  conftest.c
conftest.c:31:25: error: sys/audioio.h: No such file or directory
configure:11838: $? = 1
configure: failed program was:
| /* confdefs.h */
| #define PACKAGE_NAME "libao"
| #define PACKAGE_TARNAME "libao"
| #define PACKAGE_VERSION "1.1.0"
| #define PACKAGE_STRING "libao 1.1.0"
| #define PACKAGE_BUGREPORT "monty@xiph.org"
| #define PACKAGE_URL ""
| #define PACKAGE "libao"
| #define VERSION "1.1.0"
| #define STDC_HEADERS 1
| #define HAVE_SYS_TYPES_H 1
| #define HAVE_SYS_STAT_H 1
| #define HAVE_STDLIB_H 1
| #define HAVE_STRING_H 1
| #define HAVE_MEMORY_H 1
| #define HAVE_STRINGS_H 1
| #define HAVE_INTTYPES_H 1
| #define HAVE_STDINT_H 1
| #define HAVE_UNISTD_H 1
| #define HAVE_DLFCN_H 1
| #define LT_OBJDIR ".libs/"
| #define HAVE_DLFCN_H 1
| #define HAVE_DLOPEN 1
| #define HAVE_LIBPTHREAD 1
| #define DLOPEN_FLAG (RTLD_LAZY)
| #define SHARED_LIB_EXT ".so"
| #define SIZEOF_SHORT 2
| #define SIZEOF_INT 4
| #define SIZEOF_LONG 8
| /* end confdefs.h.  */
| #include <sys/audioio.h>
configure:11838: result: no
configure:11838: checking for sys/audioio.h
configure:11838: result: no
configure:11863: checking sndio.h usability
configure:11863: gcc-4.2 -c -D__NO_MATH_INLINES -fsigned-char -arch x86_64 -O3 -DAO_BUILDING_LIBAO  conftest.c >&5
conftest.c:64:19: error: sndio.h: No such file or directory
configure:11863: $? = 1
configure: failed program was:
| /* confdefs.h */
| #define PACKAGE_NAME "libao"
| #define PACKAGE_TARNAME "libao"
| #define PACKAGE_VERSION "1.1.0"
| #define PACKAGE_STRING "libao 1.1.0"
| #define PACKAGE_BUGREPORT "monty@xiph.org"
| #define PACKAGE_URL ""
| #define PACKAGE "libao"
| #define VERSION "1.1.0"
| #define STDC_HEADERS 1
| #define HAVE_SYS_TYPES_H 1
| #define HAVE_SYS_STAT_H 1
| #define HAVE_STDLIB_H 1
| #define HAVE_STRING_H 1
| #define HAVE_MEMORY_H 1
| #define HAVE_STRINGS_H 1
| #define HAVE_INTTYPES_H 1
| #define HAVE_STDINT_H 1
| #define HAVE_UNISTD_H 1
| #define HAVE_DLFCN_H 1
| #define LT_OBJDIR ".libs/"
| #define HAVE_DLFCN_H 1
| #define HAVE_DLOPEN 1
| #define HAVE_LIBPTHREAD 1
| #define DLOPEN_FLAG (RTLD_LAZY)
| #define SHARED_LIB_EXT ".so"
| #define SIZEOF_SHORT 2
| #define SIZEOF_INT 4
| #define SIZEOF_LONG 8
| /* end confdefs.h.  */
| #include <stdio.h>
| #ifdef HAVE_SYS_TYPES_H
| # include <sys/types.h>
| #endif
| #ifdef HAVE_SYS_STAT_H
| # include <sys/stat.h>
| #endif
| #ifdef STDC_HEADERS
| # include <stdlib.h>
| # include <stddef.h>
| #else
| # ifdef HAVE_STDLIB_H
| #  include <stdlib.h>
| # endif
| #endif
| #ifdef HAVE_STRING_H
| # if !defined STDC_HEADERS && defined HAVE_MEMORY_H
| #  include <memory.h>
| # endif
| # include <string.h>
| #endif
| #ifdef HAVE_STRINGS_H
| # include <strings.h>
| #endif
| #ifdef HAVE_INTTYPES_H
| # include <inttypes.h>
| #endif
| #ifdef HAVE_STDINT_H
| # include <stdint.h>
| #endif
| #ifdef HAVE_UNISTD_H
| # include <unistd.h>
| #endif
| #include <sndio.h>
configure:11863: result: no
configure:11863: checking sndio.h presence
configure:11863: gcc-4.2 -E  conftest.c
conftest.c:31:19: error: sndio.h: No such file or directory
configure:11863: $? = 1
configure: failed program was:
| /* confdefs.h */
| #define PACKAGE_NAME "libao"
| #define PACKAGE_TARNAME "libao"
| #define PACKAGE_VERSION "1.1.0"
| #define PACKAGE_STRING "libao 1.1.0"
| #define PACKAGE_BUGREPORT "monty@xiph.org"
| #define PACKAGE_URL ""
| #define PACKAGE "libao"
| #define VERSION "1.1.0"
| #define STDC_HEADERS 1
| #define HAVE_SYS_TYPES_H 1
| #define HAVE_SYS_STAT_H 1
| #define HAVE_STDLIB_H 1
| #define HAVE_STRING_H 1
| #define HAVE_MEMORY_H 1
| #define HAVE_STRINGS_H 1
| #define HAVE_INTTYPES_H 1
| #define HAVE_STDINT_H 1
| #define HAVE_UNISTD_H 1
| #define HAVE_DLFCN_H 1
| #define LT_OBJDIR ".libs/"
| #define HAVE_DLFCN_H 1
| #define HAVE_DLOPEN 1
| #define HAVE_LIBPTHREAD 1
| #define DLOPEN_FLAG (RTLD_LAZY)
| #define SHARED_LIB_EXT ".so"
| #define SIZEOF_SHORT 2
| #define SIZEOF_INT 4
| #define SIZEOF_LONG 8
| /* end confdefs.h.  */
| #include <sndio.h>
configure:11863: result: no
configure:11863: checking for sndio.h
configure:11863: result: no
configure:11888: checking libroar/config.h usability
configure:11888: gcc-4.2 -c -D__NO_MATH_INLINES -fsigned-char -arch x86_64 -O3 -DAO_BUILDING_LIBAO  conftest.c >&5
conftest.c:64:28: error: libroar/config.h: No such file or directory
configure:11888: $? = 1
configure: failed program was:
| /* confdefs.h */
| #define PACKAGE_NAME "libao"
| #define PACKAGE_TARNAME "libao"
| #define PACKAGE_VERSION "1.1.0"
| #define PACKAGE_STRING "libao 1.1.0"
| #define PACKAGE_BUGREPORT "monty@xiph.org"
| #define PACKAGE_URL ""
| #define PACKAGE "libao"
| #define VERSION "1.1.0"
| #define STDC_HEADERS 1
| #define HAVE_SYS_TYPES_H 1
| #define HAVE_SYS_STAT_H 1
| #define HAVE_STDLIB_H 1
| #define HAVE_STRING_H 1
| #define HAVE_MEMORY_H 1
| #define HAVE_STRINGS_H 1
| #define HAVE_INTTYPES_H 1
| #define HAVE_STDINT_H 1
| #define HAVE_UNISTD_H 1
| #define HAVE_DLFCN_H 1
| #define LT_OBJDIR ".libs/"
| #define HAVE_DLFCN_H 1
| #define HAVE_DLOPEN 1
| #define HAVE_LIBPTHREAD 1
| #define DLOPEN_FLAG (RTLD_LAZY)
| #define SHARED_LIB_EXT ".so"
| #define SIZEOF_SHORT 2
| #define SIZEOF_INT 4
| #define SIZEOF_LONG 8
| /* end confdefs.h.  */
| #include <stdio.h>
| #ifdef HAVE_SYS_TYPES_H
| # include <sys/types.h>
| #endif
| #ifdef HAVE_SYS_STAT_H
| # include <sys/stat.h>
| #endif
| #ifdef STDC_HEADERS
| # include <stdlib.h>
| # include <stddef.h>
| #else
| # ifdef HAVE_STDLIB_H
| #  include <stdlib.h>
| # endif
| #endif
| #ifdef HAVE_STRING_H
| # if !defined STDC_HEADERS && defined HAVE_MEMORY_H
| #  include <memory.h>
| # endif
| # include <string.h>
| #endif
| #ifdef HAVE_STRINGS_H
| # include <strings.h>
| #endif
| #ifdef HAVE_INTTYPES_H
| # include <inttypes.h>
| #endif
| #ifdef HAVE_STDINT_H
| # include <stdint.h>
| #endif
| #ifdef HAVE_UNISTD_H
| # include <unistd.h>
| #endif
| #include <libroar/config.h>
configure:11888: result: no
configure:11888: checking libroar/config.h presence
configure:11888: gcc-4.2 -E  conftest.c
conftest.c:31:28: error: libroar/config.h: No such file or directory
configure:11888: $? = 1
configure: failed program was:
| /* confdefs.h */
| #define PACKAGE_NAME "libao"
| #define PACKAGE_TARNAME "libao"
| #define PACKAGE_VERSION "1.1.0"
| #define PACKAGE_STRING "libao 1.1.0"
| #define PACKAGE_BUGREPORT "monty@xiph.org"
| #define PACKAGE_URL ""
| #define PACKAGE "libao"
| #define VERSION "1.1.0"
| #define STDC_HEADERS 1
| #define HAVE_SYS_TYPES_H 1
| #define HAVE_SYS_STAT_H 1
| #define HAVE_STDLIB_H 1
| #define HAVE_STRING_H 1
| #define HAVE_MEMORY_H 1
| #define HAVE_STRINGS_H 1
| #define HAVE_INTTYPES_H 1
| #define HAVE_STDINT_H 1
| #define HAVE_UNISTD_H 1
| #define HAVE_DLFCN_H 1
| #define LT_OBJDIR ".libs/"
| #define HAVE_DLFCN_H 1
| #define HAVE_DLOPEN 1
| #define HAVE_LIBPTHREAD 1
| #define DLOPEN_FLAG (RTLD_LAZY)
| #define SHARED_LIB_EXT ".so"
| #define SIZEOF_SHORT 2
| #define SIZEOF_INT 4
| #define SIZEOF_LONG 8
| /* end confdefs.h.  */
| #include <libroar/config.h>
configure:11888: result: no
configure:11888: checking for libroar/config.h
configure:11888: result: no
configure:12250: checking for X
configure:12358: gcc-4.2 -E  conftest.c
configure:12358: $? = 0
configure:12389: gcc-4.2 -o conftest -D__NO_MATH_INLINES -fsigned-char -arch x86_64 -O3 -DAO_BUILDING_LIBAO  -arch x86_64 -O3 conftest.c -lX11 -lpthread  >&5
ld: library not found for -lX11
collect2: ld returned 1 exit status
configure:12389: $? = 1
configure: failed program was:
| /* confdefs.h */
| #define PACKAGE_NAME "libao"
| #define PACKAGE_TARNAME "libao"
| #define PACKAGE_VERSION "1.1.0"
| #define PACKAGE_STRING "libao 1.1.0"
| #define PACKAGE_BUGREPORT "monty@xiph.org"
| #define PACKAGE_URL ""
| #define PACKAGE "libao"
| #define VERSION "1.1.0"
| #define STDC_HEADERS 1
| #define HAVE_SYS_TYPES_H 1
| #define HAVE_SYS_STAT_H 1
| #define HAVE_STDLIB_H 1
| #define HAVE_STRING_H 1
| #define HAVE_MEMORY_H 1
| #define HAVE_STRINGS_H 1
| #define HAVE_INTTYPES_H 1
| #define HAVE_STDINT_H 1
| #define HAVE_UNISTD_H 1
| #define HAVE_DLFCN_H 1
| #define LT_OBJDIR ".libs/"
| #define HAVE_DLFCN_H 1
| #define HAVE_DLOPEN 1
| #define HAVE_LIBPTHREAD 1
| #define DLOPEN_FLAG (RTLD_LAZY)
| #define SHARED_LIB_EXT ".so"
| #define SIZEOF_SHORT 2
| #define SIZEOF_INT 4
| #define SIZEOF_LONG 8
| /* end confdefs.h.  */
| #include <X11/Xlib.h>
| int
| main ()
| {
| XrmInitialize ()
|   ;
|   return 0;
| }
configure:12439: result: libraries /usr/X11/lib, headers 
configure:12459: checking whether -R must be followed by a space
configure:12475: gcc-4.2 -o conftest -D__NO_MATH_INLINES -fsigned-char -arch x86_64 -O3 -DAO_BUILDING_LIBAO  -arch x86_64 -O3 conftest.c -lpthread  -R/usr/X11/lib >&5
configure:12475: $? = 0
configure:12476: result: no
configure:12538: gcc-4.2 -o conftest -D__NO_MATH_INLINES -fsigned-char -arch x86_64 -O3 -DAO_BUILDING_LIBAO  -arch x86_64 -O3 conftest.c -lpthread   -L/usr/X11/lib -R/usr/X11/lib -lX11 >&5
configure:12538: $? = 0
configure:12636: checking for gethostbyname
configure:12636: gcc-4.2 -o conftest -D__NO_MATH_INLINES -fsigned-char -arch x86_64 -O3 -DAO_BUILDING_LIBAO  -arch x86_64 -O3 conftest.c -lpthread  >&5
configure:12636: $? = 0
configure:12636: result: yes
configure:12733: checking for connect
configure:12733: gcc-4.2 -o conftest -D__NO_MATH_INLINES -fsigned-char -arch x86_64 -O3 -DAO_BUILDING_LIBAO  -arch x86_64 -O3 conftest.c -lpthread  >&5
configure:12733: $? = 0
configure:12733: result: yes
configure:12782: checking for remove
configure:12782: gcc-4.2 -o conftest -D__NO_MATH_INLINES -fsigned-char -arch x86_64 -O3 -DAO_BUILDING_LIBAO  -arch x86_64 -O3 conftest.c -lpthread  >&5
configure:12782: $? = 0
configure:12782: result: yes
configure:12831: checking for shmat
configure:12831: gcc-4.2 -o conftest -D__NO_MATH_INLINES -fsigned-char -arch x86_64 -O3 -DAO_BUILDING_LIBAO  -arch x86_64 -O3 conftest.c -lpthread  >&5
configure:12831: $? = 0
configure:12831: result: yes
configure:12889: checking for IceConnectionNumber in -lICE
configure:12914: gcc-4.2 -o conftest -D__NO_MATH_INLINES -fsigned-char -arch x86_64 -O3 -DAO_BUILDING_LIBAO  -arch x86_64 -O3 -L/usr/X11/lib conftest.c -lICE  -lpthread  >&5
configure:12914: $? = 0
configure:12923: result: yes
configure:12933: checking for XauFileName in -lXau
configure:12958: gcc-4.2 -o conftest -D__NO_MATH_INLINES -fsigned-char -arch x86_64 -O3 -DAO_BUILDING_LIBAO  -arch x86_64 -O3 conftest.c -lXau  -L/usr/X11/lib -R/usr/X11/lib -lpthread  >&5
configure:12958: $? = 0
configure:12967: result: yes
configure:12975: checking for AuOpenServer in -laudio
configure:13000: gcc-4.2 -o conftest -D__NO_MATH_INLINES -fsigned-char -arch x86_64 -O3 -DAO_BUILDING_LIBAO  -arch x86_64 -O3 conftest.c -laudio -lXau  -L/usr/X11/lib -R/usr/X11/lib -lpthread  >&5
ld: library not found for -laudio
collect2: ld returned 1 exit status
configure:13000: $? = 1
configure: failed program was:
| /* confdefs.h */
| #define PACKAGE_NAME "libao"
| #define PACKAGE_TARNAME "libao"
| #define PACKAGE_VERSION "1.1.0"
| #define PACKAGE_STRING "libao 1.1.0"
| #define PACKAGE_BUGREPORT "monty@xiph.org"
| #define PACKAGE_URL ""
| #define PACKAGE "libao"
| #define VERSION "1.1.0"
| #define STDC_HEADERS 1
| #define HAVE_SYS_TYPES_H 1
| #define HAVE_SYS_STAT_H 1
| #define HAVE_STDLIB_H 1
| #define HAVE_STRING_H 1
| #define HAVE_MEMORY_H 1
| #define HAVE_STRINGS_H 1
| #define HAVE_INTTYPES_H 1
| #define HAVE_STDINT_H 1
| #define HAVE_UNISTD_H 1
| #define HAVE_DLFCN_H 1
| #define LT_OBJDIR ".libs/"
| #define HAVE_DLFCN_H 1
| #define HAVE_DLOPEN 1
| #define HAVE_LIBPTHREAD 1
| #define DLOPEN_FLAG (RTLD_LAZY)
| #define SHARED_LIB_EXT ".so"
| #define SIZEOF_SHORT 2
| #define SIZEOF_INT 4
| #define SIZEOF_LONG 8
| /* end confdefs.h.  */
| 
| /* Override any GCC internal prototype to avoid an error.
|    Use char because int might match the return type of a GCC
|    builtin and then its argument prototype would still apply.  */
| #ifdef __cplusplus
| extern "C"
| #endif
| char AuOpenServer ();
| int
| main ()
| {
| return AuOpenServer ();
|   ;
|   return 0;
| }
configure:13009: result: no
configure:13020: checking audio/audiolib.h usability
configure:13020: gcc-4.2 -c -D__NO_MATH_INLINES -fsigned-char -arch x86_64 -O3 -DAO_BUILDING_LIBAO   conftest.c >&5
conftest.c:64:28: error: audio/audiolib.h: No such file or directory
configure:13020: $? = 1
configure: failed program was:
| /* confdefs.h */
| #define PACKAGE_NAME "libao"
| #define PACKAGE_TARNAME "libao"
| #define PACKAGE_VERSION "1.1.0"
| #define PACKAGE_STRING "libao 1.1.0"
| #define PACKAGE_BUGREPORT "monty@xiph.org"
| #define PACKAGE_URL ""
| #define PACKAGE "libao"
| #define VERSION "1.1.0"
| #define STDC_HEADERS 1
| #define HAVE_SYS_TYPES_H 1
| #define HAVE_SYS_STAT_H 1
| #define HAVE_STDLIB_H 1
| #define HAVE_STRING_H 1
| #define HAVE_MEMORY_H 1
| #define HAVE_STRINGS_H 1
| #define HAVE_INTTYPES_H 1
| #define HAVE_STDINT_H 1
| #define HAVE_UNISTD_H 1
| #define HAVE_DLFCN_H 1
| #define LT_OBJDIR ".libs/"
| #define HAVE_DLFCN_H 1
| #define HAVE_DLOPEN 1
| #define HAVE_LIBPTHREAD 1
| #define DLOPEN_FLAG (RTLD_LAZY)
| #define SHARED_LIB_EXT ".so"
| #define SIZEOF_SHORT 2
| #define SIZEOF_INT 4
| #define SIZEOF_LONG 8
| /* end confdefs.h.  */
| #include <stdio.h>
| #ifdef HAVE_SYS_TYPES_H
| # include <sys/types.h>
| #endif
| #ifdef HAVE_SYS_STAT_H
| # include <sys/stat.h>
| #endif
| #ifdef STDC_HEADERS
| # include <stdlib.h>
| # include <stddef.h>
| #else
| # ifdef HAVE_STDLIB_H
| #  include <stdlib.h>
| # endif
| #endif
| #ifdef HAVE_STRING_H
| # if !defined STDC_HEADERS && defined HAVE_MEMORY_H
| #  include <memory.h>
| # endif
| # include <string.h>
| #endif
| #ifdef HAVE_STRINGS_H
| # include <strings.h>
| #endif
| #ifdef HAVE_INTTYPES_H
| # include <inttypes.h>
| #endif
| #ifdef HAVE_STDINT_H
| # include <stdint.h>
| #endif
| #ifdef HAVE_UNISTD_H
| # include <unistd.h>
| #endif
| #include <audio/audiolib.h>
configure:13020: result: no
configure:13020: checking audio/audiolib.h presence
configure:13020: gcc-4.2 -E   conftest.c
conftest.c:31:28: error: audio/audiolib.h: No such file or directory
configure:13020: $? = 1
configure: failed program was:
| /* confdefs.h */
| #define PACKAGE_NAME "libao"
| #define PACKAGE_TARNAME "libao"
| #define PACKAGE_VERSION "1.1.0"
| #define PACKAGE_STRING "libao 1.1.0"
| #define PACKAGE_BUGREPORT "monty@xiph.org"
| #define PACKAGE_URL ""
| #define PACKAGE "libao"
| #define VERSION "1.1.0"
| #define STDC_HEADERS 1
| #define HAVE_SYS_TYPES_H 1
| #define HAVE_SYS_STAT_H 1
| #define HAVE_STDLIB_H 1
| #define HAVE_STRING_H 1
| #define HAVE_MEMORY_H 1
| #define HAVE_STRINGS_H 1
| #define HAVE_INTTYPES_H 1
| #define HAVE_STDINT_H 1
| #define HAVE_UNISTD_H 1
| #define HAVE_DLFCN_H 1
| #define LT_OBJDIR ".libs/"
| #define HAVE_DLFCN_H 1
| #define HAVE_DLOPEN 1
| #define HAVE_LIBPTHREAD 1
| #define DLOPEN_FLAG (RTLD_LAZY)
| #define SHARED_LIB_EXT ".so"
| #define SIZEOF_SHORT 2
| #define SIZEOF_INT 4
| #define SIZEOF_LONG 8
| /* end confdefs.h.  */
| #include <audio/audiolib.h>
configure:13020: result: no
configure:13020: checking for audio/audiolib.h
configure:13020: result: no
configure:13118: checking for  libpulse-simple >= 0.9 
configure:13402: creating ./config.status

## ---------------------- ##
## Running config.status. ##
## ---------------------- ##

This file was extended by libao config.status 1.1.0, which was
generated by GNU Autoconf 2.67.  Invocation command line was

  CONFIG_FILES    = 
  CONFIG_HEADERS  = 
  CONFIG_LINKS    = 
  CONFIG_COMMANDS = 
  $ ./config.status 

on hflambo-mac.anybet.de

config.status:1074: creating Makefile
config.status:1074: creating src/Makefile
config.status:1074: creating doc/Makefile
config.status:1074: creating include/Makefile
config.status:1074: creating include/ao/Makefile
config.status:1074: creating include/ao/os_types.h
config.status:1074: creating src/plugins/Makefile
config.status:1074: creating src/plugins/esd/Makefile
config.status:1074: creating src/plugins/oss/Makefile
config.status:1074: creating src/plugins/alsa/Makefile
config.status:1074: creating src/plugins/sun/Makefile
config.status:1074: creating src/plugins/irix/Makefile
config.status:1074: creating src/plugins/arts/Makefile
config.status:1074: creating src/plugins/macosx/Makefile
config.status:1074: creating src/plugins/nas/Makefile
config.status:1074: creating src/plugins/pulse/Makefile
config.status:1074: creating src/plugins/sndio/Makefile
config.status:1074: creating src/plugins/roar/Makefile
config.status:1074: creating ao.pc
config.status:1239: executing depfiles commands
config.status:1239: executing libtool commands
configure:15590: result:
------------------------------------------------------------------------
  libao 1.1.0:  Automatic configuration OK.

  Backends to be built:

    AU file output: .............. yes
    RAW file output: ............. yes
    WAV file output: ............. yes

    AIX live output: ............. no
    ALSA live output: ............ no
    ARTS live output: ............ no
    ESD live output: ............. no
    IRIX live output: ............ no
    MACOSX live output: .......... yes
    NAS live output: ............. no
    NULL live output: ............ yes
    OSS live output: ............. no
    PULSE live output: ........... no
    ROAR live output: ............ no
    SNDIO live output: ........... no
    SUN live output: ............. no
    Windows WMM live output: ..... no

  Installation paths:

    libao: ....................... /Users/hflambo/local/alfresco-svn/root-02-04-2012/gigfork-server/FFmpeg-build/lib
    C header files: .............. /Users/hflambo/local/alfresco-svn/root-02-04-2012/gigfork-server/FFmpeg-build/include/ao
    Documentation: ............... /Users/hflambo/local/alfresco-svn/root-02-04-2012/gigfork-server/FFmpeg-build/share/doc/libao

  Building:

    Type 'make' to compile libao.

    Type 'make install' to install libao.

------------------------------------------------------------------------


## ---------------- ##
## Cache variables. ##
## ---------------- ##

ac_cv_build=i386-apple-darwin11.3.0
ac_cv_c_compiler_gnu=yes
ac_cv_env_CC_set=set
ac_cv_env_CC_value=gcc-4.2
ac_cv_env_CFLAGS_set=set
ac_cv_env_CFLAGS_value='-arch x86_64 -O3'
ac_cv_env_CPPFLAGS_set=
ac_cv_env_CPPFLAGS_value=
ac_cv_env_CPP_set=
ac_cv_env_CPP_value=
ac_cv_env_LDFLAGS_set=set
ac_cv_env_LDFLAGS_value='-arch x86_64 -O3'
ac_cv_env_LIBS_set=
ac_cv_env_LIBS_value=
ac_cv_env_XMKMF_set=
ac_cv_env_XMKMF_value=
ac_cv_env_build_alias_set=
ac_cv_env_build_alias_value=
ac_cv_env_host_alias_set=
ac_cv_env_host_alias_value=
ac_cv_env_target_alias_set=
ac_cv_env_target_alias_value=
ac_cv_func_connect=yes
ac_cv_func_gethostbyname=yes
ac_cv_func_remove=yes
ac_cv_func_shmat=yes
ac_cv_have_x='have_x=yes	ac_x_includes='\'''\''	ac_x_libraries='\''/usr/X11/lib'\'''
ac_cv_header_alsa_asoundlib_h=no
ac_cv_header_audio_audiolib_h=no
ac_cv_header_dlfcn_h=yes
ac_cv_header_inttypes_h=yes
ac_cv_header_libroar_config_h=no
ac_cv_header_machine_soundcard_h=no
ac_cv_header_memory_h=yes
ac_cv_header_mmsystem_h=no
ac_cv_header_sndio_h=no
ac_cv_header_stdc=yes
ac_cv_header_stdint_h=yes
ac_cv_header_stdlib_h=yes
ac_cv_header_string_h=yes
ac_cv_header_strings_h=yes
ac_cv_header_sys_audioio_h=no
ac_cv_header_sys_soundcard_h=no
ac_cv_header_sys_stat_h=yes
ac_cv_header_sys_types_h=yes
ac_cv_header_unistd_h=yes
ac_cv_host=i386-apple-darwin11.3.0
ac_cv_lib_ICE_IceConnectionNumber=yes
ac_cv_lib_Xau_XauFileName=yes
ac_cv_lib_asound_snd_pcm_open=no
ac_cv_lib_audio_AuOpenServer=no
ac_cv_lib_dl_dlopen=yes
ac_cv_lib_pthread_pthread_kill=yes
ac_cv_objext=o
ac_cv_path_EGREP='/usr/bin/grep -E'
ac_cv_path_ESD_CONFIG=no
ac_cv_path_FGREP='/usr/bin/grep -F'
ac_cv_path_GREP=/usr/bin/grep
ac_cv_path_SED=/usr/bin/sed
ac_cv_path_install='/usr/bin/install -c'
ac_cv_prog_AWK=awk
ac_cv_prog_CPP='gcc-4.2 -E'
ac_cv_prog_ac_ct_AR=ar
ac_cv_prog_ac_ct_CC=gcc-4.2
ac_cv_prog_ac_ct_DSYMUTIL=dsymutil
ac_cv_prog_ac_ct_LIPO=lipo
ac_cv_prog_ac_ct_NMEDIT=nmedit
ac_cv_prog_ac_ct_OBJDUMP=objdump
ac_cv_prog_ac_ct_OTOOL=otool
ac_cv_prog_ac_ct_RANLIB=ranlib
ac_cv_prog_ac_ct_STRIP=strip
ac_cv_prog_cc_c89=
ac_cv_prog_cc_g=yes
ac_cv_prog_make_make_set=yes
ac_cv_search_dlopen='none required'
ac_cv_sizeof_int=4
ac_cv_sizeof_long=8
ac_cv_sizeof_short=2
am_cv_CC_dependencies_compiler_type=gcc3
lt_cv_apple_cc_single_mod=yes
lt_cv_deplibs_check_method=pass_all
lt_cv_dlopen=dlopen
lt_cv_dlopen_libs=-ldl
lt_cv_dlopen_self=yes
lt_cv_dlopen_self_static=yes
lt_cv_file_magic_cmd='$MAGIC_CMD'
lt_cv_file_magic_test_file=
lt_cv_ld_exported_symbols_list=yes
lt_cv_ld_reload_flag=-r
lt_cv_nm_interface='BSD nm'
lt_cv_objdir=.libs
lt_cv_path_LD=/usr/bin/ld
lt_cv_path_NM=/usr/bin/nm
lt_cv_prog_compiler_c_o=yes
lt_cv_prog_compiler_pic_works=yes
lt_cv_prog_compiler_rtti_exceptions=no
lt_cv_prog_compiler_static_works=no
lt_cv_prog_gnu_ld=no
lt_cv_sys_global_symbol_pipe='sed -n -e '\''s/^.*[	 ]\([BCDEGRST][BCDEGRST]*\)[	 ][	 ]*_\([_A-Za-z][_A-Za-z0-9]*\)$/\1 _\2 \2/p'\'''
lt_cv_sys_global_symbol_to_c_name_address='sed -n -e '\''s/^: \([^ ]*\) $/  {\"\1\", (void *) 0},/p'\'' -e '\''s/^[BCDEGRST]* \([^ ]*\) \([^ ]*\)$/  {"\2", (void *) \&\2},/p'\'''
lt_cv_sys_global_symbol_to_c_name_address_lib_prefix='sed -n -e '\''s/^: \([^ ]*\) $/  {\"\1\", (void *) 0},/p'\'' -e '\''s/^[BCDEGRST]* \([^ ]*\) \(lib[^ ]*\)$/  {"\2", (void *) \&\2},/p'\'' -e '\''s/^[BCDEGRST]* \([^ ]*\) \([^ ]*\)$/  {"lib\2", (void *) \&\2},/p'\'''
lt_cv_sys_global_symbol_to_cdecl='sed -n -e '\''s/^T .* \(.*\)$/extern int \1();/p'\'' -e '\''s/^[BCDEGRST]* .* \(.*\)$/extern char \1;/p'\'''
lt_cv_sys_max_cmd_len=196608

## ----------------- ##
## Output variables. ##
## ----------------- ##

ACLOCAL='${SHELL} /Users/hflambo/local/alfresco-svn/root-02-04-2012/gigfork-server/libao-1.1.0/missing --run aclocal-1.9'
ALSA_LIBS=''
AMDEPBACKSLASH='\'
AMDEP_FALSE='#'
AMDEP_TRUE=''
AMTAR='${SHELL} /Users/hflambo/local/alfresco-svn/root-02-04-2012/gigfork-server/libao-1.1.0/missing --run tar'
AR='ar'
ARTSC_CONFIG=''
ARTSGLIB_CFLAGS=''
ARTSGLIB_LIBS=''
ARTS_CFLAGS=''
ARTS_LIBS=''
AS='as'
AUTOCONF='${SHELL} /Users/hflambo/local/alfresco-svn/root-02-04-2012/gigfork-server/libao-1.1.0/missing --run autoconf'
AUTOHEADER='${SHELL} /Users/hflambo/local/alfresco-svn/root-02-04-2012/gigfork-server/libao-1.1.0/missing --run autoheader'
AUTOMAKE='${SHELL} /Users/hflambo/local/alfresco-svn/root-02-04-2012/gigfork-server/libao-1.1.0/missing --run automake-1.9'
AWK='awk'
BINDIR='/Users/hflambo/local/alfresco-svn/root-02-04-2012/gigfork-server/FFmpeg-build/bin'
CC='gcc-4.2'
CCDEPMODE='depmode=gcc3'
CFLAGS='-D__NO_MATH_INLINES -fsigned-char -arch x86_64 -O3 -DAO_BUILDING_LIBAO'
CPP='gcc-4.2 -E'
CPPFLAGS=''
CYGPATH_W='echo'
DEBUG='-g -Wall -D__NO_MATH_INLINES -fsigned-char -arch x86_64 -O3 -DAO_BUILDING_LIBAO'
DEFS='-DPACKAGE_NAME=\"libao\" -DPACKAGE_TARNAME=\"libao\" -DPACKAGE_VERSION=\"1.1.0\" -DPACKAGE_STRING=\"libao\ 1.1.0\" -DPACKAGE_BUGREPORT=\"monty@xiph.org\" -DPACKAGE_URL=\"\" -DPACKAGE=\"libao\" -DVERSION=\"1.1.0\" -DSTDC_HEADERS=1 -DHAVE_SYS_TYPES_H=1 -DHAVE_SYS_STAT_H=1 -DHAVE_STDLIB_H=1 -DHAVE_STRING_H=1 -DHAVE_MEMORY_H=1 -DHAVE_STRINGS_H=1 -DHAVE_INTTYPES_H=1 -DHAVE_STDINT_H=1 -DHAVE_UNISTD_H=1 -DHAVE_DLFCN_H=1 -DLT_OBJDIR=\".libs/\" -DHAVE_DLFCN_H=1 -DHAVE_DLOPEN=1 -DHAVE_LIBPTHREAD=1 -DDLOPEN_FLAG=\(RTLD_LAZY\) -DSHARED_LIB_EXT=\".so\" -DSIZEOF_SHORT=2 -DSIZEOF_INT=4 -DSIZEOF_LONG=8'
DEPDIR='.deps'
DLLTOOL='dlltool'
DOCDIR='/Users/hflambo/local/alfresco-svn/root-02-04-2012/gigfork-server/FFmpeg-build/share/doc/libao'
DSYMUTIL='dsymutil'
DUMPBIN=''
ECHO_C='\c'
ECHO_N=''
ECHO_T=''
EGREP='/usr/bin/grep -E'
ESD_CFLAGS=''
ESD_CONFIG='no'
ESD_LIBS=''
EXEEXT=''
FGREP='/usr/bin/grep -F'
GREP='/usr/bin/grep'
HAVE_AIX_AUDIO_FALSE=''
HAVE_AIX_AUDIO_TRUE='#'
HAVE_ALSA_FALSE=''
HAVE_ALSA_TRUE='#'
HAVE_ARTS_FALSE=''
HAVE_ARTS_TRUE='#'
HAVE_ESD_FALSE=''
HAVE_ESD_TRUE='#'
HAVE_IRIX_FALSE=''
HAVE_IRIX_TRUE='#'
HAVE_LD_VERSION_SCRIPT_FALSE=''
HAVE_LD_VERSION_SCRIPT_TRUE='#'
HAVE_MACOSX_FALSE='#'
HAVE_MACOSX_TRUE=''
HAVE_NAS_FALSE=''
HAVE_NAS_TRUE='#'
HAVE_OSS_FALSE=''
HAVE_OSS_TRUE='#'
HAVE_PULSE_FALSE=''
HAVE_PULSE_TRUE='#'
HAVE_ROAR_AUDIO_FALSE=''
HAVE_ROAR_AUDIO_TRUE='#'
HAVE_SNDIO_AUDIO_FALSE=''
HAVE_SNDIO_AUDIO_TRUE='#'
HAVE_SOLARIS_FALSE=''
HAVE_SOLARIS_TRUE='#'
HAVE_SUN_AUDIO_FALSE=''
HAVE_SUN_AUDIO_TRUE='#'
HAVE_WMM_FALSE=''
HAVE_WMM_TRUE='#'
INCLUDEDIR='/Users/hflambo/local/alfresco-svn/root-02-04-2012/gigfork-server/FFmpeg-build/include'
INSTALL_DATA='${INSTALL} -m 644'
INSTALL_PROGRAM='${INSTALL}'
INSTALL_SCRIPT='${INSTALL}'
INSTALL_STRIP_PROGRAM='${SHELL} $(install_sh) -c -s'
LD='/usr/bin/ld'
LDFLAGS='-arch x86_64 -O3'
LIBAO_LA_LDFLAGS=''
LIBDIR='/Users/hflambo/local/alfresco-svn/root-02-04-2012/gigfork-server/FFmpeg-build/lib'
LIBOBJS=''
LIBS='-lpthread '
LIBTOOL='$(SHELL) $(top_builddir)/libtool'
LIB_AGE='0'
LIB_CURRENT='4'
LIB_REVISION='0'
LIPO='lipo'
LN_S='ln -s'
LTLIBOBJS=''
MAINT='#'
MAINTAINER_MODE_FALSE=''
MAINTAINER_MODE_TRUE='#'
MAKEINFO='${SHELL} /Users/hflambo/local/alfresco-svn/root-02-04-2012/gigfork-server/libao-1.1.0/missing --run makeinfo'
NAS_CFLAGS=''
NAS_LIBS=''
NM='/usr/bin/nm'
NMEDIT='nmedit'
OBJDUMP='objdump'
OBJEXT='o'
OTOOL64=':'
OTOOL='otool'
PACKAGE='libao'
PACKAGE_BUGREPORT='monty@xiph.org'
PACKAGE_NAME='libao'
PACKAGE_STRING='libao 1.1.0'
PACKAGE_TARNAME='libao'
PACKAGE_URL=''
PACKAGE_VERSION='1.1.0'
PATH_SEPARATOR=':'
PKG_CONFIG='/Users/hflambo/local/alfresco-svn/root-02-04-2012/gigfork-server/FFmpeg-build/bin/pkg-config'
PLUGIN_LDFLAGS='-module -avoid-version'
PROFILE='-g -pg -D__NO_MATH_INLINES -fsigned-char -arch x86_64 -O3 -DAO_BUILDING_LIBAO'
PULSE_CFLAGS=''
PULSE_LIBS=''
RANLIB='ranlib'
SED='/usr/bin/sed'
SET_MAKE=''
SHELL='/bin/sh'
SIZE16='short'
SIZE32='int'
SLP_DEF='-DROAR_LIBROAR_CONFIG_WAS_NO_SLP'
STRIP='strip'
VERSION='1.1.0'
WMM_LIBS=''
XMKMF=''
X_CFLAGS=''
X_EXTRA_LIBS=''
X_LIBS=' -L/usr/X11/lib -R/usr/X11/lib'
X_PRE_LIBS=' -lSM -lICE'
ac_ct_CC='gcc-4.2'
ac_ct_DUMPBIN=''
am__fastdepCC_FALSE='#'
am__fastdepCC_TRUE=''
am__include='include'
am__leading_dot='.'
am__quote=''
am__tar='${AMTAR} chof - "$$tardir"'
am__untar='${AMTAR} xf -'
bindir='${exec_prefix}/bin'
build='i386-apple-darwin11.3.0'
build_alias=''
build_cpu='i386'
build_os='darwin11.3.0'
build_vendor='apple'
datadir='${datarootdir}'
datarootdir='${prefix}/share'
docdir='${datarootdir}/doc/${PACKAGE_TARNAME}'
dvidir='${docdir}'
exec_prefix='${prefix}'
host='i386-apple-darwin11.3.0'
host_alias=''
host_cpu='i386'
host_os='darwin11.3.0'
host_vendor='apple'
htmldir='${docdir}'
includedir='${prefix}/include'
infodir='${datarootdir}/info'
install_sh='/Users/hflambo/local/alfresco-svn/root-02-04-2012/gigfork-server/libao-1.1.0/install-sh'
libdir='${exec_prefix}/lib'
libexecdir='${exec_prefix}/libexec'
localedir='${datarootdir}/locale'
localstatedir='${prefix}/var'
lt_ECHO='/bin/echo'
mandir='${datarootdir}/man'
mkdir_p='$(install_sh) -d'
oldincludedir='/usr/include'
pdfdir='${docdir}'
plugindir='${exec_prefix}/lib/ao/plugins-4'
prefix='/Users/hflambo/local/alfresco-svn/root-02-04-2012/gigfork-server/FFmpeg-build'
program_transform_name='s,x,x,'
psdir='${docdir}'
sbindir='${exec_prefix}/sbin'
sharedstatedir='${prefix}/com'
sysconfdir='${prefix}/etc'
target_alias=''

## ----------- ##
## confdefs.h. ##
## ----------- ##

/* confdefs.h */
#define PACKAGE_NAME "libao"
#define PACKAGE_TARNAME "libao"
#define PACKAGE_VERSION "1.1.0"
#define PACKAGE_STRING "libao 1.1.0"
#define PACKAGE_BUGREPORT "monty@xiph.org"
#define PACKAGE_URL ""
#define PACKAGE "libao"
#define VERSION "1.1.0"
#define STDC_HEADERS 1
#define HAVE_SYS_TYPES_H 1
#define HAVE_SYS_STAT_H 1
#define HAVE_STDLIB_H 1
#define HAVE_STRING_H 1
#define HAVE_MEMORY_H 1
#define HAVE_STRINGS_H 1
#define HAVE_INTTYPES_H 1
#define HAVE_STDINT_H 1
#define HAVE_UNISTD_H 1
#define HAVE_DLFCN_H 1
#define LT_OBJDIR ".libs/"
#define HAVE_DLFCN_H 1
#define HAVE_DLOPEN 1
#define HAVE_LIBPTHREAD 1
#define DLOPEN_FLAG (RTLD_LAZY)
#define SHARED_LIB_EXT ".so"
#define SIZEOF_SHORT 2
#define SIZEOF_INT 4
#define SIZEOF_LONG 8

configure: exit 0
