17:59:24,930 INFO  [org.springframework.extensions.webscripts.TemplateProcessorRegistry] Registered template processor freemarker for extension ftl
17:59:25,059 INFO  [org.springframework.extensions.webscripts.ScriptProcessorRegistry] Registered script processor javascript for extension js
17:59:25,060 INFO  [org.springframework.extensions.webscripts.TemplateProcessorRegistry] Registered template processor freemarker for extension ftl
17:59:25,067 INFO  [org.springframework.extensions.webscripts.ScriptProcessorRegistry] Registered script processor javascript for extension js
17:59:28,555 INFO  [org.springframework.extensions.webscripts.DeclarativeRegistry] Registered 315 Web Scripts (+0 failed), 327 URLs
17:59:28,556 INFO  [org.springframework.extensions.webscripts.DeclarativeRegistry] Registered 8 Package Description Documents (+0 failed) 
17:59:28,556 INFO  [org.springframework.extensions.webscripts.DeclarativeRegistry] Registered 0 Schema Description Documents (+0 failed) 
17:59:28,958 INFO  [org.springframework.extensions.webscripts.AbstractRuntimeContainer] Initialised Spring Surf Container Web Script Container (in 3875.396ms)
17:59:28,966 INFO  [org.springframework.extensions.webscripts.TemplateProcessorRegistry] Registered template processor freemarker for extension ftl
17:59:28,971 INFO  [org.springframework.extensions.webscripts.ScriptProcessorRegistry] Registered script processor javascript for extension js
17:59:42,517 INFO  [org.alfresco.web.site.EditionInterceptor] Successfully retrieved license information from Alfresco.
18:00:52,598 INFO  [org.springframework.extensions.webscripts.DeclarativeRegistry] Registered 315 Web Scripts (+0 failed), 327 URLs
18:00:52,598 INFO  [org.springframework.extensions.webscripts.DeclarativeRegistry] Registered 8 Package Description Documents (+0 failed) 
18:00:52,598 INFO  [org.springframework.extensions.webscripts.DeclarativeRegistry] Registered 0 Schema Description Documents (+0 failed) 
18:06:57,834 ERROR [freemarker.runtime] Template processing error: "Expression args.htmlid is undefined on line 4, column 41 in org/alfresco/components/dashlets/calendar.get.html.ftl."

Expression args.htmlid is undefined on line 4, column 41 in org/alfresco/components/dashlets/calendar.get.html.ftl.
The problematic instruction:
----------
==> ${args.htmlid} [on line 4, column 39 in org/alfresco/components/dashlets/calendar.get.html.ftl]
----------

Java backtrace for programmers:
----------
freemarker.core.InvalidReferenceException: Expression args.htmlid is undefined on line 4, column 41 in org/alfresco/components/dashlets/calendar.get.html.ftl.
	at freemarker.core.TemplateObject.assertNonNull(TemplateObject.java:125)
	at freemarker.core.Expression.getStringValue(Expression.java:118)
	at freemarker.core.Expression.getStringValue(Expression.java:93)
	at freemarker.core.DollarVariable.accept(DollarVariable.java:76)
	at freemarker.core.Environment.visit(Environment.java:221)
	at freemarker.core.MixedContent.accept(MixedContent.java:92)
	at freemarker.core.Environment.visit(Environment.java:221)
	at freemarker.core.Environment.process(Environment.java:199)
	at org.springframework.extensions.webscripts.processor.FTLTemplateProcessor.process(FTLTemplateProcessor.java:171)
	at org.springframework.extensions.webscripts.AbstractWebScript.renderTemplate(AbstractWebScript.java:855)
	at org.springframework.extensions.webscripts.DeclarativeWebScript.renderFormatTemplate(DeclarativeWebScript.java:267)
	at org.springframework.extensions.webscripts.DeclarativeWebScript.execute(DeclarativeWebScript.java:147)
	at org.springframework.extensions.webscripts.PresentationContainer.executeScript(PresentationContainer.java:70)
	at org.springframework.extensions.webscripts.LocalWebScriptRuntimeContainer.executeScript(LocalWebScriptRuntimeContainer.java:240)
	at org.springframework.extensions.webscripts.AbstractRuntime.executeScript(AbstractRuntime.java:372)
	at org.springframework.extensions.webscripts.AbstractRuntime.executeScript(AbstractRuntime.java:209)
	at org.springframework.extensions.webscripts.servlet.mvc.WebScriptView.renderMergedOutputModel(WebScriptView.java:104)
	at org.springframework.web.servlet.view.AbstractView.render(AbstractView.java:262)
	at org.springframework.web.servlet.DispatcherServlet.render(DispatcherServlet.java:1180)
	at org.springframework.web.servlet.DispatcherServlet.doDispatch(DispatcherServlet.java:950)
	at org.springframework.web.servlet.DispatcherServlet.doService(DispatcherServlet.java:852)
	at org.springframework.web.servlet.FrameworkServlet.processRequest(FrameworkServlet.java:882)
	at org.springframework.web.servlet.FrameworkServlet.doGet(FrameworkServlet.java:778)
	at javax.servlet.http.HttpServlet.service(HttpServlet.java:617)
	at javax.servlet.http.HttpServlet.service(HttpServlet.java:717)
	at org.apache.catalina.core.ApplicationFilterChain.internalDoFilter(ApplicationFilterChain.java:290)
	at org.apache.catalina.core.ApplicationFilterChain.doFilter(ApplicationFilterChain.java:206)
	at org.alfresco.web.site.servlet.MTAuthenticationFilter.doFilter(MTAuthenticationFilter.java:74)
	at org.apache.catalina.core.ApplicationFilterChain.internalDoFilter(ApplicationFilterChain.java:235)
	at org.apache.catalina.core.ApplicationFilterChain.doFilter(ApplicationFilterChain.java:206)
	at org.alfresco.web.site.servlet.SSOAuthenticationFilter.doFilter(SSOAuthenticationFilter.java:355)
	at org.apache.catalina.core.ApplicationFilterChain.internalDoFilter(ApplicationFilterChain.java:235)
	at org.apache.catalina.core.ApplicationFilterChain.doFilter(ApplicationFilterChain.java:206)
	at org.apache.catalina.core.StandardWrapperValve.invoke(StandardWrapperValve.java:233)
	at org.apache.catalina.core.StandardContextValve.invoke(StandardContextValve.java:191)
	at org.apache.catalina.core.StandardHostValve.invoke(StandardHostValve.java:127)
	at org.apache.catalina.valves.ErrorReportValve.invoke(ErrorReportValve.java:102)
	at org.apache.catalina.core.StandardEngineValve.invoke(StandardEngineValve.java:109)
	at org.apache.catalina.connector.CoyoteAdapter.service(CoyoteAdapter.java:293)
	at org.apache.coyote.http11.Http11Processor.process(Http11Processor.java:859)
	at org.apache.coyote.http11.Http11Protocol$Http11ConnectionHandler.process(Http11Protocol.java:602)
	at org.apache.tomcat.util.net.JIoEndpoint$Worker.run(JIoEndpoint.java:489)
	at java.lang.Thread.run(Thread.java:680)
18:06:57,844 ERROR [org.springframework.extensions.webscripts.AbstractRuntime] Exception from executeScript - redirecting to status template error: 03210000 Failed to process template org/alfresco/components/dashlets/calendar.get.html.ftl
org.springframework.extensions.webscripts.WebScriptException: 03210000 Failed to process template org/alfresco/components/dashlets/calendar.get.html.ftl
	at org.springframework.extensions.webscripts.processor.FTLTemplateProcessor.process(FTLTemplateProcessor.java:175)
	at org.springframework.extensions.webscripts.AbstractWebScript.renderTemplate(AbstractWebScript.java:855)
	at org.springframework.extensions.webscripts.DeclarativeWebScript.renderFormatTemplate(DeclarativeWebScript.java:267)
	at org.springframework.extensions.webscripts.DeclarativeWebScript.execute(DeclarativeWebScript.java:147)
	at org.springframework.extensions.webscripts.PresentationContainer.executeScript(PresentationContainer.java:70)
	at org.springframework.extensions.webscripts.LocalWebScriptRuntimeContainer.executeScript(LocalWebScriptRuntimeContainer.java:240)
	at org.springframework.extensions.webscripts.AbstractRuntime.executeScript(AbstractRuntime.java:372)
	at org.springframework.extensions.webscripts.AbstractRuntime.executeScript(AbstractRuntime.java:209)
	at org.springframework.extensions.webscripts.servlet.mvc.WebScriptView.renderMergedOutputModel(WebScriptView.java:104)
	at org.springframework.web.servlet.view.AbstractView.render(AbstractView.java:262)
	at org.springframework.web.servlet.DispatcherServlet.render(DispatcherServlet.java:1180)
	at org.springframework.web.servlet.DispatcherServlet.doDispatch(DispatcherServlet.java:950)
	at org.springframework.web.servlet.DispatcherServlet.doService(DispatcherServlet.java:852)
	at org.springframework.web.servlet.FrameworkServlet.processRequest(FrameworkServlet.java:882)
	at org.springframework.web.servlet.FrameworkServlet.doGet(FrameworkServlet.java:778)
	at javax.servlet.http.HttpServlet.service(HttpServlet.java:617)
	at javax.servlet.http.HttpServlet.service(HttpServlet.java:717)
	at org.apache.catalina.core.ApplicationFilterChain.internalDoFilter(ApplicationFilterChain.java:290)
	at org.apache.catalina.core.ApplicationFilterChain.doFilter(ApplicationFilterChain.java:206)
	at org.alfresco.web.site.servlet.MTAuthenticationFilter.doFilter(MTAuthenticationFilter.java:74)
	at org.apache.catalina.core.ApplicationFilterChain.internalDoFilter(ApplicationFilterChain.java:235)
	at org.apache.catalina.core.ApplicationFilterChain.doFilter(ApplicationFilterChain.java:206)
	at org.alfresco.web.site.servlet.SSOAuthenticationFilter.doFilter(SSOAuthenticationFilter.java:355)
	at org.apache.catalina.core.ApplicationFilterChain.internalDoFilter(ApplicationFilterChain.java:235)
	at org.apache.catalina.core.ApplicationFilterChain.doFilter(ApplicationFilterChain.java:206)
	at org.apache.catalina.core.StandardWrapperValve.invoke(StandardWrapperValve.java:233)
	at org.apache.catalina.core.StandardContextValve.invoke(StandardContextValve.java:191)
	at org.apache.catalina.core.StandardHostValve.invoke(StandardHostValve.java:127)
	at org.apache.catalina.valves.ErrorReportValve.invoke(ErrorReportValve.java:102)
	at org.apache.catalina.core.StandardEngineValve.invoke(StandardEngineValve.java:109)
	at org.apache.catalina.connector.CoyoteAdapter.service(CoyoteAdapter.java:293)
	at org.apache.coyote.http11.Http11Processor.process(Http11Processor.java:859)
	at org.apache.coyote.http11.Http11Protocol$Http11ConnectionHandler.process(Http11Protocol.java:602)
	at org.apache.tomcat.util.net.JIoEndpoint$Worker.run(JIoEndpoint.java:489)
	at java.lang.Thread.run(Thread.java:680)
Caused by: freemarker.core.InvalidReferenceException: Expression args.htmlid is undefined on line 4, column 41 in org/alfresco/components/dashlets/calendar.get.html.ftl.
	at freemarker.core.TemplateObject.assertNonNull(TemplateObject.java:125)
	at freemarker.core.Expression.getStringValue(Expression.java:118)
	at freemarker.core.Expression.getStringValue(Expression.java:93)
	at freemarker.core.DollarVariable.accept(DollarVariable.java:76)
	at freemarker.core.Environment.visit(Environment.java:221)
	at freemarker.core.MixedContent.accept(MixedContent.java:92)
	at freemarker.core.Environment.visit(Environment.java:221)
	at freemarker.core.Environment.process(Environment.java:199)
	at org.springframework.extensions.webscripts.processor.FTLTemplateProcessor.process(FTLTemplateProcessor.java:171)
	... 34 more
18:07:14,460 ERROR [freemarker.runtime] Template processing error: "Error on line 1, column 1 in org/alfresco/components/dashlets/my-tasks.get.html.ftl\nargs.htmlid is undefined.\nIt cannot be assigned to id"

Error on line 1, column 1 in org/alfresco/components/dashlets/my-tasks.get.html.ftl
args.htmlid is undefined.
It cannot be assigned to id
The problematic instruction:
----------
==> assignment: id=args.htmlid [on line 1, column 1 in org/alfresco/components/dashlets/my-tasks.get.html.ftl]
----------

Java backtrace for programmers:
----------
freemarker.core.InvalidReferenceException: Error on line 1, column 1 in org/alfresco/components/dashlets/my-tasks.get.html.ftl
args.htmlid is undefined.
It cannot be assigned to id
	at freemarker.core.Assignment.accept(Assignment.java:111)
	at freemarker.core.Environment.visit(Environment.java:221)
	at freemarker.core.MixedContent.accept(MixedContent.java:92)
	at freemarker.core.Environment.visit(Environment.java:221)
	at freemarker.core.Environment.process(Environment.java:199)
	at org.springframework.extensions.webscripts.processor.FTLTemplateProcessor.process(FTLTemplateProcessor.java:171)
	at org.springframework.extensions.webscripts.AbstractWebScript.renderTemplate(AbstractWebScript.java:855)
	at org.springframework.extensions.webscripts.DeclarativeWebScript.renderFormatTemplate(DeclarativeWebScript.java:267)
	at org.springframework.extensions.webscripts.DeclarativeWebScript.execute(DeclarativeWebScript.java:147)
	at org.springframework.extensions.webscripts.PresentationContainer.executeScript(PresentationContainer.java:70)
	at org.springframework.extensions.webscripts.LocalWebScriptRuntimeContainer.executeScript(LocalWebScriptRuntimeContainer.java:240)
	at org.springframework.extensions.webscripts.AbstractRuntime.executeScript(AbstractRuntime.java:372)
	at org.springframework.extensions.webscripts.AbstractRuntime.executeScript(AbstractRuntime.java:209)
	at org.springframework.extensions.webscripts.servlet.mvc.WebScriptView.renderMergedOutputModel(WebScriptView.java:104)
	at org.springframework.web.servlet.view.AbstractView.render(AbstractView.java:262)
	at org.springframework.web.servlet.DispatcherServlet.render(DispatcherServlet.java:1180)
	at org.springframework.web.servlet.DispatcherServlet.doDispatch(DispatcherServlet.java:950)
	at org.springframework.web.servlet.DispatcherServlet.doService(DispatcherServlet.java:852)
	at org.springframework.web.servlet.FrameworkServlet.processRequest(FrameworkServlet.java:882)
	at org.springframework.web.servlet.FrameworkServlet.doGet(FrameworkServlet.java:778)
	at javax.servlet.http.HttpServlet.service(HttpServlet.java:617)
	at javax.servlet.http.HttpServlet.service(HttpServlet.java:717)
	at org.apache.catalina.core.ApplicationFilterChain.internalDoFilter(ApplicationFilterChain.java:290)
	at org.apache.catalina.core.ApplicationFilterChain.doFilter(ApplicationFilterChain.java:206)
	at org.alfresco.web.site.servlet.MTAuthenticationFilter.doFilter(MTAuthenticationFilter.java:74)
	at org.apache.catalina.core.ApplicationFilterChain.internalDoFilter(ApplicationFilterChain.java:235)
	at org.apache.catalina.core.ApplicationFilterChain.doFilter(ApplicationFilterChain.java:206)
	at org.alfresco.web.site.servlet.SSOAuthenticationFilter.doFilter(SSOAuthenticationFilter.java:355)
	at org.apache.catalina.core.ApplicationFilterChain.internalDoFilter(ApplicationFilterChain.java:235)
	at org.apache.catalina.core.ApplicationFilterChain.doFilter(ApplicationFilterChain.java:206)
	at org.apache.catalina.core.StandardWrapperValve.invoke(StandardWrapperValve.java:233)
	at org.apache.catalina.core.StandardContextValve.invoke(StandardContextValve.java:191)
	at org.apache.catalina.core.StandardHostValve.invoke(StandardHostValve.java:127)
	at org.apache.catalina.valves.ErrorReportValve.invoke(ErrorReportValve.java:102)
	at org.apache.catalina.core.StandardEngineValve.invoke(StandardEngineValve.java:109)
	at org.apache.catalina.connector.CoyoteAdapter.service(CoyoteAdapter.java:293)
	at org.apache.coyote.http11.Http11Processor.process(Http11Processor.java:859)
	at org.apache.coyote.http11.Http11Protocol$Http11ConnectionHandler.process(Http11Protocol.java:602)
	at org.apache.tomcat.util.net.JIoEndpoint$Worker.run(JIoEndpoint.java:489)
	at java.lang.Thread.run(Thread.java:680)
18:07:14,461 ERROR [org.springframework.extensions.webscripts.AbstractRuntime] Exception from executeScript - redirecting to status template error: 03210001 Failed to process template org/alfresco/components/dashlets/my-tasks.get.html.ftl
org.springframework.extensions.webscripts.WebScriptException: 03210001 Failed to process template org/alfresco/components/dashlets/my-tasks.get.html.ftl
	at org.springframework.extensions.webscripts.processor.FTLTemplateProcessor.process(FTLTemplateProcessor.java:175)
	at org.springframework.extensions.webscripts.AbstractWebScript.renderTemplate(AbstractWebScript.java:855)
	at org.springframework.extensions.webscripts.DeclarativeWebScript.renderFormatTemplate(DeclarativeWebScript.java:267)
	at org.springframework.extensions.webscripts.DeclarativeWebScript.execute(DeclarativeWebScript.java:147)
	at org.springframework.extensions.webscripts.PresentationContainer.executeScript(PresentationContainer.java:70)
	at org.springframework.extensions.webscripts.LocalWebScriptRuntimeContainer.executeScript(LocalWebScriptRuntimeContainer.java:240)
	at org.springframework.extensions.webscripts.AbstractRuntime.executeScript(AbstractRuntime.java:372)
	at org.springframework.extensions.webscripts.AbstractRuntime.executeScript(AbstractRuntime.java:209)
	at org.springframework.extensions.webscripts.servlet.mvc.WebScriptView.renderMergedOutputModel(WebScriptView.java:104)
	at org.springframework.web.servlet.view.AbstractView.render(AbstractView.java:262)
	at org.springframework.web.servlet.DispatcherServlet.render(DispatcherServlet.java:1180)
	at org.springframework.web.servlet.DispatcherServlet.doDispatch(DispatcherServlet.java:950)
	at org.springframework.web.servlet.DispatcherServlet.doService(DispatcherServlet.java:852)
	at org.springframework.web.servlet.FrameworkServlet.processRequest(FrameworkServlet.java:882)
	at org.springframework.web.servlet.FrameworkServlet.doGet(FrameworkServlet.java:778)
	at javax.servlet.http.HttpServlet.service(HttpServlet.java:617)
	at javax.servlet.http.HttpServlet.service(HttpServlet.java:717)
	at org.apache.catalina.core.ApplicationFilterChain.internalDoFilter(ApplicationFilterChain.java:290)
	at org.apache.catalina.core.ApplicationFilterChain.doFilter(ApplicationFilterChain.java:206)
	at org.alfresco.web.site.servlet.MTAuthenticationFilter.doFilter(MTAuthenticationFilter.java:74)
	at org.apache.catalina.core.ApplicationFilterChain.internalDoFilter(ApplicationFilterChain.java:235)
	at org.apache.catalina.core.ApplicationFilterChain.doFilter(ApplicationFilterChain.java:206)
	at org.alfresco.web.site.servlet.SSOAuthenticationFilter.doFilter(SSOAuthenticationFilter.java:355)
	at org.apache.catalina.core.ApplicationFilterChain.internalDoFilter(ApplicationFilterChain.java:235)
	at org.apache.catalina.core.ApplicationFilterChain.doFilter(ApplicationFilterChain.java:206)
	at org.apache.catalina.core.StandardWrapperValve.invoke(StandardWrapperValve.java:233)
	at org.apache.catalina.core.StandardContextValve.invoke(StandardContextValve.java:191)
	at org.apache.catalina.core.StandardHostValve.invoke(StandardHostValve.java:127)
	at org.apache.catalina.valves.ErrorReportValve.invoke(ErrorReportValve.java:102)
	at org.apache.catalina.core.StandardEngineValve.invoke(StandardEngineValve.java:109)
	at org.apache.catalina.connector.CoyoteAdapter.service(CoyoteAdapter.java:293)
	at org.apache.coyote.http11.Http11Processor.process(Http11Processor.java:859)
	at org.apache.coyote.http11.Http11Protocol$Http11ConnectionHandler.process(Http11Protocol.java:602)
	at org.apache.tomcat.util.net.JIoEndpoint$Worker.run(JIoEndpoint.java:489)
	at java.lang.Thread.run(Thread.java:680)
Caused by: freemarker.core.InvalidReferenceException: Error on line 1, column 1 in org/alfresco/components/dashlets/my-tasks.get.html.ftl
args.htmlid is undefined.
It cannot be assigned to id
	at freemarker.core.Assignment.accept(Assignment.java:111)
	at freemarker.core.Environment.visit(Environment.java:221)
	at freemarker.core.MixedContent.accept(MixedContent.java:92)
	at freemarker.core.Environment.visit(Environment.java:221)
	at freemarker.core.Environment.process(Environment.java:199)
	at org.springframework.extensions.webscripts.processor.FTLTemplateProcessor.process(FTLTemplateProcessor.java:171)
	... 34 more
18:07:33,398 ERROR [org.springframework.extensions.webscripts.AbstractRuntime] Exception from executeScript - redirecting to status template error: 03210003 Failed to execute script 'classpath*:alfresco/site-webscripts/org/alfresco/components/dashlets/webview.get.js': 03210002 ReferenceError: "page" is not defined. (file:/Users/hflambo/local/alfresco-svn/root-02-04-2012/gigfork-server/apache-tomcat-6.0.35-app/webapps/share/WEB-INF/classes/alfresco/site-webscripts/org/alfresco/components/dashlets/webview.get.js#39)
org.springframework.extensions.webscripts.WebScriptException: 03210003 Failed to execute script 'classpath*:alfresco/site-webscripts/org/alfresco/components/dashlets/webview.get.js': 03210002 ReferenceError: "page" is not defined. (file:/Users/hflambo/local/alfresco-svn/root-02-04-2012/gigfork-server/apache-tomcat-6.0.35-app/webapps/share/WEB-INF/classes/alfresco/site-webscripts/org/alfresco/components/dashlets/webview.get.js#39)
	at org.springframework.extensions.webscripts.processor.JSScriptProcessor.executeScript(JSScriptProcessor.java:200)
	at org.springframework.extensions.webscripts.AbstractWebScript.executeScript(AbstractWebScript.java:1285)
	at org.springframework.extensions.webscripts.DeclarativeWebScript.execute(DeclarativeWebScript.java:86)
	at org.springframework.extensions.webscripts.PresentationContainer.executeScript(PresentationContainer.java:70)
	at org.springframework.extensions.webscripts.LocalWebScriptRuntimeContainer.executeScript(LocalWebScriptRuntimeContainer.java:240)
	at org.springframework.extensions.webscripts.AbstractRuntime.executeScript(AbstractRuntime.java:372)
	at org.springframework.extensions.webscripts.AbstractRuntime.executeScript(AbstractRuntime.java:209)
	at org.springframework.extensions.webscripts.servlet.mvc.WebScriptView.renderMergedOutputModel(WebScriptView.java:104)
	at org.springframework.web.servlet.view.AbstractView.render(AbstractView.java:262)
	at org.springframework.web.servlet.DispatcherServlet.render(DispatcherServlet.java:1180)
	at org.springframework.web.servlet.DispatcherServlet.doDispatch(DispatcherServlet.java:950)
	at org.springframework.web.servlet.DispatcherServlet.doService(DispatcherServlet.java:852)
	at org.springframework.web.servlet.FrameworkServlet.processRequest(FrameworkServlet.java:882)
	at org.springframework.web.servlet.FrameworkServlet.doGet(FrameworkServlet.java:778)
	at javax.servlet.http.HttpServlet.service(HttpServlet.java:617)
	at javax.servlet.http.HttpServlet.service(HttpServlet.java:717)
	at org.apache.catalina.core.ApplicationFilterChain.internalDoFilter(ApplicationFilterChain.java:290)
	at org.apache.catalina.core.ApplicationFilterChain.doFilter(ApplicationFilterChain.java:206)
	at org.alfresco.web.site.servlet.MTAuthenticationFilter.doFilter(MTAuthenticationFilter.java:74)
	at org.apache.catalina.core.ApplicationFilterChain.internalDoFilter(ApplicationFilterChain.java:235)
	at org.apache.catalina.core.ApplicationFilterChain.doFilter(ApplicationFilterChain.java:206)
	at org.alfresco.web.site.servlet.SSOAuthenticationFilter.doFilter(SSOAuthenticationFilter.java:355)
	at org.apache.catalina.core.ApplicationFilterChain.internalDoFilter(ApplicationFilterChain.java:235)
	at org.apache.catalina.core.ApplicationFilterChain.doFilter(ApplicationFilterChain.java:206)
	at org.apache.catalina.core.StandardWrapperValve.invoke(StandardWrapperValve.java:233)
	at org.apache.catalina.core.StandardContextValve.invoke(StandardContextValve.java:191)
	at org.apache.catalina.core.StandardHostValve.invoke(StandardHostValve.java:127)
	at org.apache.catalina.valves.ErrorReportValve.invoke(ErrorReportValve.java:102)
	at org.apache.catalina.core.StandardEngineValve.invoke(StandardEngineValve.java:109)
	at org.apache.catalina.connector.CoyoteAdapter.service(CoyoteAdapter.java:293)
	at org.apache.coyote.http11.Http11Processor.process(Http11Processor.java:859)
	at org.apache.coyote.http11.Http11Protocol$Http11ConnectionHandler.process(Http11Protocol.java:602)
	at org.apache.tomcat.util.net.JIoEndpoint$Worker.run(JIoEndpoint.java:489)
	at java.lang.Thread.run(Thread.java:680)
Caused by: org.springframework.extensions.webscripts.WebScriptException: 03210002 ReferenceError: "page" is not defined. (file:/Users/hflambo/local/alfresco-svn/root-02-04-2012/gigfork-server/apache-tomcat-6.0.35-app/webapps/share/WEB-INF/classes/alfresco/site-webscripts/org/alfresco/components/dashlets/webview.get.js#39)
	at org.springframework.extensions.webscripts.processor.JSScriptProcessor.executeScriptImpl(JSScriptProcessor.java:328)
	at org.springframework.extensions.webscripts.processor.JSScriptProcessor.executeScript(JSScriptProcessor.java:192)
	... 33 more
Caused by: org.mozilla.javascript.EcmaError: ReferenceError: "page" is not defined. (file:/Users/hflambo/local/alfresco-svn/root-02-04-2012/gigfork-server/apache-tomcat-6.0.35-app/webapps/share/WEB-INF/classes/alfresco/site-webscripts/org/alfresco/components/dashlets/webview.get.js#39)
	at org.mozilla.javascript.ScriptRuntime.constructError(ScriptRuntime.java:3350)
	at org.mozilla.javascript.ScriptRuntime.constructError(ScriptRuntime.java:3340)
	at org.mozilla.javascript.ScriptRuntime.notFoundError(ScriptRuntime.java:3413)
	at org.mozilla.javascript.ScriptRuntime.nameOrFunction(ScriptRuntime.java:1678)
	at org.mozilla.javascript.ScriptRuntime.name(ScriptRuntime.java:1617)
	at org.mozilla.javascript.gen.c16._c1(file:/Users/hflambo/local/alfresco-svn/root-02-04-2012/gigfork-server/apache-tomcat-6.0.35-app/webapps/share/WEB-INF/classes/alfresco/site-webscripts/org/alfresco/components/dashlets/webview.get.js:39)
	at org.mozilla.javascript.gen.c16.call(file:/Users/hflambo/local/alfresco-svn/root-02-04-2012/gigfork-server/apache-tomcat-6.0.35-app/webapps/share/WEB-INF/classes/alfresco/site-webscripts/org/alfresco/components/dashlets/webview.get.js)
	at org.mozilla.javascript.optimizer.OptRuntime.callName0(OptRuntime.java:108)
	at org.mozilla.javascript.gen.c16._c0(file:/Users/hflambo/local/alfresco-svn/root-02-04-2012/gigfork-server/apache-tomcat-6.0.35-app/webapps/share/WEB-INF/classes/alfresco/site-webscripts/org/alfresco/components/dashlets/webview.get.js:57)
	at org.mozilla.javascript.gen.c16.call(file:/Users/hflambo/local/alfresco-svn/root-02-04-2012/gigfork-server/apache-tomcat-6.0.35-app/webapps/share/WEB-INF/classes/alfresco/site-webscripts/org/alfresco/components/dashlets/webview.get.js)
	at org.mozilla.javascript.ContextFactory.doTopCall(ContextFactory.java:393)
	at org.mozilla.javascript.ScriptRuntime.doTopCall(ScriptRuntime.java:2834)
	at org.mozilla.javascript.gen.c16.call(file:/Users/hflambo/local/alfresco-svn/root-02-04-2012/gigfork-server/apache-tomcat-6.0.35-app/webapps/share/WEB-INF/classes/alfresco/site-webscripts/org/alfresco/components/dashlets/webview.get.js)
	at org.mozilla.javascript.gen.c16.exec(file:/Users/hflambo/local/alfresco-svn/root-02-04-2012/gigfork-server/apache-tomcat-6.0.35-app/webapps/share/WEB-INF/classes/alfresco/site-webscripts/org/alfresco/components/dashlets/webview.get.js)
	at org.springframework.extensions.webscripts.processor.JSScriptProcessor.executeScriptImpl(JSScriptProcessor.java:318)
	... 34 more
18:07:56,666 ERROR [org.springframework.extensions.webscripts.AbstractRuntime] Exception from executeScript - redirecting to status template error: 03210005 Failed to execute script 'classpath*:alfresco/site-webscripts/org/alfresco/components/geographic/google-map.get.js': 03210004 Error: Parameter "nodeRef" is missing. (file:/Users/hflambo/local/alfresco-svn/root-02-04-2012/gigfork-server/apache-tomcat-6.0.35-app/webapps/share/WEB-INF/classes/alfresco/site-webscripts/org/alfresco/components/geographic/google-map.get.js#978)
org.springframework.extensions.webscripts.WebScriptException: 03210005 Failed to execute script 'classpath*:alfresco/site-webscripts/org/alfresco/components/geographic/google-map.get.js': 03210004 Error: Parameter "nodeRef" is missing. (file:/Users/hflambo/local/alfresco-svn/root-02-04-2012/gigfork-server/apache-tomcat-6.0.35-app/webapps/share/WEB-INF/classes/alfresco/site-webscripts/org/alfresco/components/geographic/google-map.get.js#978)
	at org.springframework.extensions.webscripts.processor.JSScriptProcessor.executeScript(JSScriptProcessor.java:200)
	at org.springframework.extensions.webscripts.AbstractWebScript.executeScript(AbstractWebScript.java:1285)
	at org.springframework.extensions.webscripts.DeclarativeWebScript.execute(DeclarativeWebScript.java:86)
	at org.springframework.extensions.webscripts.PresentationContainer.executeScript(PresentationContainer.java:70)
	at org.springframework.extensions.webscripts.LocalWebScriptRuntimeContainer.executeScript(LocalWebScriptRuntimeContainer.java:240)
	at org.springframework.extensions.webscripts.AbstractRuntime.executeScript(AbstractRuntime.java:372)
	at org.springframework.extensions.webscripts.AbstractRuntime.executeScript(AbstractRuntime.java:209)
	at org.springframework.extensions.webscripts.servlet.mvc.WebScriptView.renderMergedOutputModel(WebScriptView.java:104)
	at org.springframework.web.servlet.view.AbstractView.render(AbstractView.java:262)
	at org.springframework.web.servlet.DispatcherServlet.render(DispatcherServlet.java:1180)
	at org.springframework.web.servlet.DispatcherServlet.doDispatch(DispatcherServlet.java:950)
	at org.springframework.web.servlet.DispatcherServlet.doService(DispatcherServlet.java:852)
	at org.springframework.web.servlet.FrameworkServlet.processRequest(FrameworkServlet.java:882)
	at org.springframework.web.servlet.FrameworkServlet.doGet(FrameworkServlet.java:778)
	at javax.servlet.http.HttpServlet.service(HttpServlet.java:617)
	at javax.servlet.http.HttpServlet.service(HttpServlet.java:717)
	at org.apache.catalina.core.ApplicationFilterChain.internalDoFilter(ApplicationFilterChain.java:290)
	at org.apache.catalina.core.ApplicationFilterChain.doFilter(ApplicationFilterChain.java:206)
	at org.alfresco.web.site.servlet.MTAuthenticationFilter.doFilter(MTAuthenticationFilter.java:74)
	at org.apache.catalina.core.ApplicationFilterChain.internalDoFilter(ApplicationFilterChain.java:235)
	at org.apache.catalina.core.ApplicationFilterChain.doFilter(ApplicationFilterChain.java:206)
	at org.alfresco.web.site.servlet.SSOAuthenticationFilter.doFilter(SSOAuthenticationFilter.java:355)
	at org.apache.catalina.core.ApplicationFilterChain.internalDoFilter(ApplicationFilterChain.java:235)
	at org.apache.catalina.core.ApplicationFilterChain.doFilter(ApplicationFilterChain.java:206)
	at org.apache.catalina.core.StandardWrapperValve.invoke(StandardWrapperValve.java:233)
	at org.apache.catalina.core.StandardContextValve.invoke(StandardContextValve.java:191)
	at org.apache.catalina.core.StandardHostValve.invoke(StandardHostValve.java:127)
	at org.apache.catalina.valves.ErrorReportValve.invoke(ErrorReportValve.java:102)
	at org.apache.catalina.core.StandardEngineValve.invoke(StandardEngineValve.java:109)
	at org.apache.catalina.connector.CoyoteAdapter.service(CoyoteAdapter.java:293)
	at org.apache.coyote.http11.Http11Processor.process(Http11Processor.java:859)
	at org.apache.coyote.http11.Http11Protocol$Http11ConnectionHandler.process(Http11Protocol.java:602)
	at org.apache.tomcat.util.net.JIoEndpoint$Worker.run(JIoEndpoint.java:489)
	at java.lang.Thread.run(Thread.java:680)
Caused by: org.springframework.extensions.webscripts.WebScriptException: 03210004 Error: Parameter "nodeRef" is missing. (file:/Users/hflambo/local/alfresco-svn/root-02-04-2012/gigfork-server/apache-tomcat-6.0.35-app/webapps/share/WEB-INF/classes/alfresco/site-webscripts/org/alfresco/components/geographic/google-map.get.js#978)
	at org.springframework.extensions.webscripts.processor.JSScriptProcessor.executeScriptImpl(JSScriptProcessor.java:328)
	at org.springframework.extensions.webscripts.processor.JSScriptProcessor.executeScript(JSScriptProcessor.java:192)
	... 33 more
Caused by: org.mozilla.javascript.JavaScriptException: [object Error] (file:/Users/hflambo/local/alfresco-svn/root-02-04-2012/gigfork-server/apache-tomcat-6.0.35-app/webapps/share/WEB-INF/classes/alfresco/site-webscripts/org/alfresco/components/geographic/google-map.get.js#978)
	at org.mozilla.javascript.gen.c17._c27(file:/Users/hflambo/local/alfresco-svn/root-02-04-2012/gigfork-server/apache-tomcat-6.0.35-app/webapps/share/WEB-INF/classes/alfresco/site-webscripts/org/alfresco/components/geographic/google-map.get.js:978)
	at org.mozilla.javascript.gen.c17.call(file:/Users/hflambo/local/alfresco-svn/root-02-04-2012/gigfork-server/apache-tomcat-6.0.35-app/webapps/share/WEB-INF/classes/alfresco/site-webscripts/org/alfresco/components/geographic/google-map.get.js)
	at org.mozilla.javascript.optimizer.OptRuntime.callN(OptRuntime.java:86)
	at org.mozilla.javascript.gen.c17._c28(file:/Users/hflambo/local/alfresco-svn/root-02-04-2012/gigfork-server/apache-tomcat-6.0.35-app/webapps/share/WEB-INF/classes/alfresco/site-webscripts/org/alfresco/components/geographic/google-map.get.js:1022)
	at org.mozilla.javascript.gen.c17.call(file:/Users/hflambo/local/alfresco-svn/root-02-04-2012/gigfork-server/apache-tomcat-6.0.35-app/webapps/share/WEB-INF/classes/alfresco/site-webscripts/org/alfresco/components/geographic/google-map.get.js)
	at org.mozilla.javascript.optimizer.OptRuntime.call1(OptRuntime.java:66)
	at org.mozilla.javascript.gen.c17._c51(file:/Users/hflambo/local/alfresco-svn/root-02-04-2012/gigfork-server/apache-tomcat-6.0.35-app/webapps/share/WEB-INF/classes/alfresco/site-webscripts/org/alfresco/components/geographic/google-map.get.js:1690)
	at org.mozilla.javascript.gen.c17.call(file:/Users/hflambo/local/alfresco-svn/root-02-04-2012/gigfork-server/apache-tomcat-6.0.35-app/webapps/share/WEB-INF/classes/alfresco/site-webscripts/org/alfresco/components/geographic/google-map.get.js)
	at org.mozilla.javascript.optimizer.OptRuntime.callName0(OptRuntime.java:108)
	at org.mozilla.javascript.gen.c17._c0(file:/Users/hflambo/local/alfresco-svn/root-02-04-2012/gigfork-server/apache-tomcat-6.0.35-app/webapps/share/WEB-INF/classes/alfresco/site-webscripts/org/alfresco/components/geographic/google-map.get.js:1712)
	at org.mozilla.javascript.gen.c17.call(file:/Users/hflambo/local/alfresco-svn/root-02-04-2012/gigfork-server/apache-tomcat-6.0.35-app/webapps/share/WEB-INF/classes/alfresco/site-webscripts/org/alfresco/components/geographic/google-map.get.js)
	at org.mozilla.javascript.ContextFactory.doTopCall(ContextFactory.java:393)
	at org.mozilla.javascript.ScriptRuntime.doTopCall(ScriptRuntime.java:2834)
	at org.mozilla.javascript.gen.c17.call(file:/Users/hflambo/local/alfresco-svn/root-02-04-2012/gigfork-server/apache-tomcat-6.0.35-app/webapps/share/WEB-INF/classes/alfresco/site-webscripts/org/alfresco/components/geographic/google-map.get.js)
	at org.mozilla.javascript.gen.c17.exec(file:/Users/hflambo/local/alfresco-svn/root-02-04-2012/gigfork-server/apache-tomcat-6.0.35-app/webapps/share/WEB-INF/classes/alfresco/site-webscripts/org/alfresco/components/geographic/google-map.get.js)
	at org.springframework.extensions.webscripts.processor.JSScriptProcessor.executeScriptImpl(JSScriptProcessor.java:318)
	... 34 more
18:08:06,469 ERROR [org.springframework.extensions.webscripts.AbstractRuntime] Exception from executeScript - redirecting to status template error: 03210007 Failed to execute script 'classpath*:alfresco/site-webscripts/org/alfresco/components/header/header.get.js': 03210006 ReferenceError: "page" is not defined. (file:/Users/hflambo/local/alfresco-svn/root-02-04-2012/gigfork-server/apache-tomcat-6.0.35-app/webapps/share/WEB-INF/classes/alfresco/site-webscripts/org/alfresco/components/header/header.get.js#38)
org.springframework.extensions.webscripts.WebScriptException: 03210007 Failed to execute script 'classpath*:alfresco/site-webscripts/org/alfresco/components/header/header.get.js': 03210006 ReferenceError: "page" is not defined. (file:/Users/hflambo/local/alfresco-svn/root-02-04-2012/gigfork-server/apache-tomcat-6.0.35-app/webapps/share/WEB-INF/classes/alfresco/site-webscripts/org/alfresco/components/header/header.get.js#38)
	at org.springframework.extensions.webscripts.processor.JSScriptProcessor.executeScript(JSScriptProcessor.java:200)
	at org.springframework.extensions.webscripts.AbstractWebScript.executeScript(AbstractWebScript.java:1285)
	at org.springframework.extensions.webscripts.DeclarativeWebScript.execute(DeclarativeWebScript.java:86)
	at org.springframework.extensions.webscripts.PresentationContainer.executeScript(PresentationContainer.java:70)
	at org.springframework.extensions.webscripts.LocalWebScriptRuntimeContainer.executeScript(LocalWebScriptRuntimeContainer.java:240)
	at org.springframework.extensions.webscripts.AbstractRuntime.executeScript(AbstractRuntime.java:372)
	at org.springframework.extensions.webscripts.AbstractRuntime.executeScript(AbstractRuntime.java:209)
	at org.springframework.extensions.webscripts.servlet.mvc.WebScriptView.renderMergedOutputModel(WebScriptView.java:104)
	at org.springframework.web.servlet.view.AbstractView.render(AbstractView.java:262)
	at org.springframework.web.servlet.DispatcherServlet.render(DispatcherServlet.java:1180)
	at org.springframework.web.servlet.DispatcherServlet.doDispatch(DispatcherServlet.java:950)
	at org.springframework.web.servlet.DispatcherServlet.doService(DispatcherServlet.java:852)
	at org.springframework.web.servlet.FrameworkServlet.processRequest(FrameworkServlet.java:882)
	at org.springframework.web.servlet.FrameworkServlet.doGet(FrameworkServlet.java:778)
	at javax.servlet.http.HttpServlet.service(HttpServlet.java:617)
	at javax.servlet.http.HttpServlet.service(HttpServlet.java:717)
	at org.apache.catalina.core.ApplicationFilterChain.internalDoFilter(ApplicationFilterChain.java:290)
	at org.apache.catalina.core.ApplicationFilterChain.doFilter(ApplicationFilterChain.java:206)
	at org.alfresco.web.site.servlet.MTAuthenticationFilter.doFilter(MTAuthenticationFilter.java:74)
	at org.apache.catalina.core.ApplicationFilterChain.internalDoFilter(ApplicationFilterChain.java:235)
	at org.apache.catalina.core.ApplicationFilterChain.doFilter(ApplicationFilterChain.java:206)
	at org.alfresco.web.site.servlet.SSOAuthenticationFilter.doFilter(SSOAuthenticationFilter.java:355)
	at org.apache.catalina.core.ApplicationFilterChain.internalDoFilter(ApplicationFilterChain.java:235)
	at org.apache.catalina.core.ApplicationFilterChain.doFilter(ApplicationFilterChain.java:206)
	at org.apache.catalina.core.StandardWrapperValve.invoke(StandardWrapperValve.java:233)
	at org.apache.catalina.core.StandardContextValve.invoke(StandardContextValve.java:191)
	at org.apache.catalina.core.StandardHostValve.invoke(StandardHostValve.java:127)
	at org.apache.catalina.valves.ErrorReportValve.invoke(ErrorReportValve.java:102)
	at org.apache.catalina.core.StandardEngineValve.invoke(StandardEngineValve.java:109)
	at org.apache.catalina.connector.CoyoteAdapter.service(CoyoteAdapter.java:293)
	at org.apache.coyote.http11.Http11Processor.process(Http11Processor.java:859)
	at org.apache.coyote.http11.Http11Protocol$Http11ConnectionHandler.process(Http11Protocol.java:602)
	at org.apache.tomcat.util.net.JIoEndpoint$Worker.run(JIoEndpoint.java:489)
	at java.lang.Thread.run(Thread.java:680)
Caused by: org.springframework.extensions.webscripts.WebScriptException: 03210006 ReferenceError: "page" is not defined. (file:/Users/hflambo/local/alfresco-svn/root-02-04-2012/gigfork-server/apache-tomcat-6.0.35-app/webapps/share/WEB-INF/classes/alfresco/site-webscripts/org/alfresco/components/header/header.get.js#38)
	at org.springframework.extensions.webscripts.processor.JSScriptProcessor.executeScriptImpl(JSScriptProcessor.java:328)
	at org.springframework.extensions.webscripts.processor.JSScriptProcessor.executeScript(JSScriptProcessor.java:192)
	... 33 more
Caused by: org.mozilla.javascript.EcmaError: ReferenceError: "page" is not defined. (file:/Users/hflambo/local/alfresco-svn/root-02-04-2012/gigfork-server/apache-tomcat-6.0.35-app/webapps/share/WEB-INF/classes/alfresco/site-webscripts/org/alfresco/components/header/header.get.js#38)
	at org.mozilla.javascript.ScriptRuntime.constructError(ScriptRuntime.java:3350)
	at org.mozilla.javascript.ScriptRuntime.constructError(ScriptRuntime.java:3340)
	at org.mozilla.javascript.ScriptRuntime.notFoundError(ScriptRuntime.java:3413)
	at org.mozilla.javascript.ScriptRuntime.nameOrFunction(ScriptRuntime.java:1678)
	at org.mozilla.javascript.ScriptRuntime.name(ScriptRuntime.java:1617)
	at org.mozilla.javascript.gen.c3._c2(file:/Users/hflambo/local/alfresco-svn/root-02-04-2012/gigfork-server/apache-tomcat-6.0.35-app/webapps/share/WEB-INF/classes/alfresco/site-webscripts/org/alfresco/components/header/header.get.js:38)
	at org.mozilla.javascript.gen.c3.call(file:/Users/hflambo/local/alfresco-svn/root-02-04-2012/gigfork-server/apache-tomcat-6.0.35-app/webapps/share/WEB-INF/classes/alfresco/site-webscripts/org/alfresco/components/header/header.get.js)
	at org.mozilla.javascript.optimizer.OptRuntime.callName0(OptRuntime.java:108)
	at org.mozilla.javascript.gen.c3._c7(file:/Users/hflambo/local/alfresco-svn/root-02-04-2012/gigfork-server/apache-tomcat-6.0.35-app/webapps/share/WEB-INF/classes/alfresco/site-webscripts/org/alfresco/components/header/header.get.js:130)
	at org.mozilla.javascript.gen.c3.call(file:/Users/hflambo/local/alfresco-svn/root-02-04-2012/gigfork-server/apache-tomcat-6.0.35-app/webapps/share/WEB-INF/classes/alfresco/site-webscripts/org/alfresco/components/header/header.get.js)
	at org.mozilla.javascript.optimizer.OptRuntime.callName0(OptRuntime.java:108)
	at org.mozilla.javascript.gen.c3._c0(file:/Users/hflambo/local/alfresco-svn/root-02-04-2012/gigfork-server/apache-tomcat-6.0.35-app/webapps/share/WEB-INF/classes/alfresco/site-webscripts/org/alfresco/components/header/header.get.js:139)
	at org.mozilla.javascript.gen.c3.call(file:/Users/hflambo/local/alfresco-svn/root-02-04-2012/gigfork-server/apache-tomcat-6.0.35-app/webapps/share/WEB-INF/classes/alfresco/site-webscripts/org/alfresco/components/header/header.get.js)
	at org.mozilla.javascript.ContextFactory.doTopCall(ContextFactory.java:393)
	at org.mozilla.javascript.ScriptRuntime.doTopCall(ScriptRuntime.java:2834)
	at org.mozilla.javascript.gen.c3.call(file:/Users/hflambo/local/alfresco-svn/root-02-04-2012/gigfork-server/apache-tomcat-6.0.35-app/webapps/share/WEB-INF/classes/alfresco/site-webscripts/org/alfresco/components/header/header.get.js)
	at org.mozilla.javascript.gen.c3.exec(file:/Users/hflambo/local/alfresco-svn/root-02-04-2012/gigfork-server/apache-tomcat-6.0.35-app/webapps/share/WEB-INF/classes/alfresco/site-webscripts/org/alfresco/components/header/header.get.js)
	at org.springframework.extensions.webscripts.processor.JSScriptProcessor.executeScriptImpl(JSScriptProcessor.java:318)
	... 34 more
18:08:46,916 INFO  [org.alfresco.web.scripts.DictionaryQuery] Successfully retrieved dictionary information from Alfresco.
18:08:53,609 INFO  [org.alfresco.web.scripts.MimetypesQuery] Successfully retrieved mimetypes information from Alfresco.
18:09:13,196 ERROR [org.alfresco.web.site] javax.servlet.ServletException: Could not resolve view with name 'site/greenhouse/ERROR: page home not found!' in servlet with name 'Spring Surf Dispatcher Servlet'
