Apr 19, 2012 10:46:25 AM org.apache.catalina.core.AprLifecycleListener init
INFO: The APR based Apache Tomcat Native library which allows optimal performance in production environments was not found on the java.library.path: /Users/hflambo/local/gigfork-video-ffmpeg/ffmpeg-vda-gigfork/lib::.:/Library/Java/Extensions:/System/Library/Java/Extensions:/usr/lib/java
Apr 19, 2012 10:46:25 AM org.apache.coyote.http11.Http11Protocol init
INFO: Initializing Coyote HTTP/1.1 on http-8080
Apr 19, 2012 10:46:25 AM org.apache.catalina.startup.Catalina load
INFO: Initialization processed in 675 ms
Apr 19, 2012 10:46:25 AM org.apache.catalina.core.StandardService start
INFO: Starting service Catalina
Apr 19, 2012 10:46:25 AM org.apache.catalina.core.StandardEngine start
INFO: Starting Servlet Engine: Apache Tomcat/6.0.35
Apr 19, 2012 10:46:25 AM org.apache.catalina.startup.HostConfig deployWAR
INFO: Deploying web application archive share.war
Apr 19, 2012 10:46:43 AM org.apache.coyote.http11.Http11Protocol start
INFO: Starting Coyote HTTP/1.1 on http-8080
Apr 19, 2012 10:46:43 AM org.apache.jk.common.ChannelSocket init
INFO: JK: ajp13 listening on /0.0.0.0:8009
Apr 19, 2012 10:46:43 AM org.apache.jk.server.JkMain start
INFO: Jk running ID=0 time=0/40  config=null
Apr 19, 2012 10:46:43 AM org.apache.catalina.startup.Catalina start
INFO: Server startup in 17657 ms
Apr 19, 2012 10:48:41 AM org.apache.coyote.http11.Http11Protocol pause
INFO: Pausing Coyote HTTP/1.1 on http-8080
Apr 19, 2012 10:48:42 AM org.apache.catalina.core.StandardService stop
INFO: Stopping service Catalina
Apr 19, 2012 10:48:42 AM org.apache.catalina.loader.WebappClassLoader clearThreadLocalMap
SEVERE: The web application [/share] created a ThreadLocal with key of type [org.springframework.extensions.webscripts.processor.FTLTemplateProcessor$NonBlockingObjectWrapper$1] (value [org.springframework.extensions.webscripts.processor.FTLTemplateProcessor$NonBlockingObjectWrapper$1@24174be7]) and a value of type [freemarker.template.DefaultObjectWrapper] (value [freemarker.template.DefaultObjectWrapper@75783d33]) but failed to remove it when the web application was stopped. This is very likely to create a memory leak.
Apr 19, 2012 10:48:42 AM org.apache.catalina.loader.WebappClassLoader clearThreadLocalMap
SEVERE: The web application [/share] created a ThreadLocal with key of type [org.springframework.extensions.webscripts.processor.FTLTemplateProcessor$NonBlockingObjectWrapper$1] (value [org.springframework.extensions.webscripts.processor.FTLTemplateProcessor$NonBlockingObjectWrapper$1@28fa1b85]) and a value of type [freemarker.template.DefaultObjectWrapper] (value [freemarker.template.DefaultObjectWrapper@3c24cdc7]) but failed to remove it when the web application was stopped. This is very likely to create a memory leak.
Apr 19, 2012 10:48:42 AM org.apache.catalina.loader.WebappClassLoader clearThreadLocalMap
SEVERE: The web application [/share] created a ThreadLocal with key of type [null] (value [null]) and a value of type [freemarker.template.DefaultObjectWrapper] (value [freemarker.template.DefaultObjectWrapper@1441e2aa]) but failed to remove it when the web application was stopped. This is very likely to create a memory leak.
Apr 19, 2012 10:48:42 AM org.apache.catalina.loader.WebappClassLoader clearThreadLocalMap
SEVERE: The web application [/share] created a ThreadLocal with key of type [org.springframework.extensions.webscripts.processor.FTLTemplateProcessor$NonBlockingObjectWrapper$1] (value [org.springframework.extensions.webscripts.processor.FTLTemplateProcessor$NonBlockingObjectWrapper$1@71881149]) and a value of type [freemarker.template.DefaultObjectWrapper] (value [freemarker.template.DefaultObjectWrapper@1c2709da]) but failed to remove it when the web application was stopped. This is very likely to create a memory leak.
Apr 19, 2012 10:48:42 AM org.apache.catalina.loader.WebappClassLoader clearThreadLocalMap
SEVERE: The web application [/share] created a ThreadLocal with key of type [org.springframework.extensions.webscripts.processor.FTLTemplateProcessor$NonBlockingObjectWrapper$1] (value [org.springframework.extensions.webscripts.processor.FTLTemplateProcessor$NonBlockingObjectWrapper$1@28fa1b85]) and a value of type [freemarker.template.DefaultObjectWrapper] (value [freemarker.template.DefaultObjectWrapper@46f7d5a6]) but failed to remove it when the web application was stopped. This is very likely to create a memory leak.
Apr 19, 2012 10:48:42 AM org.apache.catalina.loader.WebappClassLoader clearThreadLocalMap
SEVERE: The web application [/share] created a ThreadLocal with key of type [java.lang.ThreadLocal] (value [java.lang.ThreadLocal@38eba9b0]) and a value of type [org.springframework.extensions.surf.support.ServletRequestContext] (value [RequestContext-1]) but failed to remove it when the web application was stopped. This is very likely to create a memory leak.
Apr 19, 2012 10:48:42 AM org.apache.catalina.loader.WebappClassLoader clearThreadLocalMap
SEVERE: The web application [/share] created a ThreadLocal with key of type [java.lang.ThreadLocal] (value [java.lang.ThreadLocal@77d17f01]) and a value of type [org.alfresco.web.scripts.SlingshotRemoteClient] (value [org.alfresco.web.scripts.SlingshotRemoteClient@5ae9581b]) but failed to remove it when the web application was stopped. This is very likely to create a memory leak.
Apr 19, 2012 10:48:42 AM org.apache.catalina.loader.WebappClassLoader clearThreadLocalMap
SEVERE: The web application [/share] created a ThreadLocal with key of type [org.springframework.extensions.webscripts.connector.RemoteClient$1] (value [org.springframework.extensions.webscripts.connector.RemoteClient$1@d97833e]) and a value of type [org.apache.commons.httpclient.HttpClient] (value [org.apache.commons.httpclient.HttpClient@36fc4957]) but failed to remove it when the web application was stopped. This is very likely to create a memory leak.
Apr 19, 2012 10:48:42 AM org.apache.catalina.loader.WebappClassLoader clearThreadLocalMap
SEVERE: The web application [/share] created a ThreadLocal with key of type [java.lang.ThreadLocal] (value [java.lang.ThreadLocal@6d330af4]) and a value of type [org.springframework.extensions.surf.types.SubComponent] (value [Component: global.head-resources, Sub-Component: default]) but failed to remove it when the web application was stopped. This is very likely to create a memory leak.
Apr 19, 2012 10:48:42 AM org.apache.catalina.loader.WebappClassLoader clearThreadLocalMap
SEVERE: The web application [/share] created a ThreadLocal with key of type [java.lang.ThreadLocal] (value [java.lang.ThreadLocal@3214512e]) and a value of type [org.springframework.extensions.surf.types.SubComponent] (value [Component: global.head-resources, Sub-Component: default]) but failed to remove it when the web application was stopped. This is very likely to create a memory leak.
Apr 19, 2012 10:48:42 AM org.apache.catalina.loader.WebappClassLoader clearThreadLocalMap
SEVERE: The web application [/share] created a ThreadLocal with key of type [org.springframework.extensions.webscripts.servlet.mvc.ResourceController$1] (value [org.springframework.extensions.webscripts.servlet.mvc.ResourceController$1@53ddbcb1]) and a value of type [byte[]] (value [[B@28f337b]) but failed to remove it when the web application was stopped. This is very likely to create a memory leak.
Apr 19, 2012 10:48:42 AM org.apache.catalina.loader.WebappClassLoader clearThreadLocalMap
SEVERE: The web application [/share] created a ThreadLocal with key of type [java.lang.ThreadLocal] (value [java.lang.ThreadLocal@77cd18d]) and a value of type [org.springframework.extensions.surf.types.SubComponent] (value [Component: global.head-resources, Sub-Component: default]) but failed to remove it when the web application was stopped. This is very likely to create a memory leak.
Apr 19, 2012 10:48:42 AM org.apache.catalina.loader.WebappClassLoader clearThreadLocalMap
SEVERE: The web application [/share] created a ThreadLocal with key of type [java.lang.ThreadLocal] (value [java.lang.ThreadLocal@13a183d2]) and a value of type [org.springframework.extensions.surf.types.SubComponent] (value [Component: global.head-resources, Sub-Component: default]) but failed to remove it when the web application was stopped. This is very likely to create a memory leak.
Apr 19, 2012 10:48:42 AM org.apache.catalina.loader.WebappClassLoader clearThreadLocalMap
SEVERE: The web application [/share] created a ThreadLocal with key of type [org.springframework.extensions.webscripts.processor.FTLTemplateProcessor$NonBlockingObjectWrapper$1] (value [org.springframework.extensions.webscripts.processor.FTLTemplateProcessor$NonBlockingObjectWrapper$1@71881149]) and a value of type [freemarker.template.DefaultObjectWrapper] (value [freemarker.template.DefaultObjectWrapper@50d55a0f]) but failed to remove it when the web application was stopped. This is very likely to create a memory leak.
Apr 19, 2012 10:48:42 AM org.apache.catalina.loader.WebappClassLoader clearThreadLocalMap
SEVERE: The web application [/share] created a ThreadLocal with key of type [java.lang.ThreadLocal] (value [java.lang.ThreadLocal@670bb83e]) and a value of type [org.springframework.extensions.surf.support.ServletRequestContext] (value [RequestContext-1]) but failed to remove it when the web application was stopped. This is very likely to create a memory leak.
Apr 19, 2012 10:48:42 AM org.apache.catalina.loader.WebappClassLoader clearThreadLocalMap
SEVERE: The web application [/share] created a ThreadLocal with key of type [java.lang.ThreadLocal] (value [java.lang.ThreadLocal@326d234c]) and a value of type [org.springframework.extensions.surf.support.ServletRequestContext] (value [RequestContext-1]) but failed to remove it when the web application was stopped. This is very likely to create a memory leak.
Apr 19, 2012 10:48:42 AM org.apache.catalina.loader.WebappClassLoader clearThreadLocalMap
SEVERE: The web application [/share] created a ThreadLocal with key of type [java.lang.ThreadLocal] (value [java.lang.ThreadLocal@1b286c71]) and a value of type [org.springframework.extensions.surf.support.ServletRequestContext] (value [RequestContext-1]) but failed to remove it when the web application was stopped. This is very likely to create a memory leak.
Apr 19, 2012 10:48:42 AM org.apache.catalina.loader.WebappClassLoader clearThreadLocalMap
SEVERE: The web application [/share] created a ThreadLocal with key of type [org.springframework.extensions.webscripts.servlet.mvc.ResourceController$1] (value [org.springframework.extensions.webscripts.servlet.mvc.ResourceController$1@53ddbcb1]) and a value of type [byte[]] (value [[B@7ae77ca4]) but failed to remove it when the web application was stopped. This is very likely to create a memory leak.
Apr 19, 2012 10:48:42 AM org.apache.catalina.loader.WebappClassLoader clearThreadLocalMap
SEVERE: The web application [/share] created a ThreadLocal with key of type [org.springframework.extensions.webscripts.connector.RemoteClient$1] (value [org.springframework.extensions.webscripts.connector.RemoteClient$1@d97833e]) and a value of type [org.apache.commons.httpclient.HttpClient] (value [org.apache.commons.httpclient.HttpClient@276c2195]) but failed to remove it when the web application was stopped. This is very likely to create a memory leak.
Apr 19, 2012 10:48:42 AM org.apache.catalina.loader.WebappClassLoader clearThreadLocalMap
SEVERE: The web application [/share] created a ThreadLocal with key of type [java.lang.ThreadLocal] (value [java.lang.ThreadLocal@77d17f01]) and a value of type [org.alfresco.web.scripts.SlingshotRemoteClient] (value [org.alfresco.web.scripts.SlingshotRemoteClient@2c10d16b]) but failed to remove it when the web application was stopped. This is very likely to create a memory leak.
Apr 19, 2012 10:48:42 AM org.apache.catalina.loader.WebappClassLoader clearThreadLocalMap
SEVERE: The web application [/share] created a ThreadLocal with key of type [org.springframework.extensions.webscripts.servlet.mvc.ResourceController$1] (value [org.springframework.extensions.webscripts.servlet.mvc.ResourceController$1@53ddbcb1]) and a value of type [byte[]] (value [[B@424de67]) but failed to remove it when the web application was stopped. This is very likely to create a memory leak.
Apr 19, 2012 10:48:42 AM org.apache.catalina.loader.WebappClassLoader clearThreadLocalMap
SEVERE: The web application [/share] created a ThreadLocal with key of type [org.springframework.extensions.webscripts.connector.RemoteClient$1] (value [org.springframework.extensions.webscripts.connector.RemoteClient$1@d97833e]) and a value of type [org.apache.commons.httpclient.HttpClient] (value [org.apache.commons.httpclient.HttpClient@1bbe4050]) but failed to remove it when the web application was stopped. This is very likely to create a memory leak.
Apr 19, 2012 10:48:42 AM org.apache.catalina.loader.WebappClassLoader clearThreadLocalMap
SEVERE: The web application [/share] created a ThreadLocal with key of type [java.lang.ThreadLocal] (value [java.lang.ThreadLocal@77d17f01]) and a value of type [org.alfresco.web.scripts.SlingshotRemoteClient] (value [org.alfresco.web.scripts.SlingshotRemoteClient@6770526a]) but failed to remove it when the web application was stopped. This is very likely to create a memory leak.
Apr 19, 2012 10:48:42 AM org.apache.catalina.loader.WebappClassLoader clearThreadLocalMap
SEVERE: The web application [/share] created a ThreadLocal with key of type [org.springframework.extensions.webscripts.servlet.mvc.ResourceController$1] (value [org.springframework.extensions.webscripts.servlet.mvc.ResourceController$1@53ddbcb1]) and a value of type [byte[]] (value [[B@7f32e233]) but failed to remove it when the web application was stopped. This is very likely to create a memory leak.
Apr 19, 2012 10:48:42 AM org.apache.catalina.loader.WebappClassLoader clearThreadLocalMap
SEVERE: The web application [/share] created a ThreadLocal with key of type [java.lang.ThreadLocal] (value [java.lang.ThreadLocal@77cd18d]) and a value of type [org.springframework.extensions.surf.types.SubComponent] (value [Component: global.head-resources, Sub-Component: default]) but failed to remove it when the web application was stopped. This is very likely to create a memory leak.
Apr 19, 2012 10:48:42 AM org.apache.catalina.loader.WebappClassLoader clearThreadLocalMap
SEVERE: The web application [/share] created a ThreadLocal with key of type [java.lang.ThreadLocal] (value [java.lang.ThreadLocal@6d330af4]) and a value of type [org.springframework.extensions.surf.types.SubComponent] (value [Component: global.head-resources, Sub-Component: default]) but failed to remove it when the web application was stopped. This is very likely to create a memory leak.
Apr 19, 2012 10:48:42 AM org.apache.catalina.loader.WebappClassLoader clearThreadLocalMap
SEVERE: The web application [/share] created a ThreadLocal with key of type [java.lang.ThreadLocal] (value [java.lang.ThreadLocal@13a183d2]) and a value of type [org.springframework.extensions.surf.types.SubComponent] (value [Component: global.head-resources, Sub-Component: default]) but failed to remove it when the web application was stopped. This is very likely to create a memory leak.
Apr 19, 2012 10:48:42 AM org.apache.catalina.loader.WebappClassLoader clearThreadLocalMap
SEVERE: The web application [/share] created a ThreadLocal with key of type [java.lang.ThreadLocal] (value [java.lang.ThreadLocal@3214512e]) and a value of type [org.springframework.extensions.surf.types.SubComponent] (value [Component: global.head-resources, Sub-Component: default]) but failed to remove it when the web application was stopped. This is very likely to create a memory leak.
Apr 19, 2012 10:48:42 AM org.apache.catalina.loader.WebappClassLoader clearThreadLocalMap
SEVERE: The web application [/share] created a ThreadLocal with key of type [java.lang.ThreadLocal] (value [java.lang.ThreadLocal@77d17f01]) and a value of type [org.alfresco.web.scripts.SlingshotRemoteClient] (value [org.alfresco.web.scripts.SlingshotRemoteClient@65a0c382]) but failed to remove it when the web application was stopped. This is very likely to create a memory leak.
Apr 19, 2012 10:48:42 AM org.apache.catalina.loader.WebappClassLoader clearThreadLocalMap
SEVERE: The web application [/share] created a ThreadLocal with key of type [org.springframework.extensions.webscripts.processor.FTLTemplateProcessor$NonBlockingObjectWrapper$1] (value [org.springframework.extensions.webscripts.processor.FTLTemplateProcessor$NonBlockingObjectWrapper$1@28fa1b85]) and a value of type [freemarker.template.DefaultObjectWrapper] (value [freemarker.template.DefaultObjectWrapper@1d83bfee]) but failed to remove it when the web application was stopped. This is very likely to create a memory leak.
Apr 19, 2012 10:48:42 AM org.apache.catalina.loader.WebappClassLoader clearThreadLocalMap
SEVERE: The web application [/share] created a ThreadLocal with key of type [org.springframework.extensions.webscripts.connector.RemoteClient$1] (value [org.springframework.extensions.webscripts.connector.RemoteClient$1@d97833e]) and a value of type [org.apache.commons.httpclient.HttpClient] (value [org.apache.commons.httpclient.HttpClient@775978e7]) but failed to remove it when the web application was stopped. This is very likely to create a memory leak.
Apr 19, 2012 10:48:42 AM org.apache.catalina.loader.WebappClassLoader clearThreadLocalMap
SEVERE: The web application [/share] created a ThreadLocal with key of type [java.lang.ThreadLocal] (value [java.lang.ThreadLocal@1b286c71]) and a value of type [org.springframework.extensions.surf.support.ServletRequestContext] (value [RequestContext-2]) but failed to remove it when the web application was stopped. This is very likely to create a memory leak.
Apr 19, 2012 10:48:42 AM org.apache.catalina.loader.WebappClassLoader clearThreadLocalMap
SEVERE: The web application [/share] created a ThreadLocal with key of type [java.lang.ThreadLocal] (value [java.lang.ThreadLocal@670bb83e]) and a value of type [org.springframework.extensions.surf.support.ServletRequestContext] (value [RequestContext-2]) but failed to remove it when the web application was stopped. This is very likely to create a memory leak.
Apr 19, 2012 10:48:42 AM org.apache.catalina.loader.WebappClassLoader clearThreadLocalMap
SEVERE: The web application [/share] created a ThreadLocal with key of type [java.lang.ThreadLocal] (value [java.lang.ThreadLocal@38eba9b0]) and a value of type [org.springframework.extensions.surf.support.ServletRequestContext] (value [RequestContext-2]) but failed to remove it when the web application was stopped. This is very likely to create a memory leak.
Apr 19, 2012 10:48:42 AM org.apache.catalina.loader.WebappClassLoader clearThreadLocalMap
SEVERE: The web application [/share] created a ThreadLocal with key of type [java.lang.ThreadLocal] (value [java.lang.ThreadLocal@326d234c]) and a value of type [org.springframework.extensions.surf.support.ServletRequestContext] (value [RequestContext-2]) but failed to remove it when the web application was stopped. This is very likely to create a memory leak.
Apr 19, 2012 10:48:42 AM org.apache.catalina.loader.WebappClassLoader clearThreadLocalMap
SEVERE: The web application [/share] created a ThreadLocal with key of type [org.springframework.extensions.webscripts.processor.FTLTemplateProcessor$NonBlockingObjectWrapper$1] (value [org.springframework.extensions.webscripts.processor.FTLTemplateProcessor$NonBlockingObjectWrapper$1@71881149]) and a value of type [freemarker.template.DefaultObjectWrapper] (value [freemarker.template.DefaultObjectWrapper@1310c2e8]) but failed to remove it when the web application was stopped. This is very likely to create a memory leak.
Apr 19, 2012 10:48:42 AM org.apache.catalina.loader.WebappClassLoader clearThreadLocalMap
SEVERE: The web application [/share] created a ThreadLocal with key of type [java.lang.ThreadLocal] (value [java.lang.ThreadLocal@316c171f]) and a value of type [org.alfresco.web.scripts.SlingshotRemoteClient] (value [org.alfresco.web.scripts.SlingshotRemoteClient@2f620d92]) but failed to remove it when the web application was stopped. This is very likely to create a memory leak.
Apr 19, 2012 10:48:42 AM org.apache.catalina.loader.WebappClassLoader clearThreadLocalMap
SEVERE: The web application [/share] created a ThreadLocal with key of type [org.springframework.extensions.webscripts.servlet.mvc.ResourceController$1] (value [org.springframework.extensions.webscripts.servlet.mvc.ResourceController$1@53ddbcb1]) and a value of type [byte[]] (value [[B@4e69048b]) but failed to remove it when the web application was stopped. This is very likely to create a memory leak.
Apr 19, 2012 10:48:42 AM org.apache.catalina.loader.WebappClassLoader clearThreadLocalMap
SEVERE: The web application [/share] created a ThreadLocal with key of type [org.springframework.extensions.webscripts.connector.RemoteClient$1] (value [org.springframework.extensions.webscripts.connector.RemoteClient$1@d97833e]) and a value of type [org.apache.commons.httpclient.HttpClient] (value [org.apache.commons.httpclient.HttpClient@2267211b]) but failed to remove it when the web application was stopped. This is very likely to create a memory leak.
Apr 19, 2012 10:48:42 AM org.apache.catalina.loader.WebappClassLoader clearThreadLocalMap
SEVERE: The web application [/share] created a ThreadLocal with key of type [java.lang.ThreadLocal] (value [java.lang.ThreadLocal@77d17f01]) and a value of type [org.alfresco.web.scripts.SlingshotRemoteClient] (value [org.alfresco.web.scripts.SlingshotRemoteClient@20ae8542]) but failed to remove it when the web application was stopped. This is very likely to create a memory leak.
Apr 19, 2012 10:48:42 AM org.apache.catalina.loader.WebappClassLoader clearThreadLocalMap
SEVERE: The web application [/share] created a ThreadLocal with key of type [org.springframework.extensions.webscripts.servlet.mvc.ResourceController$1] (value [org.springframework.extensions.webscripts.servlet.mvc.ResourceController$1@53ddbcb1]) and a value of type [byte[]] (value [[B@21aec0d1]) but failed to remove it when the web application was stopped. This is very likely to create a memory leak.
Apr 19, 2012 10:48:42 AM org.apache.catalina.loader.WebappClassLoader clearThreadLocalMap
SEVERE: The web application [/share] created a ThreadLocal with key of type [org.springframework.extensions.webscripts.connector.RemoteClient$1] (value [org.springframework.extensions.webscripts.connector.RemoteClient$1@d97833e]) and a value of type [org.apache.commons.httpclient.HttpClient] (value [org.apache.commons.httpclient.HttpClient@10571688]) but failed to remove it when the web application was stopped. This is very likely to create a memory leak.
Apr 19, 2012 10:48:42 AM org.apache.catalina.loader.WebappClassLoader clearThreadLocalMap
SEVERE: The web application [/share] created a ThreadLocal with key of type [java.lang.ThreadLocal] (value [java.lang.ThreadLocal@77d17f01]) and a value of type [org.alfresco.web.scripts.SlingshotRemoteClient] (value [org.alfresco.web.scripts.SlingshotRemoteClient@45884319]) but failed to remove it when the web application was stopped. This is very likely to create a memory leak.
Apr 19, 2012 10:48:43 AM org.apache.coyote.http11.Http11Protocol destroy
INFO: Stopping Coyote HTTP/1.1 on http-8080
Apr 19, 2012 10:51:45 AM org.apache.catalina.core.AprLifecycleListener init
INFO: The APR based Apache Tomcat Native library which allows optimal performance in production environments was not found on the java.library.path: /Users/hflambo/local/gigfork-video-ffmpeg/ffmpeg-vda-gigfork/lib::.:/Library/Java/Extensions:/System/Library/Java/Extensions:/usr/lib/java
Apr 19, 2012 10:51:45 AM org.apache.coyote.http11.Http11Protocol init
INFO: Initializing Coyote HTTP/1.1 on http-8080
Apr 19, 2012 10:51:45 AM org.apache.catalina.startup.Catalina load
INFO: Initialization processed in 645 ms
Apr 19, 2012 10:51:45 AM org.apache.catalina.core.StandardService start
INFO: Starting service Catalina
Apr 19, 2012 10:51:45 AM org.apache.catalina.core.StandardEngine start
INFO: Starting Servlet Engine: Apache Tomcat/6.0.35
Apr 19, 2012 10:51:45 AM org.apache.catalina.startup.HostConfig deployWAR
INFO: Deploying web application archive share.war
Apr 19, 2012 10:51:57 AM org.apache.coyote.http11.Http11Protocol start
INFO: Starting Coyote HTTP/1.1 on http-8080
Apr 19, 2012 10:51:57 AM org.apache.jk.common.ChannelSocket init
INFO: JK: ajp13 listening on /0.0.0.0:8009
Apr 19, 2012 10:51:57 AM org.apache.jk.server.JkMain start
INFO: Jk running ID=0 time=0/32  config=null
Apr 19, 2012 10:51:57 AM org.apache.catalina.startup.Catalina start
INFO: Server startup in 12066 ms
