Apr 21, 2012 5:59:14 PM org.apache.catalina.core.AprLifecycleListener init
INFO: The APR based Apache Tomcat Native library which allows optimal performance in production environments was not found on the java.library.path: /Users/hflambo/local/gigfork-video-ffmpeg/ffmpeg-vda-gigfork/lib::.:/Library/Java/Extensions:/System/Library/Java/Extensions:/usr/lib/java
Apr 21, 2012 5:59:15 PM org.apache.coyote.http11.Http11Protocol init
INFO: Initializing Coyote HTTP/1.1 on http-9080
Apr 21, 2012 5:59:15 PM org.apache.catalina.startup.Catalina load
INFO: Initialization processed in 665 ms
Apr 21, 2012 5:59:15 PM org.apache.catalina.core.StandardService start
INFO: Starting service Catalina
Apr 21, 2012 5:59:15 PM org.apache.catalina.core.StandardEngine start
INFO: Starting Servlet Engine: Apache Tomcat/6.0.35
Apr 21, 2012 5:59:15 PM org.apache.catalina.startup.HostConfig deployWAR
INFO: Deploying web application archive share.war
Apr 21, 2012 5:59:29 PM org.apache.coyote.http11.Http11Protocol start
INFO: Starting Coyote HTTP/1.1 on http-9080
Apr 21, 2012 5:59:29 PM org.apache.jk.common.ChannelSocket init
INFO: JK: ajp13 listening on /0.0.0.0:9009
Apr 21, 2012 5:59:29 PM org.apache.jk.server.JkMain start
INFO: Jk running ID=0 time=0/46  config=null
Apr 21, 2012 5:59:29 PM org.apache.catalina.startup.Catalina start
INFO: Server startup in 14635 ms
Apr 21, 2012 6:18:33 PM org.apache.coyote.http11.Http11Protocol pause
INFO: Pausing Coyote HTTP/1.1 on http-9080
Apr 21, 2012 6:18:34 PM org.apache.catalina.core.StandardService stop
INFO: Stopping service Catalina
Apr 21, 2012 6:18:34 PM org.apache.catalina.loader.WebappClassLoader clearThreadLocalMap
SEVERE: The web application [/share] created a ThreadLocal with key of type [org.springframework.extensions.webscripts.processor.FTLTemplateProcessor$NonBlockingObjectWrapper$1] (value [org.springframework.extensions.webscripts.processor.FTLTemplateProcessor$NonBlockingObjectWrapper$1@59c7d395]) and a value of type [freemarker.template.DefaultObjectWrapper] (value [freemarker.template.DefaultObjectWrapper@4e14093f]) but failed to remove it when the web application was stopped. This is very likely to create a memory leak.
Apr 21, 2012 6:18:34 PM org.apache.catalina.loader.WebappClassLoader clearThreadLocalMap
SEVERE: The web application [/share] created a ThreadLocal with key of type [org.springframework.extensions.webscripts.processor.FTLTemplateProcessor$NonBlockingObjectWrapper$1] (value [org.springframework.extensions.webscripts.processor.FTLTemplateProcessor$NonBlockingObjectWrapper$1@56b2f25]) and a value of type [freemarker.template.DefaultObjectWrapper] (value [freemarker.template.DefaultObjectWrapper@3fe428ea]) but failed to remove it when the web application was stopped. This is very likely to create a memory leak.
Apr 21, 2012 6:18:34 PM org.apache.catalina.loader.WebappClassLoader clearThreadLocalMap
SEVERE: The web application [/share] created a ThreadLocal with key of type [null] (value [null]) and a value of type [freemarker.template.DefaultObjectWrapper] (value [freemarker.template.DefaultObjectWrapper@1c3a3b6b]) but failed to remove it when the web application was stopped. This is very likely to create a memory leak.
Apr 21, 2012 6:18:34 PM org.apache.catalina.loader.WebappClassLoader clearThreadLocalMap
SEVERE: The web application [/share] created a ThreadLocal with key of type [org.springframework.extensions.webscripts.processor.FTLTemplateProcessor$NonBlockingObjectWrapper$1] (value [org.springframework.extensions.webscripts.processor.FTLTemplateProcessor$NonBlockingObjectWrapper$1@3312fc47]) and a value of type [freemarker.template.DefaultObjectWrapper] (value [freemarker.template.DefaultObjectWrapper@2370b383]) but failed to remove it when the web application was stopped. This is very likely to create a memory leak.
Apr 21, 2012 6:18:34 PM org.apache.catalina.loader.WebappClassLoader clearThreadLocalMap
SEVERE: The web application [/share] created a ThreadLocal with key of type [java.lang.ThreadLocal] (value [java.lang.ThreadLocal@3c196fa2]) and a value of type [org.alfresco.web.scripts.SlingshotRemoteClient] (value [org.alfresco.web.scripts.SlingshotRemoteClient@29f01381]) but failed to remove it when the web application was stopped. This is very likely to create a memory leak.
Apr 21, 2012 6:18:34 PM org.apache.catalina.loader.WebappClassLoader clearThreadLocalMap
SEVERE: The web application [/share] created a ThreadLocal with key of type [org.springframework.extensions.webscripts.processor.FTLTemplateProcessor$NonBlockingObjectWrapper$1] (value [org.springframework.extensions.webscripts.processor.FTLTemplateProcessor$NonBlockingObjectWrapper$1@56b2f25]) and a value of type [freemarker.template.DefaultObjectWrapper] (value [freemarker.template.DefaultObjectWrapper@50908fa9]) but failed to remove it when the web application was stopped. This is very likely to create a memory leak.
Apr 21, 2012 6:18:34 PM org.apache.catalina.loader.WebappClassLoader clearThreadLocalMap
SEVERE: The web application [/share] created a ThreadLocal with key of type [java.lang.ThreadLocal] (value [java.lang.ThreadLocal@42c7c991]) and a value of type [org.springframework.extensions.surf.types.SubComponent] (value [Component: global.footer, Sub-Component: default]) but failed to remove it when the web application was stopped. This is very likely to create a memory leak.
Apr 21, 2012 6:18:34 PM org.apache.catalina.loader.WebappClassLoader clearThreadLocalMap
SEVERE: The web application [/share] created a ThreadLocal with key of type [java.lang.ThreadLocal] (value [java.lang.ThreadLocal@4a8270d7]) and a value of type [org.springframework.extensions.surf.support.ServletRequestContext] (value [RequestContext-24]) but failed to remove it when the web application was stopped. This is very likely to create a memory leak.
Apr 21, 2012 6:18:34 PM org.apache.catalina.loader.WebappClassLoader clearThreadLocalMap
SEVERE: The web application [/share] created a ThreadLocal with key of type [java.lang.ThreadLocal] (value [java.lang.ThreadLocal@39be5978]) and a value of type [org.springframework.extensions.surf.support.ServletRequestContext] (value [RequestContext-24]) but failed to remove it when the web application was stopped. This is very likely to create a memory leak.
Apr 21, 2012 6:18:34 PM org.apache.catalina.loader.WebappClassLoader clearThreadLocalMap
SEVERE: The web application [/share] created a ThreadLocal with key of type [java.lang.ThreadLocal] (value [java.lang.ThreadLocal@7fe3f2e5]) and a value of type [org.springframework.extensions.surf.support.ServletRequestContext] (value [RequestContext-13]) but failed to remove it when the web application was stopped. This is very likely to create a memory leak.
Apr 21, 2012 6:18:34 PM org.apache.catalina.loader.WebappClassLoader clearThreadLocalMap
SEVERE: The web application [/share] created a ThreadLocal with key of type [org.springframework.extensions.webscripts.servlet.mvc.ResourceController$1] (value [org.springframework.extensions.webscripts.servlet.mvc.ResourceController$1@4e5fd9fb]) and a value of type [byte[]] (value [[B@76e015ef]) but failed to remove it when the web application was stopped. This is very likely to create a memory leak.
Apr 21, 2012 6:18:34 PM org.apache.catalina.loader.WebappClassLoader clearThreadLocalMap
SEVERE: The web application [/share] created a ThreadLocal with key of type [org.springframework.extensions.webscripts.connector.RemoteClient$1] (value [org.springframework.extensions.webscripts.connector.RemoteClient$1@71c03ae1]) and a value of type [org.apache.commons.httpclient.HttpClient] (value [org.apache.commons.httpclient.HttpClient@7a5ad0f0]) but failed to remove it when the web application was stopped. This is very likely to create a memory leak.
Apr 21, 2012 6:18:34 PM org.apache.catalina.loader.WebappClassLoader clearThreadLocalMap
SEVERE: The web application [/share] created a ThreadLocal with key of type [org.springframework.extensions.webscripts.processor.FTLTemplateProcessor$NonBlockingObjectWrapper$1] (value [org.springframework.extensions.webscripts.processor.FTLTemplateProcessor$NonBlockingObjectWrapper$1@3312fc47]) and a value of type [freemarker.template.DefaultObjectWrapper] (value [freemarker.template.DefaultObjectWrapper@604b7b51]) but failed to remove it when the web application was stopped. This is very likely to create a memory leak.
Apr 21, 2012 6:18:34 PM org.apache.catalina.loader.WebappClassLoader clearThreadLocalMap
SEVERE: The web application [/share] created a ThreadLocal with key of type [java.lang.ThreadLocal] (value [java.lang.ThreadLocal@7b8d343a]) and a value of type [org.springframework.extensions.surf.support.ServletRequestContext] (value [RequestContext-24]) but failed to remove it when the web application was stopped. This is very likely to create a memory leak.
Apr 21, 2012 6:18:34 PM org.apache.catalina.loader.WebappClassLoader clearThreadLocalMap
SEVERE: The web application [/share] created a ThreadLocal with key of type [java.lang.ThreadLocal] (value [java.lang.ThreadLocal@73600b34]) and a value of type [org.springframework.extensions.surf.support.ServletRequestContext] (value [RequestContext-24]) but failed to remove it when the web application was stopped. This is very likely to create a memory leak.
Apr 21, 2012 6:18:34 PM org.apache.catalina.loader.WebappClassLoader clearThreadLocalMap
SEVERE: The web application [/share] created a ThreadLocal with key of type [java.lang.ThreadLocal] (value [java.lang.ThreadLocal@4a8270d7]) and a value of type [org.springframework.extensions.surf.support.ServletRequestContext] (value [RequestContext-25]) but failed to remove it when the web application was stopped. This is very likely to create a memory leak.
Apr 21, 2012 6:18:34 PM org.apache.catalina.loader.WebappClassLoader clearThreadLocalMap
SEVERE: The web application [/share] created a ThreadLocal with key of type [java.lang.ThreadLocal] (value [java.lang.ThreadLocal@7b8d343a]) and a value of type [org.springframework.extensions.surf.support.ServletRequestContext] (value [RequestContext-25]) but failed to remove it when the web application was stopped. This is very likely to create a memory leak.
Apr 21, 2012 6:18:34 PM org.apache.catalina.loader.WebappClassLoader clearThreadLocalMap
SEVERE: The web application [/share] created a ThreadLocal with key of type [java.lang.ThreadLocal] (value [java.lang.ThreadLocal@3c196fa2]) and a value of type [org.alfresco.web.scripts.SlingshotRemoteClient] (value [org.alfresco.web.scripts.SlingshotRemoteClient@267fbe19]) but failed to remove it when the web application was stopped. This is very likely to create a memory leak.
Apr 21, 2012 6:18:34 PM org.apache.catalina.loader.WebappClassLoader clearThreadLocalMap
SEVERE: The web application [/share] created a ThreadLocal with key of type [java.lang.ThreadLocal] (value [java.lang.ThreadLocal@39be5978]) and a value of type [org.springframework.extensions.surf.support.ServletRequestContext] (value [RequestContext-25]) but failed to remove it when the web application was stopped. This is very likely to create a memory leak.
Apr 21, 2012 6:18:34 PM org.apache.catalina.loader.WebappClassLoader clearThreadLocalMap
SEVERE: The web application [/share] created a ThreadLocal with key of type [org.springframework.extensions.webscripts.servlet.mvc.ResourceController$1] (value [org.springframework.extensions.webscripts.servlet.mvc.ResourceController$1@4e5fd9fb]) and a value of type [byte[]] (value [[B@c996f0e]) but failed to remove it when the web application was stopped. This is very likely to create a memory leak.
Apr 21, 2012 6:18:34 PM org.apache.catalina.loader.WebappClassLoader clearThreadLocalMap
SEVERE: The web application [/share] created a ThreadLocal with key of type [java.lang.ThreadLocal] (value [java.lang.ThreadLocal@2d4a0698]) and a value of type [org.alfresco.web.scripts.SlingshotRemoteClient] (value [org.alfresco.web.scripts.SlingshotRemoteClient@56f6fc62]) but failed to remove it when the web application was stopped. This is very likely to create a memory leak.
Apr 21, 2012 6:18:34 PM org.apache.catalina.loader.WebappClassLoader clearThreadLocalMap
SEVERE: The web application [/share] created a ThreadLocal with key of type [org.springframework.extensions.webscripts.connector.RemoteClient$1] (value [org.springframework.extensions.webscripts.connector.RemoteClient$1@71c03ae1]) and a value of type [org.apache.commons.httpclient.HttpClient] (value [org.apache.commons.httpclient.HttpClient@790e38c7]) but failed to remove it when the web application was stopped. This is very likely to create a memory leak.
Apr 21, 2012 6:18:34 PM org.apache.catalina.loader.WebappClassLoader clearThreadLocalMap
SEVERE: The web application [/share] created a ThreadLocal with key of type [java.lang.ThreadLocal] (value [java.lang.ThreadLocal@73600b34]) and a value of type [org.springframework.extensions.surf.support.ServletRequestContext] (value [RequestContext-25]) but failed to remove it when the web application was stopped. This is very likely to create a memory leak.
Apr 21, 2012 6:18:34 PM org.apache.catalina.loader.WebappClassLoader clearThreadLocalMap
SEVERE: The web application [/share] created a ThreadLocal with key of type [org.springframework.extensions.webscripts.processor.FTLTemplateProcessor$NonBlockingObjectWrapper$1] (value [org.springframework.extensions.webscripts.processor.FTLTemplateProcessor$NonBlockingObjectWrapper$1@3312fc47]) and a value of type [freemarker.template.DefaultObjectWrapper] (value [freemarker.template.DefaultObjectWrapper@14b1cee8]) but failed to remove it when the web application was stopped. This is very likely to create a memory leak.
Apr 21, 2012 6:18:34 PM org.apache.catalina.loader.WebappClassLoader clearThreadLocalMap
SEVERE: The web application [/share] created a ThreadLocal with key of type [java.lang.ThreadLocal] (value [java.lang.ThreadLocal@7fe3f2e5]) and a value of type [org.springframework.extensions.surf.support.ServletRequestContext] (value [RequestContext-21]) but failed to remove it when the web application was stopped. This is very likely to create a memory leak.
Apr 21, 2012 6:18:34 PM org.apache.catalina.loader.WebappClassLoader clearThreadLocalMap
SEVERE: The web application [/share] created a ThreadLocal with key of type [org.springframework.extensions.webscripts.processor.FTLTemplateProcessor$NonBlockingObjectWrapper$1] (value [org.springframework.extensions.webscripts.processor.FTLTemplateProcessor$NonBlockingObjectWrapper$1@56b2f25]) and a value of type [freemarker.template.DefaultObjectWrapper] (value [freemarker.template.DefaultObjectWrapper@2586ebf5]) but failed to remove it when the web application was stopped. This is very likely to create a memory leak.
Apr 21, 2012 6:18:34 PM org.apache.catalina.loader.WebappClassLoader clearThreadLocalMap
SEVERE: The web application [/share] created a ThreadLocal with key of type [java.lang.ThreadLocal] (value [java.lang.ThreadLocal@42c7c991]) and a value of type [org.springframework.extensions.surf.types.SubComponent] (value [Component: global.footer, Sub-Component: default]) but failed to remove it when the web application was stopped. This is very likely to create a memory leak.
Apr 21, 2012 6:18:34 PM org.apache.catalina.loader.WebappClassLoader clearThreadLocalMap
SEVERE: The web application [/share] created a ThreadLocal with key of type [java.lang.ThreadLocal] (value [java.lang.ThreadLocal@3c196fa2]) and a value of type [org.alfresco.web.scripts.SlingshotRemoteClient] (value [org.alfresco.web.scripts.SlingshotRemoteClient@3ced3512]) but failed to remove it when the web application was stopped. This is very likely to create a memory leak.
Apr 21, 2012 6:18:34 PM org.apache.catalina.loader.WebappClassLoader clearThreadLocalMap
SEVERE: The web application [/share] created a ThreadLocal with key of type [org.springframework.extensions.webscripts.servlet.mvc.ResourceController$1] (value [org.springframework.extensions.webscripts.servlet.mvc.ResourceController$1@4e5fd9fb]) and a value of type [byte[]] (value [[B@79374ffd]) but failed to remove it when the web application was stopped. This is very likely to create a memory leak.
Apr 21, 2012 6:18:34 PM org.apache.catalina.loader.WebappClassLoader clearThreadLocalMap
SEVERE: The web application [/share] created a ThreadLocal with key of type [org.springframework.extensions.webscripts.connector.RemoteClient$1] (value [org.springframework.extensions.webscripts.connector.RemoteClient$1@71c03ae1]) and a value of type [org.apache.commons.httpclient.HttpClient] (value [org.apache.commons.httpclient.HttpClient@62a16977]) but failed to remove it when the web application was stopped. This is very likely to create a memory leak.
Apr 21, 2012 6:18:34 PM org.apache.catalina.loader.WebappClassLoader clearThreadLocalMap
SEVERE: The web application [/share] created a ThreadLocal with key of type [org.springframework.extensions.webscripts.processor.FTLTemplateProcessor$NonBlockingObjectWrapper$1] (value [org.springframework.extensions.webscripts.processor.FTLTemplateProcessor$NonBlockingObjectWrapper$1@3312fc47]) and a value of type [freemarker.template.DefaultObjectWrapper] (value [freemarker.template.DefaultObjectWrapper@53133637]) but failed to remove it when the web application was stopped. This is very likely to create a memory leak.
Apr 21, 2012 6:18:34 PM org.apache.catalina.loader.WebappClassLoader clearThreadLocalMap
SEVERE: The web application [/share] created a ThreadLocal with key of type [org.springframework.extensions.webscripts.processor.FTLTemplateProcessor$NonBlockingObjectWrapper$1] (value [org.springframework.extensions.webscripts.processor.FTLTemplateProcessor$NonBlockingObjectWrapper$1@56b2f25]) and a value of type [freemarker.template.DefaultObjectWrapper] (value [freemarker.template.DefaultObjectWrapper@124c7f7d]) but failed to remove it when the web application was stopped. This is very likely to create a memory leak.
Apr 21, 2012 6:18:34 PM org.apache.catalina.loader.WebappClassLoader clearThreadLocalMap
SEVERE: The web application [/share] created a ThreadLocal with key of type [java.lang.ThreadLocal] (value [java.lang.ThreadLocal@42c7c991]) and a value of type [org.springframework.extensions.surf.types.SubComponent] (value [Component: global.footer, Sub-Component: default]) but failed to remove it when the web application was stopped. This is very likely to create a memory leak.
Apr 21, 2012 6:18:34 PM org.apache.catalina.loader.WebappClassLoader clearThreadLocalMap
SEVERE: The web application [/share] created a ThreadLocal with key of type [java.lang.ThreadLocal] (value [java.lang.ThreadLocal@4a8270d7]) and a value of type [org.springframework.extensions.surf.support.ServletRequestContext] (value [RequestContext-26]) but failed to remove it when the web application was stopped. This is very likely to create a memory leak.
Apr 21, 2012 6:18:34 PM org.apache.catalina.loader.WebappClassLoader clearThreadLocalMap
SEVERE: The web application [/share] created a ThreadLocal with key of type [java.lang.ThreadLocal] (value [java.lang.ThreadLocal@7b8d343a]) and a value of type [org.springframework.extensions.surf.support.ServletRequestContext] (value [RequestContext-26]) but failed to remove it when the web application was stopped. This is very likely to create a memory leak.
Apr 21, 2012 6:18:34 PM org.apache.catalina.loader.WebappClassLoader clearThreadLocalMap
SEVERE: The web application [/share] created a ThreadLocal with key of type [java.lang.ThreadLocal] (value [java.lang.ThreadLocal@39be5978]) and a value of type [org.springframework.extensions.surf.support.ServletRequestContext] (value [RequestContext-26]) but failed to remove it when the web application was stopped. This is very likely to create a memory leak.
Apr 21, 2012 6:18:34 PM org.apache.catalina.loader.WebappClassLoader clearThreadLocalMap
SEVERE: The web application [/share] created a ThreadLocal with key of type [java.lang.ThreadLocal] (value [java.lang.ThreadLocal@73600b34]) and a value of type [org.springframework.extensions.surf.support.ServletRequestContext] (value [RequestContext-26]) but failed to remove it when the web application was stopped. This is very likely to create a memory leak.
Apr 21, 2012 6:18:34 PM org.apache.catalina.loader.WebappClassLoader clearThreadLocalMap
SEVERE: The web application [/share] created a ThreadLocal with key of type [java.lang.ThreadLocal] (value [java.lang.ThreadLocal@7fe3f2e5]) and a value of type [org.springframework.extensions.surf.support.ServletRequestContext] (value [RequestContext-22]) but failed to remove it when the web application was stopped. This is very likely to create a memory leak.
Apr 21, 2012 6:18:34 PM org.apache.catalina.loader.WebappClassLoader clearThreadLocalMap
SEVERE: The web application [/share] created a ThreadLocal with key of type [java.lang.ThreadLocal] (value [java.lang.ThreadLocal@4a8270d7]) and a value of type [org.springframework.extensions.surf.support.ServletRequestContext] (value [RequestContext-27]) but failed to remove it when the web application was stopped. This is very likely to create a memory leak.
Apr 21, 2012 6:18:34 PM org.apache.catalina.loader.WebappClassLoader clearThreadLocalMap
SEVERE: The web application [/share] created a ThreadLocal with key of type [java.lang.ThreadLocal] (value [java.lang.ThreadLocal@7b8d343a]) and a value of type [org.springframework.extensions.surf.support.ServletRequestContext] (value [RequestContext-27]) but failed to remove it when the web application was stopped. This is very likely to create a memory leak.
Apr 21, 2012 6:18:34 PM org.apache.catalina.loader.WebappClassLoader clearThreadLocalMap
SEVERE: The web application [/share] created a ThreadLocal with key of type [java.lang.ThreadLocal] (value [java.lang.ThreadLocal@3c196fa2]) and a value of type [org.alfresco.web.scripts.SlingshotRemoteClient] (value [org.alfresco.web.scripts.SlingshotRemoteClient@5c45f0ed]) but failed to remove it when the web application was stopped. This is very likely to create a memory leak.
Apr 21, 2012 6:18:34 PM org.apache.catalina.loader.WebappClassLoader clearThreadLocalMap
SEVERE: The web application [/share] created a ThreadLocal with key of type [java.lang.ThreadLocal] (value [java.lang.ThreadLocal@39be5978]) and a value of type [org.springframework.extensions.surf.support.ServletRequestContext] (value [RequestContext-27]) but failed to remove it when the web application was stopped. This is very likely to create a memory leak.
Apr 21, 2012 6:18:34 PM org.apache.catalina.loader.WebappClassLoader clearThreadLocalMap
SEVERE: The web application [/share] created a ThreadLocal with key of type [org.springframework.extensions.webscripts.servlet.mvc.ResourceController$1] (value [org.springframework.extensions.webscripts.servlet.mvc.ResourceController$1@4e5fd9fb]) and a value of type [byte[]] (value [[B@73cc86ee]) but failed to remove it when the web application was stopped. This is very likely to create a memory leak.
Apr 21, 2012 6:18:34 PM org.apache.catalina.loader.WebappClassLoader clearThreadLocalMap
SEVERE: The web application [/share] created a ThreadLocal with key of type [org.springframework.extensions.webscripts.connector.RemoteClient$1] (value [org.springframework.extensions.webscripts.connector.RemoteClient$1@71c03ae1]) and a value of type [org.apache.commons.httpclient.HttpClient] (value [org.apache.commons.httpclient.HttpClient@144c5230]) but failed to remove it when the web application was stopped. This is very likely to create a memory leak.
Apr 21, 2012 6:18:34 PM org.apache.catalina.loader.WebappClassLoader clearThreadLocalMap
SEVERE: The web application [/share] created a ThreadLocal with key of type [java.lang.ThreadLocal] (value [java.lang.ThreadLocal@73600b34]) and a value of type [org.springframework.extensions.surf.support.ServletRequestContext] (value [RequestContext-27]) but failed to remove it when the web application was stopped. This is very likely to create a memory leak.
Apr 21, 2012 6:18:34 PM org.apache.catalina.loader.WebappClassLoader clearThreadLocalMap
SEVERE: The web application [/share] created a ThreadLocal with key of type [org.springframework.extensions.webscripts.processor.FTLTemplateProcessor$NonBlockingObjectWrapper$1] (value [org.springframework.extensions.webscripts.processor.FTLTemplateProcessor$NonBlockingObjectWrapper$1@3312fc47]) and a value of type [freemarker.template.DefaultObjectWrapper] (value [freemarker.template.DefaultObjectWrapper@1ea7d7b9]) but failed to remove it when the web application was stopped. This is very likely to create a memory leak.
Apr 21, 2012 6:18:34 PM org.apache.catalina.loader.WebappClassLoader clearThreadLocalMap
SEVERE: The web application [/share] created a ThreadLocal with key of type [java.lang.ThreadLocal] (value [java.lang.ThreadLocal@7fe3f2e5]) and a value of type [org.springframework.extensions.surf.support.ServletRequestContext] (value [RequestContext-23]) but failed to remove it when the web application was stopped. This is very likely to create a memory leak.
Apr 21, 2012 6:18:34 PM org.apache.catalina.loader.WebappClassLoader clearThreadLocalMap
SEVERE: The web application [/share] created a ThreadLocal with key of type [org.springframework.extensions.webscripts.processor.FTLTemplateProcessor$NonBlockingObjectWrapper$1] (value [org.springframework.extensions.webscripts.processor.FTLTemplateProcessor$NonBlockingObjectWrapper$1@56b2f25]) and a value of type [freemarker.template.DefaultObjectWrapper] (value [freemarker.template.DefaultObjectWrapper@1d43c268]) but failed to remove it when the web application was stopped. This is very likely to create a memory leak.
Apr 21, 2012 6:18:34 PM org.apache.catalina.loader.WebappClassLoader clearThreadLocalMap
SEVERE: The web application [/share] created a ThreadLocal with key of type [java.lang.ThreadLocal] (value [java.lang.ThreadLocal@42c7c991]) and a value of type [org.springframework.extensions.surf.types.SubComponent] (value [Component: global.footer, Sub-Component: default]) but failed to remove it when the web application was stopped. This is very likely to create a memory leak.
Apr 21, 2012 6:18:34 PM org.apache.catalina.loader.WebappClassLoader clearThreadLocalMap
SEVERE: The web application [/share] created a ThreadLocal with key of type [java.lang.ThreadLocal] (value [java.lang.ThreadLocal@4a8270d7]) and a value of type [org.springframework.extensions.surf.support.ServletRequestContext] (value [RequestContext-28]) but failed to remove it when the web application was stopped. This is very likely to create a memory leak.
Apr 21, 2012 6:18:34 PM org.apache.catalina.loader.WebappClassLoader clearThreadLocalMap
SEVERE: The web application [/share] created a ThreadLocal with key of type [org.springframework.extensions.webscripts.connector.RemoteClient$1] (value [org.springframework.extensions.webscripts.connector.RemoteClient$1@71c03ae1]) and a value of type [org.apache.commons.httpclient.HttpClient] (value [org.apache.commons.httpclient.HttpClient@6d9f06f7]) but failed to remove it when the web application was stopped. This is very likely to create a memory leak.
Apr 21, 2012 6:18:34 PM org.apache.catalina.loader.WebappClassLoader clearThreadLocalMap
SEVERE: The web application [/share] created a ThreadLocal with key of type [java.lang.ThreadLocal] (value [java.lang.ThreadLocal@73600b34]) and a value of type [org.springframework.extensions.surf.support.ServletRequestContext] (value [RequestContext-28]) but failed to remove it when the web application was stopped. This is very likely to create a memory leak.
Apr 21, 2012 6:18:34 PM org.apache.catalina.loader.WebappClassLoader clearThreadLocalMap
SEVERE: The web application [/share] created a ThreadLocal with key of type [java.lang.ThreadLocal] (value [java.lang.ThreadLocal@7b8d343a]) and a value of type [org.springframework.extensions.surf.support.ServletRequestContext] (value [RequestContext-28]) but failed to remove it when the web application was stopped. This is very likely to create a memory leak.
Apr 21, 2012 6:18:34 PM org.apache.catalina.loader.WebappClassLoader clearThreadLocalMap
SEVERE: The web application [/share] created a ThreadLocal with key of type [java.lang.ThreadLocal] (value [java.lang.ThreadLocal@3c196fa2]) and a value of type [org.alfresco.web.scripts.SlingshotRemoteClient] (value [org.alfresco.web.scripts.SlingshotRemoteClient@63827a5a]) but failed to remove it when the web application was stopped. This is very likely to create a memory leak.
Apr 21, 2012 6:18:34 PM org.apache.catalina.loader.WebappClassLoader clearThreadLocalMap
SEVERE: The web application [/share] created a ThreadLocal with key of type [java.lang.ThreadLocal] (value [java.lang.ThreadLocal@39be5978]) and a value of type [org.springframework.extensions.surf.support.ServletRequestContext] (value [RequestContext-28]) but failed to remove it when the web application was stopped. This is very likely to create a memory leak.
Apr 21, 2012 6:18:34 PM org.apache.catalina.loader.WebappClassLoader clearThreadLocalMap
SEVERE: The web application [/share] created a ThreadLocal with key of type [org.springframework.extensions.webscripts.processor.FTLTemplateProcessor$NonBlockingObjectWrapper$1] (value [org.springframework.extensions.webscripts.processor.FTLTemplateProcessor$NonBlockingObjectWrapper$1@3312fc47]) and a value of type [freemarker.template.DefaultObjectWrapper] (value [freemarker.template.DefaultObjectWrapper@b2eddc0]) but failed to remove it when the web application was stopped. This is very likely to create a memory leak.
Apr 21, 2012 6:18:34 PM org.apache.catalina.loader.WebappClassLoader clearThreadLocalMap
SEVERE: The web application [/share] created a ThreadLocal with key of type [java.lang.ThreadLocal] (value [java.lang.ThreadLocal@7fe3f2e5]) and a value of type [org.springframework.extensions.surf.support.ServletRequestContext] (value [RequestContext-15]) but failed to remove it when the web application was stopped. This is very likely to create a memory leak.
Apr 21, 2012 6:18:34 PM org.apache.catalina.loader.WebappClassLoader clearThreadLocalMap
SEVERE: The web application [/share] created a ThreadLocal with key of type [org.springframework.extensions.webscripts.processor.FTLTemplateProcessor$NonBlockingObjectWrapper$1] (value [org.springframework.extensions.webscripts.processor.FTLTemplateProcessor$NonBlockingObjectWrapper$1@56b2f25]) and a value of type [freemarker.template.DefaultObjectWrapper] (value [freemarker.template.DefaultObjectWrapper@31e06dfc]) but failed to remove it when the web application was stopped. This is very likely to create a memory leak.
Apr 21, 2012 6:18:34 PM org.apache.catalina.loader.WebappClassLoader clearThreadLocalMap
SEVERE: The web application [/share] created a ThreadLocal with key of type [org.springframework.extensions.webscripts.servlet.mvc.ResourceController$1] (value [org.springframework.extensions.webscripts.servlet.mvc.ResourceController$1@4e5fd9fb]) and a value of type [byte[]] (value [[B@554d4f9]) but failed to remove it when the web application was stopped. This is very likely to create a memory leak.
Apr 21, 2012 6:18:34 PM org.apache.catalina.loader.WebappClassLoader clearThreadLocalMap
SEVERE: The web application [/share] created a ThreadLocal with key of type [java.lang.ThreadLocal] (value [java.lang.ThreadLocal@42c7c991]) and a value of type [org.springframework.extensions.surf.types.SubComponent] (value [Component: global.footer, Sub-Component: default]) but failed to remove it when the web application was stopped. This is very likely to create a memory leak.
Apr 21, 2012 6:18:34 PM org.apache.catalina.loader.WebappClassLoader clearThreadLocalMap
SEVERE: The web application [/share] created a ThreadLocal with key of type [java.lang.ThreadLocal] (value [java.lang.ThreadLocal@4a8270d7]) and a value of type [org.springframework.extensions.surf.support.ServletRequestContext] (value [RequestContext-29]) but failed to remove it when the web application was stopped. This is very likely to create a memory leak.
Apr 21, 2012 6:18:34 PM org.apache.catalina.loader.WebappClassLoader clearThreadLocalMap
SEVERE: The web application [/share] created a ThreadLocal with key of type [java.lang.ThreadLocal] (value [java.lang.ThreadLocal@7b8d343a]) and a value of type [org.springframework.extensions.surf.support.ServletRequestContext] (value [RequestContext-29]) but failed to remove it when the web application was stopped. This is very likely to create a memory leak.
Apr 21, 2012 6:18:34 PM org.apache.catalina.loader.WebappClassLoader clearThreadLocalMap
SEVERE: The web application [/share] created a ThreadLocal with key of type [java.lang.ThreadLocal] (value [java.lang.ThreadLocal@3c196fa2]) and a value of type [org.alfresco.web.scripts.SlingshotRemoteClient] (value [org.alfresco.web.scripts.SlingshotRemoteClient@46a2a2b]) but failed to remove it when the web application was stopped. This is very likely to create a memory leak.
Apr 21, 2012 6:18:34 PM org.apache.catalina.loader.WebappClassLoader clearThreadLocalMap
SEVERE: The web application [/share] created a ThreadLocal with key of type [java.lang.ThreadLocal] (value [java.lang.ThreadLocal@39be5978]) and a value of type [org.springframework.extensions.surf.support.ServletRequestContext] (value [RequestContext-29]) but failed to remove it when the web application was stopped. This is very likely to create a memory leak.
Apr 21, 2012 6:18:34 PM org.apache.catalina.loader.WebappClassLoader clearThreadLocalMap
SEVERE: The web application [/share] created a ThreadLocal with key of type [org.springframework.extensions.webscripts.servlet.mvc.ResourceController$1] (value [org.springframework.extensions.webscripts.servlet.mvc.ResourceController$1@4e5fd9fb]) and a value of type [byte[]] (value [[B@55f66f50]) but failed to remove it when the web application was stopped. This is very likely to create a memory leak.
Apr 21, 2012 6:18:34 PM org.apache.catalina.loader.WebappClassLoader clearThreadLocalMap
SEVERE: The web application [/share] created a ThreadLocal with key of type [org.springframework.extensions.webscripts.connector.RemoteClient$1] (value [org.springframework.extensions.webscripts.connector.RemoteClient$1@71c03ae1]) and a value of type [org.apache.commons.httpclient.HttpClient] (value [org.apache.commons.httpclient.HttpClient@5a6597d1]) but failed to remove it when the web application was stopped. This is very likely to create a memory leak.
Apr 21, 2012 6:18:34 PM org.apache.catalina.loader.WebappClassLoader clearThreadLocalMap
SEVERE: The web application [/share] created a ThreadLocal with key of type [java.lang.ThreadLocal] (value [java.lang.ThreadLocal@73600b34]) and a value of type [org.springframework.extensions.surf.support.ServletRequestContext] (value [RequestContext-29]) but failed to remove it when the web application was stopped. This is very likely to create a memory leak.
Apr 21, 2012 6:18:34 PM org.apache.catalina.loader.WebappClassLoader clearThreadLocalMap
SEVERE: The web application [/share] created a ThreadLocal with key of type [org.springframework.extensions.webscripts.processor.FTLTemplateProcessor$NonBlockingObjectWrapper$1] (value [org.springframework.extensions.webscripts.processor.FTLTemplateProcessor$NonBlockingObjectWrapper$1@3312fc47]) and a value of type [freemarker.template.DefaultObjectWrapper] (value [freemarker.template.DefaultObjectWrapper@43d248b4]) but failed to remove it when the web application was stopped. This is very likely to create a memory leak.
Apr 21, 2012 6:18:34 PM org.apache.catalina.loader.WebappClassLoader clearThreadLocalMap
SEVERE: The web application [/share] created a ThreadLocal with key of type [java.lang.ThreadLocal] (value [java.lang.ThreadLocal@7fe3f2e5]) and a value of type [org.springframework.extensions.surf.support.ServletRequestContext] (value [RequestContext-19]) but failed to remove it when the web application was stopped. This is very likely to create a memory leak.
Apr 21, 2012 6:18:34 PM org.apache.catalina.loader.WebappClassLoader clearThreadLocalMap
SEVERE: The web application [/share] created a ThreadLocal with key of type [org.springframework.extensions.webscripts.processor.FTLTemplateProcessor$NonBlockingObjectWrapper$1] (value [org.springframework.extensions.webscripts.processor.FTLTemplateProcessor$NonBlockingObjectWrapper$1@56b2f25]) and a value of type [freemarker.template.DefaultObjectWrapper] (value [freemarker.template.DefaultObjectWrapper@22a34435]) but failed to remove it when the web application was stopped. This is very likely to create a memory leak.
Apr 21, 2012 6:18:34 PM org.apache.catalina.loader.WebappClassLoader clearThreadLocalMap
SEVERE: The web application [/share] created a ThreadLocal with key of type [java.lang.ThreadLocal] (value [java.lang.ThreadLocal@42c7c991]) and a value of type [org.springframework.extensions.surf.types.SubComponent] (value [Component: global.footer, Sub-Component: default]) but failed to remove it when the web application was stopped. This is very likely to create a memory leak.
Apr 21, 2012 6:18:34 PM org.apache.coyote.http11.Http11Protocol destroy
INFO: Stopping Coyote HTTP/1.1 on http-9080
Apr 21, 2012 6:36:19 PM org.apache.catalina.core.AprLifecycleListener init
INFO: The APR based Apache Tomcat Native library which allows optimal performance in production environments was not found on the java.library.path: /Users/hflambo/local/gigfork-video-ffmpeg/ffmpeg-vda-gigfork/lib::.:/Library/Java/Extensions:/System/Library/Java/Extensions:/usr/lib/java
Apr 21, 2012 6:36:20 PM org.apache.coyote.http11.Http11Protocol init
INFO: Initializing Coyote HTTP/1.1 on http-9080
Apr 21, 2012 6:36:20 PM org.apache.catalina.startup.Catalina load
INFO: Initialization processed in 1106 ms
Apr 21, 2012 6:36:20 PM org.apache.catalina.core.StandardService start
INFO: Starting service Catalina
Apr 21, 2012 6:36:20 PM org.apache.catalina.core.StandardEngine start
INFO: Starting Servlet Engine: Apache Tomcat/6.0.35
Apr 21, 2012 6:36:20 PM org.apache.catalina.startup.HostConfig deployWAR
INFO: Deploying web application archive share.war
Apr 21, 2012 6:37:27 PM org.apache.coyote.http11.Http11Protocol start
INFO: Starting Coyote HTTP/1.1 on http-9080
Apr 21, 2012 6:37:27 PM org.apache.jk.common.ChannelSocket init
INFO: JK: ajp13 listening on /0.0.0.0:9009
Apr 21, 2012 6:37:27 PM org.apache.jk.server.JkMain start
INFO: Jk running ID=0 time=0/84  config=null
Apr 21, 2012 6:37:27 PM org.apache.catalina.startup.Catalina start
INFO: Server startup in 67572 ms
Apr 21, 2012 11:14:39 PM org.apache.catalina.core.AprLifecycleListener init
INFO: The APR based Apache Tomcat Native library which allows optimal performance in production environments was not found on the java.library.path: /Users/hflambo/local/gigfork-video-ffmpeg/ffmpeg-vda-gigfork/lib::.:/Library/Java/Extensions:/System/Library/Java/Extensions:/usr/lib/java
Apr 21, 2012 11:14:40 PM org.apache.coyote.http11.Http11Protocol init
SEVERE: Error initializing endpoint
java.net.BindException: Address already in use <null>:9080
	at org.apache.tomcat.util.net.JIoEndpoint.init(JIoEndpoint.java:549)
	at org.apache.coyote.http11.Http11Protocol.init(Http11Protocol.java:176)
	at org.apache.catalina.connector.Connector.initialize(Connector.java:1049)
	at org.apache.catalina.core.StandardService.initialize(StandardService.java:703)
	at org.apache.catalina.core.StandardServer.initialize(StandardServer.java:838)
	at org.apache.catalina.startup.Catalina.load(Catalina.java:538)
	at org.apache.catalina.startup.Catalina.load(Catalina.java:562)
	at sun.reflect.NativeMethodAccessorImpl.invoke0(Native Method)
	at sun.reflect.NativeMethodAccessorImpl.invoke(NativeMethodAccessorImpl.java:39)
	at sun.reflect.DelegatingMethodAccessorImpl.invoke(DelegatingMethodAccessorImpl.java:25)
	at java.lang.reflect.Method.invoke(Method.java:597)
	at org.apache.catalina.startup.Bootstrap.load(Bootstrap.java:261)
	at org.apache.catalina.startup.Bootstrap.main(Bootstrap.java:413)
Caused by: java.net.BindException: Address already in use
	at java.net.PlainSocketImpl.socketBind(Native Method)
	at java.net.PlainSocketImpl.bind(PlainSocketImpl.java:383)
	at java.net.ServerSocket.bind(ServerSocket.java:328)
	at java.net.ServerSocket.<init>(ServerSocket.java:194)
	at java.net.ServerSocket.<init>(ServerSocket.java:150)
	at org.apache.tomcat.util.net.DefaultServerSocketFactory.createSocket(DefaultServerSocketFactory.java:50)
	at org.apache.tomcat.util.net.JIoEndpoint.init(JIoEndpoint.java:538)
	... 12 more
Apr 21, 2012 11:14:40 PM org.apache.catalina.core.StandardService initialize
SEVERE: Failed to initialize connector [Connector[HTTP/1.1-9080]]
LifecycleException:  Protocol handler initialization failed: java.net.BindException: Address already in use <null>:9080
	at org.apache.catalina.connector.Connector.initialize(Connector.java:1051)
	at org.apache.catalina.core.StandardService.initialize(StandardService.java:703)
	at org.apache.catalina.core.StandardServer.initialize(StandardServer.java:838)
	at org.apache.catalina.startup.Catalina.load(Catalina.java:538)
	at org.apache.catalina.startup.Catalina.load(Catalina.java:562)
	at sun.reflect.NativeMethodAccessorImpl.invoke0(Native Method)
	at sun.reflect.NativeMethodAccessorImpl.invoke(NativeMethodAccessorImpl.java:39)
	at sun.reflect.DelegatingMethodAccessorImpl.invoke(DelegatingMethodAccessorImpl.java:25)
	at java.lang.reflect.Method.invoke(Method.java:597)
	at org.apache.catalina.startup.Bootstrap.load(Bootstrap.java:261)
	at org.apache.catalina.startup.Bootstrap.main(Bootstrap.java:413)
Apr 21, 2012 11:14:40 PM org.apache.catalina.startup.Catalina load
INFO: Initialization processed in 672 ms
Apr 21, 2012 11:14:40 PM org.apache.catalina.core.StandardService start
INFO: Starting service Catalina
Apr 21, 2012 11:14:40 PM org.apache.catalina.core.StandardEngine start
INFO: Starting Servlet Engine: Apache Tomcat/6.0.35
Apr 21, 2012 11:14:40 PM org.apache.catalina.startup.HostConfig deployWAR
INFO: Deploying web application archive share.war
Apr 21, 2012 11:14:53 PM org.apache.coyote.http11.Http11Protocol start
SEVERE: Error starting endpoint
java.net.BindException: Address already in use <null>:9080
	at org.apache.tomcat.util.net.JIoEndpoint.init(JIoEndpoint.java:549)
	at org.apache.tomcat.util.net.JIoEndpoint.start(JIoEndpoint.java:565)
	at org.apache.coyote.http11.Http11Protocol.start(Http11Protocol.java:203)
	at org.apache.catalina.connector.Connector.start(Connector.java:1122)
	at org.apache.catalina.core.StandardService.start(StandardService.java:540)
	at org.apache.catalina.core.StandardServer.start(StandardServer.java:754)
	at org.apache.catalina.startup.Catalina.start(Catalina.java:595)
	at sun.reflect.NativeMethodAccessorImpl.invoke0(Native Method)
	at sun.reflect.NativeMethodAccessorImpl.invoke(NativeMethodAccessorImpl.java:39)
	at sun.reflect.DelegatingMethodAccessorImpl.invoke(DelegatingMethodAccessorImpl.java:25)
	at java.lang.reflect.Method.invoke(Method.java:597)
	at org.apache.catalina.startup.Bootstrap.start(Bootstrap.java:289)
	at org.apache.catalina.startup.Bootstrap.main(Bootstrap.java:414)
Caused by: java.net.BindException: Address already in use
	at java.net.PlainSocketImpl.socketBind(Native Method)
	at java.net.PlainSocketImpl.bind(PlainSocketImpl.java:383)
	at java.net.ServerSocket.bind(ServerSocket.java:328)
	at java.net.ServerSocket.<init>(ServerSocket.java:194)
	at java.net.ServerSocket.<init>(ServerSocket.java:150)
	at org.apache.tomcat.util.net.DefaultServerSocketFactory.createSocket(DefaultServerSocketFactory.java:50)
	at org.apache.tomcat.util.net.JIoEndpoint.init(JIoEndpoint.java:538)
	... 12 more
Apr 21, 2012 11:14:53 PM org.apache.catalina.core.StandardService start
SEVERE: Failed to start connector [Connector[HTTP/1.1-9080]]
LifecycleException:  service.getName(): "Catalina";  Protocol handler start failed: java.net.BindException: Address already in use <null>:9080
	at org.apache.catalina.connector.Connector.start(Connector.java:1129)
	at org.apache.catalina.core.StandardService.start(StandardService.java:540)
	at org.apache.catalina.core.StandardServer.start(StandardServer.java:754)
	at org.apache.catalina.startup.Catalina.start(Catalina.java:595)
	at sun.reflect.NativeMethodAccessorImpl.invoke0(Native Method)
	at sun.reflect.NativeMethodAccessorImpl.invoke(NativeMethodAccessorImpl.java:39)
	at sun.reflect.DelegatingMethodAccessorImpl.invoke(DelegatingMethodAccessorImpl.java:25)
	at java.lang.reflect.Method.invoke(Method.java:597)
	at org.apache.catalina.startup.Bootstrap.start(Bootstrap.java:289)
	at org.apache.catalina.startup.Bootstrap.main(Bootstrap.java:414)
Apr 21, 2012 11:14:53 PM org.apache.jk.common.ChannelSocket init
INFO: Port busy 9009 java.net.BindException: Address already in use
Apr 21, 2012 11:14:53 PM org.apache.jk.common.ChannelSocket init
SEVERE: Can't find free port 9009 9009
Apr 21, 2012 11:14:53 PM org.apache.jk.server.JkMain start
INFO: Jk running ID=0 time=0/18  config=null
Apr 21, 2012 11:14:53 PM org.apache.catalina.startup.Catalina start
INFO: Server startup in 13104 ms
Apr 21, 2012 11:14:54 PM org.apache.catalina.core.StandardServer await
SEVERE: StandardServer.await: create[9005]: 
java.net.BindException: Address already in use
	at java.net.PlainSocketImpl.socketBind(Native Method)
	at java.net.PlainSocketImpl.bind(PlainSocketImpl.java:383)
	at java.net.ServerSocket.bind(ServerSocket.java:328)
	at java.net.ServerSocket.<init>(ServerSocket.java:194)
	at org.apache.catalina.core.StandardServer.await(StandardServer.java:406)
	at org.apache.catalina.startup.Catalina.await(Catalina.java:676)
	at org.apache.catalina.startup.Catalina.start(Catalina.java:628)
	at sun.reflect.NativeMethodAccessorImpl.invoke0(Native Method)
	at sun.reflect.NativeMethodAccessorImpl.invoke(NativeMethodAccessorImpl.java:39)
	at sun.reflect.DelegatingMethodAccessorImpl.invoke(DelegatingMethodAccessorImpl.java:25)
	at java.lang.reflect.Method.invoke(Method.java:597)
	at org.apache.catalina.startup.Bootstrap.start(Bootstrap.java:289)
	at org.apache.catalina.startup.Bootstrap.main(Bootstrap.java:414)
Apr 21, 2012 11:14:54 PM org.apache.coyote.http11.Http11Protocol pause
INFO: Pausing Coyote HTTP/1.1 on http-9080
Apr 21, 2012 11:14:55 PM org.apache.catalina.core.StandardService stop
INFO: Stopping service Catalina
Apr 21, 2012 11:14:55 PM org.apache.catalina.loader.WebappClassLoader clearThreadLocalMap
SEVERE: The web application [/share] created a ThreadLocal with key of type [org.springframework.extensions.webscripts.processor.FTLTemplateProcessor$NonBlockingObjectWrapper$1] (value [org.springframework.extensions.webscripts.processor.FTLTemplateProcessor$NonBlockingObjectWrapper$1@5ff75ab1]) and a value of type [freemarker.template.DefaultObjectWrapper] (value [freemarker.template.DefaultObjectWrapper@68634baf]) but failed to remove it when the web application was stopped. This is very likely to create a memory leak.
Apr 21, 2012 11:14:55 PM org.apache.catalina.loader.WebappClassLoader clearThreadLocalMap
SEVERE: The web application [/share] created a ThreadLocal with key of type [org.springframework.extensions.webscripts.processor.FTLTemplateProcessor$NonBlockingObjectWrapper$1] (value [org.springframework.extensions.webscripts.processor.FTLTemplateProcessor$NonBlockingObjectWrapper$1@4efe03b3]) and a value of type [freemarker.template.DefaultObjectWrapper] (value [freemarker.template.DefaultObjectWrapper@6a50549]) but failed to remove it when the web application was stopped. This is very likely to create a memory leak.
Apr 21, 2012 11:14:55 PM org.apache.catalina.loader.WebappClassLoader clearThreadLocalMap
SEVERE: The web application [/share] created a ThreadLocal with key of type [org.springframework.extensions.webscripts.processor.FTLTemplateProcessor$NonBlockingObjectWrapper$1] (value [org.springframework.extensions.webscripts.processor.FTLTemplateProcessor$NonBlockingObjectWrapper$1@3bfdff07]) and a value of type [freemarker.template.DefaultObjectWrapper] (value [freemarker.template.DefaultObjectWrapper@20724356]) but failed to remove it when the web application was stopped. This is very likely to create a memory leak.
Apr 21, 2012 11:14:55 PM org.apache.catalina.loader.WebappClassLoader clearThreadLocalMap
SEVERE: The web application [/share] created a ThreadLocal with key of type [org.springframework.extensions.webscripts.processor.FTLTemplateProcessor$NonBlockingObjectWrapper$1] (value [org.springframework.extensions.webscripts.processor.FTLTemplateProcessor$NonBlockingObjectWrapper$1@2da2d3be]) and a value of type [freemarker.template.DefaultObjectWrapper] (value [freemarker.template.DefaultObjectWrapper@1cfb765a]) but failed to remove it when the web application was stopped. This is very likely to create a memory leak.
Apr 21, 2012 11:14:56 PM org.apache.coyote.http11.Http11Protocol destroy
INFO: Stopping Coyote HTTP/1.1 on http-9080
Apr 21, 2012 11:15:23 PM org.apache.catalina.core.AprLifecycleListener init
INFO: The APR based Apache Tomcat Native library which allows optimal performance in production environments was not found on the java.library.path: /Users/hflambo/local/gigfork-video-ffmpeg/ffmpeg-vda-gigfork/lib::.:/Library/Java/Extensions:/System/Library/Java/Extensions:/usr/lib/java
Apr 21, 2012 11:15:23 PM org.apache.coyote.http11.Http11Protocol init
INFO: Initializing Coyote HTTP/1.1 on http-9080
Apr 21, 2012 11:15:23 PM org.apache.catalina.startup.Catalina load
INFO: Initialization processed in 686 ms
Apr 21, 2012 11:15:23 PM org.apache.catalina.core.StandardService start
INFO: Starting service Catalina
Apr 21, 2012 11:15:23 PM org.apache.catalina.core.StandardEngine start
INFO: Starting Servlet Engine: Apache Tomcat/6.0.35
Apr 21, 2012 11:15:23 PM org.apache.catalina.startup.HostConfig deployWAR
INFO: Deploying web application archive share.war
Apr 21, 2012 11:15:36 PM org.apache.coyote.http11.Http11Protocol start
INFO: Starting Coyote HTTP/1.1 on http-9080
Apr 21, 2012 11:15:36 PM org.apache.jk.common.ChannelSocket init
INFO: JK: ajp13 listening on /0.0.0.0:9009
Apr 21, 2012 11:15:36 PM org.apache.jk.server.JkMain start
INFO: Jk running ID=0 time=0/29  config=null
Apr 21, 2012 11:15:36 PM org.apache.catalina.startup.Catalina start
INFO: Server startup in 12458 ms
