Apr 25, 2012 9:16:21 PM org.apache.catalina.core.AprLifecycleListener init
INFO: The APR based Apache Tomcat Native library which allows optimal performance in production environments was not found on the java.library.path: .:/Library/Java/Extensions:/System/Library/Java/Extensions:/usr/lib/java
Apr 25, 2012 9:16:22 PM org.apache.coyote.http11.Http11Protocol init
INFO: Initializing Coyote HTTP/1.1 on http-9080
Apr 25, 2012 9:16:22 PM org.apache.catalina.startup.Catalina load
INFO: Initialization processed in 803 ms
Apr 25, 2012 9:16:22 PM org.apache.catalina.core.StandardService start
INFO: Starting service Catalina
Apr 25, 2012 9:16:22 PM org.apache.catalina.core.StandardEngine start
INFO: Starting Servlet Engine: Apache Tomcat/6.0.35
Apr 25, 2012 9:16:22 PM org.apache.catalina.startup.HostConfig deployWAR
INFO: Deploying web application archive share.war
Apr 25, 2012 9:16:50 PM org.apache.coyote.http11.Http11Protocol start
INFO: Starting Coyote HTTP/1.1 on http-9080
Apr 25, 2012 9:16:50 PM org.apache.jk.common.ChannelSocket init
INFO: JK: ajp13 listening on /0.0.0.0:9009
Apr 25, 2012 9:16:50 PM org.apache.jk.server.JkMain start
INFO: Jk running ID=0 time=0/75  config=null
Apr 25, 2012 9:16:50 PM org.apache.catalina.startup.Catalina start
INFO: Server startup in 27953 ms
