Apr 18, 2012 8:57:01 PM org.apache.catalina.core.ApplicationContext log
INFO: Initializing Spring root WebApplicationContext
Apr 18, 2012 8:57:17 PM org.apache.catalina.core.ApplicationContext log
INFO: org.tuckey.web.filters.urlrewrite.UrlRewriteFilter INFO: loaded (conf ok)
Apr 18, 2012 8:57:17 PM org.apache.catalina.core.ApplicationContext log
INFO: Initializing Spring FrameworkServlet 'Spring Surf Dispatcher Servlet'
Apr 18, 2012 9:05:20 PM org.apache.catalina.core.ApplicationContext log
INFO: Initializing Spring root WebApplicationContext
Apr 18, 2012 9:05:32 PM org.apache.catalina.core.ApplicationContext log
INFO: org.tuckey.web.filters.urlrewrite.UrlRewriteFilter INFO: loaded (conf ok)
Apr 18, 2012 9:05:32 PM org.apache.catalina.core.ApplicationContext log
INFO: Initializing Spring FrameworkServlet 'Spring Surf Dispatcher Servlet'
Apr 18, 2012 9:11:39 PM org.apache.catalina.core.ApplicationContext log
INFO: Destroying Spring FrameworkServlet 'Spring Surf Dispatcher Servlet'
Apr 18, 2012 9:11:39 PM org.apache.catalina.core.ApplicationContext log
INFO: org.tuckey.web.filters.urlrewrite.UrlRewriteFilter INFO: destroy called
Apr 18, 2012 9:11:39 PM org.apache.catalina.core.ApplicationContext log
INFO: Closing Spring root WebApplicationContext
Apr 18, 2012 9:13:09 PM org.apache.catalina.core.ApplicationContext log
INFO: Initializing Spring root WebApplicationContext
Apr 18, 2012 9:13:23 PM org.apache.catalina.core.ApplicationContext log
INFO: org.tuckey.web.filters.urlrewrite.UrlRewriteFilter INFO: loaded (conf ok)
Apr 18, 2012 9:13:23 PM org.apache.catalina.core.ApplicationContext log
INFO: Initializing Spring FrameworkServlet 'Spring Surf Dispatcher Servlet'
Apr 18, 2012 9:22:22 PM org.apache.catalina.core.ApplicationContext log
INFO: Destroying Spring FrameworkServlet 'Spring Surf Dispatcher Servlet'
Apr 18, 2012 9:22:22 PM org.apache.catalina.core.ApplicationContext log
INFO: org.tuckey.web.filters.urlrewrite.UrlRewriteFilter INFO: destroy called
Apr 18, 2012 9:22:22 PM org.apache.catalina.core.ApplicationContext log
INFO: Closing Spring root WebApplicationContext
Apr 18, 2012 9:22:27 PM org.apache.catalina.core.ApplicationContext log
INFO: Initializing Spring root WebApplicationContext
Apr 18, 2012 9:22:37 PM org.apache.catalina.core.ApplicationContext log
INFO: org.tuckey.web.filters.urlrewrite.UrlRewriteFilter INFO: loaded (conf ok)
Apr 18, 2012 9:22:37 PM org.apache.catalina.core.ApplicationContext log
INFO: Initializing Spring FrameworkServlet 'Spring Surf Dispatcher Servlet'
Apr 18, 2012 9:36:43 PM org.apache.catalina.core.ApplicationContext log
INFO: Destroying Spring FrameworkServlet 'Spring Surf Dispatcher Servlet'
Apr 18, 2012 9:36:43 PM org.apache.catalina.core.ApplicationContext log
INFO: org.tuckey.web.filters.urlrewrite.UrlRewriteFilter INFO: destroy called
Apr 18, 2012 9:36:43 PM org.apache.catalina.core.ApplicationContext log
INFO: Closing Spring root WebApplicationContext
Apr 18, 2012 9:45:33 PM org.apache.catalina.core.ApplicationContext log
INFO: Initializing Spring root WebApplicationContext
Apr 18, 2012 9:45:56 PM org.apache.catalina.core.ApplicationContext log
INFO: org.tuckey.web.filters.urlrewrite.UrlRewriteFilter INFO: loaded (conf ok)
Apr 18, 2012 9:45:56 PM org.apache.catalina.core.ApplicationContext log
INFO: Initializing Spring FrameworkServlet 'Spring Surf Dispatcher Servlet'
Apr 18, 2012 9:49:44 PM org.apache.catalina.core.ApplicationContext log
INFO: Destroying Spring FrameworkServlet 'Spring Surf Dispatcher Servlet'
Apr 18, 2012 9:49:44 PM org.apache.catalina.core.ApplicationContext log
INFO: org.tuckey.web.filters.urlrewrite.UrlRewriteFilter INFO: destroy called
Apr 18, 2012 9:49:44 PM org.apache.catalina.core.ApplicationContext log
INFO: Closing Spring root WebApplicationContext
Apr 18, 2012 9:49:50 PM org.apache.catalina.core.ApplicationContext log
INFO: Initializing Spring root WebApplicationContext
Apr 18, 2012 9:50:00 PM org.apache.catalina.core.ApplicationContext log
INFO: org.tuckey.web.filters.urlrewrite.UrlRewriteFilter INFO: loaded (conf ok)
Apr 18, 2012 9:50:00 PM org.apache.catalina.core.ApplicationContext log
INFO: Initializing Spring FrameworkServlet 'Spring Surf Dispatcher Servlet'
Apr 18, 2012 10:07:11 PM org.apache.catalina.core.ApplicationContext log
INFO: Destroying Spring FrameworkServlet 'Spring Surf Dispatcher Servlet'
Apr 18, 2012 10:07:11 PM org.apache.catalina.core.ApplicationContext log
INFO: org.tuckey.web.filters.urlrewrite.UrlRewriteFilter INFO: destroy called
Apr 18, 2012 10:07:11 PM org.apache.catalina.core.ApplicationContext log
INFO: Closing Spring root WebApplicationContext
Apr 18, 2012 10:23:40 PM org.apache.catalina.core.ApplicationContext log
INFO: Initializing Spring root WebApplicationContext
Apr 18, 2012 10:23:51 PM org.apache.catalina.core.ApplicationContext log
INFO: org.tuckey.web.filters.urlrewrite.UrlRewriteFilter INFO: loaded (conf ok)
Apr 18, 2012 10:23:51 PM org.apache.catalina.core.ApplicationContext log
INFO: Initializing Spring FrameworkServlet 'Spring Surf Dispatcher Servlet'
Apr 18, 2012 10:42:07 PM org.apache.catalina.core.ApplicationContext log
INFO: Destroying Spring FrameworkServlet 'Spring Surf Dispatcher Servlet'
Apr 18, 2012 10:42:07 PM org.apache.catalina.core.ApplicationContext log
INFO: org.tuckey.web.filters.urlrewrite.UrlRewriteFilter INFO: destroy called
Apr 18, 2012 10:42:07 PM org.apache.catalina.core.ApplicationContext log
INFO: Closing Spring root WebApplicationContext
Apr 18, 2012 10:42:13 PM org.apache.catalina.core.ApplicationContext log
INFO: Initializing Spring root WebApplicationContext
Apr 18, 2012 10:42:24 PM org.apache.catalina.core.ApplicationContext log
INFO: org.tuckey.web.filters.urlrewrite.UrlRewriteFilter INFO: loaded (conf ok)
Apr 18, 2012 10:42:24 PM org.apache.catalina.core.ApplicationContext log
INFO: Initializing Spring FrameworkServlet 'Spring Surf Dispatcher Servlet'
