This file contains any messages produced by compilers while
running configure, to aid debugging if configure makes a mistake.

It was created by configure, which was
generated by GNU Autoconf 2.65.  Invocation command line was

  $ ./configure --prefix=/Users/hflambo/local/alfresco-svn/root-02-04-2012/gigfork-server/FFmpeg-build

## --------- ##
## Platform. ##
## --------- ##

hostname = hflambo-mac.anybet.de
uname -m = x86_64
uname -r = 11.3.0
uname -s = Darwin
uname -v = Darwin Kernel Version 11.3.0: Thu Jan 12 18:47:41 PST 2012; root:xnu-1699.24.23~1/RELEASE_X86_64

/usr/bin/uname -p = i386
/bin/uname -X     = unknown

/bin/arch              = unknown
/usr/bin/arch -k       = unknown
/usr/convex/getsysinfo = unknown
/usr/bin/hostinfo      = Mach kernel version:
	 Darwin Kernel Version 11.3.0: Thu Jan 12 18:47:41 PST 2012; root:xnu-1699.24.23~1/RELEASE_X86_64
Kernel configured for up to 4 processors.
2 processors are physically available.
4 processors are logically available.
Processor type: i486 (Intel 80486)
Processors active: 0 1 2 3
Primary memory available: 8.00 gigabytes
Default processor set: 119 tasks, 684 threads, 4 processors
Load average: 1.29, Mach factor: 2.69
/bin/machine           = unknown
/usr/bin/oslevel       = unknown
/bin/universe          = unknown

PATH: /usr/local/mysql-5.5.17-osx10.6-x86_64/bin
PATH: /Users/hflambo/local/ImageMagick-binary/bin
PATH: /Applications/Gimp.app/Contents/Resources/bin
PATH: /Users/hflambo/local/node-v0.6.5-binary/bin
PATH: /Users/hflambo/local/xuggler/bin
PATH: /Users/hflambo/Desktop/apache-maven-3.0.3/bin
PATH: .
PATH: /Library/Anybet/tools/mvn/bin
PATH: /usr/bin
PATH: /bin
PATH: /usr/sbin
PATH: /sbin
PATH: /usr/local/bin
PATH: /Library/Anybet/bin
PATH: /usr/local/git/bin
PATH: /Library/Anybet/tools/jad/bin
PATH: /Library/Anybet/tools/jmeter/bin
PATH: /Library/Anybet/tools/mas/jboss/bin
PATH: /Library/Anybet/tools/maven/bin
PATH: /Library/Anybet/tools/mq/bin
PATH: /Library/Anybet/tools/mvn/bin
PATH: /Library/Anybet/tools/selenium/bin
PATH: /Library/Anybet/tools/soapui/bin
PATH: /usr/X11/bin
PATH: /Users/hflambo/local/play-1.2.4
PATH: /Users/hflambo/local/gigfork-video-ffmpeg/ffmpeg-vda-gigfork/bin
PATH: /Users/hflambo/local/alfresco-svn/root-02-04-2012/gigfork-server/gcc-5666.3/build/dst/bin
PATH: /Users/hflambo/local/alfresco-svn/root-02-04-2012/gigfork-server/gcc-5666.3/build/dst/usr/bin


## ----------- ##
## Core tests. ##
## ----------- ##

configure:2621: checking build system type
configure:2635: result: i386-apple-darwin11.3.0
configure:2655: checking host system type
configure:2668: result: i386-apple-darwin11.3.0
configure:2688: checking target system type
configure:2701: result: i386-apple-darwin11.3.0
configure:2744: checking for a BSD-compatible install
configure:2812: result: /usr/bin/install -c
configure:2823: checking whether build environment is sane
configure:2873: result: yes
configure:3014: checking for a thread-safe mkdir -p
configure:3053: result: ./install-sh -c -d
configure:3066: checking for gawk
configure:3096: result: no
configure:3066: checking for mawk
configure:3096: result: no
configure:3066: checking for nawk
configure:3096: result: no
configure:3066: checking for awk
configure:3082: found /usr/bin/awk
configure:3093: result: awk
configure:3104: checking whether make sets $(MAKE)
configure:3126: result: yes
configure:3278: checking for gcc
configure:3305: result: gcc-4.2
configure:3534: checking for C compiler version
configure:3543: gcc-4.2 --version >&5
i686-apple-darwin11-gcc-4.2.1 (GCC) 4.2.1 (Apple Inc. build 5666) (dot 3)
Copyright (C) 2007 Free Software Foundation, Inc.
This is free software; see the source for copying conditions.  There is NO
warranty; not even for MERCHANTABILITY or FITNESS FOR A PARTICULAR PURPOSE.

configure:3554: $? = 0
configure:3543: gcc-4.2 -v >&5
Using built-in specs.
Target: i686-apple-darwin11
Configured with: /Users/hflambo/local/alfresco-svn/root-02-04-2012/gigfork-server/gcc-5666.3/build/obj/src/configure --disable-checking --enable-werror --prefix=/usr --mandir=/share/man --enable-languages=c,objc,c++,obj-c++ --program-transform-name=/^[cg][^.-]*$/s/$/-4.2/ --with-slibdir=/usr/lib --build=i686-apple-darwin11 --program-prefix=i686-apple-darwin11- --host=x86_64-apple-darwin11 --target=i686-apple-darwin11 --with-gxx-include-dir=/include/c++/4.2.1
Thread model: posix
gcc version 4.2.1 (Apple Inc. build 5666) (dot 3)
configure:3554: $? = 0
configure:3543: gcc-4.2 -V >&5
gcc-4.2: argument to `-V' is missing
configure:3554: $? = 1
configure:3543: gcc-4.2 -qversion >&5
i686-apple-darwin11-gcc-4.2.1: no input files
configure:3554: $? = 1
configure:3574: checking whether the C compiler works
configure:3596: gcc-4.2 -arch x86_64 -O3  -arch x86_64 -O3 conftest.c  >&5
configure:3600: $? = 0
configure:3649: result: yes
configure:3652: checking for C compiler default output file name
configure:3654: result: a.out
configure:3660: checking for suffix of executables
configure:3667: gcc-4.2 -o conftest -arch x86_64 -O3  -arch x86_64 -O3 conftest.c  >&5
configure:3671: $? = 0
configure:3693: result: 
configure:3715: checking whether we are cross compiling
configure:3723: gcc-4.2 -o conftest -arch x86_64 -O3  -arch x86_64 -O3 conftest.c  >&5
configure:3727: $? = 0
configure:3734: ./conftest
configure:3738: $? = 0
configure:3753: result: no
configure:3758: checking for suffix of object files
configure:3780: gcc-4.2 -c -arch x86_64 -O3  conftest.c >&5
configure:3784: $? = 0
configure:3805: result: o
configure:3809: checking whether we are using the GNU C compiler
configure:3828: gcc-4.2 -c -arch x86_64 -O3  conftest.c >&5
configure:3828: $? = 0
configure:3837: result: yes
configure:3846: checking whether gcc-4.2 accepts -g
configure:3866: gcc-4.2 -c -g  conftest.c >&5
configure:3866: $? = 0
configure:3907: result: yes
configure:3924: checking for gcc-4.2 option to accept ISO C89
configure:3988: gcc-4.2  -c -arch x86_64 -O3  conftest.c >&5
configure:3988: $? = 0
configure:4001: result: none needed
configure:4032: checking for style of include used by make
configure:4060: result: GNU
configure:4085: checking dependency style of gcc-4.2
configure:4195: result: gcc3
configure:4215: checking how to run the C preprocessor
configure:4246: gcc-4.2 -E  conftest.c
configure:4246: $? = 0
configure:4260: gcc-4.2 -E  conftest.c
conftest.c:11:28: error: ac_nonexistent.h: No such file or directory
configure:4260: $? = 1
configure: failed program was:
| /* confdefs.h */
| #define PACKAGE_NAME ""
| #define PACKAGE_TARNAME ""
| #define PACKAGE_VERSION ""
| #define PACKAGE_STRING ""
| #define PACKAGE_BUGREPORT ""
| #define PACKAGE_URL ""
| #define PACKAGE "liboggz"
| #define VERSION "1.1.1"
| /* end confdefs.h.  */
| #include <ac_nonexistent.h>
configure:4285: result: gcc-4.2 -E
configure:4305: gcc-4.2 -E  conftest.c
configure:4305: $? = 0
configure:4319: gcc-4.2 -E  conftest.c
conftest.c:11:28: error: ac_nonexistent.h: No such file or directory
configure:4319: $? = 1
configure: failed program was:
| /* confdefs.h */
| #define PACKAGE_NAME ""
| #define PACKAGE_TARNAME ""
| #define PACKAGE_VERSION ""
| #define PACKAGE_STRING ""
| #define PACKAGE_BUGREPORT ""
| #define PACKAGE_URL ""
| #define PACKAGE "liboggz"
| #define VERSION "1.1.1"
| /* end confdefs.h.  */
| #include <ac_nonexistent.h>
configure:4348: checking whether ln -s works
configure:4352: result: yes
configure:4359: checking whether make sets $(MAKE)
configure:4381: result: yes
configure:4415: checking for a sed that does not truncate output
configure:4479: result: /usr/bin/sed
configure:4497: checking for grep that handles long lines and -e
configure:4555: result: /usr/bin/grep
configure:4560: checking for egrep
configure:4622: result: /usr/bin/grep -E
configure:4627: checking for fgrep
configure:4689: result: /usr/bin/grep -F
configure:4724: checking for ld used by gcc-4.2
configure:4791: result: /usr/bin/ld
configure:4798: checking if the linker (/usr/bin/ld) is GNU ld
configure:4813: result: no
configure:4825: checking for BSD- or MS-compatible name lister (nm)
configure:4874: result: /usr/bin/nm
configure:4992: checking the name lister (/usr/bin/nm) interface
configure:4999: gcc-4.2 -c -arch x86_64 -O3  conftest.c >&5
configure:5002: /usr/bin/nm "conftest.o"
configure:5005: output
0000000000000000 D _some_variable
configure:5012: result: BSD nm
configure:5016: checking the maximum length of command line arguments
configure:5136: result: 196608
configure:5153: checking whether the shell understands some XSI constructs
configure:5163: result: yes
configure:5167: checking whether the shell understands "+="
configure:5173: result: yes
configure:5208: checking for /usr/bin/ld option to reload object files
configure:5215: result: -r
configure:5284: checking for objdump
configure:5314: result: no
configure:5343: checking how to recognize dependent libraries
configure:5539: result: pass_all
configure:5599: checking for ar
configure:5615: found /usr/bin/ar
configure:5626: result: ar
configure:5704: checking for strip
configure:5720: found /usr/bin/strip
configure:5731: result: strip
configure:5803: checking for ranlib
configure:5819: found /usr/bin/ranlib
configure:5830: result: ranlib
configure:5920: checking command to parse /usr/bin/nm output from gcc-4.2 object
configure:6038: gcc-4.2 -c -arch x86_64 -O3  conftest.c >&5
configure:6041: $? = 0
configure:6045: /usr/bin/nm conftest.o \| sed -n -e 's/^.*[	 ]\([BCDEGRST][BCDEGRST]*\)[	 ][	 ]*\([_A-Za-z][_A-Za-z0-9]*\)$/\1 \2 \2/p' \> conftest.nm
configure:6048: $? = 0
cannot find nm_test_var in conftest.nm
configure:6038: gcc-4.2 -c -arch x86_64 -O3  conftest.c >&5
configure:6041: $? = 0
configure:6045: /usr/bin/nm conftest.o \| sed -n -e 's/^.*[	 ]\([BCDEGRST][BCDEGRST]*\)[	 ][	 ]*_\([_A-Za-z][_A-Za-z0-9]*\)$/\1 _\2 \2/p' \> conftest.nm
configure:6048: $? = 0
configure:6102: gcc-4.2 -o conftest -arch x86_64 -O3  -arch x86_64 -O3 conftest.c conftstm.o >&5
configure:6105: $? = 0
configure:6143: result: ok
configure:6408: checking for dsymutil
configure:6424: found /usr/bin/dsymutil
configure:6435: result: dsymutil
configure:6500: checking for nmedit
configure:6516: found /usr/bin/nmedit
configure:6527: result: nmedit
configure:6592: checking for lipo
configure:6608: found /usr/bin/lipo
configure:6619: result: lipo
configure:6684: checking for otool
configure:6700: found /usr/bin/otool
configure:6711: result: otool
configure:6776: checking for otool64
configure:6806: result: no
configure:6851: checking for -single_module linker flag
gcc-4.2 -arch x86_64 -O3 -arch x86_64 -O3 -o libconftest.dylib -dynamiclib -Wl,-single_module conftest.c
configure:6878: result: yes
configure:6880: checking for -exported_symbols_list linker flag
configure:6900: gcc-4.2 -o conftest -arch x86_64 -O3  -arch x86_64 -O3 -Wl,-exported_symbols_list,conftest.sym conftest.c  >&5
configure:6900: $? = 0
configure:6910: result: yes
configure:6948: checking for ANSI C header files
configure:6968: gcc-4.2 -c -arch x86_64 -O3  conftest.c >&5
configure:6968: $? = 0
configure:7041: gcc-4.2 -o conftest -arch x86_64 -O3  -arch x86_64 -O3 conftest.c  >&5
configure:7041: $? = 0
configure:7041: ./conftest
configure:7041: $? = 0
configure:7052: result: yes
configure:7065: checking for sys/types.h
configure:7065: gcc-4.2 -c -arch x86_64 -O3  conftest.c >&5
configure:7065: $? = 0
configure:7065: result: yes
configure:7065: checking for sys/stat.h
configure:7065: gcc-4.2 -c -arch x86_64 -O3  conftest.c >&5
configure:7065: $? = 0
configure:7065: result: yes
configure:7065: checking for stdlib.h
configure:7065: gcc-4.2 -c -arch x86_64 -O3  conftest.c >&5
configure:7065: $? = 0
configure:7065: result: yes
configure:7065: checking for string.h
configure:7065: gcc-4.2 -c -arch x86_64 -O3  conftest.c >&5
configure:7065: $? = 0
configure:7065: result: yes
configure:7065: checking for memory.h
configure:7065: gcc-4.2 -c -arch x86_64 -O3  conftest.c >&5
configure:7065: $? = 0
configure:7065: result: yes
configure:7065: checking for strings.h
configure:7065: gcc-4.2 -c -arch x86_64 -O3  conftest.c >&5
configure:7065: $? = 0
configure:7065: result: yes
configure:7065: checking for inttypes.h
configure:7065: gcc-4.2 -c -arch x86_64 -O3  conftest.c >&5
configure:7065: $? = 0
configure:7065: result: yes
configure:7065: checking for stdint.h
configure:7065: gcc-4.2 -c -arch x86_64 -O3  conftest.c >&5
configure:7065: $? = 0
configure:7065: result: yes
configure:7065: checking for unistd.h
configure:7065: gcc-4.2 -c -arch x86_64 -O3  conftest.c >&5
configure:7065: $? = 0
configure:7065: result: yes
configure:7080: checking for dlfcn.h
configure:7080: gcc-4.2 -c -arch x86_64 -O3  conftest.c >&5
configure:7080: $? = 0
configure:7080: result: yes
configure:7264: checking for objdir
configure:7279: result: .libs
configure:7571: checking if gcc-4.2 supports -fno-rtti -fno-exceptions
configure:7589: gcc-4.2 -c -arch x86_64 -O3  -fno-rtti -fno-exceptions conftest.c >&5
cc1: warning: command line option "-fno-rtti" is valid for C++/ObjC++ but not for C
configure:7593: $? = 0
configure:7606: result: no
configure:7626: checking for gcc-4.2 option to produce PIC
configure:7898: result: -fno-common -DPIC
configure:7910: checking if gcc-4.2 PIC flag -fno-common -DPIC works
configure:7928: gcc-4.2 -c -arch x86_64 -O3  -fno-common -DPIC -DPIC conftest.c >&5
configure:7932: $? = 0
configure:7945: result: yes
configure:7969: checking if gcc-4.2 static flag -static works
configure:7997: result: no
configure:8012: checking if gcc-4.2 supports -c -o file.o
configure:8033: gcc-4.2 -c -arch x86_64 -O3  -o out/conftest2.o conftest.c >&5
configure:8037: $? = 0
configure:8059: result: yes
configure:8067: checking if gcc-4.2 supports -c -o file.o
configure:8114: result: yes
configure:8147: checking whether the gcc-4.2 linker (/usr/bin/ld) supports shared libraries
configure:9138: result: yes
configure:9377: checking dynamic linker characteristics
configure:10040: result: darwin11.3.0 dyld
configure:10142: checking how to hardcode library paths into programs
configure:10167: result: immediate
configure:10687: checking whether stripping libraries is possible
configure:10701: result: yes
configure:10727: checking if libtool supports shared libraries
configure:10729: result: yes
configure:10732: checking whether to build shared libraries
configure:10753: result: yes
configure:10756: checking whether to build static libraries
configure:10760: result: yes
configure:10796: checking for an ANSI C-conforming const
configure:10861: gcc-4.2 -c -arch x86_64 -O3  conftest.c >&5
configure:10861: $? = 0
configure:10868: result: yes
configure:10876: checking whether byte ordering is bigendian
configure:10891: gcc-4.2 -c -arch x86_64 -O3  conftest.c >&5
configure:10891: $? = 0
configure:10936: gcc-4.2 -c -arch x86_64 -O3  conftest.c >&5
configure:10936: $? = 0
configure:10954: gcc-4.2 -c -arch x86_64 -O3  conftest.c >&5
conftest.c: In function 'main':
conftest.c:30: error: 'not' undeclared (first use in this function)
conftest.c:30: error: (Each undeclared identifier is reported only once
conftest.c:30: error: for each function it appears in.)
conftest.c:30: error: expected ';' before 'big'
configure:10954: $? = 1
configure: failed program was:
| /* confdefs.h */
| #define PACKAGE_NAME ""
| #define PACKAGE_TARNAME ""
| #define PACKAGE_VERSION ""
| #define PACKAGE_STRING ""
| #define PACKAGE_BUGREPORT ""
| #define PACKAGE_URL ""
| #define PACKAGE "liboggz"
| #define VERSION "1.1.1"
| #define STDC_HEADERS 1
| #define HAVE_SYS_TYPES_H 1
| #define HAVE_SYS_STAT_H 1
| #define HAVE_STDLIB_H 1
| #define HAVE_STRING_H 1
| #define HAVE_MEMORY_H 1
| #define HAVE_STRINGS_H 1
| #define HAVE_INTTYPES_H 1
| #define HAVE_STDINT_H 1
| #define HAVE_UNISTD_H 1
| #define HAVE_DLFCN_H 1
| #define LT_OBJDIR ".libs/"
| /* end confdefs.h.  */
| #include <sys/types.h>
| 		#include <sys/param.h>
| 
| int
| main ()
| {
| #if BYTE_ORDER != BIG_ENDIAN
| 		 not big endian
| 		#endif
| 
|   ;
|   return 0;
| }
configure:11082: result: no
configure:11105: checking for ANSI C header files
configure:11209: result: yes
configure:11220: checking fcntl.h usability
configure:11220: gcc-4.2 -c -arch x86_64 -O3  conftest.c >&5
configure:11220: $? = 0
configure:11220: result: yes
configure:11220: checking fcntl.h presence
configure:11220: gcc-4.2 -E  conftest.c
configure:11220: $? = 0
configure:11220: result: yes
configure:11220: checking for fcntl.h
configure:11220: result: yes
configure:11220: checking for inttypes.h
configure:11220: result: yes
configure:11220: checking for stdlib.h
configure:11220: result: yes
configure:11220: checking for string.h
configure:11220: result: yes
configure:11220: checking for sys/types.h
configure:11220: result: yes
configure:11220: checking for unistd.h
configure:11220: result: yes
configure:11233: checking for off_t
configure:11233: gcc-4.2 -c -arch x86_64 -O3  conftest.c >&5
configure:11233: $? = 0
configure:11233: gcc-4.2 -c -arch x86_64 -O3  conftest.c >&5
conftest.c: In function 'main':
conftest.c:66: error: expected expression before ')' token
configure:11233: $? = 1
configure: failed program was:
| /* confdefs.h */
| #define PACKAGE_NAME ""
| #define PACKAGE_TARNAME ""
| #define PACKAGE_VERSION ""
| #define PACKAGE_STRING ""
| #define PACKAGE_BUGREPORT ""
| #define PACKAGE_URL ""
| #define PACKAGE "liboggz"
| #define VERSION "1.1.1"
| #define STDC_HEADERS 1
| #define HAVE_SYS_TYPES_H 1
| #define HAVE_SYS_STAT_H 1
| #define HAVE_STDLIB_H 1
| #define HAVE_STRING_H 1
| #define HAVE_MEMORY_H 1
| #define HAVE_STRINGS_H 1
| #define HAVE_INTTYPES_H 1
| #define HAVE_STDINT_H 1
| #define HAVE_UNISTD_H 1
| #define HAVE_DLFCN_H 1
| #define LT_OBJDIR ".libs/"
| #define STDC_HEADERS 1
| #define HAVE_FCNTL_H 1
| #define HAVE_INTTYPES_H 1
| #define HAVE_STDLIB_H 1
| #define HAVE_STRING_H 1
| #define HAVE_SYS_TYPES_H 1
| #define HAVE_UNISTD_H 1
| /* end confdefs.h.  */
| #include <stdio.h>
| #ifdef HAVE_SYS_TYPES_H
| # include <sys/types.h>
| #endif
| #ifdef HAVE_SYS_STAT_H
| # include <sys/stat.h>
| #endif
| #ifdef STDC_HEADERS
| # include <stdlib.h>
| # include <stddef.h>
| #else
| # ifdef HAVE_STDLIB_H
| #  include <stdlib.h>
| # endif
| #endif
| #ifdef HAVE_STRING_H
| # if !defined STDC_HEADERS && defined HAVE_MEMORY_H
| #  include <memory.h>
| # endif
| # include <string.h>
| #endif
| #ifdef HAVE_STRINGS_H
| # include <strings.h>
| #endif
| #ifdef HAVE_INTTYPES_H
| # include <inttypes.h>
| #endif
| #ifdef HAVE_STDINT_H
| # include <stdint.h>
| #endif
| #ifdef HAVE_UNISTD_H
| # include <unistd.h>
| #endif
| int
| main ()
| {
| if (sizeof ((off_t)))
| 	    return 0;
|   ;
|   return 0;
| }
configure:11233: result: yes
configure:11244: checking for size_t
configure:11244: gcc-4.2 -c -arch x86_64 -O3  conftest.c >&5
configure:11244: $? = 0
configure:11244: gcc-4.2 -c -arch x86_64 -O3  conftest.c >&5
conftest.c: In function 'main':
conftest.c:66: error: expected expression before ')' token
configure:11244: $? = 1
configure: failed program was:
| /* confdefs.h */
| #define PACKAGE_NAME ""
| #define PACKAGE_TARNAME ""
| #define PACKAGE_VERSION ""
| #define PACKAGE_STRING ""
| #define PACKAGE_BUGREPORT ""
| #define PACKAGE_URL ""
| #define PACKAGE "liboggz"
| #define VERSION "1.1.1"
| #define STDC_HEADERS 1
| #define HAVE_SYS_TYPES_H 1
| #define HAVE_SYS_STAT_H 1
| #define HAVE_STDLIB_H 1
| #define HAVE_STRING_H 1
| #define HAVE_MEMORY_H 1
| #define HAVE_STRINGS_H 1
| #define HAVE_INTTYPES_H 1
| #define HAVE_STDINT_H 1
| #define HAVE_UNISTD_H 1
| #define HAVE_DLFCN_H 1
| #define LT_OBJDIR ".libs/"
| #define STDC_HEADERS 1
| #define HAVE_FCNTL_H 1
| #define HAVE_INTTYPES_H 1
| #define HAVE_STDLIB_H 1
| #define HAVE_STRING_H 1
| #define HAVE_SYS_TYPES_H 1
| #define HAVE_UNISTD_H 1
| /* end confdefs.h.  */
| #include <stdio.h>
| #ifdef HAVE_SYS_TYPES_H
| # include <sys/types.h>
| #endif
| #ifdef HAVE_SYS_STAT_H
| # include <sys/stat.h>
| #endif
| #ifdef STDC_HEADERS
| # include <stdlib.h>
| # include <stddef.h>
| #else
| # ifdef HAVE_STDLIB_H
| #  include <stdlib.h>
| # endif
| #endif
| #ifdef HAVE_STRING_H
| # if !defined STDC_HEADERS && defined HAVE_MEMORY_H
| #  include <memory.h>
| # endif
| # include <string.h>
| #endif
| #ifdef HAVE_STRINGS_H
| # include <strings.h>
| #endif
| #ifdef HAVE_INTTYPES_H
| # include <inttypes.h>
| #endif
| #ifdef HAVE_STDINT_H
| # include <stdint.h>
| #endif
| #ifdef HAVE_UNISTD_H
| # include <unistd.h>
| #endif
| int
| main ()
| {
| if (sizeof ((size_t)))
| 	    return 0;
|   ;
|   return 0;
| }
configure:11244: result: yes
configure:11256: checking if gcc-4.2 allows signed enums
configure:11277: gcc-4.2 -c -arch x86_64 -O3 -Wall -Wextra -Werror  conftest.c >&5
conftest.c: In function 'main':
conftest.c:36: error: nested functions are disabled, use -fnested-functions to re-enable
cc1: warnings being treated as errors
conftest.c: In function 't':
conftest.c:38: warning: comparison of unsigned expression < 0 is always false
configure:11277: $? = 1
configure: failed program was:
| /* confdefs.h */
| #define PACKAGE_NAME ""
| #define PACKAGE_TARNAME ""
| #define PACKAGE_VERSION ""
| #define PACKAGE_STRING ""
| #define PACKAGE_BUGREPORT ""
| #define PACKAGE_URL ""
| #define PACKAGE "liboggz"
| #define VERSION "1.1.1"
| #define STDC_HEADERS 1
| #define HAVE_SYS_TYPES_H 1
| #define HAVE_SYS_STAT_H 1
| #define HAVE_STDLIB_H 1
| #define HAVE_STRING_H 1
| #define HAVE_MEMORY_H 1
| #define HAVE_STRINGS_H 1
| #define HAVE_INTTYPES_H 1
| #define HAVE_STDINT_H 1
| #define HAVE_UNISTD_H 1
| #define HAVE_DLFCN_H 1
| #define LT_OBJDIR ".libs/"
| #define STDC_HEADERS 1
| #define HAVE_FCNTL_H 1
| #define HAVE_INTTYPES_H 1
| #define HAVE_STDLIB_H 1
| #define HAVE_STRING_H 1
| #define HAVE_SYS_TYPES_H 1
| #define HAVE_UNISTD_H 1
| /* end confdefs.h.  */
| 
| int
| main ()
| {
| 
|                void t (void)
|                {
|                  enum {A, B} a=A;
|                  if (a < 0) {}
|                }
|   ;
|   return 0;
| }
configure:11284: result: no
configure:11293: checking for memmove
configure:11293: gcc-4.2 -o conftest -arch x86_64 -O3  -arch x86_64 -O3 conftest.c  >&5
conftest.c:53: warning: conflicting types for built-in function 'memmove'
configure:11293: $? = 0
configure:11293: result: yes
configure:11306: checking for pkg-config
configure:11322: found /Users/hflambo/local/gigfork-video-ffmpeg/ffmpeg-vda-gigfork/bin/pkg-config
configure:11333: result: yes
configure:11345: checking for doxygen
configure:11373: result: false
configure:11390: WARNING: *** doxygen not found, docs will not be built
configure:11397: checking for man2html
configure:11425: result: false
configure:11512: checking for getopt in -lgetopt
configure:11537: gcc-4.2 -o conftest -arch x86_64 -O3  -arch x86_64 -O3 conftest.c -lgetopt   >&5
ld: library not found for -lgetopt
collect2: ld returned 1 exit status
configure:11537: $? = 1
configure: failed program was:
| /* confdefs.h */
| #define PACKAGE_NAME ""
| #define PACKAGE_TARNAME ""
| #define PACKAGE_VERSION ""
| #define PACKAGE_STRING ""
| #define PACKAGE_BUGREPORT ""
| #define PACKAGE_URL ""
| #define PACKAGE "liboggz"
| #define VERSION "1.1.1"
| #define STDC_HEADERS 1
| #define HAVE_SYS_TYPES_H 1
| #define HAVE_SYS_STAT_H 1
| #define HAVE_STDLIB_H 1
| #define HAVE_STRING_H 1
| #define HAVE_MEMORY_H 1
| #define HAVE_STRINGS_H 1
| #define HAVE_INTTYPES_H 1
| #define HAVE_STDINT_H 1
| #define HAVE_UNISTD_H 1
| #define HAVE_DLFCN_H 1
| #define LT_OBJDIR ".libs/"
| #define STDC_HEADERS 1
| #define HAVE_FCNTL_H 1
| #define HAVE_INTTYPES_H 1
| #define HAVE_STDLIB_H 1
| #define HAVE_STRING_H 1
| #define HAVE_SYS_TYPES_H 1
| #define HAVE_UNISTD_H 1
| #define HAVE_MEMMOVE 1
| /* end confdefs.h.  */
| 
| /* Override any GCC internal prototype to avoid an error.
|    Use char because int might match the return type of a GCC
|    builtin and then its argument prototype would still apply.  */
| #ifdef __cplusplus
| extern "C"
| #endif
| char getopt ();
| int
| main ()
| {
| return getopt ();
|   ;
|   return 0;
| }
configure:11546: result: no
configure:11559: checking for getopt_long
configure:11559: gcc-4.2 -o conftest -arch x86_64 -O3  -arch x86_64 -O3 conftest.c  >&5
configure:11559: $? = 0
configure:11559: result: yes
configure:11778: checking for OGG
configure:11906: checking for Ogg
configure:11941: gcc-4.2 -o conftest -arch x86_64 -O3 -I/Users/hflambo/local/alfresco-svn/root-02-04-2012/gigfork-server/FFmpeg-build/include  -arch x86_64 -O3 conftest.c  -L/Users/hflambo/local/alfresco-svn/root-02-04-2012/gigfork-server/FFmpeg-build/lib -logg >&5
configure:11941: $? = 0
configure:11941: ./conftest
configure:11941: $? = 0
configure:11959: result: yes
configure:12068: checking if ogg_page_bos() takes a const argument
configure:12086: gcc-4.2 -c -arch x86_64 -O3 -Wall -Werror -I/Users/hflambo/local/alfresco-svn/root-02-04-2012/gigfork-server/FFmpeg-build/include  conftest.c >&5
conftest.c: In function 'main':
conftest.c:38: error: nested functions are disabled, use -fnested-functions to re-enable
configure:12086: $? = 1
configure: failed program was:
| /* confdefs.h */
| #define PACKAGE_NAME ""
| #define PACKAGE_TARNAME ""
| #define PACKAGE_VERSION ""
| #define PACKAGE_STRING ""
| #define PACKAGE_BUGREPORT ""
| #define PACKAGE_URL ""
| #define PACKAGE "liboggz"
| #define VERSION "1.1.1"
| #define STDC_HEADERS 1
| #define HAVE_SYS_TYPES_H 1
| #define HAVE_SYS_STAT_H 1
| #define HAVE_STDLIB_H 1
| #define HAVE_STRING_H 1
| #define HAVE_MEMORY_H 1
| #define HAVE_STRINGS_H 1
| #define HAVE_INTTYPES_H 1
| #define HAVE_STDINT_H 1
| #define HAVE_UNISTD_H 1
| #define HAVE_DLFCN_H 1
| #define LT_OBJDIR ".libs/"
| #define STDC_HEADERS 1
| #define HAVE_FCNTL_H 1
| #define HAVE_INTTYPES_H 1
| #define HAVE_STDLIB_H 1
| #define HAVE_STRING_H 1
| #define HAVE_SYS_TYPES_H 1
| #define HAVE_UNISTD_H 1
| #define HAVE_MEMMOVE 1
| #define HAVE_GETOPT_LONG /**/
| #define OGGZ_CONFIG_READ 1
| #define OGGZ_CONFIG_WRITE 1
| /* end confdefs.h.  */
| #include <ogg/ogg.h>
| int
| main ()
| {
| int f(const ogg_page * cog){return ogg_page_bos(cog);}
|   ;
|   return 0;
| }
configure:12093: result: no
configure:12109: checking size of off_t
configure:12114: gcc-4.2 -o conftest -arch x86_64 -O3  -arch x86_64 -O3 conftest.c  >&5
configure:12114: $? = 0
configure:12114: ./conftest
configure:12114: $? = 0
configure:12129: result: 8
configure:12627: checking for ssize_t
configure:12627: gcc-4.2 -c -arch x86_64 -O3  conftest.c >&5
configure:12627: $? = 0
configure:12627: gcc-4.2 -c -arch x86_64 -O3  conftest.c >&5
conftest.c: In function 'main':
conftest.c:73: error: expected expression before ')' token
configure:12627: $? = 1
configure: failed program was:
| /* confdefs.h */
| #define PACKAGE_NAME ""
| #define PACKAGE_TARNAME ""
| #define PACKAGE_VERSION ""
| #define PACKAGE_STRING ""
| #define PACKAGE_BUGREPORT ""
| #define PACKAGE_URL ""
| #define PACKAGE "liboggz"
| #define VERSION "1.1.1"
| #define STDC_HEADERS 1
| #define HAVE_SYS_TYPES_H 1
| #define HAVE_SYS_STAT_H 1
| #define HAVE_STDLIB_H 1
| #define HAVE_STRING_H 1
| #define HAVE_MEMORY_H 1
| #define HAVE_STRINGS_H 1
| #define HAVE_INTTYPES_H 1
| #define HAVE_STDINT_H 1
| #define HAVE_UNISTD_H 1
| #define HAVE_DLFCN_H 1
| #define LT_OBJDIR ".libs/"
| #define STDC_HEADERS 1
| #define HAVE_FCNTL_H 1
| #define HAVE_INTTYPES_H 1
| #define HAVE_STDLIB_H 1
| #define HAVE_STRING_H 1
| #define HAVE_SYS_TYPES_H 1
| #define HAVE_UNISTD_H 1
| #define HAVE_MEMMOVE 1
| #define HAVE_GETOPT_LONG /**/
| #define OGGZ_CONFIG_READ 1
| #define OGGZ_CONFIG_WRITE 1
| #define SIZEOF_OFF_T 8
| #define SIZEOF_OGGZ_OFF_T 8
| #define OGGZ_OFF_MAX 0x7FFFFFFFFFFFFFFFLL
| /* end confdefs.h.  */
| #include <stdio.h>
| #ifdef HAVE_SYS_TYPES_H
| # include <sys/types.h>
| #endif
| #ifdef HAVE_SYS_STAT_H
| # include <sys/stat.h>
| #endif
| #ifdef STDC_HEADERS
| # include <stdlib.h>
| # include <stddef.h>
| #else
| # ifdef HAVE_STDLIB_H
| #  include <stdlib.h>
| # endif
| #endif
| #ifdef HAVE_STRING_H
| # if !defined STDC_HEADERS && defined HAVE_MEMORY_H
| #  include <memory.h>
| # endif
| # include <string.h>
| #endif
| #ifdef HAVE_STRINGS_H
| # include <strings.h>
| #endif
| #ifdef HAVE_INTTYPES_H
| # include <inttypes.h>
| #endif
| #ifdef HAVE_STDINT_H
| # include <stdint.h>
| #endif
| #ifdef HAVE_UNISTD_H
| # include <unistd.h>
| #endif
| int
| main ()
| {
| if (sizeof ((ssize_t)))
| 	    return 0;
|   ;
|   return 0;
| }
configure:12627: result: yes
configure:12641: checking size of ssize_t
configure:12646: gcc-4.2 -o conftest -arch x86_64 -O3  -arch x86_64 -O3 conftest.c  >&5
configure:12646: $? = 0
configure:12646: ./conftest
configure:12646: $? = 0
configure:12661: result: 8
configure:12673: checking for timezone
configure:12689: gcc-4.2 -c -arch x86_64 -O3  conftest.c >&5
configure:12689: $? = 0
configure:12690: result: ok
configure:13090: creating ./config.status

## ---------------------- ##
## Running config.status. ##
## ---------------------- ##

This file was extended by config.status, which was
generated by GNU Autoconf 2.65.  Invocation command line was

  CONFIG_FILES    = 
  CONFIG_HEADERS  = 
  CONFIG_LINKS    = 
  CONFIG_COMMANDS = 
  $ ./config.status 

on hflambo-mac.anybet.de

config.status:1126: creating Makefile
config.status:1126: creating doc/Makefile
config.status:1126: creating doc/Doxyfile
config.status:1126: creating include/Makefile
config.status:1126: creating include/oggz/Makefile
config.status:1126: creating include/oggz/oggz_off_t_generated.h
config.status:1126: creating src/Makefile
config.status:1126: creating src/liboggz/Version_script
config.status:1126: creating src/liboggz/Makefile
config.status:1126: creating src/tools/Makefile
config.status:1126: creating src/tools/oggz-diff
config.status:1126: creating src/tools/oggz-chop/Makefile
config.status:1126: creating src/tests/Makefile
config.status:1126: creating src/examples/Makefile
config.status:1126: creating apache/oggz-chop.conf
config.status:1126: creating oggz.pc
config.status:1126: creating oggz-uninstalled.pc
config.status:1126: creating config.h
config.status:1298: config.h is unchanged
config.status:1346: executing depfiles commands
config.status:1346: executing libtool commands
configure:15344: result:
------------------------------------------------------------------------
  liboggz 1.1.1:  Automatic configuration OK.

  General configuration:

    Experimental code: ........... no
    Reading support: ............. yes
    Writing support: ............. yes

  Tools:

    oggz-dump oggz-info oggz-scan oggz-codecs
    oggz-rip oggz-merge oggz-chop oggz-comment oggz-sort oggz-validate

  Installation paths:

    liboggz: ..................... /Users/hflambo/local/alfresco-svn/root-02-04-2012/gigfork-server/FFmpeg-build/lib
    Tools: ....................... /Users/hflambo/local/alfresco-svn/root-02-04-2012/gigfork-server/FFmpeg-build/bin
    C header files: .............. /Users/hflambo/local/alfresco-svn/root-02-04-2012/gigfork-server/FFmpeg-build/include/oggz
    Documentation: ............... /Users/hflambo/local/alfresco-svn/root-02-04-2012/gigfork-server/FFmpeg-build/share/doc/liboggz

  Building:

    Type 'make' to compile liboggz.

    Type 'make install' to install liboggz.

    Type 'make check' to test liboggz using the unit and functional tests
    contained in the src/tests directory.
    (Valgrind testing not enabled)

  Example programs will be built but not installed.
------------------------------------------------------------------------


## ---------------- ##
## Cache variables. ##
## ---------------- ##

ac_cv_build=i386-apple-darwin11.3.0
ac_cv_c_bigendian=no
ac_cv_c_compiler_gnu=yes
ac_cv_c_const=yes
ac_cv_env_CC_set=set
ac_cv_env_CC_value=gcc-4.2
ac_cv_env_CFLAGS_set=set
ac_cv_env_CFLAGS_value='-arch x86_64 -O3'
ac_cv_env_CPPFLAGS_set=
ac_cv_env_CPPFLAGS_value=
ac_cv_env_CPP_set=
ac_cv_env_CPP_value=
ac_cv_env_LDFLAGS_set=set
ac_cv_env_LDFLAGS_value='-arch x86_64 -O3'
ac_cv_env_LIBS_set=
ac_cv_env_LIBS_value=
ac_cv_env_OGG_CFLAGS_set=
ac_cv_env_OGG_CFLAGS_value=
ac_cv_env_OGG_LIBS_set=
ac_cv_env_OGG_LIBS_value=
ac_cv_env_PKG_CONFIG_set=set
ac_cv_env_PKG_CONFIG_value=
ac_cv_env_build_alias_set=
ac_cv_env_build_alias_value=
ac_cv_env_host_alias_set=
ac_cv_env_host_alias_value=
ac_cv_env_target_alias_set=
ac_cv_env_target_alias_value=
ac_cv_func_getopt_long=yes
ac_cv_func_memmove=yes
ac_cv_header_dlfcn_h=yes
ac_cv_header_fcntl_h=yes
ac_cv_header_inttypes_h=yes
ac_cv_header_memory_h=yes
ac_cv_header_stdc=yes
ac_cv_header_stdint_h=yes
ac_cv_header_stdlib_h=yes
ac_cv_header_string_h=yes
ac_cv_header_strings_h=yes
ac_cv_header_sys_stat_h=yes
ac_cv_header_sys_types_h=yes
ac_cv_header_unistd_h=yes
ac_cv_host=i386-apple-darwin11.3.0
ac_cv_lib_getopt_getopt=no
ac_cv_objext=o
ac_cv_path_EGREP='/usr/bin/grep -E'
ac_cv_path_FGREP='/usr/bin/grep -F'
ac_cv_path_GREP=/usr/bin/grep
ac_cv_path_SED=/usr/bin/sed
ac_cv_path_install='/usr/bin/install -c'
ac_cv_prog_AWK=awk
ac_cv_prog_CPP='gcc-4.2 -E'
ac_cv_prog_HAVE_DOXYGEN=false
ac_cv_prog_HAVE_MAN2HTML=false
ac_cv_prog_HAVE_PKG_CONFIG=yes
ac_cv_prog_ac_ct_AR=ar
ac_cv_prog_ac_ct_CC=gcc-4.2
ac_cv_prog_ac_ct_DSYMUTIL=dsymutil
ac_cv_prog_ac_ct_LIPO=lipo
ac_cv_prog_ac_ct_NMEDIT=nmedit
ac_cv_prog_ac_ct_OTOOL=otool
ac_cv_prog_ac_ct_RANLIB=ranlib
ac_cv_prog_ac_ct_STRIP=strip
ac_cv_prog_cc_c89=
ac_cv_prog_cc_g=yes
ac_cv_prog_make_make_set=yes
ac_cv_sizeof_off_t=8
ac_cv_sizeof_ssize_t=8
ac_cv_target=i386-apple-darwin11.3.0
ac_cv_type_off_t=yes
ac_cv_type_size_t=yes
ac_cv_type_ssize_t=yes
am_cv_CC_dependencies_compiler_type=gcc3
lt_cv_apple_cc_single_mod=yes
lt_cv_deplibs_check_method=pass_all
lt_cv_file_magic_cmd='$MAGIC_CMD'
lt_cv_file_magic_test_file=
lt_cv_ld_exported_symbols_list=yes
lt_cv_ld_reload_flag=-r
lt_cv_nm_interface='BSD nm'
lt_cv_objdir=.libs
lt_cv_path_LD=/usr/bin/ld
lt_cv_path_NM=/usr/bin/nm
lt_cv_prog_compiler_c_o=yes
lt_cv_prog_compiler_pic_works=yes
lt_cv_prog_compiler_rtti_exceptions=no
lt_cv_prog_compiler_static_works=no
lt_cv_prog_gnu_ld=no
lt_cv_sys_global_symbol_pipe='sed -n -e '\''s/^.*[	 ]\([BCDEGRST][BCDEGRST]*\)[	 ][	 ]*_\([_A-Za-z][_A-Za-z0-9]*\)$/\1 _\2 \2/p'\'''
lt_cv_sys_global_symbol_to_c_name_address='sed -n -e '\''s/^: \([^ ]*\) $/  {\"\1\", (void *) 0},/p'\'' -e '\''s/^[BCDEGRST]* \([^ ]*\) \([^ ]*\)$/  {"\2", (void *) \&\2},/p'\'''
lt_cv_sys_global_symbol_to_c_name_address_lib_prefix='sed -n -e '\''s/^: \([^ ]*\) $/  {\"\1\", (void *) 0},/p'\'' -e '\''s/^[BCDEGRST]* \([^ ]*\) \(lib[^ ]*\)$/  {"\2", (void *) \&\2},/p'\'' -e '\''s/^[BCDEGRST]* \([^ ]*\) \([^ ]*\)$/  {"lib\2", (void *) \&\2},/p'\'''
lt_cv_sys_global_symbol_to_cdecl='sed -n -e '\''s/^T .* \(.*\)$/extern int \1();/p'\'' -e '\''s/^[BCDEGRST]* .* \(.*\)$/extern char \1;/p'\'''
lt_cv_sys_max_cmd_len=196608

## ----------------- ##
## Output variables. ##
## ----------------- ##

ACLOCAL='${SHELL} /Users/hflambo/local/alfresco-svn/root-02-04-2012/gigfork-server/liboggz-1.1.1/missing --run aclocal-1.11'
ACLOCAL_AMFLAGS='-I m4'
AMDEPBACKSLASH='\'
AMDEP_FALSE='#'
AMDEP_TRUE=''
AMTAR='${SHELL} /Users/hflambo/local/alfresco-svn/root-02-04-2012/gigfork-server/liboggz-1.1.1/missing --run tar'
AR='ar'
AUTOCONF='${SHELL} /Users/hflambo/local/alfresco-svn/root-02-04-2012/gigfork-server/liboggz-1.1.1/missing --run autoconf'
AUTOHEADER='${SHELL} /Users/hflambo/local/alfresco-svn/root-02-04-2012/gigfork-server/liboggz-1.1.1/missing --run autoheader'
AUTOMAKE='${SHELL} /Users/hflambo/local/alfresco-svn/root-02-04-2012/gigfork-server/liboggz-1.1.1/missing --run automake-1.11'
AWK='awk'
BINDIR='/Users/hflambo/local/alfresco-svn/root-02-04-2012/gigfork-server/FFmpeg-build/bin'
CC='gcc-4.2'
CCDEPMODE='depmode=gcc3'
CFLAGS='-arch x86_64 -O3 -Wall -Wextra -g -std=gnu99 -Wdeclaration-after-statement -Wno-unused'
CPP='gcc-4.2 -E'
CPPFLAGS=''
CYGPATH_W='echo'
DEFS='-DHAVE_CONFIG_H'
DEPDIR='.deps'
DOCDIR='/Users/hflambo/local/alfresco-svn/root-02-04-2012/gigfork-server/FFmpeg-build/share/doc'
DSYMUTIL='dsymutil'
DUMPBIN=''
ECHO_C='\c'
ECHO_N=''
ECHO_T=''
EGREP='/usr/bin/grep -E'
EXEEXT=''
FGREP='/usr/bin/grep -F'
GETCONF=''
GETOPT_LIBS=''
GREP='/usr/bin/grep'
HAVE_DOXYGEN='false'
HAVE_DOXYGEN_FALSE=''
HAVE_DOXYGEN_TRUE='#'
HAVE_MAN2HTML='false'
HAVE_MAN2HTML_FALSE=''
HAVE_MAN2HTML_TRUE='#'
HAVE_OGG_FALSE='#'
HAVE_OGG_TRUE=''
HAVE_PKG_CONFIG='yes'
HAVE_VALGRIND=''
INCLUDEDIR='/Users/hflambo/local/alfresco-svn/root-02-04-2012/gigfork-server/FFmpeg-build/include'
INSTALL_DATA='${INSTALL} -m 644'
INSTALL_PROGRAM='${INSTALL}'
INSTALL_SCRIPT='${INSTALL}'
INSTALL_STRIP_PROGRAM='$(install_sh) -c -s'
LD='/usr/bin/ld'
LDFLAGS='-arch x86_64 -O3'
LIBDIR='/Users/hflambo/local/alfresco-svn/root-02-04-2012/gigfork-server/FFmpeg-build/lib'
LIBOBJS=''
LIBS=''
LIBTOOL='$(SHELL) $(top_builddir)/libtool'
LIPO='lipo'
LN_S='ln -s'
LTLIBOBJS=''
MAKEINFO='${SHELL} /Users/hflambo/local/alfresco-svn/root-02-04-2012/gigfork-server/liboggz-1.1.1/missing --run makeinfo'
MKDIR_P='./install-sh -c -d'
NM='/usr/bin/nm'
NMEDIT='nmedit'
OBJDUMP='false'
OBJEXT='o'
OGGZ_CONFIG_READ_FALSE='#'
OGGZ_CONFIG_READ_TRUE=''
OGGZ_CONFIG_WRITE_FALSE='#'
OGGZ_CONFIG_WRITE_TRUE=''
OGGZ_OFF_MAX='0x7FFFFFFFFFFFFFFFLL'
OGG_CFLAGS='-I/Users/hflambo/local/alfresco-svn/root-02-04-2012/gigfork-server/FFmpeg-build/include'
OGG_LIBS='-L/Users/hflambo/local/alfresco-svn/root-02-04-2012/gigfork-server/FFmpeg-build/lib -logg'
OTOOL64=':'
OTOOL='otool'
PACKAGE='liboggz'
PACKAGE_BUGREPORT=''
PACKAGE_NAME=''
PACKAGE_STRING=''
PACKAGE_TARNAME=''
PACKAGE_URL=''
PACKAGE_VERSION=''
PATH_SEPARATOR=':'
PKG_CONFIG=''
PRI_OGGZ_OFF_T='ll'
RANLIB='ranlib'
SED='/usr/bin/sed'
SET_MAKE=''
SHARED_VERSION_INFO='8:0:6'
SHELL='/bin/sh'
SHLIB_VERSION_ARG=''
SIZEOF_OGGZ_OFF_T='8'
STRIP='strip'
TYPEOF_OGGZ_OFF_T='off_t'
VALGRIND_ENVIRONMENT=''
VERSION='1.1.1'
ac_ct_CC='gcc-4.2'
ac_ct_DUMPBIN=''
am__EXEEXT_FALSE=''
am__EXEEXT_TRUE='#'
am__fastdepCC_FALSE='#'
am__fastdepCC_TRUE=''
am__include='include'
am__isrc=''
am__leading_dot='.'
am__quote=''
am__tar='${AMTAR} chof - "$$tardir"'
am__untar='${AMTAR} xf -'
bindir='${exec_prefix}/bin'
build='i386-apple-darwin11.3.0'
build_alias=''
build_cpu='i386'
build_os='darwin11.3.0'
build_vendor='apple'
datadir='${datarootdir}'
datarootdir='${prefix}/share'
docdir='${datarootdir}/doc/${PACKAGE}'
dvidir='${docdir}'
exec_prefix='${prefix}'
host='i386-apple-darwin11.3.0'
host_alias=''
host_cpu='i386'
host_os='darwin11.3.0'
host_vendor='apple'
htmldir='${docdir}'
includedir='${prefix}/include'
infodir='${datarootdir}/info'
install_sh='${SHELL} /Users/hflambo/local/alfresco-svn/root-02-04-2012/gigfork-server/liboggz-1.1.1/install-sh'
libdir='${exec_prefix}/lib'
libexecdir='${exec_prefix}/libexec'
localedir='${datarootdir}/locale'
localstatedir='${prefix}/var'
lt_ECHO='/bin/echo'
mandir='${datarootdir}/man'
mkdir_p='$(top_builddir)/./install-sh -c -d'
oldincludedir='/usr/include'
pdfdir='${docdir}'
prefix='/Users/hflambo/local/alfresco-svn/root-02-04-2012/gigfork-server/FFmpeg-build'
program_transform_name='s,x,x,'
psdir='${docdir}'
sbindir='${exec_prefix}/sbin'
sharedstatedir='${prefix}/com'
sysconfdir='${prefix}/etc'
target='i386-apple-darwin11.3.0'
target_alias=''
target_cpu='i386'
target_os='darwin11.3.0'
target_vendor='apple'

## ----------- ##
## confdefs.h. ##
## ----------- ##

/* confdefs.h */
#define PACKAGE_NAME ""
#define PACKAGE_TARNAME ""
#define PACKAGE_VERSION ""
#define PACKAGE_STRING ""
#define PACKAGE_BUGREPORT ""
#define PACKAGE_URL ""
#define PACKAGE "liboggz"
#define VERSION "1.1.1"
#define STDC_HEADERS 1
#define HAVE_SYS_TYPES_H 1
#define HAVE_SYS_STAT_H 1
#define HAVE_STDLIB_H 1
#define HAVE_STRING_H 1
#define HAVE_MEMORY_H 1
#define HAVE_STRINGS_H 1
#define HAVE_INTTYPES_H 1
#define HAVE_STDINT_H 1
#define HAVE_UNISTD_H 1
#define HAVE_DLFCN_H 1
#define LT_OBJDIR ".libs/"
#define STDC_HEADERS 1
#define HAVE_FCNTL_H 1
#define HAVE_INTTYPES_H 1
#define HAVE_STDLIB_H 1
#define HAVE_STRING_H 1
#define HAVE_SYS_TYPES_H 1
#define HAVE_UNISTD_H 1
#define HAVE_MEMMOVE 1
#define HAVE_GETOPT_LONG /**/
#define OGGZ_CONFIG_READ 1
#define OGGZ_CONFIG_WRITE 1
#define SIZEOF_OFF_T 8
#define SIZEOF_OGGZ_OFF_T 8
#define OGGZ_OFF_MAX 0x7FFFFFFFFFFFFFFFLL
#define HAVE_SSIZE_T 1
#define SIZEOF_SSIZE_T 8

configure: exit 0
