This file contains any messages produced by compilers while
running configure, to aid debugging if configure makes a mistake.

It was created by libtheora configure 1.1.1, which was
generated by GNU Autoconf 2.63.  Invocation command line was

  $ ./configure --prefix=/Users/hflambo/local/alfresco-svn/root-02-04-2012/gigfork-server/FFmpeg-build

## --------- ##
## Platform. ##
## --------- ##

hostname = hflambo-mac.anybet.de
uname -m = x86_64
uname -r = 11.3.0
uname -s = Darwin
uname -v = Darwin Kernel Version 11.3.0: Thu Jan 12 18:47:41 PST 2012; root:xnu-1699.24.23~1/RELEASE_X86_64

/usr/bin/uname -p = i386
/bin/uname -X     = unknown

/bin/arch              = unknown
/usr/bin/arch -k       = unknown
/usr/convex/getsysinfo = unknown
/usr/bin/hostinfo      = Mach kernel version:
	 Darwin Kernel Version 11.3.0: Thu Jan 12 18:47:41 PST 2012; root:xnu-1699.24.23~1/RELEASE_X86_64
Kernel configured for up to 4 processors.
2 processors are physically available.
4 processors are logically available.
Processor type: i486 (Intel 80486)
Processors active: 0 1 2 3
Primary memory available: 8.00 gigabytes
Default processor set: 129 tasks, 704 threads, 4 processors
Load average: 1.39, Mach factor: 2.59
/bin/machine           = unknown
/usr/bin/oslevel       = unknown
/bin/universe          = unknown

PATH: /usr/local/mysql-5.5.17-osx10.6-x86_64/bin
PATH: /Users/hflambo/local/ImageMagick-binary/bin
PATH: /Applications/Gimp.app/Contents/Resources/bin
PATH: /Users/hflambo/local/node-v0.6.5-binary/bin
PATH: /Users/hflambo/local/xuggler/bin
PATH: /Users/hflambo/Desktop/apache-maven-3.0.3/bin
PATH: .
PATH: /Library/Anybet/tools/mvn/bin
PATH: /usr/bin
PATH: /bin
PATH: /usr/sbin
PATH: /sbin
PATH: /usr/local/bin
PATH: /Library/Anybet/bin
PATH: /usr/local/git/bin
PATH: /Library/Anybet/tools/jad/bin
PATH: /Library/Anybet/tools/jmeter/bin
PATH: /Library/Anybet/tools/mas/jboss/bin
PATH: /Library/Anybet/tools/maven/bin
PATH: /Library/Anybet/tools/mq/bin
PATH: /Library/Anybet/tools/mvn/bin
PATH: /Library/Anybet/tools/selenium/bin
PATH: /Library/Anybet/tools/soapui/bin
PATH: /usr/X11/bin
PATH: /Users/hflambo/local/play-1.2.4
PATH: /Users/hflambo/local/gigfork-video-ffmpeg/ffmpeg-vda-gigfork/bin
PATH: /Users/hflambo/local/alfresco-svn/root-02-04-2012/gigfork-server/gcc-5666.3/build/dst/bin
PATH: /Users/hflambo/local/alfresco-svn/root-02-04-2012/gigfork-server/gcc-5666.3/build/dst/usr/bin


## ----------- ##
## Core tests. ##
## ----------- ##

configure:2173: checking build system type
configure:2191: result: i386-apple-darwin11.3.0
configure:2213: checking host system type
configure:2228: result: i386-apple-darwin11.3.0
configure:2250: checking target system type
configure:2265: result: i386-apple-darwin11.3.0
configure:2316: checking for a BSD-compatible install
configure:2384: result: /usr/bin/install -c
configure:2395: checking whether build environment is sane
configure:2438: result: yes
configure:2468: checking for gawk
configure:2498: result: no
configure:2468: checking for mawk
configure:2498: result: no
configure:2468: checking for nawk
configure:2498: result: no
configure:2468: checking for awk
configure:2484: found /usr/bin/awk
configure:2495: result: awk
configure:2506: checking whether make sets $(MAKE)
configure:2528: result: yes
configure:2685: checking whether to enable maintainer-specific portions of Makefiles
configure:2694: result: no
configure:2784: checking for gcc
configure:2811: result: gcc-4.2
configure:3043: checking for C compiler version
configure:3051: gcc-4.2 --version >&5
i686-apple-darwin11-gcc-4.2.1 (GCC) 4.2.1 (Apple Inc. build 5666) (dot 3)
Copyright (C) 2007 Free Software Foundation, Inc.
This is free software; see the source for copying conditions.  There is NO
warranty; not even for MERCHANTABILITY or FITNESS FOR A PARTICULAR PURPOSE.

configure:3055: $? = 0
configure:3062: gcc-4.2 -v >&5
Using built-in specs.
Target: i686-apple-darwin11
Configured with: /Users/hflambo/local/alfresco-svn/root-02-04-2012/gigfork-server/gcc-5666.3/build/obj/src/configure --disable-checking --enable-werror --prefix=/usr --mandir=/share/man --enable-languages=c,objc,c++,obj-c++ --program-transform-name=/^[cg][^.-]*$/s/$/-4.2/ --with-slibdir=/usr/lib --build=i686-apple-darwin11 --program-prefix=i686-apple-darwin11- --host=x86_64-apple-darwin11 --target=i686-apple-darwin11 --with-gxx-include-dir=/include/c++/4.2.1
Thread model: posix
gcc version 4.2.1 (Apple Inc. build 5666) (dot 3)
configure:3066: $? = 0
configure:3073: gcc-4.2 -V >&5
gcc-4.2: argument to `-V' is missing
configure:3077: $? = 1
configure:3100: checking for C compiler default output file name
configure:3122: gcc-4.2 -arch x86_64  -arch x86_64 -O3 conftest.c  >&5
configure:3126: $? = 0
configure:3164: result: a.out
configure:3183: checking whether the C compiler works
configure:3193: ./a.out
configure:3197: $? = 0
configure:3216: result: yes
configure:3223: checking whether we are cross compiling
configure:3225: result: no
configure:3228: checking for suffix of executables
configure:3235: gcc-4.2 -o conftest -arch x86_64  -arch x86_64 -O3 conftest.c  >&5
configure:3239: $? = 0
configure:3265: result: 
configure:3271: checking for suffix of object files
configure:3297: gcc-4.2 -c -arch x86_64  conftest.c >&5
configure:3301: $? = 0
configure:3326: result: o
configure:3330: checking whether we are using the GNU C compiler
configure:3359: gcc-4.2 -c -arch x86_64  conftest.c >&5
configure:3366: $? = 0
configure:3383: result: yes
configure:3392: checking whether gcc-4.2 accepts -g
configure:3422: gcc-4.2 -c -g  conftest.c >&5
configure:3429: $? = 0
configure:3530: result: yes
configure:3547: checking for gcc-4.2 option to accept ISO C89
configure:3621: gcc-4.2  -c -arch x86_64  conftest.c >&5
configure:3628: $? = 0
configure:3651: result: none needed
configure:3688: checking for style of include used by make
configure:3716: result: GNU
configure:3744: checking dependency style of gcc-4.2
configure:3806: result: gcc3
configure:3816: checking how to run the C preprocessor
configure:3856: gcc-4.2 -E  conftest.c
configure:3863: $? = 0
configure:3894: gcc-4.2 -E  conftest.c
conftest.c:10:28: error: ac_nonexistent.h: No such file or directory
configure:3901: $? = 1
configure: failed program was:
| /* confdefs.h.  */
| #define PACKAGE_NAME "libtheora"
| #define PACKAGE_TARNAME "libtheora"
| #define PACKAGE_VERSION "1.1.1"
| #define PACKAGE_STRING "libtheora 1.1.1"
| #define PACKAGE_BUGREPORT ""
| #define PACKAGE "libtheora"
| #define VERSION "1.1.1"
| /* end confdefs.h.  */
| #include <ac_nonexistent.h>
configure:3934: result: gcc-4.2 -E
configure:3963: gcc-4.2 -E  conftest.c
configure:3970: $? = 0
configure:4001: gcc-4.2 -E  conftest.c
conftest.c:10:28: error: ac_nonexistent.h: No such file or directory
configure:4008: $? = 1
configure: failed program was:
| /* confdefs.h.  */
| #define PACKAGE_NAME "libtheora"
| #define PACKAGE_TARNAME "libtheora"
| #define PACKAGE_VERSION "1.1.1"
| #define PACKAGE_STRING "libtheora 1.1.1"
| #define PACKAGE_BUGREPORT ""
| #define PACKAGE "libtheora"
| #define VERSION "1.1.1"
| /* end confdefs.h.  */
| #include <ac_nonexistent.h>
configure:4050: checking whether gcc-4.2 and cc understand -c and -o together
configure:4085: gcc-4.2 -c conftest.c -o conftest2.o >&5
configure:4089: $? = 0
configure:4095: gcc-4.2 -c conftest.c -o conftest2.o >&5
configure:4099: $? = 0
configure:4110: cc -c conftest.c >&5
configure:4114: $? = 0
configure:4122: cc -c conftest.c -o conftest2.o >&5
configure:4126: $? = 0
configure:4132: cc -c conftest.c -o conftest2.o >&5
configure:4136: $? = 0
configure:4154: result: yes
configure:4507: checking for a sed that does not truncate output
configure:4573: result: /usr/bin/sed
configure:4591: checking for grep that handles long lines and -e
configure:4651: result: /usr/bin/grep
configure:4656: checking for egrep
configure:4720: result: /usr/bin/grep -E
configure:4725: checking for fgrep
configure:4789: result: /usr/bin/grep -F
configure:4824: checking for ld used by gcc-4.2
configure:4891: result: /usr/bin/ld
configure:4900: checking if the linker (/usr/bin/ld) is GNU ld
configure:4915: result: no
configure:4927: checking for BSD- or MS-compatible name lister (nm)
configure:4976: result: /usr/bin/nm
configure:5094: checking the name lister (/usr/bin/nm) interface
configure:5101: gcc-4.2 -c -arch x86_64  conftest.c >&5
configure:5104: /usr/bin/nm "conftest.o"
configure:5107: output
0000000000000000 D _some_variable
configure:5114: result: BSD nm
configure:5117: checking whether ln -s works
configure:5121: result: yes
configure:5129: checking the maximum length of command line arguments
configure:5249: result: 196608
configure:5266: checking whether the shell understands some XSI constructs
configure:5276: result: yes
configure:5280: checking whether the shell understands "+="
configure:5286: result: yes
configure:5321: checking for /usr/bin/ld option to reload object files
configure:5328: result: -r
configure:5397: checking for objdump
configure:5424: result: objdump
configure:5453: checking how to recognize dependent libraries
configure:5649: result: pass_all
configure:5709: checking for ar
configure:5725: found /usr/bin/ar
configure:5736: result: ar
configure:5814: checking for strip
configure:5830: found /usr/bin/strip
configure:5841: result: strip
configure:5913: checking for ranlib
configure:5929: found /usr/bin/ranlib
configure:5940: result: ranlib
configure:6030: checking command to parse /usr/bin/nm output from gcc-4.2 object
configure:6148: gcc-4.2 -c -arch x86_64  conftest.c >&5
configure:6151: $? = 0
configure:6155: /usr/bin/nm conftest.o \| sed -n -e 's/^.*[	 ]\([BCDEGRST][BCDEGRST]*\)[	 ][	 ]*\([_A-Za-z][_A-Za-z0-9]*\)$/\1 \2 \2/p' \> conftest.nm
configure:6158: $? = 0
cannot find nm_test_var in conftest.nm
configure:6148: gcc-4.2 -c -arch x86_64  conftest.c >&5
configure:6151: $? = 0
configure:6155: /usr/bin/nm conftest.o \| sed -n -e 's/^.*[	 ]\([BCDEGRST][BCDEGRST]*\)[	 ][	 ]*_\([_A-Za-z][_A-Za-z0-9]*\)$/\1 _\2 \2/p' \> conftest.nm
configure:6158: $? = 0
configure:6212: gcc-4.2 -o conftest -arch x86_64  -arch x86_64 -O3 conftest.c conftstm.o >&5
configure:6215: $? = 0
configure:6253: result: ok
configure:6547: checking for dsymutil
configure:6563: found /usr/bin/dsymutil
configure:6574: result: dsymutil
configure:6639: checking for nmedit
configure:6655: found /usr/bin/nmedit
configure:6666: result: nmedit
configure:6731: checking for lipo
configure:6747: found /usr/bin/lipo
configure:6758: result: lipo
configure:6823: checking for otool
configure:6839: found /usr/bin/otool
configure:6850: result: otool
configure:6915: checking for otool64
configure:6945: result: no
configure:6990: checking for -single_module linker flag
gcc-4.2 -arch x86_64 -arch x86_64 -O3 -o libconftest.dylib -dynamiclib -Wl,-single_module conftest.c
configure:7017: result: yes
configure:7019: checking for -exported_symbols_list linker flag
configure:7049: gcc-4.2 -o conftest -arch x86_64  -arch x86_64 -O3 -Wl,-exported_symbols_list,conftest.sym conftest.c  >&5
configure:7056: $? = 0
configure:7078: result: yes
configure:7116: checking for ANSI C header files
configure:7146: gcc-4.2 -c -arch x86_64  conftest.c >&5
configure:7153: $? = 0
configure:7252: gcc-4.2 -o conftest -arch x86_64  -arch x86_64 -O3 conftest.c  >&5
configure:7256: $? = 0
configure:7262: ./conftest
configure:7266: $? = 0
configure:7284: result: yes
configure:7308: checking for sys/types.h
configure:7329: gcc-4.2 -c -arch x86_64  conftest.c >&5
configure:7336: $? = 0
configure:7353: result: yes
configure:7308: checking for sys/stat.h
configure:7329: gcc-4.2 -c -arch x86_64  conftest.c >&5
configure:7336: $? = 0
configure:7353: result: yes
configure:7308: checking for stdlib.h
configure:7329: gcc-4.2 -c -arch x86_64  conftest.c >&5
configure:7336: $? = 0
configure:7353: result: yes
configure:7308: checking for string.h
configure:7329: gcc-4.2 -c -arch x86_64  conftest.c >&5
configure:7336: $? = 0
configure:7353: result: yes
configure:7308: checking for memory.h
configure:7329: gcc-4.2 -c -arch x86_64  conftest.c >&5
configure:7336: $? = 0
configure:7353: result: yes
configure:7308: checking for strings.h
configure:7329: gcc-4.2 -c -arch x86_64  conftest.c >&5
configure:7336: $? = 0
configure:7353: result: yes
configure:7308: checking for inttypes.h
configure:7329: gcc-4.2 -c -arch x86_64  conftest.c >&5
configure:7336: $? = 0
configure:7353: result: yes
configure:7308: checking for stdint.h
configure:7329: gcc-4.2 -c -arch x86_64  conftest.c >&5
configure:7336: $? = 0
configure:7353: result: yes
configure:7308: checking for unistd.h
configure:7329: gcc-4.2 -c -arch x86_64  conftest.c >&5
configure:7336: $? = 0
configure:7353: result: yes
configure:7371: checking for dlfcn.h
configure:7392: gcc-4.2 -c -arch x86_64  conftest.c >&5
configure:7399: $? = 0
configure:7416: result: yes
configure:7600: checking for objdir
configure:7615: result: .libs
configure:7907: checking if gcc-4.2 supports -fno-rtti -fno-exceptions
configure:7925: gcc-4.2 -c -arch x86_64  -fno-rtti -fno-exceptions conftest.c >&5
cc1: warning: command line option "-fno-rtti" is valid for C++/ObjC++ but not for C
configure:7929: $? = 0
configure:7942: result: no
configure:7962: checking for gcc-4.2 option to produce PIC
configure:8234: result: -fno-common -DPIC
configure:8246: checking if gcc-4.2 PIC flag -fno-common -DPIC works
configure:8264: gcc-4.2 -c -arch x86_64  -fno-common -DPIC -DPIC conftest.c >&5
configure:8268: $? = 0
configure:8281: result: yes
configure:8305: checking if gcc-4.2 static flag -static works
configure:8333: result: no
configure:8348: checking if gcc-4.2 supports -c -o file.o
configure:8369: gcc-4.2 -c -arch x86_64  -o out/conftest2.o conftest.c >&5
configure:8373: $? = 0
configure:8395: result: yes
configure:8403: checking if gcc-4.2 supports -c -o file.o
configure:8450: result: yes
configure:8483: checking whether the gcc-4.2 linker (/usr/bin/ld) supports shared libraries
configure:9557: result: yes
configure:9796: checking dynamic linker characteristics
configure:10482: result: darwin11.3.0 dyld
configure:10584: checking how to hardcode library paths into programs
configure:10609: result: immediate
configure:11442: checking whether stripping libraries is possible
configure:11456: result: yes
configure:11482: checking if libtool supports shared libraries
configure:11484: result: yes
configure:11487: checking whether to build shared libraries
configure:11508: result: yes
configure:11511: checking whether to build static libraries
configure:11515: result: yes
configure:11556: checking for doxygen
configure:11584: result: false
configure:11603: WARNING: *** doxygen not found, API documentation will not be built
configure:11625: checking for pdflatex
configure:11655: result: no
configure:11662: checking for bibtex
configure:11692: result: no
configure:11699: checking for fig2dev
configure:11729: result: no
configure:11782: WARNING: *** Format Specification will not built.
configure:11949: checking for ld used by gcc-4.2
configure:12016: result: /usr/bin/ld
configure:12025: checking if the linker (/usr/bin/ld) is GNU ld
configure:12040: result: no
configure:12050: checking how to control symbol export
configure:12086: result: -exported_symbols_list
configure:12110: checking for pkg-config
configure:12126: found /Users/hflambo/local/gigfork-video-ffmpeg/ffmpeg-vda-gigfork/bin/pkg-config
configure:12137: result: yes
configure:12251: checking pkg-config is at least version 0.9.0
configure:12254: result: yes
configure:12265: checking for OGG
configure:12273: $PKG_CONFIG --exists --print-errors "ogg >= 1.1"
configure:12276: $? = 0
configure:12291: $PKG_CONFIG --exists --print-errors "ogg >= 1.1"
configure:12294: $? = 0
configure:12330: result: yes
configure:12691: checking for VORBIS
configure:12699: $PKG_CONFIG --exists --print-errors "vorbis >= 1.0.1"
configure:12702: $? = 0
configure:12717: $PKG_CONFIG --exists --print-errors "vorbis >= 1.0.1"
configure:12720: $? = 0
configure:12756: result: yes
configure:13037: checking for sdl-config
configure:13068: result: no
configure:13077: checking for SDL - version >= 0.11.0
configure:13217: result: no
configure:13305: WARNING: *** Unable to find SDL -- Not compiling example players ***
configure:13332: checking sys/soundcard.h usability
configure:13349: gcc-4.2 -c -Wall -Wno-parentheses -O3 -fforce-addr -fomit-frame-pointer -finline-functions -funroll-loops -arch x86_64  conftest.c >&5
conftest.c:56:27: error: sys/soundcard.h: No such file or directory
configure:13356: $? = 1
configure: failed program was:
| /* confdefs.h.  */
| #define PACKAGE_NAME "libtheora"
| #define PACKAGE_TARNAME "libtheora"
| #define PACKAGE_VERSION "1.1.1"
| #define PACKAGE_STRING "libtheora 1.1.1"
| #define PACKAGE_BUGREPORT ""
| #define PACKAGE "libtheora"
| #define VERSION "1.1.1"
| #define STDC_HEADERS 1
| #define HAVE_SYS_TYPES_H 1
| #define HAVE_SYS_STAT_H 1
| #define HAVE_STDLIB_H 1
| #define HAVE_STRING_H 1
| #define HAVE_MEMORY_H 1
| #define HAVE_STRINGS_H 1
| #define HAVE_INTTYPES_H 1
| #define HAVE_STDINT_H 1
| #define HAVE_UNISTD_H 1
| #define HAVE_DLFCN_H 1
| #define LT_OBJDIR ".libs/"
| #define OC_X86_ASM /**/
| /* end confdefs.h.  */
| #include <stdio.h>
| #ifdef HAVE_SYS_TYPES_H
| # include <sys/types.h>
| #endif
| #ifdef HAVE_SYS_STAT_H
| # include <sys/stat.h>
| #endif
| #ifdef STDC_HEADERS
| # include <stdlib.h>
| # include <stddef.h>
| #else
| # ifdef HAVE_STDLIB_H
| #  include <stdlib.h>
| # endif
| #endif
| #ifdef HAVE_STRING_H
| # if !defined STDC_HEADERS && defined HAVE_MEMORY_H
| #  include <memory.h>
| # endif
| # include <string.h>
| #endif
| #ifdef HAVE_STRINGS_H
| # include <strings.h>
| #endif
| #ifdef HAVE_INTTYPES_H
| # include <inttypes.h>
| #endif
| #ifdef HAVE_STDINT_H
| # include <stdint.h>
| #endif
| #ifdef HAVE_UNISTD_H
| # include <unistd.h>
| #endif
| #include <sys/soundcard.h>
configure:13370: result: no
configure:13374: checking sys/soundcard.h presence
configure:13389: gcc-4.2 -E  conftest.c
conftest.c:23:27: error: sys/soundcard.h: No such file or directory
configure:13396: $? = 1
configure: failed program was:
| /* confdefs.h.  */
| #define PACKAGE_NAME "libtheora"
| #define PACKAGE_TARNAME "libtheora"
| #define PACKAGE_VERSION "1.1.1"
| #define PACKAGE_STRING "libtheora 1.1.1"
| #define PACKAGE_BUGREPORT ""
| #define PACKAGE "libtheora"
| #define VERSION "1.1.1"
| #define STDC_HEADERS 1
| #define HAVE_SYS_TYPES_H 1
| #define HAVE_SYS_STAT_H 1
| #define HAVE_STDLIB_H 1
| #define HAVE_STRING_H 1
| #define HAVE_MEMORY_H 1
| #define HAVE_STRINGS_H 1
| #define HAVE_INTTYPES_H 1
| #define HAVE_STDINT_H 1
| #define HAVE_UNISTD_H 1
| #define HAVE_DLFCN_H 1
| #define LT_OBJDIR ".libs/"
| #define OC_X86_ASM /**/
| /* end confdefs.h.  */
| #include <sys/soundcard.h>
configure:13410: result: no
configure:13438: checking for sys/soundcard.h
configure:13447: result: no
configure:13332: checking soundcard.h usability
configure:13349: gcc-4.2 -c -Wall -Wno-parentheses -O3 -fforce-addr -fomit-frame-pointer -finline-functions -funroll-loops -arch x86_64  conftest.c >&5
conftest.c:56:23: error: soundcard.h: No such file or directory
configure:13356: $? = 1
configure: failed program was:
| /* confdefs.h.  */
| #define PACKAGE_NAME "libtheora"
| #define PACKAGE_TARNAME "libtheora"
| #define PACKAGE_VERSION "1.1.1"
| #define PACKAGE_STRING "libtheora 1.1.1"
| #define PACKAGE_BUGREPORT ""
| #define PACKAGE "libtheora"
| #define VERSION "1.1.1"
| #define STDC_HEADERS 1
| #define HAVE_SYS_TYPES_H 1
| #define HAVE_SYS_STAT_H 1
| #define HAVE_STDLIB_H 1
| #define HAVE_STRING_H 1
| #define HAVE_MEMORY_H 1
| #define HAVE_STRINGS_H 1
| #define HAVE_INTTYPES_H 1
| #define HAVE_STDINT_H 1
| #define HAVE_UNISTD_H 1
| #define HAVE_DLFCN_H 1
| #define LT_OBJDIR ".libs/"
| #define OC_X86_ASM /**/
| /* end confdefs.h.  */
| #include <stdio.h>
| #ifdef HAVE_SYS_TYPES_H
| # include <sys/types.h>
| #endif
| #ifdef HAVE_SYS_STAT_H
| # include <sys/stat.h>
| #endif
| #ifdef STDC_HEADERS
| # include <stdlib.h>
| # include <stddef.h>
| #else
| # ifdef HAVE_STDLIB_H
| #  include <stdlib.h>
| # endif
| #endif
| #ifdef HAVE_STRING_H
| # if !defined STDC_HEADERS && defined HAVE_MEMORY_H
| #  include <memory.h>
| # endif
| # include <string.h>
| #endif
| #ifdef HAVE_STRINGS_H
| # include <strings.h>
| #endif
| #ifdef HAVE_INTTYPES_H
| # include <inttypes.h>
| #endif
| #ifdef HAVE_STDINT_H
| # include <stdint.h>
| #endif
| #ifdef HAVE_UNISTD_H
| # include <unistd.h>
| #endif
| #include <soundcard.h>
configure:13370: result: no
configure:13374: checking soundcard.h presence
configure:13389: gcc-4.2 -E  conftest.c
conftest.c:23:23: error: soundcard.h: No such file or directory
configure:13396: $? = 1
configure: failed program was:
| /* confdefs.h.  */
| #define PACKAGE_NAME "libtheora"
| #define PACKAGE_TARNAME "libtheora"
| #define PACKAGE_VERSION "1.1.1"
| #define PACKAGE_STRING "libtheora 1.1.1"
| #define PACKAGE_BUGREPORT ""
| #define PACKAGE "libtheora"
| #define VERSION "1.1.1"
| #define STDC_HEADERS 1
| #define HAVE_SYS_TYPES_H 1
| #define HAVE_SYS_STAT_H 1
| #define HAVE_STDLIB_H 1
| #define HAVE_STRING_H 1
| #define HAVE_MEMORY_H 1
| #define HAVE_STRINGS_H 1
| #define HAVE_INTTYPES_H 1
| #define HAVE_STDINT_H 1
| #define HAVE_UNISTD_H 1
| #define HAVE_DLFCN_H 1
| #define LT_OBJDIR ".libs/"
| #define OC_X86_ASM /**/
| /* end confdefs.h.  */
| #include <soundcard.h>
configure:13410: result: no
configure:13438: checking for soundcard.h
configure:13447: result: no
configure:13332: checking machine/soundcard.h usability
configure:13349: gcc-4.2 -c -Wall -Wno-parentheses -O3 -fforce-addr -fomit-frame-pointer -finline-functions -funroll-loops -arch x86_64  conftest.c >&5
conftest.c:56:31: error: machine/soundcard.h: No such file or directory
configure:13356: $? = 1
configure: failed program was:
| /* confdefs.h.  */
| #define PACKAGE_NAME "libtheora"
| #define PACKAGE_TARNAME "libtheora"
| #define PACKAGE_VERSION "1.1.1"
| #define PACKAGE_STRING "libtheora 1.1.1"
| #define PACKAGE_BUGREPORT ""
| #define PACKAGE "libtheora"
| #define VERSION "1.1.1"
| #define STDC_HEADERS 1
| #define HAVE_SYS_TYPES_H 1
| #define HAVE_SYS_STAT_H 1
| #define HAVE_STDLIB_H 1
| #define HAVE_STRING_H 1
| #define HAVE_MEMORY_H 1
| #define HAVE_STRINGS_H 1
| #define HAVE_INTTYPES_H 1
| #define HAVE_STDINT_H 1
| #define HAVE_UNISTD_H 1
| #define HAVE_DLFCN_H 1
| #define LT_OBJDIR ".libs/"
| #define OC_X86_ASM /**/
| /* end confdefs.h.  */
| #include <stdio.h>
| #ifdef HAVE_SYS_TYPES_H
| # include <sys/types.h>
| #endif
| #ifdef HAVE_SYS_STAT_H
| # include <sys/stat.h>
| #endif
| #ifdef STDC_HEADERS
| # include <stdlib.h>
| # include <stddef.h>
| #else
| # ifdef HAVE_STDLIB_H
| #  include <stdlib.h>
| # endif
| #endif
| #ifdef HAVE_STRING_H
| # if !defined STDC_HEADERS && defined HAVE_MEMORY_H
| #  include <memory.h>
| # endif
| # include <string.h>
| #endif
| #ifdef HAVE_STRINGS_H
| # include <strings.h>
| #endif
| #ifdef HAVE_INTTYPES_H
| # include <inttypes.h>
| #endif
| #ifdef HAVE_STDINT_H
| # include <stdint.h>
| #endif
| #ifdef HAVE_UNISTD_H
| # include <unistd.h>
| #endif
| #include <machine/soundcard.h>
configure:13370: result: no
configure:13374: checking machine/soundcard.h presence
configure:13389: gcc-4.2 -E  conftest.c
conftest.c:23:31: error: machine/soundcard.h: No such file or directory
configure:13396: $? = 1
configure: failed program was:
| /* confdefs.h.  */
| #define PACKAGE_NAME "libtheora"
| #define PACKAGE_TARNAME "libtheora"
| #define PACKAGE_VERSION "1.1.1"
| #define PACKAGE_STRING "libtheora 1.1.1"
| #define PACKAGE_BUGREPORT ""
| #define PACKAGE "libtheora"
| #define VERSION "1.1.1"
| #define STDC_HEADERS 1
| #define HAVE_SYS_TYPES_H 1
| #define HAVE_SYS_STAT_H 1
| #define HAVE_STDLIB_H 1
| #define HAVE_STRING_H 1
| #define HAVE_MEMORY_H 1
| #define HAVE_STRINGS_H 1
| #define HAVE_INTTYPES_H 1
| #define HAVE_STDINT_H 1
| #define HAVE_UNISTD_H 1
| #define HAVE_DLFCN_H 1
| #define LT_OBJDIR ".libs/"
| #define OC_X86_ASM /**/
| /* end confdefs.h.  */
| #include <machine/soundcard.h>
configure:13410: result: no
configure:13438: checking for machine/soundcard.h
configure:13447: result: no
configure:13466: WARNING: OSS audio support not found -- not compiling player_example
configure:13483: checking for PNG
configure:13491: $PKG_CONFIG --exists --print-errors "libpng"
Package libpng was not found in the pkg-config search path.
Perhaps you should add the directory containing `libpng.pc'
to the PKG_CONFIG_PATH environment variable
No package 'libpng' found
configure:13494: $? = 1
configure:13509: $PKG_CONFIG --exists --print-errors "libpng"
Package libpng was not found in the pkg-config search path.
Perhaps you should add the directory containing `libpng.pc'
to the PKG_CONFIG_PATH environment variable
No package 'libpng' found
configure:13512: $? = 1
No package 'libpng' found
configure:13540: result: no
configure:13742: checking for library containing ftime
configure:13783: gcc-4.2 -o conftest -Wall -Wno-parentheses -O3 -fforce-addr -fomit-frame-pointer -finline-functions -funroll-loops -arch x86_64  -arch x86_64 -O3 conftest.c  >&5
configure:13790: $? = 0
configure:13821: result: none required
configure:13830: checking for getopt_long
configure:13886: gcc-4.2 -o conftest -Wall -Wno-parentheses -O3 -fforce-addr -fomit-frame-pointer -finline-functions -funroll-loops -arch x86_64  -arch x86_64 -O3 conftest.c  >&5
configure:13893: $? = 0
configure:13913: result: yes
configure:14102: creating ./config.status

## ---------------------- ##
## Running config.status. ##
## ---------------------- ##

This file was extended by libtheora config.status 1.1.1, which was
generated by GNU Autoconf 2.63.  Invocation command line was

  CONFIG_FILES    = 
  CONFIG_HEADERS  = 
  CONFIG_LINKS    = 
  CONFIG_COMMANDS = 
  $ ./config.status 

on hflambo-mac.anybet.de

config.status:1053: creating Makefile
config.status:1200: WARNING:  'Makefile.in' seems to ignore the --datarootdir setting
config.status:1053: creating lib/Makefile
config.status:1200: WARNING:  'lib/Makefile.in' seems to ignore the --datarootdir setting
config.status:1053: creating include/Makefile
config.status:1200: WARNING:  'include/Makefile.in' seems to ignore the --datarootdir setting
config.status:1053: creating include/theora/Makefile
config.status:1200: WARNING:  'include/theora/Makefile.in' seems to ignore the --datarootdir setting
config.status:1053: creating examples/Makefile
config.status:1200: WARNING:  'examples/Makefile.in' seems to ignore the --datarootdir setting
config.status:1053: creating doc/Makefile
config.status:1200: WARNING:  'doc/Makefile.in' seems to ignore the --datarootdir setting
config.status:1053: creating doc/Doxyfile
config.status:1053: creating doc/spec/Makefile
config.status:1200: WARNING:  'doc/spec/Makefile.in' seems to ignore the --datarootdir setting
config.status:1053: creating tests/Makefile
config.status:1200: WARNING:  'tests/Makefile.in' seems to ignore the --datarootdir setting
config.status:1053: creating m4/Makefile
config.status:1200: WARNING:  'm4/Makefile.in' seems to ignore the --datarootdir setting
config.status:1053: creating libtheora.spec
config.status:1053: creating theora.pc
config.status:1053: creating theora-uninstalled.pc
config.status:1053: creating theoradec.pc
config.status:1053: creating theoradec-uninstalled.pc
config.status:1053: creating theoraenc.pc
config.status:1053: creating theoraenc-uninstalled.pc
config.status:1053: creating config.h
config.status:1269: config.h is unchanged
config.status:1287: executing depfiles commands
config.status:1287: executing libtool commands
configure:16463: result:
------------------------------------------------------------------------
  libtheora 1.1.1:  Automatic configuration OK.

  General configuration:

    Encoding support: ........... yes
    Floating point support: ..... yes
    Assembly optimization: ...... 32 bit x86
    Debugging telemetry: ........ no
    Build example code: ......... yes
    API Documentation: .......... no
    Format Documentation: ....... no

  Installation paths:

    libtheora: ................... /Users/hflambo/local/alfresco-svn/root-02-04-2012/gigfork-server/FFmpeg-build/lib
    C header files: .............. /Users/hflambo/local/alfresco-svn/root-02-04-2012/gigfork-server/FFmpeg-build/include/theora
    Documentation: ............... /Users/hflambo/local/alfresco-svn/root-02-04-2012/gigfork-server/FFmpeg-build/share/doc/libtheora

  Building:

    Type 'make' to compile libtheora.

    Type 'make install' to install libtheora.

    Type 'make check' to run test suite (Valgrind testing not enabled)

  Example programs will be built but not installed.
------------------------------------------------------------------------


## ---------------- ##
## Cache variables. ##
## ---------------- ##

ac_cv_build=i386-apple-darwin11.3.0
ac_cv_c_compiler_gnu=yes
ac_cv_env_CAIRO_CFLAGS_set=
ac_cv_env_CAIRO_CFLAGS_value=
ac_cv_env_CAIRO_LIBS_set=
ac_cv_env_CAIRO_LIBS_value=
ac_cv_env_CC_set=set
ac_cv_env_CC_value=gcc-4.2
ac_cv_env_CFLAGS_set=set
ac_cv_env_CFLAGS_value='-arch x86_64'
ac_cv_env_CPPFLAGS_set=
ac_cv_env_CPPFLAGS_value=
ac_cv_env_CPP_set=
ac_cv_env_CPP_value=
ac_cv_env_LDFLAGS_set=set
ac_cv_env_LDFLAGS_value='-arch x86_64 -O3'
ac_cv_env_LIBS_set=
ac_cv_env_LIBS_value=
ac_cv_env_OGG_CFLAGS_set=
ac_cv_env_OGG_CFLAGS_value=
ac_cv_env_OGG_LIBS_set=
ac_cv_env_OGG_LIBS_value=
ac_cv_env_PKG_CONFIG_set=set
ac_cv_env_PKG_CONFIG_value=/Users/hflambo/local/alfresco-svn/root-02-04-2012/gigfork-server/FFmpeg-build/bin/pkg-config
ac_cv_env_PNG_CFLAGS_set=
ac_cv_env_PNG_CFLAGS_value=
ac_cv_env_PNG_LIBS_set=
ac_cv_env_PNG_LIBS_value=
ac_cv_env_VORBIS_CFLAGS_set=
ac_cv_env_VORBIS_CFLAGS_value=
ac_cv_env_VORBIS_LIBS_set=
ac_cv_env_VORBIS_LIBS_value=
ac_cv_env_build_alias_set=
ac_cv_env_build_alias_value=
ac_cv_env_host_alias_set=
ac_cv_env_host_alias_value=
ac_cv_env_target_alias_set=
ac_cv_env_target_alias_value=
ac_cv_func_getopt_long=yes
ac_cv_header_dlfcn_h=yes
ac_cv_header_inttypes_h=yes
ac_cv_header_machine_soundcard_h=no
ac_cv_header_memory_h=yes
ac_cv_header_soundcard_h=no
ac_cv_header_stdc=yes
ac_cv_header_stdint_h=yes
ac_cv_header_stdlib_h=yes
ac_cv_header_string_h=yes
ac_cv_header_strings_h=yes
ac_cv_header_sys_soundcard_h=no
ac_cv_header_sys_stat_h=yes
ac_cv_header_sys_types_h=yes
ac_cv_header_unistd_h=yes
ac_cv_host=i386-apple-darwin11.3.0
ac_cv_objext=o
ac_cv_path_EGREP='/usr/bin/grep -E'
ac_cv_path_FGREP='/usr/bin/grep -F'
ac_cv_path_GREP=/usr/bin/grep
ac_cv_path_SDL_CONFIG=no
ac_cv_path_SED=/usr/bin/sed
ac_cv_path_install='/usr/bin/install -c'
ac_cv_prog_AWK=awk
ac_cv_prog_CPP='gcc-4.2 -E'
ac_cv_prog_HAVE_DOXYGEN=false
ac_cv_prog_HAVE_PKG_CONFIG=yes
ac_cv_prog_ac_ct_AR=ar
ac_cv_prog_ac_ct_CC=gcc-4.2
ac_cv_prog_ac_ct_DSYMUTIL=dsymutil
ac_cv_prog_ac_ct_LIPO=lipo
ac_cv_prog_ac_ct_NMEDIT=nmedit
ac_cv_prog_ac_ct_OBJDUMP=objdump
ac_cv_prog_ac_ct_OTOOL=otool
ac_cv_prog_ac_ct_RANLIB=ranlib
ac_cv_prog_ac_ct_STRIP=strip
ac_cv_prog_cc_c89=
ac_cv_prog_cc_g=yes
ac_cv_prog_cc_gcc_4_2_c_o=yes
ac_cv_prog_make_make_set=yes
ac_cv_search_ftime='none required'
ac_cv_target=i386-apple-darwin11.3.0
am_cv_CC_dependencies_compiler_type=gcc3
lt_cv_apple_cc_single_mod=yes
lt_cv_deplibs_check_method=pass_all
lt_cv_file_magic_cmd='$MAGIC_CMD'
lt_cv_file_magic_test_file=
lt_cv_ld_exported_symbols_list=yes
lt_cv_ld_reload_flag=-r
lt_cv_nm_interface='BSD nm'
lt_cv_objdir=.libs
lt_cv_path_LD=/usr/bin/ld
lt_cv_path_NM=/usr/bin/nm
lt_cv_prog_compiler_c_o=yes
lt_cv_prog_compiler_pic_works=yes
lt_cv_prog_compiler_rtti_exceptions=no
lt_cv_prog_compiler_static_works=no
lt_cv_prog_gnu_ld=no
lt_cv_sys_global_symbol_pipe='sed -n -e '\''s/^.*[	 ]\([BCDEGRST][BCDEGRST]*\)[	 ][	 ]*_\([_A-Za-z][_A-Za-z0-9]*\)$/\1 _\2 \2/p'\'''
lt_cv_sys_global_symbol_to_c_name_address='sed -n -e '\''s/^: \([^ ]*\) $/  {\"\1\", (void *) 0},/p'\'' -e '\''s/^[BCDEGRST]* \([^ ]*\) \([^ ]*\)$/  {"\2", (void *) \&\2},/p'\'''
lt_cv_sys_global_symbol_to_c_name_address_lib_prefix='sed -n -e '\''s/^: \([^ ]*\) $/  {\"\1\", (void *) 0},/p'\'' -e '\''s/^[BCDEGRST]* \([^ ]*\) \(lib[^ ]*\)$/  {"\2", (void *) \&\2},/p'\'' -e '\''s/^[BCDEGRST]* \([^ ]*\) \([^ ]*\)$/  {"lib\2", (void *) \&\2},/p'\'''
lt_cv_sys_global_symbol_to_cdecl='sed -n -e '\''s/^T .* \(.*\)$/extern int \1();/p'\'' -e '\''s/^[BCDEGRST]* .* \(.*\)$/extern char \1;/p'\'''
lt_cv_sys_max_cmd_len=196608
pkg_cv_OGG_CFLAGS='-I/Users/hflambo/local/alfresco-svn/root-02-04-2012/gigfork-server/FFmpeg-build/include  '
pkg_cv_OGG_LIBS='-L/Users/hflambo/local/alfresco-svn/root-02-04-2012/gigfork-server/FFmpeg-build/lib -logg  '
pkg_cv_VORBIS_CFLAGS='-I/Users/hflambo/local/alfresco-svn/root-02-04-2012/gigfork-server/FFmpeg-build/include  '
pkg_cv_VORBIS_LIBS='-L/Users/hflambo/local/alfresco-svn/root-02-04-2012/gigfork-server/FFmpeg-build/lib -lvorbis -lm -logg  '

## ----------------- ##
## Output variables. ##
## ----------------- ##

ACLOCAL='${SHELL} /Users/hflambo/local/alfresco-svn/root-02-04-2012/gigfork-server/libtheora-1.1.1/missing --run aclocal-1.6'
ACLOCAL_AMFLAGS='-I m4'
AMDEPBACKSLASH='\'
AMDEP_FALSE='#'
AMDEP_TRUE=''
AMTAR='${SHELL} /Users/hflambo/local/alfresco-svn/root-02-04-2012/gigfork-server/libtheora-1.1.1/missing --run tar'
AR='ar'
AS='as'
AUTOCONF='${SHELL} /Users/hflambo/local/alfresco-svn/root-02-04-2012/gigfork-server/libtheora-1.1.1/missing --run autoconf'
AUTOHEADER='${SHELL} /Users/hflambo/local/alfresco-svn/root-02-04-2012/gigfork-server/libtheora-1.1.1/missing --run autoheader'
AUTOMAKE='${SHELL} /Users/hflambo/local/alfresco-svn/root-02-04-2012/gigfork-server/libtheora-1.1.1/missing --run automake-1.6'
AWK='awk'
BINDIR='/Users/hflambo/local/alfresco-svn/root-02-04-2012/gigfork-server/FFmpeg-build/bin'
BUILDABLE_EXAMPLES=' encoder_example$(EXEEXT)'
BUILD_SPEC_FALSE=''
BUILD_SPEC_TRUE='#'
CAIRO_CFLAGS=''
CAIRO_LIBS=''
CC='gcc-4.2'
CCDEPMODE='depmode=gcc3'
CFLAGS='-Wall -Wno-parentheses -O3 -fforce-addr -fomit-frame-pointer -finline-functions -funroll-loops -arch x86_64'
CPP='gcc-4.2 -E'
CPPFLAGS=''
CPU_x86_32_FALSE='#'
CPU_x86_32_TRUE=''
CPU_x86_64_FALSE=''
CPU_x86_64_TRUE='#'
DEBUG='-g -Wall -Wno-parentheses -DDEBUG -D__NO_MATH_INLINES'
DEFS='-DHAVE_CONFIG_H'
DEPDIR='.deps'
DLLTOOL='dlltool'
DOCDIR='/Users/hflambo/local/alfresco-svn/root-02-04-2012/gigfork-server/FFmpeg-build/share/doc'
DSYMUTIL='dsymutil'
DUMPBIN=''
ECHO_C='\c'
ECHO_N=''
ECHO_T=''
EGREP='/usr/bin/grep -E'
EXEEXT=''
FGREP='/usr/bin/grep -F'
GETOPT_OBJS=''
GREP='/usr/bin/grep'
HAVE_BIBTEX=''
HAVE_DOXYGEN='false'
HAVE_DOXYGEN_FALSE=''
HAVE_DOXYGEN_TRUE='#'
HAVE_PDFLATEX=''
HAVE_PKG_CONFIG='yes'
HAVE_TRANSFIG=''
HAVE_VALGRIND=''
INCLUDEDIR='/Users/hflambo/local/alfresco-svn/root-02-04-2012/gigfork-server/FFmpeg-build/include'
INSTALL_DATA='${INSTALL} -m 644'
INSTALL_PROGRAM='${INSTALL}'
INSTALL_SCRIPT='${INSTALL}'
INSTALL_STRIP_PROGRAM='${SHELL} $(install_sh) -c -s'
LD='/usr/bin/ld'
LDFLAGS='-arch x86_64 -O3'
LIBDIR='/Users/hflambo/local/alfresco-svn/root-02-04-2012/gigfork-server/FFmpeg-build/lib'
LIBOBJS=''
LIBS=''
LIBTOOL='$(SHELL) $(top_builddir)/libtool'
LIPO='lipo'
LN_S='ln -s'
LTLIBOBJS=''
MAINT='#'
MAINTAINER_MODE_FALSE=''
MAINTAINER_MODE_TRUE='#'
MAKEINFO='${SHELL} /Users/hflambo/local/alfresco-svn/root-02-04-2012/gigfork-server/libtheora-1.1.1/missing --run makeinfo'
NM='/usr/bin/nm'
NMEDIT='nmedit'
OBJDUMP='objdump'
OBJEXT='o'
OGG_CFLAGS='-I/Users/hflambo/local/alfresco-svn/root-02-04-2012/gigfork-server/FFmpeg-build/include  '
OGG_LIBS='-L/Users/hflambo/local/alfresco-svn/root-02-04-2012/gigfork-server/FFmpeg-build/lib -logg  '
OSS_LIBS=''
OTOOL64=':'
OTOOL='otool'
PACKAGE='libtheora'
PACKAGE_BUGREPORT=''
PACKAGE_NAME='libtheora'
PACKAGE_STRING='libtheora 1.1.1'
PACKAGE_TARNAME='libtheora'
PACKAGE_VERSION='1.1.1'
PATH_SEPARATOR=':'
PKG_CONFIG='/Users/hflambo/local/alfresco-svn/root-02-04-2012/gigfork-server/FFmpeg-build/bin/pkg-config'
PNG_CFLAGS=''
PNG_LIBS=''
PROFILE='-Wall -Wno-parentheses -pg -g -O3 -fno-inline-functions -DDEBUG'
RANLIB='ranlib'
SDL_CFLAGS=''
SDL_CONFIG='no'
SDL_LIBS=''
SED='/usr/bin/sed'
SET_MAKE=''
SHELL='/bin/sh'
STRIP='strip'
THDEC_LIB_AGE='1'
THDEC_LIB_CURRENT='2'
THDEC_LIB_REVISION='4'
THENC_LIB_AGE='1'
THENC_LIB_CURRENT='2'
THENC_LIB_REVISION='2'
THEORADEC_LDFLAGS='  -Wl,-read_only_relocs,suppress -Wl,-exported_symbols_list,$(srcdir)/theoradec.exp'
THEORAENC_LDFLAGS='  -Wl,-read_only_relocs,suppress -Wl,-exported_symbols_list,$(srcdir)/theoraenc.exp'
THEORA_DISABLE_ENCODE_FALSE=''
THEORA_DISABLE_ENCODE_TRUE='#'
THEORA_DISABLE_FLOAT_FALSE=''
THEORA_DISABLE_FLOAT_TRUE='#'
THEORA_ENABLE_EXAMPLES_FALSE='#'
THEORA_ENABLE_EXAMPLES_TRUE=''
THEORA_LDFLAGS='  -Wl,-read_only_relocs,suppress -Wl,-exported_symbols_list,$(srcdir)/theora.exp'
TH_LIB_AGE='3'
TH_LIB_CURRENT='3'
TH_LIB_REVISION='10'
VALGRIND_ENVIRONMENT=''
VERSION='1.1.1'
VORBISENC_LIBS='-lvorbisenc'
VORBISFILE_LIBS=''
VORBIS_CFLAGS='-I/Users/hflambo/local/alfresco-svn/root-02-04-2012/gigfork-server/FFmpeg-build/include  '
VORBIS_LIBS='-L/Users/hflambo/local/alfresco-svn/root-02-04-2012/gigfork-server/FFmpeg-build/lib -lvorbis -lm -logg  '
ac_ct_CC='gcc-4.2'
ac_ct_DUMPBIN=''
am__include='include'
am__quote=''
bindir='${exec_prefix}/bin'
build='i386-apple-darwin11.3.0'
build_alias=''
build_cpu='i386'
build_os='darwin11.3.0'
build_vendor='apple'
datadir='${datarootdir}'
datarootdir='${prefix}/share'
docdir='${datarootdir}/doc/${PACKAGE_TARNAME}'
dvidir='${docdir}'
exec_prefix='${prefix}'
host='i386-apple-darwin11.3.0'
host_alias=''
host_cpu='i386'
host_os='darwin11.3.0'
host_vendor='apple'
htmldir='${docdir}'
includedir='${prefix}/include'
infodir='${datarootdir}/info'
install_sh='/Users/hflambo/local/alfresco-svn/root-02-04-2012/gigfork-server/libtheora-1.1.1/install-sh'
libdir='${exec_prefix}/lib'
libexecdir='${exec_prefix}/libexec'
localedir='${datarootdir}/locale'
localstatedir='${prefix}/var'
lt_ECHO='/bin/echo'
mandir='${datarootdir}/man'
oldincludedir='/usr/include'
pdfdir='${docdir}'
prefix='/Users/hflambo/local/alfresco-svn/root-02-04-2012/gigfork-server/FFmpeg-build'
program_transform_name='s,x,x,'
psdir='${docdir}'
sbindir='${exec_prefix}/sbin'
sharedstatedir='${prefix}/com'
sysconfdir='${prefix}/etc'
target='i386-apple-darwin11.3.0'
target_alias=''
target_cpu='i386'
target_os='darwin11.3.0'
target_vendor='apple'

## ----------- ##
## confdefs.h. ##
## ----------- ##

#define PACKAGE_NAME "libtheora"
#define PACKAGE_TARNAME "libtheora"
#define PACKAGE_VERSION "1.1.1"
#define PACKAGE_STRING "libtheora 1.1.1"
#define PACKAGE_BUGREPORT ""
#define PACKAGE "libtheora"
#define VERSION "1.1.1"
#define STDC_HEADERS 1
#define HAVE_SYS_TYPES_H 1
#define HAVE_SYS_STAT_H 1
#define HAVE_STDLIB_H 1
#define HAVE_STRING_H 1
#define HAVE_MEMORY_H 1
#define HAVE_STRINGS_H 1
#define HAVE_INTTYPES_H 1
#define HAVE_STDINT_H 1
#define HAVE_UNISTD_H 1
#define HAVE_DLFCN_H 1
#define LT_OBJDIR ".libs/"
#define OC_X86_ASM /**/

configure: exit 0
